[0.088s] DEBUG:colcon:Command line arguments: ['/usr/bin/colcon', 'build', '--packages-select', 'ur_simulation_gazebo']
[0.088s] DEBUG:colcon:Parsed command line arguments: Namespace(log_base=None, log_level=None, verb_name='build', build_base='build', install_base='install', merge_install=False, symlink_install=False, test_result_base=None, continue_on_error=False, executor='parallel', parallel_workers=4, event_handlers=None, ignore_user_meta=False, metas=['./colcon.meta'], base_paths=['.'], packages_ignore=None, packages_ignore_regex=None, paths=None, packages_up_to=None, packages_up_to_regex=None, packages_above=None, packages_above_and_dependencies=None, packages_above_depth=None, packages_select_by_dep=None, packages_skip_by_dep=None, packages_skip_up_to=None, packages_select_build_failed=False, packages_skip_build_finished=False, packages_select_test_failures=False, packages_skip_test_passed=False, packages_select=['ur_simulation_gazebo'], packages_skip=None, packages_select_regex=None, packages_skip_regex=None, packages_start=None, packages_end=None, allow_overriding=[], cmake_args=None, cmake_target=None, cmake_target_skip_unavailable=False, cmake_clean_cache=False, cmake_clean_first=False, cmake_force_configure=False, ament_cmake_args=None, catkin_cmake_args=None, catkin_skip_building_tests=False, verb_parser=<colcon_defaults.argument_parser.defaults.DefaultArgumentsDecorator object at 0x77a34762ba00>, verb_extension=<colcon_core.verb.build.BuildVerb object at 0x77a34762b400>, main=<bound method BuildVerb.main of <colcon_core.verb.build.BuildVerb object at 0x77a34762b400>>)
[0.222s] Level 1:colcon.colcon_core.package_discovery:discover_packages(colcon_meta) check parameters
[0.222s] Level 1:colcon.colcon_core.package_discovery:discover_packages(recursive) check parameters
[0.222s] Level 1:colcon.colcon_core.package_discovery:discover_packages(ignore) check parameters
[0.222s] Level 1:colcon.colcon_core.package_discovery:discover_packages(path) check parameters
[0.222s] Level 1:colcon.colcon_core.package_discovery:discover_packages(colcon_meta) discover
[0.222s] Level 1:colcon.colcon_core.package_discovery:discover_packages(recursive) discover
[0.222s] INFO:colcon.colcon_core.package_discovery:Crawling recursively for packages in '/home/sunbi/ros2_ws'
[0.222s] Level 1:colcon.colcon_core.package_identification:_identify(.) by extensions ['ignore', 'ignore_ament_install']
[0.222s] Level 1:colcon.colcon_core.package_identification:_identify(.) by extension 'ignore'
[0.222s] Level 1:colcon.colcon_core.package_identification:_identify(.) by extension 'ignore_ament_install'
[0.222s] Level 1:colcon.colcon_core.package_identification:_identify(.) by extensions ['colcon_pkg']
[0.222s] Level 1:colcon.colcon_core.package_identification:_identify(.) by extension 'colcon_pkg'
[0.223s] Level 1:colcon.colcon_core.package_identification:_identify(.) by extensions ['colcon_meta']
[0.223s] Level 1:colcon.colcon_core.package_identification:_identify(.) by extension 'colcon_meta'
[0.223s] Level 1:colcon.colcon_core.package_identification:_identify(.) by extensions ['ros']
[0.223s] Level 1:colcon.colcon_core.package_identification:_identify(.) by extension 'ros'
[0.232s] Level 1:colcon.colcon_core.package_identification:_identify(.) by extensions ['cmake', 'python']
[0.232s] Level 1:colcon.colcon_core.package_identification:_identify(.) by extension 'cmake'
[0.232s] Level 1:colcon.colcon_core.package_identification:_identify(.) by extension 'python'
[0.233s] Level 1:colcon.colcon_core.package_identification:_identify(.) by extensions ['python_setup_py']
[0.233s] Level 1:colcon.colcon_core.package_identification:_identify(.) by extension 'python_setup_py'
[0.233s] Level 1:colcon.colcon_core.package_identification:_identify(build) by extensions ['ignore', 'ignore_ament_install']
[0.233s] Level 1:colcon.colcon_core.package_identification:_identify(build) by extension 'ignore'
[0.233s] Level 1:colcon.colcon_core.package_identification:_identify(build) ignored
[0.233s] Level 1:colcon.colcon_core.package_identification:_identify(install) by extensions ['ignore', 'ignore_ament_install']
[0.233s] Level 1:colcon.colcon_core.package_identification:_identify(install) by extension 'ignore'
[0.233s] Level 1:colcon.colcon_core.package_identification:_identify(install) ignored
[0.233s] Level 1:colcon.colcon_core.package_identification:_identify(log) by extensions ['ignore', 'ignore_ament_install']
[0.233s] Level 1:colcon.colcon_core.package_identification:_identify(log) by extension 'ignore'
[0.233s] Level 1:colcon.colcon_core.package_identification:_identify(log) ignored
[0.233s] Level 1:colcon.colcon_core.package_identification:_identify(src) by extensions ['ignore', 'ignore_ament_install']
[0.234s] Level 1:colcon.colcon_core.package_identification:_identify(src) by extension 'ignore'
[0.234s] Level 1:colcon.colcon_core.package_identification:_identify(src) by extension 'ignore_ament_install'
[0.234s] Level 1:colcon.colcon_core.package_identification:_identify(src) by extensions ['colcon_pkg']
[0.234s] Level 1:colcon.colcon_core.package_identification:_identify(src) by extension 'colcon_pkg'
[0.234s] Level 1:colcon.colcon_core.package_identification:_identify(src) by extensions ['colcon_meta']
[0.234s] Level 1:colcon.colcon_core.package_identification:_identify(src) by extension 'colcon_meta'
[0.234s] Level 1:colcon.colcon_core.package_identification:_identify(src) by extensions ['ros']
[0.234s] Level 1:colcon.colcon_core.package_identification:_identify(src) by extension 'ros'
[0.234s] Level 1:colcon.colcon_core.package_identification:_identify(src) by extensions ['cmake', 'python']
[0.234s] Level 1:colcon.colcon_core.package_identification:_identify(src) by extension 'cmake'
[0.234s] Level 1:colcon.colcon_core.package_identification:_identify(src) by extension 'python'
[0.234s] Level 1:colcon.colcon_core.package_identification:_identify(src) by extensions ['python_setup_py']
[0.234s] Level 1:colcon.colcon_core.package_identification:_identify(src) by extension 'python_setup_py'
[0.234s] Level 1:colcon.colcon_core.package_identification:_identify(src/Universal_Robots_ROS2_Description) by extensions ['ignore', 'ignore_ament_install']
[0.234s] Level 1:colcon.colcon_core.package_identification:_identify(src/Universal_Robots_ROS2_Description) by extension 'ignore'
[0.234s] Level 1:colcon.colcon_core.package_identification:_identify(src/Universal_Robots_ROS2_Description) by extension 'ignore_ament_install'
[0.234s] Level 1:colcon.colcon_core.package_identification:_identify(src/Universal_Robots_ROS2_Description) by extensions ['colcon_pkg']
[0.234s] Level 1:colcon.colcon_core.package_identification:_identify(src/Universal_Robots_ROS2_Description) by extension 'colcon_pkg'
[0.234s] Level 1:colcon.colcon_core.package_identification:_identify(src/Universal_Robots_ROS2_Description) by extensions ['colcon_meta']
[0.234s] Level 1:colcon.colcon_core.package_identification:_identify(src/Universal_Robots_ROS2_Description) by extension 'colcon_meta'
[0.235s] Level 1:colcon.colcon_core.package_identification:_identify(src/Universal_Robots_ROS2_Description) by extensions ['ros']
[0.235s] Level 1:colcon.colcon_core.package_identification:_identify(src/Universal_Robots_ROS2_Description) by extension 'ros'
[0.237s] DEBUG:colcon.colcon_core.package_identification:Package 'src/Universal_Robots_ROS2_Description' with type 'ros.ament_cmake' and name 'ur_description'
[0.237s] Level 1:colcon.colcon_core.package_identification:_identify(src/Universal_Robots_ROS2_Gazebo_Simulation) by extensions ['ignore', 'ignore_ament_install']
[0.237s] Level 1:colcon.colcon_core.package_identification:_identify(src/Universal_Robots_ROS2_Gazebo_Simulation) by extension 'ignore'
[0.237s] Level 1:colcon.colcon_core.package_identification:_identify(src/Universal_Robots_ROS2_Gazebo_Simulation) by extension 'ignore_ament_install'
[0.237s] Level 1:colcon.colcon_core.package_identification:_identify(src/Universal_Robots_ROS2_Gazebo_Simulation) by extensions ['colcon_pkg']
[0.237s] Level 1:colcon.colcon_core.package_identification:_identify(src/Universal_Robots_ROS2_Gazebo_Simulation) by extension 'colcon_pkg'
[0.237s] Level 1:colcon.colcon_core.package_identification:_identify(src/Universal_Robots_ROS2_Gazebo_Simulation) by extensions ['colcon_meta']
[0.237s] Level 1:colcon.colcon_core.package_identification:_identify(src/Universal_Robots_ROS2_Gazebo_Simulation) by extension 'colcon_meta'
[0.237s] Level 1:colcon.colcon_core.package_identification:_identify(src/Universal_Robots_ROS2_Gazebo_Simulation) by extensions ['ros']
[0.237s] Level 1:colcon.colcon_core.package_identification:_identify(src/Universal_Robots_ROS2_Gazebo_Simulation) by extension 'ros'
[0.238s] Level 1:colcon.colcon_core.package_identification:_identify(src/Universal_Robots_ROS2_Gazebo_Simulation) by extensions ['cmake', 'python']
[0.238s] Level 1:colcon.colcon_core.package_identification:_identify(src/Universal_Robots_ROS2_Gazebo_Simulation) by extension 'cmake'
[0.238s] Level 1:colcon.colcon_core.package_identification:_identify(src/Universal_Robots_ROS2_Gazebo_Simulation) by extension 'python'
[0.238s] Level 1:colcon.colcon_core.package_identification:_identify(src/Universal_Robots_ROS2_Gazebo_Simulation) by extensions ['python_setup_py']
[0.238s] Level 1:colcon.colcon_core.package_identification:_identify(src/Universal_Robots_ROS2_Gazebo_Simulation) by extension 'python_setup_py'
[0.238s] Level 1:colcon.colcon_core.package_identification:_identify(src/Universal_Robots_ROS2_Gazebo_Simulation/ur_simulation_gazebo) by extensions ['ignore', 'ignore_ament_install']
[0.238s] Level 1:colcon.colcon_core.package_identification:_identify(src/Universal_Robots_ROS2_Gazebo_Simulation/ur_simulation_gazebo) by extension 'ignore'
[0.238s] Level 1:colcon.colcon_core.package_identification:_identify(src/Universal_Robots_ROS2_Gazebo_Simulation/ur_simulation_gazebo) by extension 'ignore_ament_install'
[0.238s] Level 1:colcon.colcon_core.package_identification:_identify(src/Universal_Robots_ROS2_Gazebo_Simulation/ur_simulation_gazebo) by extensions ['colcon_pkg']
[0.238s] Level 1:colcon.colcon_core.package_identification:_identify(src/Universal_Robots_ROS2_Gazebo_Simulation/ur_simulation_gazebo) by extension 'colcon_pkg'
[0.238s] Level 1:colcon.colcon_core.package_identification:_identify(src/Universal_Robots_ROS2_Gazebo_Simulation/ur_simulation_gazebo) by extensions ['colcon_meta']
[0.238s] Level 1:colcon.colcon_core.package_identification:_identify(src/Universal_Robots_ROS2_Gazebo_Simulation/ur_simulation_gazebo) by extension 'colcon_meta'
[0.238s] Level 1:colcon.colcon_core.package_identification:_identify(src/Universal_Robots_ROS2_Gazebo_Simulation/ur_simulation_gazebo) by extensions ['ros']
[0.238s] Level 1:colcon.colcon_core.package_identification:_identify(src/Universal_Robots_ROS2_Gazebo_Simulation/ur_simulation_gazebo) by extension 'ros'
[0.239s] DEBUG:colcon.colcon_core.package_identification:Package 'src/Universal_Robots_ROS2_Gazebo_Simulation/ur_simulation_gazebo' with type 'ros.ament_cmake' and name 'ur_simulation_gazebo'
[0.239s] Level 1:colcon.colcon_core.package_identification:_identify(src/build) by extensions ['ignore', 'ignore_ament_install']
[0.239s] Level 1:colcon.colcon_core.package_identification:_identify(src/build) by extension 'ignore'
[0.239s] Level 1:colcon.colcon_core.package_identification:_identify(src/build) ignored
[0.239s] Level 1:colcon.colcon_core.package_identification:_identify(src/log) by extensions ['ignore', 'ignore_ament_install']
[0.239s] Level 1:colcon.colcon_core.package_identification:_identify(src/log) by extension 'ignore'
[0.239s] Level 1:colcon.colcon_core.package_identification:_identify(src/log) ignored
[0.239s] Level 1:colcon.colcon_core.package_identification:_identify(src/ur_simulation_gazebo) by extensions ['ignore', 'ignore_ament_install']
[0.239s] Level 1:colcon.colcon_core.package_identification:_identify(src/ur_simulation_gazebo) by extension 'ignore'
[0.239s] Level 1:colcon.colcon_core.package_identification:_identify(src/ur_simulation_gazebo) by extension 'ignore_ament_install'
[0.239s] Level 1:colcon.colcon_core.package_identification:_identify(src/ur_simulation_gazebo) by extensions ['colcon_pkg']
[0.239s] Level 1:colcon.colcon_core.package_identification:_identify(src/ur_simulation_gazebo) by extension 'colcon_pkg'
[0.240s] Level 1:colcon.colcon_core.package_identification:_identify(src/ur_simulation_gazebo) by extensions ['colcon_meta']
[0.240s] Level 1:colcon.colcon_core.package_identification:_identify(src/ur_simulation_gazebo) by extension 'colcon_meta'
[0.240s] Level 1:colcon.colcon_core.package_identification:_identify(src/ur_simulation_gazebo) by extensions ['ros']
[0.240s] Level 1:colcon.colcon_core.package_identification:_identify(src/ur_simulation_gazebo) by extension 'ros'
[0.240s] Level 1:colcon.colcon_core.package_identification:_identify(src/ur_simulation_gazebo) by extensions ['cmake', 'python']
[0.240s] Level 1:colcon.colcon_core.package_identification:_identify(src/ur_simulation_gazebo) by extension 'cmake'
[0.240s] Level 1:colcon.colcon_core.package_identification:_identify(src/ur_simulation_gazebo) by extension 'python'
[0.240s] Level 1:colcon.colcon_core.package_identification:_identify(src/ur_simulation_gazebo) by extensions ['python_setup_py']
[0.240s] Level 1:colcon.colcon_core.package_identification:_identify(src/ur_simulation_gazebo) by extension 'python_setup_py'
[0.240s] Level 1:colcon.colcon_core.package_identification:_identify(src/ur_simulation_gazebo/launch) by extensions ['ignore', 'ignore_ament_install']
[0.240s] Level 1:colcon.colcon_core.package_identification:_identify(src/ur_simulation_gazebo/launch) by extension 'ignore'
[0.240s] Level 1:colcon.colcon_core.package_identification:_identify(src/ur_simulation_gazebo/launch) by extension 'ignore_ament_install'
[0.240s] Level 1:colcon.colcon_core.package_identification:_identify(src/ur_simulation_gazebo/launch) by extensions ['colcon_pkg']
[0.240s] Level 1:colcon.colcon_core.package_identification:_identify(src/ur_simulation_gazebo/launch) by extension 'colcon_pkg'
[0.240s] Level 1:colcon.colcon_core.package_identification:_identify(src/ur_simulation_gazebo/launch) by extensions ['colcon_meta']
[0.240s] Level 1:colcon.colcon_core.package_identification:_identify(src/ur_simulation_gazebo/launch) by extension 'colcon_meta'
[0.240s] Level 1:colcon.colcon_core.package_identification:_identify(src/ur_simulation_gazebo/launch) by extensions ['ros']
[0.240s] Level 1:colcon.colcon_core.package_identification:_identify(src/ur_simulation_gazebo/launch) by extension 'ros'
[0.240s] Level 1:colcon.colcon_core.package_identification:_identify(src/ur_simulation_gazebo/launch) by extensions ['cmake', 'python']
[0.240s] Level 1:colcon.colcon_core.package_identification:_identify(src/ur_simulation_gazebo/launch) by extension 'cmake'
[0.240s] Level 1:colcon.colcon_core.package_identification:_identify(src/ur_simulation_gazebo/launch) by extension 'python'
[0.240s] Level 1:colcon.colcon_core.package_identification:_identify(src/ur_simulation_gazebo/launch) by extensions ['python_setup_py']
[0.240s] Level 1:colcon.colcon_core.package_identification:_identify(src/ur_simulation_gazebo/launch) by extension 'python_setup_py'
[0.240s] Level 1:colcon.colcon_core.package_discovery:discover_packages(recursive) using defaults
[0.241s] Level 1:colcon.colcon_core.package_discovery:discover_packages(ignore) discover
[0.241s] Level 1:colcon.colcon_core.package_discovery:discover_packages(ignore) using defaults
[0.241s] Level 1:colcon.colcon_core.package_discovery:discover_packages(path) discover
[0.241s] Level 1:colcon.colcon_core.package_discovery:discover_packages(path) using defaults
[0.269s] INFO:colcon.colcon_core.package_selection:Skipping not selected package 'ur_description' in 'src/Universal_Robots_ROS2_Description'
[0.269s] Level 1:colcon.colcon_core.package_discovery:discover_packages(prefix_path) check parameters
[0.269s] Level 1:colcon.colcon_core.package_discovery:discover_packages(prefix_path) discover
[0.270s] WARNING:colcon.colcon_core.prefix_path.colcon:The path '/home/sunbi/ros2_ws/src/install' in the environment variable COLCON_PREFIX_PATH doesn't exist
[0.270s] WARNING:colcon.colcon_ros.prefix_path.ament:The path '/home/sunbi/ros2_ws/src/install/ur_description' in the environment variable AMENT_PREFIX_PATH doesn't exist
[0.270s] WARNING:colcon.colcon_ros.prefix_path.ament:The path '/home/sunbi/ros2_ws/src/install/ur_simulation_gazebo' in the environment variable AMENT_PREFIX_PATH doesn't exist
[0.270s] WARNING:colcon.colcon_ros.prefix_path.ament:The path '/home/sunbi/ros2_ws/install/ur_description' in the environment variable AMENT_PREFIX_PATH doesn't exist
[0.270s] WARNING:colcon.colcon_ros.prefix_path.catkin:The path '/home/sunbi/ros2_ws/src/install/ur_description' in the environment variable CMAKE_PREFIX_PATH doesn't exist
[0.270s] WARNING:colcon.colcon_ros.prefix_path.catkin:The path '/home/sunbi/ros2_ws/src/install/ur_simulation_gazebo' in the environment variable CMAKE_PREFIX_PATH doesn't exist
[0.270s] WARNING:colcon.colcon_ros.prefix_path.catkin:The path '/home/sunbi/ros2_ws/install/ur_description' in the environment variable CMAKE_PREFIX_PATH doesn't exist
[0.271s] DEBUG:colcon.colcon_installed_package_information.package_discovery:Found 1 installed packages in /home/sunbi/ros2_ws/install
[0.272s] DEBUG:colcon.colcon_installed_package_information.package_discovery:Found 370 installed packages in /opt/ros/humble
[0.274s] Level 1:colcon.colcon_core.package_discovery:discover_packages(prefix_path) using defaults
[0.313s] Level 5:colcon.colcon_core.verb:set package 'ur_simulation_gazebo' build argument 'cmake_args' from command line to 'None'
[0.313s] Level 5:colcon.colcon_core.verb:set package 'ur_simulation_gazebo' build argument 'cmake_target' from command line to 'None'
[0.314s] Level 5:colcon.colcon_core.verb:set package 'ur_simulation_gazebo' build argument 'cmake_target_skip_unavailable' from command line to 'False'
[0.314s] Level 5:colcon.colcon_core.verb:set package 'ur_simulation_gazebo' build argument 'cmake_clean_cache' from command line to 'False'
[0.314s] Level 5:colcon.colcon_core.verb:set package 'ur_simulation_gazebo' build argument 'cmake_clean_first' from command line to 'False'
[0.314s] Level 5:colcon.colcon_core.verb:set package 'ur_simulation_gazebo' build argument 'cmake_force_configure' from command line to 'False'
[0.314s] Level 5:colcon.colcon_core.verb:set package 'ur_simulation_gazebo' build argument 'ament_cmake_args' from command line to 'None'
[0.314s] Level 5:colcon.colcon_core.verb:set package 'ur_simulation_gazebo' build argument 'catkin_cmake_args' from command line to 'None'
[0.314s] Level 5:colcon.colcon_core.verb:set package 'ur_simulation_gazebo' build argument 'catkin_skip_building_tests' from command line to 'False'
[0.314s] DEBUG:colcon.colcon_core.verb:Building package 'ur_simulation_gazebo' with the following arguments: {'ament_cmake_args': None, 'build_base': '/home/sunbi/ros2_ws/build/ur_simulation_gazebo', 'catkin_cmake_args': None, 'catkin_skip_building_tests': False, 'cmake_args': None, 'cmake_clean_cache': False, 'cmake_clean_first': False, 'cmake_force_configure': False, 'cmake_target': None, 'cmake_target_skip_unavailable': False, 'install_base': '/home/sunbi/ros2_ws/install/ur_simulation_gazebo', 'merge_install': False, 'path': '/home/sunbi/ros2_ws/src/Universal_Robots_ROS2_Gazebo_Simulation/ur_simulation_gazebo', 'symlink_install': False, 'test_result_base': None}
[0.314s] INFO:colcon.colcon_core.executor:Executing jobs using 'parallel' executor
[0.315s] DEBUG:colcon.colcon_parallel_executor.executor.parallel:run_until_complete
[0.315s] INFO:colcon.colcon_ros.task.ament_cmake.build:Building ROS package in '/home/sunbi/ros2_ws/src/Universal_Robots_ROS2_Gazebo_Simulation/ur_simulation_gazebo' with build type 'ament_cmake'
[0.316s] INFO:colcon.colcon_cmake.task.cmake.build:Building CMake package in '/home/sunbi/ros2_ws/src/Universal_Robots_ROS2_Gazebo_Simulation/ur_simulation_gazebo'
[0.317s] INFO:colcon.colcon_core.plugin_system:Skipping extension 'colcon_core.shell.bat': Not used on non-Windows systems
[0.318s] INFO:colcon.colcon_core.shell:Skip shell extension 'powershell' for command environment: Not usable outside of PowerShell
[0.318s] DEBUG:colcon.colcon_core.shell:Skip shell extension 'dsv' for command environment
[0.320s] WARNING:colcon.colcon_core.shell:The following packages are in the workspace but haven't been built:
- ur_description
They are being used from the following locations instead:
- /opt/ros/humble
To suppress this warning ignore these packages in the workspace:
--packages-ignore ur_description
[0.331s] DEBUG:colcon.colcon_core.event_handler.log_command:Invoking command in '/home/sunbi/ros2_ws/build/ur_simulation_gazebo': CMAKE_PREFIX_PATH=${CMAKE_PREFIX_PATH}:/opt/ros/humble /usr/bin/cmake --build /home/sunbi/ros2_ws/build/ur_simulation_gazebo -- -j4 -l4
[0.376s] DEBUG:colcon.colcon_core.event_handler.log_command:Invoked command in '/home/sunbi/ros2_ws/build/ur_simulation_gazebo' returned '0': CMAKE_PREFIX_PATH=${CMAKE_PREFIX_PATH}:/opt/ros/humble /usr/bin/cmake --build /home/sunbi/ros2_ws/build/ur_simulation_gazebo -- -j4 -l4
[0.388s] DEBUG:colcon.colcon_core.event_handler.log_command:Invoking command in '/home/sunbi/ros2_ws/build/ur_simulation_gazebo': CMAKE_PREFIX_PATH=${CMAKE_PREFIX_PATH}:/opt/ros/humble /usr/bin/cmake --install /home/sunbi/ros2_ws/build/ur_simulation_gazebo
[0.401s] Level 1:colcon.colcon_core.environment:create_environment_scripts_only(ur_simulation_gazebo)
[0.405s] DEBUG:colcon.colcon_core.event_handler.log_command:Invoked command in '/home/sunbi/ros2_ws/build/ur_simulation_gazebo' returned '0': CMAKE_PREFIX_PATH=${CMAKE_PREFIX_PATH}:/opt/ros/humble /usr/bin/cmake --install /home/sunbi/ros2_ws/build/ur_simulation_gazebo
[0.406s] Level 1:colcon.colcon_core.environment:checking '/home/sunbi/ros2_ws/install/ur_simulation_gazebo' for CMake module files
[0.406s] Level 1:colcon.colcon_core.environment:checking '/home/sunbi/ros2_ws/install/ur_simulation_gazebo' for CMake config files
[0.406s] Level 1:colcon.colcon_core.shell:create_environment_hook('ur_simulation_gazebo', 'cmake_prefix_path')
[0.407s] INFO:colcon.colcon_core.shell:Creating environment hook '/home/sunbi/ros2_ws/install/ur_simulation_gazebo/share/ur_simulation_gazebo/hook/cmake_prefix_path.ps1'
[0.407s] INFO:colcon.colcon_core.shell:Creating environment descriptor '/home/sunbi/ros2_ws/install/ur_simulation_gazebo/share/ur_simulation_gazebo/hook/cmake_prefix_path.dsv'
[0.408s] INFO:colcon.colcon_core.shell:Creating environment hook '/home/sunbi/ros2_ws/install/ur_simulation_gazebo/share/ur_simulation_gazebo/hook/cmake_prefix_path.sh'
[0.409s] Level 1:colcon.colcon_core.environment:checking '/home/sunbi/ros2_ws/install/ur_simulation_gazebo/bin'
[0.409s] Level 1:colcon.colcon_core.environment:checking '/home/sunbi/ros2_ws/install/ur_simulation_gazebo/lib/pkgconfig/ur_simulation_gazebo.pc'
[0.409s] Level 1:colcon.colcon_core.environment:checking '/home/sunbi/ros2_ws/install/ur_simulation_gazebo/lib/python3.10/site-packages'
[0.409s] Level 1:colcon.colcon_core.environment:checking '/home/sunbi/ros2_ws/install/ur_simulation_gazebo/bin'
[0.409s] INFO:colcon.colcon_core.shell:Creating package script '/home/sunbi/ros2_ws/install/ur_simulation_gazebo/share/ur_simulation_gazebo/package.ps1'
[0.410s] INFO:colcon.colcon_core.shell:Creating package descriptor '/home/sunbi/ros2_ws/install/ur_simulation_gazebo/share/ur_simulation_gazebo/package.dsv'
[0.411s] INFO:colcon.colcon_core.shell:Creating package script '/home/sunbi/ros2_ws/install/ur_simulation_gazebo/share/ur_simulation_gazebo/package.sh'
[0.411s] INFO:colcon.colcon_core.shell:Creating package script '/home/sunbi/ros2_ws/install/ur_simulation_gazebo/share/ur_simulation_gazebo/package.bash'
[0.412s] INFO:colcon.colcon_core.shell:Creating package script '/home/sunbi/ros2_ws/install/ur_simulation_gazebo/share/ur_simulation_gazebo/package.zsh'
[0.413s] Level 1:colcon.colcon_core.environment:create_file_with_runtime_dependencies(/home/sunbi/ros2_ws/install/ur_simulation_gazebo/share/colcon-core/packages/ur_simulation_gazebo)
[0.413s] Level 1:colcon.colcon_core.environment:create_environment_scripts_only(ur_simulation_gazebo)
[0.414s] Level 1:colcon.colcon_core.environment:checking '/home/sunbi/ros2_ws/install/ur_simulation_gazebo' for CMake module files
[0.414s] Level 1:colcon.colcon_core.environment:checking '/home/sunbi/ros2_ws/install/ur_simulation_gazebo' for CMake config files
[0.414s] Level 1:colcon.colcon_core.shell:create_environment_hook('ur_simulation_gazebo', 'cmake_prefix_path')
[0.414s] INFO:colcon.colcon_core.shell:Creating environment hook '/home/sunbi/ros2_ws/install/ur_simulation_gazebo/share/ur_simulation_gazebo/hook/cmake_prefix_path.ps1'
[0.415s] INFO:colcon.colcon_core.shell:Creating environment descriptor '/home/sunbi/ros2_ws/install/ur_simulation_gazebo/share/ur_simulation_gazebo/hook/cmake_prefix_path.dsv'
[0.416s] INFO:colcon.colcon_core.shell:Creating environment hook '/home/sunbi/ros2_ws/install/ur_simulation_gazebo/share/ur_simulation_gazebo/hook/cmake_prefix_path.sh'
[0.416s] Level 1:colcon.colcon_core.environment:checking '/home/sunbi/ros2_ws/install/ur_simulation_gazebo/bin'
[0.416s] Level 1:colcon.colcon_core.environment:checking '/home/sunbi/ros2_ws/install/ur_simulation_gazebo/lib/pkgconfig/ur_simulation_gazebo.pc'
[0.416s] Level 1:colcon.colcon_core.environment:checking '/home/sunbi/ros2_ws/install/ur_simulation_gazebo/lib/python3.10/site-packages'
[0.417s] Level 1:colcon.colcon_core.environment:checking '/home/sunbi/ros2_ws/install/ur_simulation_gazebo/bin'
[0.417s] INFO:colcon.colcon_core.shell:Creating package script '/home/sunbi/ros2_ws/install/ur_simulation_gazebo/share/ur_simulation_gazebo/package.ps1'
[0.417s] INFO:colcon.colcon_core.shell:Creating package descriptor '/home/sunbi/ros2_ws/install/ur_simulation_gazebo/share/ur_simulation_gazebo/package.dsv'
[0.418s] INFO:colcon.colcon_core.shell:Creating package script '/home/sunbi/ros2_ws/install/ur_simulation_gazebo/share/ur_simulation_gazebo/package.sh'
[0.418s] INFO:colcon.colcon_core.shell:Creating package script '/home/sunbi/ros2_ws/install/ur_simulation_gazebo/share/ur_simulation_gazebo/package.bash'
[0.419s] INFO:colcon.colcon_core.shell:Creating package script '/home/sunbi/ros2_ws/install/ur_simulation_gazebo/share/ur_simulation_gazebo/package.zsh'
[0.419s] Level 1:colcon.colcon_core.environment:create_file_with_runtime_dependencies(/home/sunbi/ros2_ws/install/ur_simulation_gazebo/share/colcon-core/packages/ur_simulation_gazebo)
[0.420s] DEBUG:colcon.colcon_parallel_executor.executor.parallel:closing loop
[0.420s] DEBUG:colcon.colcon_parallel_executor.executor.parallel:loop closed
[0.420s] DEBUG:colcon.colcon_parallel_executor.executor.parallel:run_until_complete finished with '0'
[0.420s] DEBUG:colcon.colcon_core.event_reactor:joining thread
[0.425s] INFO:colcon.colcon_core.plugin_system:Skipping extension 'colcon_notification.desktop_notification.terminal_notifier': Not used on non-Darwin systems
[0.425s] INFO:colcon.colcon_core.plugin_system:Skipping extension 'colcon_notification.desktop_notification.win32': Not used on non-Windows systems
[0.425s] INFO:colcon.colcon_notification.desktop_notification:Sending desktop notification using 'notify2'
[0.440s] DEBUG:colcon.colcon_core.event_reactor:joined thread
[0.440s] INFO:colcon.colcon_core.shell:Creating prefix script '/home/sunbi/ros2_ws/install/local_setup.ps1'
[0.442s] INFO:colcon.colcon_core.shell:Creating prefix util module '/home/sunbi/ros2_ws/install/_local_setup_util_ps1.py'
[0.443s] INFO:colcon.colcon_core.shell:Creating prefix chain script '/home/sunbi/ros2_ws/install/setup.ps1'
[0.444s] INFO:colcon.colcon_core.shell:Creating prefix script '/home/sunbi/ros2_ws/install/local_setup.sh'
[0.445s] INFO:colcon.colcon_core.shell:Creating prefix util module '/home/sunbi/ros2_ws/install/_local_setup_util_sh.py'
[0.446s] INFO:colcon.colcon_core.shell:Creating prefix chain script '/home/sunbi/ros2_ws/install/setup.sh'
[0.447s] INFO:colcon.colcon_core.shell:Creating prefix script '/home/sunbi/ros2_ws/install/local_setup.bash'
[0.447s] INFO:colcon.colcon_core.shell:Creating prefix chain script '/home/sunbi/ros2_ws/install/setup.bash'
[0.449s] INFO:colcon.colcon_core.shell:Creating prefix script '/home/sunbi/ros2_ws/install/local_setup.zsh'
[0.449s] INFO:colcon.colcon_core.shell:Creating prefix chain script '/home/sunbi/ros2_ws/install/setup.zsh'
