[0.015s] Invoking command in '/home/sunbi/ros2_ws/build/ur_simulation_gazebo': AMENT_PREFIX_PATH=/home/sunbi/ros2_ws/install/ur_description:${AMENT_PREFIX_PATH} CMAKE_PREFIX_PATH=/home/sunbi/ros2_ws/install/ur_description:/opt/ros/humble /usr/bin/cmake /home/sunbi/ros2_ws/src/Universal_Robots_ROS2_Gazebo_Simulation/ur_simulation_gazebo -DCMAKE_INSTALL_PREFIX=/home/sunbi/ros2_ws/install/ur_simulation_gazebo
[0.029s] -- Found ament_cmake: 1.3.12 (/opt/ros/humble/share/ament_cmake/cmake)
[0.145s] -- Override CMake install command with custom implementation using symlinks instead of copying resources
[0.151s] -- Found rclcpp: 16.0.14 (/opt/ros/humble/share/rclcpp/cmake)
[0.182s] -- Found rosidl_generator_c: 3.1.7 (/opt/ros/humble/share/rosidl_generator_c/cmake)
[0.185s] -- Found rosidl_adapter: 3.1.7 (/opt/ros/humble/share/rosidl_adapter/cmake)
[0.188s] -- Found rosidl_generator_cpp: 3.1.7 (/opt/ros/humble/share/rosidl_generator_cpp/cmake)
[0.196s] -- Using all available rosidl_typesupport_c: rosidl_typesupport_fastrtps_c;rosidl_typesupport_introspection_c
[0.206s] -- Using all available rosidl_typesupport_cpp: rosidl_typesupport_fastrtps_cpp;rosidl_typesupport_introspection_cpp
[0.233s] -- Found rmw_implementation_cmake: 6.1.2 (/opt/ros/humble/share/rmw_implementation_cmake/cmake)
[0.234s] -- Found rmw_fastrtps_cpp: 6.2.8 (/opt/ros/humble/share/rmw_fastrtps_cpp/cmake)
[0.336s] -- Using RMW implementation 'rmw_fastrtps_cpp' as default
[0.385s] -- Found gazebo_ros: 3.9.0 (/opt/ros/humble/share/gazebo_ros/cmake)
[0.417s] -- Found DART: /usr/include (Required is at least version "6.6") found components: dart 
[0.445s] -- Found Protobuf: /usr/lib/x86_64-linux-gnu/libprotobuf.so (found version "3.12.4") 
[0.447s] -- Looking for ignition-math6 -- found version 6.15.1
[0.451s] -- Searching for dependencies of ignition-math6
[0.452s] -- Looking for OGRE...
[0.459s] -- Found Ogre Ghadamon (1.9.0)
[0.460s] -- Found OGRE: optimized;/usr/lib/x86_64-linux-gnu/libOgreMain.so;debug;/usr/lib/x86_64-linux-gnu/libOgreMain.so
[0.475s] -- Looking for OGRE_Paging...
[0.475s] -- Found OGRE_Paging: optimized;/usr/lib/x86_64-linux-gnu/libOgrePaging.so;debug;/usr/lib/x86_64-linux-gnu/libOgrePaging.so
[0.475s] -- Looking for OGRE_Terrain...
[0.476s] -- Found OGRE_Terrain: optimized;/usr/lib/x86_64-linux-gnu/libOgreTerrain.so;debug;/usr/lib/x86_64-linux-gnu/libOgreTerrain.so
[0.476s] -- Looking for OGRE_Property...
[0.476s] -- Found OGRE_Property: optimized;/usr/lib/x86_64-linux-gnu/libOgreProperty.so;debug;/usr/lib/x86_64-linux-gnu/libOgreProperty.so
[0.476s] -- Looking for OGRE_RTShaderSystem...
[0.476s] -- Found OGRE_RTShaderSystem: optimized;/usr/lib/x86_64-linux-gnu/libOgreRTShaderSystem.so;debug;/usr/lib/x86_64-linux-gnu/libOgreRTShaderSystem.so
[0.476s] -- Looking for OGRE_Volume...
[0.476s] -- Found OGRE_Volume: optimized;/usr/lib/x86_64-linux-gnu/libOgreVolume.so;debug;/usr/lib/x86_64-linux-gnu/libOgreVolume.so
[0.476s] -- Looking for OGRE_Overlay...
[0.476s] -- Found OGRE_Overlay: optimized;/usr/lib/x86_64-linux-gnu/libOgreOverlay.so;debug;/usr/lib/x86_64-linux-gnu/libOgreOverlay.so
[0.559s] -- Looking for ignition-math6 -- found version 6.15.1
[0.559s] -- Looking for ignition-transport8 -- found version 8.2.1
[0.560s] -- Searching for dependencies of ignition-transport8
[0.579s] -- Found Protobuf: /usr/lib/x86_64-linux-gnu/libprotobuf.so (found suitable version "3.12.4", minimum required is "3") 
[0.590s] -- Config-file not installed for ZeroMQ -- checking for pkg-config
[0.596s] -- Checking for module 'libzmq >= 4'
[0.614s] --   Found libzmq , version 4.3.4
[0.671s] -- Checking for module 'uuid'
[0.690s] --   Found uuid, version 2.37.2
[0.733s] -- Looking for ignition-msgs5 -- found version 5.8.1
[0.734s] -- Searching for dependencies of ignition-msgs5
[0.755s] -- Looking for ignition-math6 -- found version 6.15.1
[0.760s] -- Checking for module 'tinyxml2'
[0.776s] --   Found tinyxml2, version 9.0.0
[0.826s] -- Looking for ignition-msgs5 -- found version 5.8.1
[0.827s] -- Looking for ignition-common3 -- found version 3.14.0
[0.827s] -- Searching for dependencies of ignition-common3
[0.827s] -- Looking for dlfcn.h - found
[0.827s] -- Looking for libdl - found
[0.840s] -- Searching for <ignition-common3> component [graphics]
[0.840s] -- Looking for ignition-common3-graphics -- found version 3.14.0
[0.840s] -- Searching for dependencies of ignition-common3-graphics
[0.841s] -- Looking for ignition-math6 -- found version 6.15.1
[0.842s] -- Looking for ignition-fuel_tools4 -- found version 4.4.0
[0.842s] -- Searching for dependencies of ignition-fuel_tools4
[0.887s] -- Checking for module 'jsoncpp'
[0.904s] --   Found jsoncpp, version 1.9.5
[0.958s] -- Checking for module 'libzip'
[0.976s] --   Found libzip, version 1.7.3
[1.025s] -- Looking for ignition-common3 -- found version 3.14.0
[1.025s] -- Looking for ignition-math6 -- found version 6.15.1
[1.026s] -- Looking for ignition-msgs5 -- found version 5.8.1
[1.027s] -- Gazebo version: 11.10
[1.028s] -- Found gazebo_msgs: 3.9.0 (/opt/ros/humble/share/gazebo_msgs/cmake)
[1.072s] -- Found launch_testing_ament_cmake: 1.0.10 (/opt/ros/humble/share/launch_testing_ament_cmake/cmake)
[1.073s] -- Found python_cmake_module: 0.10.0 (/opt/ros/humble/share/python_cmake_module/cmake)
[1.096s] -- Using PYTHON_EXECUTABLE: /usr/bin/python3
[1.096s] -- Using PYTHON_INCLUDE_DIRS: /usr/include/python3.10
[1.096s] -- Using PYTHON_LIBRARIES: /usr/lib/x86_64-linux-gnu/libpython3.10.so
[1.097s] -- Found ament_cmake_pytest: 1.3.12 (/opt/ros/humble/share/ament_cmake_pytest/cmake)
[1.163s] -- Configuring done
[1.260s] -- Generating done
[1.266s] -- Build files have been written to: /home/sunbi/ros2_ws/build/ur_simulation_gazebo
[1.281s] Invoked command in '/home/sunbi/ros2_ws/build/ur_simulation_gazebo' returned '0': AMENT_PREFIX_PATH=/home/sunbi/ros2_ws/install/ur_description:${AMENT_PREFIX_PATH} CMAKE_PREFIX_PATH=/home/sunbi/ros2_ws/install/ur_description:/opt/ros/humble /usr/bin/cmake /home/sunbi/ros2_ws/src/Universal_Robots_ROS2_Gazebo_Simulation/ur_simulation_gazebo -DCMAKE_INSTALL_PREFIX=/home/sunbi/ros2_ws/install/ur_simulation_gazebo
[1.282s] Invoking command in '/home/sunbi/ros2_ws/build/ur_simulation_gazebo': AMENT_PREFIX_PATH=/home/sunbi/ros2_ws/install/ur_description:${AMENT_PREFIX_PATH} CMAKE_PREFIX_PATH=/home/sunbi/ros2_ws/install/ur_description:/opt/ros/humble /usr/bin/cmake --build /home/sunbi/ros2_ws/build/ur_simulation_gazebo -- -j4 -l4
[1.352s] [ 50%] [32mBuilding CXX object CMakeFiles/elevator_button_plugin.dir/plugins/elevator_button_plugin.cpp.o[0m
[31.362s] [100%] [32m[1mLinking CXX shared library libelevator_button_plugin.so[0m
[32.092s] [100%] Built target elevator_button_plugin
[32.110s] Invoked command in '/home/sunbi/ros2_ws/build/ur_simulation_gazebo' returned '0': AMENT_PREFIX_PATH=/home/sunbi/ros2_ws/install/ur_description:${AMENT_PREFIX_PATH} CMAKE_PREFIX_PATH=/home/sunbi/ros2_ws/install/ur_description:/opt/ros/humble /usr/bin/cmake --build /home/sunbi/ros2_ws/build/ur_simulation_gazebo -- -j4 -l4
[32.123s] Invoking command in '/home/sunbi/ros2_ws/build/ur_simulation_gazebo': AMENT_PREFIX_PATH=/home/sunbi/ros2_ws/install/ur_description:${AMENT_PREFIX_PATH} CMAKE_PREFIX_PATH=/home/sunbi/ros2_ws/install/ur_description:/opt/ros/humble /usr/bin/cmake --install /home/sunbi/ros2_ws/build/ur_simulation_gazebo
[32.132s] -- Install configuration: ""
[32.133s] -- Execute custom install script
[32.134s] -- Up-to-date symlink: /home/sunbi/ros2_ws/install/ur_simulation_gazebo/share/ur_simulation_gazebo/config/ur_controllers.yaml
[32.134s] -- Symlinking: /home/sunbi/ros2_ws/install/ur_simulation_gazebo/share/ur_simulation_gazebo/launch/ur5e_elevator.launch.py
[32.145s] -- Up-to-date symlink: /home/sunbi/ros2_ws/install/ur_simulation_gazebo/share/ur_simulation_gazebo/launch/ur_sim_control.launch.py
[32.145s] -- Up-to-date symlink: /home/sunbi/ros2_ws/install/ur_simulation_gazebo/share/ur_simulation_gazebo/launch/ur_sim_moveit.launch.py
[32.146s] -- Symlinking: /home/sunbi/ros2_ws/install/ur_simulation_gazebo/share/ur_simulation_gazebo/worlds/elevator.world
[32.157s] -- Symlinking: /home/sunbi/ros2_ws/install/ur_simulation_gazebo/lib/libelevator_button_plugin.so
[32.169s] -- Up-to-date symlink: /home/sunbi/ros2_ws/install/ur_simulation_gazebo/share/ament_index/resource_index/package_run_dependencies/ur_simulation_gazebo
[32.169s] -- Up-to-date symlink: /home/sunbi/ros2_ws/install/ur_simulation_gazebo/share/ament_index/resource_index/parent_prefix_path/ur_simulation_gazebo
[32.170s] -- Up-to-date symlink: /home/sunbi/ros2_ws/install/ur_simulation_gazebo/share/ur_simulation_gazebo/environment/ament_prefix_path.sh
[32.170s] -- Up-to-date symlink: /home/sunbi/ros2_ws/install/ur_simulation_gazebo/share/ur_simulation_gazebo/environment/ament_prefix_path.dsv
[32.171s] -- Up-to-date symlink: /home/sunbi/ros2_ws/install/ur_simulation_gazebo/share/ur_simulation_gazebo/environment/path.sh
[32.172s] -- Up-to-date symlink: /home/sunbi/ros2_ws/install/ur_simulation_gazebo/share/ur_simulation_gazebo/environment/path.dsv
[32.172s] -- Up-to-date symlink: /home/sunbi/ros2_ws/install/ur_simulation_gazebo/share/ur_simulation_gazebo/local_setup.bash
[32.172s] -- Up-to-date symlink: /home/sunbi/ros2_ws/install/ur_simulation_gazebo/share/ur_simulation_gazebo/local_setup.sh
[32.172s] -- Up-to-date symlink: /home/sunbi/ros2_ws/install/ur_simulation_gazebo/share/ur_simulation_gazebo/local_setup.zsh
[32.173s] -- Up-to-date symlink: /home/sunbi/ros2_ws/install/ur_simulation_gazebo/share/ur_simulation_gazebo/local_setup.dsv
[32.173s] -- Symlinking: /home/sunbi/ros2_ws/install/ur_simulation_gazebo/share/ur_simulation_gazebo/package.dsv
[32.184s] -- Up-to-date symlink: /home/sunbi/ros2_ws/install/ur_simulation_gazebo/share/ament_index/resource_index/packages/ur_simulation_gazebo
[32.185s] -- Up-to-date symlink: /home/sunbi/ros2_ws/install/ur_simulation_gazebo/share/ur_simulation_gazebo/cmake/ur_simulation_gazeboConfig.cmake
[32.185s] -- Up-to-date symlink: /home/sunbi/ros2_ws/install/ur_simulation_gazebo/share/ur_simulation_gazebo/cmake/ur_simulation_gazeboConfig-version.cmake
[32.185s] -- Up-to-date symlink: /home/sunbi/ros2_ws/install/ur_simulation_gazebo/share/ur_simulation_gazebo/package.xml
[32.187s] Invoked command in '/home/sunbi/ros2_ws/build/ur_simulation_gazebo' returned '0': AMENT_PREFIX_PATH=/home/sunbi/ros2_ws/install/ur_description:${AMENT_PREFIX_PATH} CMAKE_PREFIX_PATH=/home/sunbi/ros2_ws/install/ur_description:/opt/ros/humble /usr/bin/cmake --install /home/sunbi/ros2_ws/build/ur_simulation_gazebo
