[0.015s] Invoking command in '/home/sunbi/ros/build/ur_simulation_gazebo': CMAKE_PREFIX_PATH=/home/sunbi/ros/install/ur_description:/home/sunbi/ros/install/ur_simulation_gazebo:/home/sunbi/ros/install/ur_cv_interfaces:/home/sunbi/ros/install/ur_cv_moveit:/opt/ros/humble /usr/bin/cmake --build /home/sunbi/ros/build/ur_simulation_gazebo -- -j4 -l4
[0.215s] [100%] Built target elevator_button_plugin
[0.250s] Invoked command in '/home/sunbi/ros/build/ur_simulation_gazebo' returned '0': CMAKE_PREFIX_PATH=/home/sunbi/ros/install/ur_description:/home/sunbi/ros/install/ur_simulation_gazebo:/home/sunbi/ros/install/ur_cv_interfaces:/home/sunbi/ros/install/ur_cv_moveit:/opt/ros/humble /usr/bin/cmake --build /home/sunbi/ros/build/ur_simulation_gazebo -- -j4 -l4
[0.254s] Invoking command in '/home/sunbi/ros/build/ur_simulation_gazebo': CMAKE_PREFIX_PATH=/home/sunbi/ros/install/ur_description:/home/sunbi/ros/install/ur_simulation_gazebo:/home/sunbi/ros/install/ur_cv_interfaces:/home/sunbi/ros/install/ur_cv_moveit:/opt/ros/humble /usr/bin/cmake --install /home/sunbi/ros/build/ur_simulation_gazebo
[0.275s] -- Install configuration: ""
[0.278s] -- Up-to-date: /home/sunbi/ros/install/ur_simulation_gazebo/share/ur_simulation_gazebo/config
[0.279s] -- Up-to-date: /home/sunbi/ros/install/ur_simulation_gazebo/share/ur_simulation_gazebo/config/ur_controllers.yaml
[0.279s] -- Up-to-date: /home/sunbi/ros/install/ur_simulation_gazebo/share/ur_simulation_gazebo/config/ur5e
[0.279s] -- Up-to-date: /home/sunbi/ros/install/ur_simulation_gazebo/share/ur_simulation_gazebo/config/ur5e/physical_parameters.yaml
[0.279s] -- Up-to-date: /home/sunbi/ros/install/ur_simulation_gazebo/share/ur_simulation_gazebo/config/ur5e/default_kinematics.yaml
[0.280s] -- Up-to-date: /home/sunbi/ros/install/ur_simulation_gazebo/share/ur_simulation_gazebo/config/ur5e/joint_limits.yaml
[0.280s] -- Up-to-date: /home/sunbi/ros/install/ur_simulation_gazebo/share/ur_simulation_gazebo/config/ur5e/visual_parameters.yaml
[0.280s] -- Up-to-date: /home/sunbi/ros/install/ur_simulation_gazebo/share/ur_simulation_gazebo/config/moveit_servo.yaml
[0.286s] -- Up-to-date: /home/sunbi/ros/install/ur_simulation_gazebo/share/ur_simulation_gazebo/launch
[0.287s] -- Up-to-date: /home/sunbi/ros/install/ur_simulation_gazebo/share/ur_simulation_gazebo/launch/ur_sim_control.launch.py
[0.287s] -- Up-to-date: /home/sunbi/ros/install/ur_simulation_gazebo/share/ur_simulation_gazebo/launch/ur5e_elevator.launch.py
[0.287s] -- Up-to-date: /home/sunbi/ros/install/ur_simulation_gazebo/share/ur_simulation_gazebo/launch/ur_sim_moveit.launch.py
[0.287s] -- Up-to-date: /home/sunbi/ros/install/ur_simulation_gazebo/share/ur_simulation_gazebo/urdf
[0.288s] -- Up-to-date: /home/sunbi/ros/install/ur_simulation_gazebo/share/ur_simulation_gazebo/urdf/ur_with_camera.urdf.xacro
[0.288s] -- Up-to-date: /home/sunbi/ros/install/ur_simulation_gazebo/share/ur_simulation_gazebo/worlds
[0.288s] -- Up-to-date: /home/sunbi/ros/install/ur_simulation_gazebo/share/ur_simulation_gazebo/worlds/elevator.world
[0.288s] -- Up-to-date: /home/sunbi/ros/install/ur_simulation_gazebo/share/ur_simulation_gazebo/materials
[0.288s] -- Up-to-date: /home/sunbi/ros/install/ur_simulation_gazebo/share/ur_simulation_gazebo/materials/textures
[0.288s] -- Up-to-date: /home/sunbi/ros/install/ur_simulation_gazebo/share/ur_simulation_gazebo/materials/textures/button_o.png
[0.288s] -- Up-to-date: /home/sunbi/ros/install/ur_simulation_gazebo/share/ur_simulation_gazebo/materials/textures/button_5.png
[0.288s] -- Up-to-date: /home/sunbi/ros/install/ur_simulation_gazebo/share/ur_simulation_gazebo/materials/textures/button_3.png
[0.289s] -- Up-to-date: /home/sunbi/ros/install/ur_simulation_gazebo/share/ur_simulation_gazebo/materials/textures/button_4.png
[0.289s] -- Up-to-date: /home/sunbi/ros/install/ur_simulation_gazebo/share/ur_simulation_gazebo/materials/textures/up_down.png
[0.289s] -- Up-to-date: /home/sunbi/ros/install/ur_simulation_gazebo/share/ur_simulation_gazebo/materials/textures/button_2.png
[0.289s] -- Up-to-date: /home/sunbi/ros/install/ur_simulation_gazebo/share/ur_simulation_gazebo/materials/textures/elv_pannel.png
[0.289s] -- Up-to-date: /home/sunbi/ros/install/ur_simulation_gazebo/share/ur_simulation_gazebo/materials/textures/button_1.png
[0.289s] -- Up-to-date: /home/sunbi/ros/install/ur_simulation_gazebo/share/ur_simulation_gazebo/materials/textures/button_6.png
[0.289s] -- Up-to-date: /home/sunbi/ros/install/ur_simulation_gazebo/share/ur_simulation_gazebo/materials/textures/button_c.png
[0.289s] -- Up-to-date: /home/sunbi/ros/install/ur_simulation_gazebo/share/ur_simulation_gazebo/materials/scripts
[0.289s] -- Up-to-date: /home/sunbi/ros/install/ur_simulation_gazebo/share/ur_simulation_gazebo/materials/scripts/Elevator.material
[0.290s] -- Up-to-date: /home/sunbi/ros/install/ur_simulation_gazebo/lib/libelevator_button_plugin.so
[0.292s] -- Up-to-date: /home/sunbi/ros/install/ur_simulation_gazebo/share/ur_simulation_gazebo/environment/aaa_ur_simulation_gazebo_env.sh
[0.292s] -- Up-to-date: /home/sunbi/ros/install/ur_simulation_gazebo/share/ament_index/resource_index/package_run_dependencies/ur_simulation_gazebo
[0.293s] -- Up-to-date: /home/sunbi/ros/install/ur_simulation_gazebo/share/ament_index/resource_index/parent_prefix_path/ur_simulation_gazebo
[0.293s] -- Up-to-date: /home/sunbi/ros/install/ur_simulation_gazebo/share/ur_simulation_gazebo/environment/ament_prefix_path.sh
[0.293s] -- Up-to-date: /home/sunbi/ros/install/ur_simulation_gazebo/share/ur_simulation_gazebo/environment/ament_prefix_path.dsv
[0.293s] -- Up-to-date: /home/sunbi/ros/install/ur_simulation_gazebo/share/ur_simulation_gazebo/environment/path.sh
[0.293s] -- Up-to-date: /home/sunbi/ros/install/ur_simulation_gazebo/share/ur_simulation_gazebo/environment/path.dsv
[0.293s] -- Up-to-date: /home/sunbi/ros/install/ur_simulation_gazebo/share/ur_simulation_gazebo/local_setup.bash
[0.294s] -- Up-to-date: /home/sunbi/ros/install/ur_simulation_gazebo/share/ur_simulation_gazebo/local_setup.sh
[0.294s] -- Up-to-date: /home/sunbi/ros/install/ur_simulation_gazebo/share/ur_simulation_gazebo/local_setup.zsh
[0.296s] -- Up-to-date: /home/sunbi/ros/install/ur_simulation_gazebo/share/ur_simulation_gazebo/local_setup.dsv
[0.296s] -- Installing: /home/sunbi/ros/install/ur_simulation_gazebo/share/ur_simulation_gazebo/package.dsv
[0.296s] -- Up-to-date: /home/sunbi/ros/install/ur_simulation_gazebo/share/ament_index/resource_index/packages/ur_simulation_gazebo
[0.296s] -- Up-to-date: /home/sunbi/ros/install/ur_simulation_gazebo/share/ur_simulation_gazebo/cmake/ur_simulation_gazeboConfig.cmake
[0.297s] -- Up-to-date: /home/sunbi/ros/install/ur_simulation_gazebo/share/ur_simulation_gazebo/cmake/ur_simulation_gazeboConfig-version.cmake
[0.297s] -- Up-to-date: /home/sunbi/ros/install/ur_simulation_gazebo/share/ur_simulation_gazebo/package.xml
[0.298s] Invoked command in '/home/sunbi/ros/build/ur_simulation_gazebo' returned '0': CMAKE_PREFIX_PATH=/home/sunbi/ros/install/ur_description:/home/sunbi/ros/install/ur_simulation_gazebo:/home/sunbi/ros/install/ur_cv_interfaces:/home/sunbi/ros/install/ur_cv_moveit:/opt/ros/humble /usr/bin/cmake --install /home/sunbi/ros/build/ur_simulation_gazebo
