[0.027s] Invoking command in '/home/sunbi/ros2_ws/build/ur_simulation_gazebo': AMENT_PREFIX_PATH=/home/sunbi/ros2_ws/install/ur_description:${AMENT_PREFIX_PATH} CMAKE_PREFIX_PATH=/home/sunbi/ros2_ws/install/ur_description:/opt/ros/humble /usr/bin/cmake /home/sunbi/ros2_ws/src/Universal_Robots_ROS2_Gazebo_Simulation/ur_simulation_gazebo -DCMAKE_INSTALL_PREFIX=/home/sunbi/ros2_ws/install/ur_simulation_gazebo
[0.098s] -- Found ament_cmake: 1.3.12 (/opt/ros/humble/share/ament_cmake/cmake)
[0.258s] -- Override CMake install command with custom implementation using symlinks instead of copying resources
[0.306s] -- Found rclcpp: 16.0.14 (/opt/ros/humble/share/rclcpp/cmake)
[0.397s] -- Found rosidl_generator_c: 3.1.7 (/opt/ros/humble/share/rosidl_generator_c/cmake)
[0.406s] -- Found rosidl_adapter: 3.1.7 (/opt/ros/humble/share/rosidl_adapter/cmake)
[0.423s] -- Found rosidl_generator_cpp: 3.1.7 (/opt/ros/humble/share/rosidl_generator_cpp/cmake)
[0.450s] -- Using all available rosidl_typesupport_c: rosidl_typesupport_fastrtps_c;rosidl_typesupport_introspection_c
[0.479s] -- Using all available rosidl_typesupport_cpp: rosidl_typesupport_fastrtps_cpp;rosidl_typesupport_introspection_cpp
[0.565s] -- Found rmw_implementation_cmake: 6.1.2 (/opt/ros/humble/share/rmw_implementation_cmake/cmake)
[0.571s] -- Found rmw_fastrtps_cpp: 6.2.8 (/opt/ros/humble/share/rmw_fastrtps_cpp/cmake)
[0.745s] -- Found OpenSSL: /usr/lib/x86_64-linux-gnu/libcrypto.so (found version "3.0.2")  
[0.777s] -- Found FastRTPS: /opt/ros/humble/include  
[0.818s] -- Using RMW implementation 'rmw_fastrtps_cpp' as default
[0.837s] -- Looking for pthread.h
[1.030s] -- Looking for pthread.h - found
[1.030s] -- Performing Test CMAKE_HAVE_LIBC_PTHREAD
[1.130s] -- Performing Test CMAKE_HAVE_LIBC_PTHREAD - Success
[1.131s] -- Found Threads: TRUE  
[1.221s] -- Found gazebo_ros: 3.9.0 (/opt/ros/humble/share/gazebo_ros/cmake)
[1.241s] -- Found PkgConfig: /usr/bin/pkg-config (found version "0.29.2") 
[1.242s] -- Checking for module 'bullet>=2.82'
[1.261s] --   Found bullet, version 3.05
[1.413s] -- Found fcl: /usr/include (found suitable version "0.7.0", minimum required is "0.5.0") 
[1.486s] -- Found assimp: /usr/include (found version "5.2.0") 
[1.523s] -- Found DART: /usr/include (Required is at least version "6.6") found components: dart 
[1.568s] -- Found Boost: /usr/lib/x86_64-linux-gnu/cmake/Boost-1.74.0/BoostConfig.cmake (found suitable version "1.74.0", minimum required is "1.40.0") found components: thread system filesystem program_options regex iostreams date_time 
[1.598s] -- Found Protobuf: /usr/lib/x86_64-linux-gnu/libprotobuf.so (found version "3.12.4") 
[1.607s] -- Looking for ignition-math6 -- found version 6.15.1
[1.623s] -- Searching for dependencies of ignition-math6
[1.629s] -- Looking for OGRE...
[1.630s] -- OGRE_PREFIX_WATCH changed.
[1.637s] -- Checking for module 'OGRE'
[1.660s] --   Found OGRE, version 1.9.0
[1.717s] -- Found Ogre Ghadamon (1.9.0)
[1.725s] -- Found OGRE: optimized;/usr/lib/x86_64-linux-gnu/libOgreMain.so;debug;/usr/lib/x86_64-linux-gnu/libOgreMain.so
[1.732s] -- Looking for OGRE_Paging...
[1.738s] -- Found OGRE_Paging: optimized;/usr/lib/x86_64-linux-gnu/libOgrePaging.so;debug;/usr/lib/x86_64-linux-gnu/libOgrePaging.so
[1.738s] -- Looking for OGRE_Terrain...
[1.742s] -- Found OGRE_Terrain: optimized;/usr/lib/x86_64-linux-gnu/libOgreTerrain.so;debug;/usr/lib/x86_64-linux-gnu/libOgreTerrain.so
[1.743s] -- Looking for OGRE_Property...
[1.747s] -- Found OGRE_Property: optimized;/usr/lib/x86_64-linux-gnu/libOgreProperty.so;debug;/usr/lib/x86_64-linux-gnu/libOgreProperty.so
[1.747s] -- Looking for OGRE_RTShaderSystem...
[1.752s] -- Found OGRE_RTShaderSystem: optimized;/usr/lib/x86_64-linux-gnu/libOgreRTShaderSystem.so;debug;/usr/lib/x86_64-linux-gnu/libOgreRTShaderSystem.so
[1.752s] -- Looking for OGRE_Volume...
[1.756s] -- Found OGRE_Volume: optimized;/usr/lib/x86_64-linux-gnu/libOgreVolume.so;debug;/usr/lib/x86_64-linux-gnu/libOgreVolume.so
[1.757s] -- Looking for OGRE_Overlay...
[1.762s] -- Found OGRE_Overlay: optimized;/usr/lib/x86_64-linux-gnu/libOgreOverlay.so;debug;/usr/lib/x86_64-linux-gnu/libOgreOverlay.so
[1.855s] -- Looking for ignition-math6 -- found version 6.15.1
[1.859s] -- Looking for ignition-transport8 -- found version 8.2.1
[1.860s] -- Searching for dependencies of ignition-transport8
[1.879s] -- Found Protobuf: /usr/lib/x86_64-linux-gnu/libprotobuf.so (found suitable version "3.12.4", minimum required is "3") 
[1.890s] -- Config-file not installed for ZeroMQ -- checking for pkg-config
[1.897s] -- Checking for module 'libzmq >= 4'
[1.926s] --   Found libzmq , version 4.3.4
[1.989s] -- Found ZeroMQ: TRUE (Required is at least version "4") 
[1.997s] -- Checking for module 'uuid'
[2.019s] --   Found uuid, version 2.37.2
[2.076s] -- Found UUID: TRUE  
[2.080s] -- Looking for ignition-msgs5 -- found version 5.8.1
[2.081s] -- Searching for dependencies of ignition-msgs5
[2.102s] -- Looking for ignition-math6 -- found version 6.15.1
[2.109s] -- Checking for module 'tinyxml2'
[2.132s] --   Found tinyxml2, version 9.0.0
[2.195s] -- Looking for ignition-msgs5 -- found version 5.8.1
[2.200s] -- Looking for ignition-common3 -- found version 3.14.0
[2.200s] -- Searching for dependencies of ignition-common3
[2.201s] -- Looking for dlfcn.h - found
[2.203s] -- Looking for libdl - found
[2.204s] -- Found DL: TRUE  
[2.219s] -- Found tinyobjloader: /usr/lib/x86_64-linux-gnu/cmake/tinyobjloader/tinyobjloader-config.cmake (found version "2.0.0") 
[2.220s] -- Searching for <ignition-common3> component [graphics]
[2.223s] -- Looking for ignition-common3-graphics -- found version 3.14.0
[2.224s] -- Searching for dependencies of ignition-common3-graphics
[2.224s] -- Looking for ignition-math6 -- found version 6.15.1
[2.229s] -- Looking for ignition-fuel_tools4 -- found version 4.4.0
[2.230s] -- Searching for dependencies of ignition-fuel_tools4
[2.336s] -- Found CURL: /usr/lib/x86_64-linux-gnu/libcurl.so (found version "7.81.0")  
[2.349s] -- Checking for module 'jsoncpp'
[2.368s] --   Found jsoncpp, version 1.9.5
[2.417s] -- Found JSONCPP: TRUE  
[2.429s] -- Checking for module 'libzip'
[2.454s] --   Found libzip, version 1.7.3
[2.516s] -- Found ZIP: TRUE  
[2.516s] -- Looking for ignition-common3 -- found version 3.14.0
[2.517s] -- Looking for ignition-math6 -- found version 6.15.1
[2.517s] -- Looking for ignition-msgs5 -- found version 5.8.1
[2.525s] -- Gazebo version: 11.10
[2.525s] -- Checking for module 'tbb'
[2.552s] --   Found tbb, version 2021.5.0
[2.618s] -- Found gazebo_msgs: 3.9.0 (/opt/ros/humble/share/gazebo_msgs/cmake)
[2.702s] -- Found launch_testing_ament_cmake: 1.0.10 (/opt/ros/humble/share/launch_testing_ament_cmake/cmake)
[2.704s] -- Found python_cmake_module: 0.10.0 (/opt/ros/humble/share/python_cmake_module/cmake)
[2.731s] -- Using PYTHON_EXECUTABLE: /usr/bin/python3
[2.731s] -- Using PYTHON_INCLUDE_DIRS: /usr/include/python3.10
[2.731s] -- Using PYTHON_LIBRARIES: /usr/lib/x86_64-linux-gnu/libpython3.10.so
[2.733s] -- Found ament_cmake_pytest: 1.3.12 (/opt/ros/humble/share/ament_cmake_pytest/cmake)
[2.806s] -- Configuring done
[2.811s] [31mCMake Error at CMakeLists.txt:11 (add_library):
[2.811s]   Cannot find source file:
[2.811s] 
[2.812s]     src/ur_simulation_gazebo/plugins/elevator_button_plugin.cpp
[2.812s] 
[2.812s]   Tried extensions .c .C .c++ .cc .cpp .cxx .cu .mpp .m .M .mm .ixx .cppm .h
[2.812s]   .hh .h++ .hm .hpp .hxx .in .txx .f .F .for .f77 .f90 .f95 .f03 .hip .ispc
[2.812s] 
[2.812s] [0m
[2.813s] [31mCMake Error at CMakeLists.txt:11 (add_library):
[2.814s]   No SOURCES given to target: elevator_button_plugin
[2.814s] 
[2.814s] [0m
[2.814s] [0mCMake Generate step failed.  Build files cannot be regenerated correctly.[0m
[2.825s] Invoked command in '/home/sunbi/ros2_ws/build/ur_simulation_gazebo' returned '1': AMENT_PREFIX_PATH=/home/sunbi/ros2_ws/install/ur_description:${AMENT_PREFIX_PATH} CMAKE_PREFIX_PATH=/home/sunbi/ros2_ws/install/ur_description:/opt/ros/humble /usr/bin/cmake /home/sunbi/ros2_ws/src/Universal_Robots_ROS2_Gazebo_Simulation/ur_simulation_gazebo -DCMAKE_INSTALL_PREFIX=/home/sunbi/ros2_ws/install/ur_simulation_gazebo
