[0.013s] Invoking command in '/home/sunbi/ros/capstone_ur5e_sim/build/ur_simulation_gazebo': AMENT_PREFIX_PATH=/home/sunbi/ros/capstone_ur5e_sim/install/ur_description:${AMENT_PREFIX_PATH} CMAKE_PREFIX_PATH=/home/sunbi/ros/capstone_ur5e_sim/install/ur_description:/opt/ros/humble /usr/bin/cmake /home/sunbi/ros/capstone_ur5e_sim/src/Universal_Robots_ROS2_Gazebo_Simulation/ur_simulation_gazebo -DCMAKE_INSTALL_PREFIX=/home/sunbi/ros/capstone_ur5e_sim/install/ur_simulation_gazebo
[0.027s] -- Found ament_cmake: 1.3.12 (/opt/ros/humble/share/ament_cmake/cmake)
[0.141s] -- Override CMake install command with custom implementation using symlinks instead of copying resources
[0.147s] -- Found rclcpp: 16.0.15 (/opt/ros/humble/share/rclcpp/cmake)
[0.174s] -- Found rosidl_generator_c: 3.1.7 (/opt/ros/humble/share/rosidl_generator_c/cmake)
[0.175s] -- Found rosidl_adapter: 3.1.7 (/opt/ros/humble/share/rosidl_adapter/cmake)
[0.181s] -- Found rosidl_generator_cpp: 3.1.7 (/opt/ros/humble/share/rosidl_generator_cpp/cmake)
[0.189s] -- Using all available rosidl_typesupport_c: rosidl_typesupport_fastrtps_c;rosidl_typesupport_introspection_c
[0.199s] -- Using all available rosidl_typesupport_cpp: rosidl_typesupport_fastrtps_cpp;rosidl_typesupport_introspection_cpp
[0.225s] -- Found rmw_implementation_cmake: 6.1.2 (/opt/ros/humble/share/rmw_implementation_cmake/cmake)
[0.226s] -- Found rmw_fastrtps_cpp: 6.2.8 (/opt/ros/humble/share/rmw_fastrtps_cpp/cmake)
[0.332s] -- Using RMW implementation 'rmw_fastrtps_cpp' as default
[0.374s] -- Found gazebo_ros: 3.9.0 (/opt/ros/humble/share/gazebo_ros/cmake)
[0.407s] -- Found DART: /usr/include (Required is at least version "6.6") found components: dart 
[0.435s] -- Found Protobuf: /usr/lib/x86_64-linux-gnu/libprotobuf.so (found version "3.12.4") 
[0.437s] -- Looking for ignition-math6 -- found version 6.15.1
[0.441s] -- Searching for dependencies of ignition-math6
[0.442s] -- Looking for OGRE...
[0.449s] -- Found Ogre Ghadamon (1.9.0)
[0.449s] -- Found OGRE: optimized;/usr/lib/x86_64-linux-gnu/libOgreMain.so;debug;/usr/lib/x86_64-linux-gnu/libOgreMain.so
[0.458s] -- Looking for OGRE_Paging...
[0.458s] -- Found OGRE_Paging: optimized;/usr/lib/x86_64-linux-gnu/libOgrePaging.so;debug;/usr/lib/x86_64-linux-gnu/libOgrePaging.so
[0.458s] -- Looking for OGRE_Terrain...
[0.458s] -- Found OGRE_Terrain: optimized;/usr/lib/x86_64-linux-gnu/libOgreTerrain.so;debug;/usr/lib/x86_64-linux-gnu/libOgreTerrain.so
[0.459s] -- Looking for OGRE_Property...
[0.459s] -- Found OGRE_Property: optimized;/usr/lib/x86_64-linux-gnu/libOgreProperty.so;debug;/usr/lib/x86_64-linux-gnu/libOgreProperty.so
[0.459s] -- Looking for OGRE_RTShaderSystem...
[0.459s] -- Found OGRE_RTShaderSystem: optimized;/usr/lib/x86_64-linux-gnu/libOgreRTShaderSystem.so;debug;/usr/lib/x86_64-linux-gnu/libOgreRTShaderSystem.so
[0.459s] -- Looking for OGRE_Volume...
[0.459s] -- Found OGRE_Volume: optimized;/usr/lib/x86_64-linux-gnu/libOgreVolume.so;debug;/usr/lib/x86_64-linux-gnu/libOgreVolume.so
[0.459s] -- Looking for OGRE_Overlay...
[0.459s] -- Found OGRE_Overlay: optimized;/usr/lib/x86_64-linux-gnu/libOgreOverlay.so;debug;/usr/lib/x86_64-linux-gnu/libOgreOverlay.so
[0.553s] -- Looking for ignition-math6 -- found version 6.15.1
[0.553s] -- Looking for ignition-transport8 -- found version 8.2.1
[0.553s] -- Searching for dependencies of ignition-transport8
[0.572s] -- Found Protobuf: /usr/lib/x86_64-linux-gnu/libprotobuf.so (found suitable version "3.12.4", minimum required is "3") 
[0.583s] -- Config-file not installed for ZeroMQ -- checking for pkg-config
[0.589s] -- Checking for module 'libzmq >= 4'
[0.608s] --   Found libzmq , version 4.3.4
[0.664s] -- Checking for module 'uuid'
[0.680s] --   Found uuid, version 2.37.2
[0.728s] -- Looking for ignition-msgs5 -- found version 5.8.1
[0.728s] -- Searching for dependencies of ignition-msgs5
[0.749s] -- Looking for ignition-math6 -- found version 6.15.1
[0.756s] -- Checking for module 'tinyxml2'
[0.774s] --   Found tinyxml2, version 9.0.0
[0.821s] -- Looking for ignition-msgs5 -- found version 5.8.1
[0.822s] -- Looking for ignition-common3 -- found version 3.14.0
[0.822s] -- Searching for dependencies of ignition-common3
[0.822s] -- Looking for dlfcn.h - found
[0.822s] -- Looking for libdl - found
[0.834s] -- Searching for <ignition-common3> component [graphics]
[0.835s] -- Looking for ignition-common3-graphics -- found version 3.14.0
[0.835s] -- Searching for dependencies of ignition-common3-graphics
[0.835s] -- Looking for ignition-math6 -- found version 6.15.1
[0.836s] -- Looking for ignition-fuel_tools4 -- found version 4.4.0
[0.836s] -- Searching for dependencies of ignition-fuel_tools4
[0.883s] -- Checking for module 'jsoncpp'
[0.901s] --   Found jsoncpp, version 1.9.5
[0.954s] -- Checking for module 'libzip'
[0.973s] --   Found libzip, version 1.7.3
[1.021s] -- Looking for ignition-common3 -- found version 3.14.0
[1.022s] -- Looking for ignition-math6 -- found version 6.15.1
[1.022s] -- Looking for ignition-msgs5 -- found version 5.8.1
[1.023s] -- Gazebo version: 11.10
[1.024s] -- Found gazebo_msgs: 3.9.0 (/opt/ros/humble/share/gazebo_msgs/cmake)
[1.070s] -- Found launch_testing_ament_cmake: 1.0.10 (/opt/ros/humble/share/launch_testing_ament_cmake/cmake)
[1.071s] -- Found python_cmake_module: 0.10.0 (/opt/ros/humble/share/python_cmake_module/cmake)
[1.093s] -- Using PYTHON_EXECUTABLE: /usr/bin/python3
[1.094s] -- Using PYTHON_INCLUDE_DIRS: /usr/include/python3.10
[1.094s] -- Using PYTHON_LIBRARIES: /usr/lib/x86_64-linux-gnu/libpython3.10.so
[1.094s] -- Found ament_cmake_pytest: 1.3.12 (/opt/ros/humble/share/ament_cmake_pytest/cmake)
[1.156s] -- Configuring done
[1.182s] -- Generating done
[1.189s] -- Build files have been written to: /home/sunbi/ros/capstone_ur5e_sim/build/ur_simulation_gazebo
[1.200s] Invoked command in '/home/sunbi/ros/capstone_ur5e_sim/build/ur_simulation_gazebo' returned '0': AMENT_PREFIX_PATH=/home/sunbi/ros/capstone_ur5e_sim/install/ur_description:${AMENT_PREFIX_PATH} CMAKE_PREFIX_PATH=/home/sunbi/ros/capstone_ur5e_sim/install/ur_description:/opt/ros/humble /usr/bin/cmake /home/sunbi/ros/capstone_ur5e_sim/src/Universal_Robots_ROS2_Gazebo_Simulation/ur_simulation_gazebo -DCMAKE_INSTALL_PREFIX=/home/sunbi/ros/capstone_ur5e_sim/install/ur_simulation_gazebo
[1.201s] Invoking command in '/home/sunbi/ros/capstone_ur5e_sim/build/ur_simulation_gazebo': AMENT_PREFIX_PATH=/home/sunbi/ros/capstone_ur5e_sim/install/ur_description:${AMENT_PREFIX_PATH} CMAKE_PREFIX_PATH=/home/sunbi/ros/capstone_ur5e_sim/install/ur_description:/opt/ros/humble /usr/bin/cmake --build /home/sunbi/ros/capstone_ur5e_sim/build/ur_simulation_gazebo -- -j4 -l4
[1.285s] Consolidate compiler generated dependencies of target elevator_button_plugin
[1.314s] [100%] Built target elevator_button_plugin
[1.329s] Invoked command in '/home/sunbi/ros/capstone_ur5e_sim/build/ur_simulation_gazebo' returned '0': AMENT_PREFIX_PATH=/home/sunbi/ros/capstone_ur5e_sim/install/ur_description:${AMENT_PREFIX_PATH} CMAKE_PREFIX_PATH=/home/sunbi/ros/capstone_ur5e_sim/install/ur_description:/opt/ros/humble /usr/bin/cmake --build /home/sunbi/ros/capstone_ur5e_sim/build/ur_simulation_gazebo -- -j4 -l4
[1.342s] Invoking command in '/home/sunbi/ros/capstone_ur5e_sim/build/ur_simulation_gazebo': AMENT_PREFIX_PATH=/home/sunbi/ros/capstone_ur5e_sim/install/ur_description:${AMENT_PREFIX_PATH} CMAKE_PREFIX_PATH=/home/sunbi/ros/capstone_ur5e_sim/install/ur_description:/opt/ros/humble /usr/bin/cmake --install /home/sunbi/ros/capstone_ur5e_sim/build/ur_simulation_gazebo
[1.352s] -- Install configuration: ""
[1.353s] -- Execute custom install script
[1.353s] -- Up-to-date symlink: /home/sunbi/ros/capstone_ur5e_sim/install/ur_simulation_gazebo/share/ur_simulation_gazebo/config/ur5e/default_kinematics.yaml
[1.353s] -- Up-to-date symlink: /home/sunbi/ros/capstone_ur5e_sim/install/ur_simulation_gazebo/share/ur_simulation_gazebo/config/ur5e/joint_limits.yaml
[1.353s] -- Up-to-date symlink: /home/sunbi/ros/capstone_ur5e_sim/install/ur_simulation_gazebo/share/ur_simulation_gazebo/config/ur5e/physical_parameters.yaml
[1.353s] -- Up-to-date symlink: /home/sunbi/ros/capstone_ur5e_sim/install/ur_simulation_gazebo/share/ur_simulation_gazebo/config/ur5e/visual_parameters.yaml
[1.354s] -- Up-to-date symlink: /home/sunbi/ros/capstone_ur5e_sim/install/ur_simulation_gazebo/share/ur_simulation_gazebo/config/ur_controllers.yaml
[1.354s] -- Up-to-date symlink: /home/sunbi/ros/capstone_ur5e_sim/install/ur_simulation_gazebo/share/ur_simulation_gazebo/launch/ur5e_elevator.launch.py
[1.354s] -- Up-to-date symlink: /home/sunbi/ros/capstone_ur5e_sim/install/ur_simulation_gazebo/share/ur_simulation_gazebo/launch/ur_sim_control.launch.py
[1.354s] -- Up-to-date symlink: /home/sunbi/ros/capstone_ur5e_sim/install/ur_simulation_gazebo/share/ur_simulation_gazebo/launch/ur_sim_moveit.launch.py
[1.355s] -- Up-to-date symlink: /home/sunbi/ros/capstone_ur5e_sim/install/ur_simulation_gazebo/share/ur_simulation_gazebo/urdf/ur_with_camera.urdf.xacro
[1.355s] -- Up-to-date symlink: /home/sunbi/ros/capstone_ur5e_sim/install/ur_simulation_gazebo/share/ur_simulation_gazebo/worlds/elevator.world
[1.355s] -- Symlinking: /home/sunbi/ros/capstone_ur5e_sim/install/ur_simulation_gazebo/share/ur_simulation_gazebo/materials/scripts/elevator_buttons.material
[1.367s] -- Symlinking: /home/sunbi/ros/capstone_ur5e_sim/install/ur_simulation_gazebo/share/ur_simulation_gazebo/materials/textures/button_1.png
[1.378s] -- Symlinking: /home/sunbi/ros/capstone_ur5e_sim/install/ur_simulation_gazebo/share/ur_simulation_gazebo/materials/textures/button_2.png
[1.390s] -- Symlinking: /home/sunbi/ros/capstone_ur5e_sim/install/ur_simulation_gazebo/share/ur_simulation_gazebo/materials/textures/button_3.png
[1.406s] -- Symlinking: /home/sunbi/ros/capstone_ur5e_sim/install/ur_simulation_gazebo/share/ur_simulation_gazebo/materials/textures/button_4.png
[1.420s] -- Symlinking: /home/sunbi/ros/capstone_ur5e_sim/install/ur_simulation_gazebo/share/ur_simulation_gazebo/materials/textures/button_5.png
[1.432s] -- Symlinking: /home/sunbi/ros/capstone_ur5e_sim/install/ur_simulation_gazebo/share/ur_simulation_gazebo/materials/textures/button_6.png
[1.445s] -- Symlinking: /home/sunbi/ros/capstone_ur5e_sim/install/ur_simulation_gazebo/share/ur_simulation_gazebo/materials/textures/button_C.png
[1.456s] -- Symlinking: /home/sunbi/ros/capstone_ur5e_sim/install/ur_simulation_gazebo/share/ur_simulation_gazebo/materials/textures/button_O.png
[1.468s] -- Up-to-date symlink: /home/sunbi/ros/capstone_ur5e_sim/install/ur_simulation_gazebo/lib/libelevator_button_plugin.so
[1.468s] -- Symlinking: /home/sunbi/ros/capstone_ur5e_sim/install/ur_simulation_gazebo/share/ur_simulation_gazebo/environment/aaa_ur_simulation_gazebo_env.sh
[1.480s] -- Up-to-date symlink: /home/sunbi/ros/capstone_ur5e_sim/install/ur_simulation_gazebo/share/ament_index/resource_index/package_run_dependencies/ur_simulation_gazebo
[1.480s] -- Up-to-date symlink: /home/sunbi/ros/capstone_ur5e_sim/install/ur_simulation_gazebo/share/ament_index/resource_index/parent_prefix_path/ur_simulation_gazebo
[1.480s] -- Up-to-date symlink: /home/sunbi/ros/capstone_ur5e_sim/install/ur_simulation_gazebo/share/ur_simulation_gazebo/environment/ament_prefix_path.sh
[1.480s] -- Up-to-date symlink: /home/sunbi/ros/capstone_ur5e_sim/install/ur_simulation_gazebo/share/ur_simulation_gazebo/environment/ament_prefix_path.dsv
[1.480s] -- Up-to-date symlink: /home/sunbi/ros/capstone_ur5e_sim/install/ur_simulation_gazebo/share/ur_simulation_gazebo/environment/path.sh
[1.481s] -- Up-to-date symlink: /home/sunbi/ros/capstone_ur5e_sim/install/ur_simulation_gazebo/share/ur_simulation_gazebo/environment/path.dsv
[1.481s] -- Up-to-date symlink: /home/sunbi/ros/capstone_ur5e_sim/install/ur_simulation_gazebo/share/ur_simulation_gazebo/local_setup.bash
[1.481s] -- Up-to-date symlink: /home/sunbi/ros/capstone_ur5e_sim/install/ur_simulation_gazebo/share/ur_simulation_gazebo/local_setup.sh
[1.481s] -- Up-to-date symlink: /home/sunbi/ros/capstone_ur5e_sim/install/ur_simulation_gazebo/share/ur_simulation_gazebo/local_setup.zsh
[1.481s] -- Up-to-date symlink: /home/sunbi/ros/capstone_ur5e_sim/install/ur_simulation_gazebo/share/ur_simulation_gazebo/local_setup.dsv
[1.481s] -- Symlinking: /home/sunbi/ros/capstone_ur5e_sim/install/ur_simulation_gazebo/share/ur_simulation_gazebo/package.dsv
[1.494s] -- Up-to-date symlink: /home/sunbi/ros/capstone_ur5e_sim/install/ur_simulation_gazebo/share/ament_index/resource_index/packages/ur_simulation_gazebo
[1.494s] -- Up-to-date symlink: /home/sunbi/ros/capstone_ur5e_sim/install/ur_simulation_gazebo/share/ur_simulation_gazebo/cmake/ur_simulation_gazeboConfig.cmake
[1.494s] -- Up-to-date symlink: /home/sunbi/ros/capstone_ur5e_sim/install/ur_simulation_gazebo/share/ur_simulation_gazebo/cmake/ur_simulation_gazeboConfig-version.cmake
[1.494s] -- Up-to-date symlink: /home/sunbi/ros/capstone_ur5e_sim/install/ur_simulation_gazebo/share/ur_simulation_gazebo/package.xml
[1.497s] Invoked command in '/home/sunbi/ros/capstone_ur5e_sim/build/ur_simulation_gazebo' returned '0': AMENT_PREFIX_PATH=/home/sunbi/ros/capstone_ur5e_sim/install/ur_description:${AMENT_PREFIX_PATH} CMAKE_PREFIX_PATH=/home/sunbi/ros/capstone_ur5e_sim/install/ur_description:/opt/ros/humble /usr/bin/cmake --install /home/sunbi/ros/capstone_ur5e_sim/build/ur_simulation_gazebo
