[0.027s] Invoking command in '/home/sunbi/ros/capstone_ur5e_sim/build/ur_simulation_gazebo': AMENT_PREFIX_PATH=/home/sunbi/ros/capstone_ur5e_sim/install/ur_description:${AMENT_PREFIX_PATH} CMAKE_PREFIX_PATH=/home/sunbi/ros/capstone_ur5e_sim/install/ur_description:/opt/ros/humble /usr/bin/cmake /home/sunbi/ros/capstone_ur5e_sim/src/Universal_Robots_ROS2_Gazebo_Simulation/ur_simulation_gazebo -DCMAKE_INSTALL_PREFIX=/home/sunbi/ros/capstone_ur5e_sim/install/ur_simulation_gazebo
[0.103s] -- The C compiler identification is GNU 11.4.0
[0.178s] -- The CXX compiler identification is GNU 11.4.0
[0.187s] -- Detecting C compiler ABI info
[0.284s] -- Detecting C compiler ABI info - done
[0.292s] -- Check for working C compiler: /usr/bin/cc - skipped
[0.292s] -- Detecting C compile features
[0.294s] -- Detecting C compile features - done
[0.295s] -- Detecting CXX compiler ABI info
[0.413s] -- Detecting CXX compiler ABI info - done
[0.421s] -- Check for working CXX compiler: /usr/bin/c++ - skipped
[0.421s] -- Detecting CXX compile features
[0.421s] -- Detecting CXX compile features - done
[0.426s] -- Found ament_cmake: 1.3.12 (/opt/ros/humble/share/ament_cmake/cmake)
[0.603s] -- Found Python3: /usr/bin/python3 (found version "3.10.12") found components: Interpreter 
[0.706s] -- Found rclcpp: 16.0.14 (/opt/ros/humble/share/rclcpp/cmake)
[0.754s] -- Found rosidl_generator_c: 3.1.7 (/opt/ros/humble/share/rosidl_generator_c/cmake)
[0.760s] -- Found rosidl_adapter: 3.1.7 (/opt/ros/humble/share/rosidl_adapter/cmake)
[0.768s] -- Found rosidl_generator_cpp: 3.1.7 (/opt/ros/humble/share/rosidl_generator_cpp/cmake)
[0.780s] -- Using all available rosidl_typesupport_c: rosidl_typesupport_fastrtps_c;rosidl_typesupport_introspection_c
[0.796s] -- Using all available rosidl_typesupport_cpp: rosidl_typesupport_fastrtps_cpp;rosidl_typesupport_introspection_cpp
[0.845s] -- Found rmw_implementation_cmake: 6.1.2 (/opt/ros/humble/share/rmw_implementation_cmake/cmake)
[0.847s] -- Found rmw_fastrtps_cpp: 6.2.8 (/opt/ros/humble/share/rmw_fastrtps_cpp/cmake)
[0.972s] -- Found OpenSSL: /usr/lib/x86_64-linux-gnu/libcrypto.so (found version "3.0.2")  
[1.005s] -- Found FastRTPS: /opt/ros/humble/include  
[1.054s] -- Using RMW implementation 'rmw_fastrtps_cpp' as default
[1.066s] -- Looking for pthread.h
[1.167s] -- Looking for pthread.h - found
[1.168s] -- Performing Test CMAKE_HAVE_LIBC_PTHREAD
[1.271s] -- Performing Test CMAKE_HAVE_LIBC_PTHREAD - Success
[1.273s] -- Found Threads: TRUE  
[1.330s] -- Found gazebo_ros: 3.9.0 (/opt/ros/humble/share/gazebo_ros/cmake)
[1.347s] -- Found PkgConfig: /usr/bin/pkg-config (found version "0.29.2") 
[1.349s] -- Checking for module 'bullet>=2.82'
[1.373s] --   Found bullet, version 3.05
[1.546s] -- Found fcl: /usr/include (found suitable version "0.7.0", minimum required is "0.5.0") 
[1.633s] -- Found assimp: /usr/include (found version "5.2.0") 
[1.652s] -- Found DART: /usr/include (Required is at least version "6.6") found components: dart 
[1.685s] -- Found Boost: /usr/lib/x86_64-linux-gnu/cmake/Boost-1.74.0/BoostConfig.cmake (found suitable version "1.74.0", minimum required is "1.40.0") found components: thread system filesystem program_options regex iostreams date_time 
[1.701s] -- Found Protobuf: /usr/lib/x86_64-linux-gnu/libprotobuf.so (found version "3.12.4") 
[1.707s] -- Looking for ignition-math6 -- found version 6.15.1
[1.714s] -- Searching for dependencies of ignition-math6
[1.715s] -- Looking for OGRE...
[1.716s] -- OGRE_PREFIX_WATCH changed.
[1.723s] -- Checking for module 'OGRE'
[1.745s] --   Found OGRE, version 1.9.0
[1.801s] -- Found Ogre Ghadamon (1.9.0)
[1.809s] -- Found OGRE: optimized;/usr/lib/x86_64-linux-gnu/libOgreMain.so;debug;/usr/lib/x86_64-linux-gnu/libOgreMain.so
[1.819s] -- Looking for OGRE_Paging...
[1.825s] -- Found OGRE_Paging: optimized;/usr/lib/x86_64-linux-gnu/libOgrePaging.so;debug;/usr/lib/x86_64-linux-gnu/libOgrePaging.so
[1.825s] -- Looking for OGRE_Terrain...
[1.829s] -- Found OGRE_Terrain: optimized;/usr/lib/x86_64-linux-gnu/libOgreTerrain.so;debug;/usr/lib/x86_64-linux-gnu/libOgreTerrain.so
[1.829s] -- Looking for OGRE_Property...
[1.833s] -- Found OGRE_Property: optimized;/usr/lib/x86_64-linux-gnu/libOgreProperty.so;debug;/usr/lib/x86_64-linux-gnu/libOgreProperty.so
[1.833s] -- Looking for OGRE_RTShaderSystem...
[1.838s] -- Found OGRE_RTShaderSystem: optimized;/usr/lib/x86_64-linux-gnu/libOgreRTShaderSystem.so;debug;/usr/lib/x86_64-linux-gnu/libOgreRTShaderSystem.so
[1.838s] -- Looking for OGRE_Volume...
[1.843s] -- Found OGRE_Volume: optimized;/usr/lib/x86_64-linux-gnu/libOgreVolume.so;debug;/usr/lib/x86_64-linux-gnu/libOgreVolume.so
[1.843s] -- Looking for OGRE_Overlay...
[1.850s] -- Found OGRE_Overlay: optimized;/usr/lib/x86_64-linux-gnu/libOgreOverlay.so;debug;/usr/lib/x86_64-linux-gnu/libOgreOverlay.so
[1.967s] -- Looking for ignition-math6 -- found version 6.15.1
[1.969s] -- Looking for ignition-transport8 -- found version 8.2.1
[1.970s] -- Searching for dependencies of ignition-transport8
[1.990s] -- Found Protobuf: /usr/lib/x86_64-linux-gnu/libprotobuf.so (found suitable version "3.12.4", minimum required is "3") 
[2.001s] -- Config-file not installed for ZeroMQ -- checking for pkg-config
[2.008s] -- Checking for module 'libzmq >= 4'
[2.029s] --   Found libzmq , version 4.3.4
[2.087s] -- Found ZeroMQ: TRUE (Required is at least version "4") 
[2.094s] -- Checking for module 'uuid'
[2.115s] --   Found uuid, version 2.37.2
[2.172s] -- Found UUID: TRUE  
[2.174s] -- Looking for ignition-msgs5 -- found version 5.8.1
[2.174s] -- Searching for dependencies of ignition-msgs5
[2.196s] -- Looking for ignition-math6 -- found version 6.15.1
[2.205s] -- Checking for module 'tinyxml2'
[2.226s] --   Found tinyxml2, version 9.0.0
[2.288s] -- Looking for ignition-msgs5 -- found version 5.8.1
[2.291s] -- Looking for ignition-common3 -- found version 3.14.0
[2.292s] -- Searching for dependencies of ignition-common3
[2.292s] -- Looking for dlfcn.h - found
[2.293s] -- Looking for libdl - found
[2.294s] -- Found DL: TRUE  
[2.310s] -- Found tinyobjloader: /usr/lib/x86_64-linux-gnu/cmake/tinyobjloader/tinyobjloader-config.cmake (found version "2.0.0") 
[2.310s] -- Searching for <ignition-common3> component [graphics]
[2.313s] -- Looking for ignition-common3-graphics -- found version 3.14.0
[2.313s] -- Searching for dependencies of ignition-common3-graphics
[2.313s] -- Looking for ignition-math6 -- found version 6.15.1
[2.316s] -- Looking for ignition-fuel_tools4 -- found version 4.4.0
[2.316s] -- Searching for dependencies of ignition-fuel_tools4
[2.444s] -- Found CURL: /usr/lib/x86_64-linux-gnu/libcurl.so (found version "7.81.0")  
[2.455s] -- Checking for module 'jsoncpp'
[2.475s] --   Found jsoncpp, version 1.9.5
[2.535s] -- Found JSONCPP: TRUE  
[2.544s] -- Checking for module 'libzip'
[2.566s] --   Found libzip, version 1.7.3
[2.625s] -- Found ZIP: TRUE  
[2.625s] -- Looking for ignition-common3 -- found version 3.14.0
[2.626s] -- Looking for ignition-math6 -- found version 6.15.1
[2.626s] -- Looking for ignition-msgs5 -- found version 5.8.1
[2.630s] -- Gazebo version: 11.10
[2.630s] -- Checking for module 'tbb'
[2.652s] --   Found tbb, version 2021.5.0
[2.719s] -- Found gazebo_msgs: 3.9.0 (/opt/ros/humble/share/gazebo_msgs/cmake)
[2.775s] -- Found launch_testing_ament_cmake: 1.0.10 (/opt/ros/humble/share/launch_testing_ament_cmake/cmake)
[2.777s] -- Found python_cmake_module: 0.10.0 (/opt/ros/humble/share/python_cmake_module/cmake)
[2.801s] -- Found PythonInterp: /usr/bin/python3 (found suitable version "3.10.12", minimum required is "3.6") 
[2.807s] -- Found PythonLibs: /usr/lib/x86_64-linux-gnu/libpython3.10.so (found suitable version "3.10.12", minimum required is "3.5") 
[2.807s] -- Using PYTHON_EXECUTABLE: /usr/bin/python3
[2.807s] -- Using PYTHON_INCLUDE_DIRS: /usr/include/python3.10
[2.807s] -- Using PYTHON_LIBRARIES: /usr/lib/x86_64-linux-gnu/libpython3.10.so
[2.829s] -- Found PythonExtra: .so  
[2.831s] -- Found ament_cmake_pytest: 1.3.12 (/opt/ros/humble/share/ament_cmake_pytest/cmake)
[2.900s] -- Configuring done
[2.934s] -- Generating done
[2.941s] -- Build files have been written to: /home/sunbi/ros/capstone_ur5e_sim/build/ur_simulation_gazebo
[2.961s] Invoked command in '/home/sunbi/ros/capstone_ur5e_sim/build/ur_simulation_gazebo' returned '0': AMENT_PREFIX_PATH=/home/sunbi/ros/capstone_ur5e_sim/install/ur_description:${AMENT_PREFIX_PATH} CMAKE_PREFIX_PATH=/home/sunbi/ros/capstone_ur5e_sim/install/ur_description:/opt/ros/humble /usr/bin/cmake /home/sunbi/ros/capstone_ur5e_sim/src/Universal_Robots_ROS2_Gazebo_Simulation/ur_simulation_gazebo -DCMAKE_INSTALL_PREFIX=/home/sunbi/ros/capstone_ur5e_sim/install/ur_simulation_gazebo
[2.965s] Invoking command in '/home/sunbi/ros/capstone_ur5e_sim/build/ur_simulation_gazebo': AMENT_PREFIX_PATH=/home/sunbi/ros/capstone_ur5e_sim/install/ur_description:${AMENT_PREFIX_PATH} CMAKE_PREFIX_PATH=/home/sunbi/ros/capstone_ur5e_sim/install/ur_description:/opt/ros/humble /usr/bin/cmake --build /home/sunbi/ros/capstone_ur5e_sim/build/ur_simulation_gazebo -- -j4 -l4
[3.048s] [ 50%] Building CXX object CMakeFiles/elevator_button_plugin.dir/plugins/elevator_button_plugin.cpp.o
[29.273s] [100%] Linking CXX shared library libelevator_button_plugin.so
[29.726s] [100%] Built target elevator_button_plugin
[29.745s] Invoked command in '/home/sunbi/ros/capstone_ur5e_sim/build/ur_simulation_gazebo' returned '0': AMENT_PREFIX_PATH=/home/sunbi/ros/capstone_ur5e_sim/install/ur_description:${AMENT_PREFIX_PATH} CMAKE_PREFIX_PATH=/home/sunbi/ros/capstone_ur5e_sim/install/ur_description:/opt/ros/humble /usr/bin/cmake --build /home/sunbi/ros/capstone_ur5e_sim/build/ur_simulation_gazebo -- -j4 -l4
[29.757s] Invoking command in '/home/sunbi/ros/capstone_ur5e_sim/build/ur_simulation_gazebo': AMENT_PREFIX_PATH=/home/sunbi/ros/capstone_ur5e_sim/install/ur_description:${AMENT_PREFIX_PATH} CMAKE_PREFIX_PATH=/home/sunbi/ros/capstone_ur5e_sim/install/ur_description:/opt/ros/humble /usr/bin/cmake --install /home/sunbi/ros/capstone_ur5e_sim/build/ur_simulation_gazebo
[29.768s] -- Install configuration: ""
[29.768s] -- Installing: /home/sunbi/ros/capstone_ur5e_sim/install/ur_simulation_gazebo/share/ur_simulation_gazebo/config
[29.768s] -- Installing: /home/sunbi/ros/capstone_ur5e_sim/install/ur_simulation_gazebo/share/ur_simulation_gazebo/config/ur_controllers.yaml
[29.768s] -- Installing: /home/sunbi/ros/capstone_ur5e_sim/install/ur_simulation_gazebo/share/ur_simulation_gazebo/launch
[29.769s] -- Installing: /home/sunbi/ros/capstone_ur5e_sim/install/ur_simulation_gazebo/share/ur_simulation_gazebo/launch/ur_sim_control.launch.py
[29.769s] -- Installing: /home/sunbi/ros/capstone_ur5e_sim/install/ur_simulation_gazebo/share/ur_simulation_gazebo/launch/ur5e_elevator.launch.py
[29.769s] -- Installing: /home/sunbi/ros/capstone_ur5e_sim/install/ur_simulation_gazebo/share/ur_simulation_gazebo/launch/ur_sim_moveit.launch.py
[29.769s] -- Installing: /home/sunbi/ros/capstone_ur5e_sim/install/ur_simulation_gazebo/share/ur_simulation_gazebo/worlds
[29.769s] -- Installing: /home/sunbi/ros/capstone_ur5e_sim/install/ur_simulation_gazebo/share/ur_simulation_gazebo/worlds/elevator.world
[29.769s] -- Installing: /home/sunbi/ros/capstone_ur5e_sim/install/ur_simulation_gazebo/lib/libelevator_button_plugin.so
[29.774s] -- Set runtime path of "/home/sunbi/ros/capstone_ur5e_sim/install/ur_simulation_gazebo/lib/libelevator_button_plugin.so" to ""
[29.775s] -- Installing: /home/sunbi/ros/capstone_ur5e_sim/install/ur_simulation_gazebo/share/ament_index/resource_index/package_run_dependencies/ur_simulation_gazebo
[29.775s] -- Installing: /home/sunbi/ros/capstone_ur5e_sim/install/ur_simulation_gazebo/share/ament_index/resource_index/parent_prefix_path/ur_simulation_gazebo
[29.775s] -- Installing: /home/sunbi/ros/capstone_ur5e_sim/install/ur_simulation_gazebo/share/ur_simulation_gazebo/environment/ament_prefix_path.sh
[29.776s] -- Installing: /home/sunbi/ros/capstone_ur5e_sim/install/ur_simulation_gazebo/share/ur_simulation_gazebo/environment/ament_prefix_path.dsv
[29.776s] -- Installing: /home/sunbi/ros/capstone_ur5e_sim/install/ur_simulation_gazebo/share/ur_simulation_gazebo/environment/path.sh
[29.776s] -- Installing: /home/sunbi/ros/capstone_ur5e_sim/install/ur_simulation_gazebo/share/ur_simulation_gazebo/environment/path.dsv
[29.776s] -- Installing: /home/sunbi/ros/capstone_ur5e_sim/install/ur_simulation_gazebo/share/ur_simulation_gazebo/local_setup.bash
[29.776s] -- Installing: /home/sunbi/ros/capstone_ur5e_sim/install/ur_simulation_gazebo/share/ur_simulation_gazebo/local_setup.sh
[29.776s] -- Installing: /home/sunbi/ros/capstone_ur5e_sim/install/ur_simulation_gazebo/share/ur_simulation_gazebo/local_setup.zsh
[29.777s] -- Installing: /home/sunbi/ros/capstone_ur5e_sim/install/ur_simulation_gazebo/share/ur_simulation_gazebo/local_setup.dsv
[29.777s] -- Installing: /home/sunbi/ros/capstone_ur5e_sim/install/ur_simulation_gazebo/share/ur_simulation_gazebo/package.dsv
[29.777s] -- Installing: /home/sunbi/ros/capstone_ur5e_sim/install/ur_simulation_gazebo/share/ament_index/resource_index/packages/ur_simulation_gazebo
[29.777s] -- Installing: /home/sunbi/ros/capstone_ur5e_sim/install/ur_simulation_gazebo/share/ur_simulation_gazebo/cmake/ur_simulation_gazeboConfig.cmake
[29.777s] -- Installing: /home/sunbi/ros/capstone_ur5e_sim/install/ur_simulation_gazebo/share/ur_simulation_gazebo/cmake/ur_simulation_gazeboConfig-version.cmake
[29.777s] -- Installing: /home/sunbi/ros/capstone_ur5e_sim/install/ur_simulation_gazebo/share/ur_simulation_gazebo/package.xml
[29.780s] Invoked command in '/home/sunbi/ros/capstone_ur5e_sim/build/ur_simulation_gazebo' returned '0': AMENT_PREFIX_PATH=/home/sunbi/ros/capstone_ur5e_sim/install/ur_description:${AMENT_PREFIX_PATH} CMAKE_PREFIX_PATH=/home/sunbi/ros/capstone_ur5e_sim/install/ur_description:/opt/ros/humble /usr/bin/cmake --install /home/sunbi/ros/capstone_ur5e_sim/build/ur_simulation_gazebo
