[0.089s] DEBUG:colcon:Command line arguments: ['/usr/bin/colcon', 'build', '--symlink-install', '--packages-select', 'ur_simulation_gazebo', 'ur_cv_moveit']
[0.089s] DEBUG:colcon:Parsed command line arguments: Namespace(log_base=None, log_level=None, verb_name='build', build_base='build', install_base='install', merge_install=False, symlink_install=True, test_result_base=None, continue_on_error=False, executor='parallel', parallel_workers=4, event_handlers=None, ignore_user_meta=False, metas=['./colcon.meta'], base_paths=['.'], packages_ignore=None, packages_ignore_regex=None, paths=None, packages_up_to=None, packages_up_to_regex=None, packages_above=None, packages_above_and_dependencies=None, packages_above_depth=None, packages_select_by_dep=None, packages_skip_by_dep=None, packages_skip_up_to=None, packages_select_build_failed=False, packages_skip_build_finished=False, packages_select_test_failures=False, packages_skip_test_passed=False, packages_select=['ur_simulation_gazebo', 'ur_cv_moveit'], packages_skip=None, packages_select_regex=None, packages_skip_regex=None, packages_start=None, packages_end=None, allow_overriding=[], cmake_args=None, cmake_target=None, cmake_target_skip_unavailable=False, cmake_clean_cache=False, cmake_clean_first=False, cmake_force_configure=False, ament_cmake_args=None, catkin_cmake_args=None, catkin_skip_building_tests=False, verb_parser=<colcon_defaults.argument_parser.defaults.DefaultArgumentsDecorator object at 0x710d75554a60>, verb_extension=<colcon_core.verb.build.BuildVerb object at 0x710d75554460>, main=<bound method BuildVerb.main of <colcon_core.verb.build.BuildVerb object at 0x710d75554460>>)
[0.224s] Level 1:colcon.colcon_core.package_discovery:discover_packages(colcon_meta) check parameters
[0.224s] Level 1:colcon.colcon_core.package_discovery:discover_packages(recursive) check parameters
[0.224s] Level 1:colcon.colcon_core.package_discovery:discover_packages(ignore) check parameters
[0.224s] Level 1:colcon.colcon_core.package_discovery:discover_packages(path) check parameters
[0.224s] Level 1:colcon.colcon_core.package_discovery:discover_packages(colcon_meta) discover
[0.224s] Level 1:colcon.colcon_core.package_discovery:discover_packages(recursive) discover
[0.224s] INFO:colcon.colcon_core.package_discovery:Crawling recursively for packages in '/home/sunbi/ros/capstone_ur5e_sim'
[0.224s] Level 1:colcon.colcon_core.package_identification:_identify(.) by extensions ['ignore', 'ignore_ament_install']
[0.225s] Level 1:colcon.colcon_core.package_identification:_identify(.) by extension 'ignore'
[0.225s] Level 1:colcon.colcon_core.package_identification:_identify(.) by extension 'ignore_ament_install'
[0.225s] Level 1:colcon.colcon_core.package_identification:_identify(.) by extensions ['colcon_pkg']
[0.225s] Level 1:colcon.colcon_core.package_identification:_identify(.) by extension 'colcon_pkg'
[0.225s] Level 1:colcon.colcon_core.package_identification:_identify(.) by extensions ['colcon_meta']
[0.225s] Level 1:colcon.colcon_core.package_identification:_identify(.) by extension 'colcon_meta'
[0.225s] Level 1:colcon.colcon_core.package_identification:_identify(.) by extensions ['ros']
[0.225s] Level 1:colcon.colcon_core.package_identification:_identify(.) by extension 'ros'
[0.234s] Level 1:colcon.colcon_core.package_identification:_identify(.) by extensions ['cmake', 'python']
[0.234s] Level 1:colcon.colcon_core.package_identification:_identify(.) by extension 'cmake'
[0.235s] Level 1:colcon.colcon_core.package_identification:_identify(.) by extension 'python'
[0.235s] Level 1:colcon.colcon_core.package_identification:_identify(.) by extensions ['python_setup_py']
[0.235s] Level 1:colcon.colcon_core.package_identification:_identify(.) by extension 'python_setup_py'
[0.235s] Level 1:colcon.colcon_core.package_identification:_identify(build) by extensions ['ignore', 'ignore_ament_install']
[0.235s] Level 1:colcon.colcon_core.package_identification:_identify(build) by extension 'ignore'
[0.235s] Level 1:colcon.colcon_core.package_identification:_identify(build) ignored
[0.235s] Level 1:colcon.colcon_core.package_identification:_identify(install) by extensions ['ignore', 'ignore_ament_install']
[0.235s] Level 1:colcon.colcon_core.package_identification:_identify(install) by extension 'ignore'
[0.235s] Level 1:colcon.colcon_core.package_identification:_identify(install) ignored
[0.235s] Level 1:colcon.colcon_core.package_identification:_identify(log) by extensions ['ignore', 'ignore_ament_install']
[0.235s] Level 1:colcon.colcon_core.package_identification:_identify(log) by extension 'ignore'
[0.235s] Level 1:colcon.colcon_core.package_identification:_identify(log) ignored
[0.235s] Level 1:colcon.colcon_core.package_identification:_identify(src) by extensions ['ignore', 'ignore_ament_install']
[0.235s] Level 1:colcon.colcon_core.package_identification:_identify(src) by extension 'ignore'
[0.235s] Level 1:colcon.colcon_core.package_identification:_identify(src) by extension 'ignore_ament_install'
[0.235s] Level 1:colcon.colcon_core.package_identification:_identify(src) by extensions ['colcon_pkg']
[0.235s] Level 1:colcon.colcon_core.package_identification:_identify(src) by extension 'colcon_pkg'
[0.236s] Level 1:colcon.colcon_core.package_identification:_identify(src) by extensions ['colcon_meta']
[0.236s] Level 1:colcon.colcon_core.package_identification:_identify(src) by extension 'colcon_meta'
[0.236s] Level 1:colcon.colcon_core.package_identification:_identify(src) by extensions ['ros']
[0.236s] Level 1:colcon.colcon_core.package_identification:_identify(src) by extension 'ros'
[0.236s] Level 1:colcon.colcon_core.package_identification:_identify(src) by extensions ['cmake', 'python']
[0.236s] Level 1:colcon.colcon_core.package_identification:_identify(src) by extension 'cmake'
[0.236s] Level 1:colcon.colcon_core.package_identification:_identify(src) by extension 'python'
[0.236s] Level 1:colcon.colcon_core.package_identification:_identify(src) by extensions ['python_setup_py']
[0.236s] Level 1:colcon.colcon_core.package_identification:_identify(src) by extension 'python_setup_py'
[0.236s] Level 1:colcon.colcon_core.package_identification:_identify(src/Universal_Robots_ROS2_Description) by extensions ['ignore', 'ignore_ament_install']
[0.236s] Level 1:colcon.colcon_core.package_identification:_identify(src/Universal_Robots_ROS2_Description) by extension 'ignore'
[0.236s] Level 1:colcon.colcon_core.package_identification:_identify(src/Universal_Robots_ROS2_Description) by extension 'ignore_ament_install'
[0.236s] Level 1:colcon.colcon_core.package_identification:_identify(src/Universal_Robots_ROS2_Description) by extensions ['colcon_pkg']
[0.236s] Level 1:colcon.colcon_core.package_identification:_identify(src/Universal_Robots_ROS2_Description) by extension 'colcon_pkg'
[0.236s] Level 1:colcon.colcon_core.package_identification:_identify(src/Universal_Robots_ROS2_Description) by extensions ['colcon_meta']
[0.236s] Level 1:colcon.colcon_core.package_identification:_identify(src/Universal_Robots_ROS2_Description) by extension 'colcon_meta'
[0.236s] Level 1:colcon.colcon_core.package_identification:_identify(src/Universal_Robots_ROS2_Description) by extensions ['ros']
[0.236s] Level 1:colcon.colcon_core.package_identification:_identify(src/Universal_Robots_ROS2_Description) by extension 'ros'
[0.239s] DEBUG:colcon.colcon_core.package_identification:Package 'src/Universal_Robots_ROS2_Description' with type 'ros.ament_cmake' and name 'ur_description'
[0.239s] Level 1:colcon.colcon_core.package_identification:_identify(src/Universal_Robots_ROS2_Gazebo_Simulation) by extensions ['ignore', 'ignore_ament_install']
[0.239s] Level 1:colcon.colcon_core.package_identification:_identify(src/Universal_Robots_ROS2_Gazebo_Simulation) by extension 'ignore'
[0.239s] Level 1:colcon.colcon_core.package_identification:_identify(src/Universal_Robots_ROS2_Gazebo_Simulation) by extension 'ignore_ament_install'
[0.239s] Level 1:colcon.colcon_core.package_identification:_identify(src/Universal_Robots_ROS2_Gazebo_Simulation) by extensions ['colcon_pkg']
[0.239s] Level 1:colcon.colcon_core.package_identification:_identify(src/Universal_Robots_ROS2_Gazebo_Simulation) by extension 'colcon_pkg'
[0.239s] Level 1:colcon.colcon_core.package_identification:_identify(src/Universal_Robots_ROS2_Gazebo_Simulation) by extensions ['colcon_meta']
[0.239s] Level 1:colcon.colcon_core.package_identification:_identify(src/Universal_Robots_ROS2_Gazebo_Simulation) by extension 'colcon_meta'
[0.239s] Level 1:colcon.colcon_core.package_identification:_identify(src/Universal_Robots_ROS2_Gazebo_Simulation) by extensions ['ros']
[0.239s] Level 1:colcon.colcon_core.package_identification:_identify(src/Universal_Robots_ROS2_Gazebo_Simulation) by extension 'ros'
[0.239s] Level 1:colcon.colcon_core.package_identification:_identify(src/Universal_Robots_ROS2_Gazebo_Simulation) by extensions ['cmake', 'python']
[0.239s] Level 1:colcon.colcon_core.package_identification:_identify(src/Universal_Robots_ROS2_Gazebo_Simulation) by extension 'cmake'
[0.239s] Level 1:colcon.colcon_core.package_identification:_identify(src/Universal_Robots_ROS2_Gazebo_Simulation) by extension 'python'
[0.239s] Level 1:colcon.colcon_core.package_identification:_identify(src/Universal_Robots_ROS2_Gazebo_Simulation) by extensions ['python_setup_py']
[0.239s] Level 1:colcon.colcon_core.package_identification:_identify(src/Universal_Robots_ROS2_Gazebo_Simulation) by extension 'python_setup_py'
[0.239s] Level 1:colcon.colcon_core.package_identification:_identify(src/Universal_Robots_ROS2_Gazebo_Simulation/ur_simulation_gazebo) by extensions ['ignore', 'ignore_ament_install']
[0.239s] Level 1:colcon.colcon_core.package_identification:_identify(src/Universal_Robots_ROS2_Gazebo_Simulation/ur_simulation_gazebo) by extension 'ignore'
[0.240s] Level 1:colcon.colcon_core.package_identification:_identify(src/Universal_Robots_ROS2_Gazebo_Simulation/ur_simulation_gazebo) by extension 'ignore_ament_install'
[0.240s] Level 1:colcon.colcon_core.package_identification:_identify(src/Universal_Robots_ROS2_Gazebo_Simulation/ur_simulation_gazebo) by extensions ['colcon_pkg']
[0.240s] Level 1:colcon.colcon_core.package_identification:_identify(src/Universal_Robots_ROS2_Gazebo_Simulation/ur_simulation_gazebo) by extension 'colcon_pkg'
[0.240s] Level 1:colcon.colcon_core.package_identification:_identify(src/Universal_Robots_ROS2_Gazebo_Simulation/ur_simulation_gazebo) by extensions ['colcon_meta']
[0.240s] Level 1:colcon.colcon_core.package_identification:_identify(src/Universal_Robots_ROS2_Gazebo_Simulation/ur_simulation_gazebo) by extension 'colcon_meta'
[0.240s] Level 1:colcon.colcon_core.package_identification:_identify(src/Universal_Robots_ROS2_Gazebo_Simulation/ur_simulation_gazebo) by extensions ['ros']
[0.240s] Level 1:colcon.colcon_core.package_identification:_identify(src/Universal_Robots_ROS2_Gazebo_Simulation/ur_simulation_gazebo) by extension 'ros'
[0.240s] DEBUG:colcon.colcon_core.package_identification:Package 'src/Universal_Robots_ROS2_Gazebo_Simulation/ur_simulation_gazebo' with type 'ros.ament_cmake' and name 'ur_simulation_gazebo'
[0.240s] Level 1:colcon.colcon_core.package_identification:_identify(src/build) by extensions ['ignore', 'ignore_ament_install']
[0.241s] Level 1:colcon.colcon_core.package_identification:_identify(src/build) by extension 'ignore'
[0.241s] Level 1:colcon.colcon_core.package_identification:_identify(src/build) ignored
[0.241s] Level 1:colcon.colcon_core.package_identification:_identify(src/log) by extensions ['ignore', 'ignore_ament_install']
[0.241s] Level 1:colcon.colcon_core.package_identification:_identify(src/log) by extension 'ignore'
[0.241s] Level 1:colcon.colcon_core.package_identification:_identify(src/log) ignored
[0.241s] Level 1:colcon.colcon_core.package_identification:_identify(src/ur_cv_moveit) by extensions ['ignore', 'ignore_ament_install']
[0.241s] Level 1:colcon.colcon_core.package_identification:_identify(src/ur_cv_moveit) by extension 'ignore'
[0.241s] Level 1:colcon.colcon_core.package_identification:_identify(src/ur_cv_moveit) by extension 'ignore_ament_install'
[0.241s] Level 1:colcon.colcon_core.package_identification:_identify(src/ur_cv_moveit) by extensions ['colcon_pkg']
[0.241s] Level 1:colcon.colcon_core.package_identification:_identify(src/ur_cv_moveit) by extension 'colcon_pkg'
[0.241s] Level 1:colcon.colcon_core.package_identification:_identify(src/ur_cv_moveit) by extensions ['colcon_meta']
[0.241s] Level 1:colcon.colcon_core.package_identification:_identify(src/ur_cv_moveit) by extension 'colcon_meta'
[0.241s] Level 1:colcon.colcon_core.package_identification:_identify(src/ur_cv_moveit) by extensions ['ros']
[0.241s] Level 1:colcon.colcon_core.package_identification:_identify(src/ur_cv_moveit) by extension 'ros'
[0.242s] DEBUG:colcon.colcon_core.package_identification:Package 'src/ur_cv_moveit' with type 'ros.ament_python' and name 'ur_cv_moveit'
[0.242s] Level 1:colcon.colcon_core.package_discovery:discover_packages(recursive) using defaults
[0.242s] Level 1:colcon.colcon_core.package_discovery:discover_packages(ignore) discover
[0.242s] Level 1:colcon.colcon_core.package_discovery:discover_packages(ignore) using defaults
[0.242s] Level 1:colcon.colcon_core.package_discovery:discover_packages(path) discover
[0.242s] Level 1:colcon.colcon_core.package_discovery:discover_packages(path) using defaults
[0.259s] INFO:colcon.colcon_core.package_selection:Skipping not selected package 'ur_description' in 'src/Universal_Robots_ROS2_Description'
[0.259s] Level 1:colcon.colcon_core.package_discovery:discover_packages(prefix_path) check parameters
[0.259s] Level 1:colcon.colcon_core.package_discovery:discover_packages(prefix_path) discover
[0.261s] DEBUG:colcon.colcon_installed_package_information.package_discovery:Found 3 installed packages in /home/sunbi/ros/capstone_ur5e_sim/install
[0.261s] DEBUG:colcon.colcon_installed_package_information.package_discovery:Found 3 installed packages in /home/sunbi/ros/install
[0.263s] DEBUG:colcon.colcon_installed_package_information.package_discovery:Found 370 installed packages in /opt/ros/humble
[0.278s] Level 1:colcon.colcon_core.package_discovery:discover_packages(prefix_path) using defaults
[0.320s] Level 5:colcon.colcon_core.verb:set package 'ur_cv_moveit' build argument 'cmake_args' from command line to 'None'
[0.320s] Level 5:colcon.colcon_core.verb:set package 'ur_cv_moveit' build argument 'cmake_target' from command line to 'None'
[0.320s] Level 5:colcon.colcon_core.verb:set package 'ur_cv_moveit' build argument 'cmake_target_skip_unavailable' from command line to 'False'
[0.320s] Level 5:colcon.colcon_core.verb:set package 'ur_cv_moveit' build argument 'cmake_clean_cache' from command line to 'False'
[0.320s] Level 5:colcon.colcon_core.verb:set package 'ur_cv_moveit' build argument 'cmake_clean_first' from command line to 'False'
[0.320s] Level 5:colcon.colcon_core.verb:set package 'ur_cv_moveit' build argument 'cmake_force_configure' from command line to 'False'
[0.320s] Level 5:colcon.colcon_core.verb:set package 'ur_cv_moveit' build argument 'ament_cmake_args' from command line to 'None'
[0.320s] Level 5:colcon.colcon_core.verb:set package 'ur_cv_moveit' build argument 'catkin_cmake_args' from command line to 'None'
[0.320s] Level 5:colcon.colcon_core.verb:set package 'ur_cv_moveit' build argument 'catkin_skip_building_tests' from command line to 'False'
[0.320s] DEBUG:colcon.colcon_core.verb:Building package 'ur_cv_moveit' with the following arguments: {'ament_cmake_args': None, 'build_base': '/home/sunbi/ros/capstone_ur5e_sim/build/ur_cv_moveit', 'catkin_cmake_args': None, 'catkin_skip_building_tests': False, 'cmake_args': None, 'cmake_clean_cache': False, 'cmake_clean_first': False, 'cmake_force_configure': False, 'cmake_target': None, 'cmake_target_skip_unavailable': False, 'install_base': '/home/sunbi/ros/capstone_ur5e_sim/install/ur_cv_moveit', 'merge_install': False, 'path': '/home/sunbi/ros/capstone_ur5e_sim/src/ur_cv_moveit', 'symlink_install': True, 'test_result_base': None}
[0.320s] Level 5:colcon.colcon_core.verb:set package 'ur_simulation_gazebo' build argument 'cmake_args' from command line to 'None'
[0.320s] Level 5:colcon.colcon_core.verb:set package 'ur_simulation_gazebo' build argument 'cmake_target' from command line to 'None'
[0.320s] Level 5:colcon.colcon_core.verb:set package 'ur_simulation_gazebo' build argument 'cmake_target_skip_unavailable' from command line to 'False'
[0.320s] Level 5:colcon.colcon_core.verb:set package 'ur_simulation_gazebo' build argument 'cmake_clean_cache' from command line to 'False'
[0.320s] Level 5:colcon.colcon_core.verb:set package 'ur_simulation_gazebo' build argument 'cmake_clean_first' from command line to 'False'
[0.320s] Level 5:colcon.colcon_core.verb:set package 'ur_simulation_gazebo' build argument 'cmake_force_configure' from command line to 'False'
[0.320s] Level 5:colcon.colcon_core.verb:set package 'ur_simulation_gazebo' build argument 'ament_cmake_args' from command line to 'None'
[0.320s] Level 5:colcon.colcon_core.verb:set package 'ur_simulation_gazebo' build argument 'catkin_cmake_args' from command line to 'None'
[0.321s] Level 5:colcon.colcon_core.verb:set package 'ur_simulation_gazebo' build argument 'catkin_skip_building_tests' from command line to 'False'
[0.321s] DEBUG:colcon.colcon_core.verb:Building package 'ur_simulation_gazebo' with the following arguments: {'ament_cmake_args': None, 'build_base': '/home/sunbi/ros/capstone_ur5e_sim/build/ur_simulation_gazebo', 'catkin_cmake_args': None, 'catkin_skip_building_tests': False, 'cmake_args': None, 'cmake_clean_cache': False, 'cmake_clean_first': False, 'cmake_force_configure': False, 'cmake_target': None, 'cmake_target_skip_unavailable': False, 'install_base': '/home/sunbi/ros/capstone_ur5e_sim/install/ur_simulation_gazebo', 'merge_install': False, 'path': '/home/sunbi/ros/capstone_ur5e_sim/src/Universal_Robots_ROS2_Gazebo_Simulation/ur_simulation_gazebo', 'symlink_install': True, 'test_result_base': None}
[0.321s] INFO:colcon.colcon_core.executor:Executing jobs using 'parallel' executor
[0.322s] DEBUG:colcon.colcon_parallel_executor.executor.parallel:run_until_complete
[0.322s] INFO:colcon.colcon_ros.task.ament_python.build:Building ROS package in '/home/sunbi/ros/capstone_ur5e_sim/src/ur_cv_moveit' with build type 'ament_python'
[0.322s] Level 1:colcon.colcon_core.shell:create_environment_hook('ur_cv_moveit', 'ament_prefix_path')
[0.324s] INFO:colcon.colcon_core.plugin_system:Skipping extension 'colcon_core.shell.bat': Not used on non-Windows systems
[0.324s] INFO:colcon.colcon_core.shell:Creating environment hook '/home/sunbi/ros/capstone_ur5e_sim/install/ur_cv_moveit/share/ur_cv_moveit/hook/ament_prefix_path.ps1'
[0.325s] INFO:colcon.colcon_core.shell:Creating environment descriptor '/home/sunbi/ros/capstone_ur5e_sim/install/ur_cv_moveit/share/ur_cv_moveit/hook/ament_prefix_path.dsv'
[0.326s] INFO:colcon.colcon_core.shell:Creating environment hook '/home/sunbi/ros/capstone_ur5e_sim/install/ur_cv_moveit/share/ur_cv_moveit/hook/ament_prefix_path.sh'
[0.326s] INFO:colcon.colcon_core.shell:Skip shell extension 'powershell' for command environment: Not usable outside of PowerShell
[0.326s] DEBUG:colcon.colcon_core.shell:Skip shell extension 'dsv' for command environment
[0.332s] INFO:colcon.colcon_ros.task.ament_cmake.build:Building ROS package in '/home/sunbi/ros/capstone_ur5e_sim/src/Universal_Robots_ROS2_Gazebo_Simulation/ur_simulation_gazebo' with build type 'ament_cmake'
[0.332s] INFO:colcon.colcon_cmake.task.cmake.build:Building CMake package in '/home/sunbi/ros/capstone_ur5e_sim/src/Universal_Robots_ROS2_Gazebo_Simulation/ur_simulation_gazebo'
[0.332s] INFO:colcon.colcon_core.shell:Skip shell extension 'powershell' for command environment: Not usable outside of PowerShell
[0.332s] DEBUG:colcon.colcon_core.shell:Skip shell extension 'dsv' for command environment
[0.558s] INFO:colcon.colcon_core.task.python.build:Building Python package in '/home/sunbi/ros/capstone_ur5e_sim/src/ur_cv_moveit'
[0.559s] INFO:colcon.colcon_core.shell:Skip shell extension 'powershell' for command environment: Not usable outside of PowerShell
[0.559s] DEBUG:colcon.colcon_core.shell:Skip shell extension 'dsv' for command environment
[0.573s] DEBUG:colcon.colcon_core.event_handler.log_command:Invoking command in '/home/sunbi/ros/capstone_ur5e_sim/build/ur_simulation_gazebo': CMAKE_PREFIX_PATH=/home/sunbi/ros/capstone_ur5e_sim/install/ur_description:/home/sunbi/ros/capstone_ur5e_sim/install/ur_simulation_gazebo:/home/sunbi/ros/install/ur_simulation_gazebo:/home/sunbi/ros/install/ur_description:/home/sunbi/ros/capstone_ur5e_sim/install/ur_cv_moveit:/home/sunbi/ros/install/ur_cv_moveit:/opt/ros/humble /usr/bin/cmake --build /home/sunbi/ros/capstone_ur5e_sim/build/ur_simulation_gazebo -- -j4 -l4
[0.900s] DEBUG:colcon.colcon_core.event_handler.log_command:Invoking command in '/home/sunbi/ros/capstone_ur5e_sim/build/ur_cv_moveit': PYTHONPATH=/home/sunbi/ros/capstone_ur5e_sim/build/ur_cv_moveit/prefix_override:/usr/lib/python3/dist-packages/colcon_core/task/python/colcon_distutils_commands:/home/sunbi/ros/capstone_ur5e_sim/install/ur_cv_moveit/lib/python3.10/site-packages:${PYTHONPATH} /usr/bin/python3 -W ignore:setup.py install is deprecated -W ignore:easy_install command is deprecated setup.py develop --editable --build-directory /home/sunbi/ros/capstone_ur5e_sim/build/ur_cv_moveit/build --no-deps symlink_data
[1.307s] Level 1:colcon.colcon_core.shell:create_environment_hook('ur_cv_moveit', 'pythonpath_develop')
[1.307s] INFO:colcon.colcon_core.shell:Creating environment hook '/home/sunbi/ros/capstone_ur5e_sim/build/ur_cv_moveit/share/ur_cv_moveit/hook/pythonpath_develop.ps1'
[1.308s] DEBUG:colcon.colcon_core.event_handler.log_command:Invoked command in '/home/sunbi/ros/capstone_ur5e_sim/build/ur_cv_moveit' returned '0': PYTHONPATH=/home/sunbi/ros/capstone_ur5e_sim/build/ur_cv_moveit/prefix_override:/usr/lib/python3/dist-packages/colcon_core/task/python/colcon_distutils_commands:/home/sunbi/ros/capstone_ur5e_sim/install/ur_cv_moveit/lib/python3.10/site-packages:${PYTHONPATH} /usr/bin/python3 -W ignore:setup.py install is deprecated -W ignore:easy_install command is deprecated setup.py develop --editable --build-directory /home/sunbi/ros/capstone_ur5e_sim/build/ur_cv_moveit/build --no-deps symlink_data
[1.309s] INFO:colcon.colcon_core.shell:Creating environment descriptor '/home/sunbi/ros/capstone_ur5e_sim/build/ur_cv_moveit/share/ur_cv_moveit/hook/pythonpath_develop.dsv'
[1.310s] INFO:colcon.colcon_core.shell:Creating environment hook '/home/sunbi/ros/capstone_ur5e_sim/build/ur_cv_moveit/share/ur_cv_moveit/hook/pythonpath_develop.sh'
[1.312s] Level 1:colcon.colcon_core.environment:checking '/home/sunbi/ros/capstone_ur5e_sim/install/ur_cv_moveit' for CMake module files
[1.313s] Level 1:colcon.colcon_core.environment:checking '/home/sunbi/ros/capstone_ur5e_sim/install/ur_cv_moveit' for CMake config files
[1.314s] Level 1:colcon.colcon_core.environment:checking '/home/sunbi/ros/capstone_ur5e_sim/install/ur_cv_moveit/lib'
[1.314s] Level 1:colcon.colcon_core.environment:checking '/home/sunbi/ros/capstone_ur5e_sim/install/ur_cv_moveit/bin'
[1.314s] Level 1:colcon.colcon_core.shell:create_environment_hook('ur_cv_moveit', 'path')
[1.314s] INFO:colcon.colcon_core.shell:Creating environment hook '/home/sunbi/ros/capstone_ur5e_sim/install/ur_cv_moveit/share/ur_cv_moveit/hook/path.ps1'
[1.315s] INFO:colcon.colcon_core.shell:Creating environment descriptor '/home/sunbi/ros/capstone_ur5e_sim/install/ur_cv_moveit/share/ur_cv_moveit/hook/path.dsv'
[1.316s] INFO:colcon.colcon_core.shell:Creating environment hook '/home/sunbi/ros/capstone_ur5e_sim/install/ur_cv_moveit/share/ur_cv_moveit/hook/path.sh'
[1.316s] Level 1:colcon.colcon_core.environment:checking '/home/sunbi/ros/capstone_ur5e_sim/install/ur_cv_moveit/lib/pkgconfig/ur_cv_moveit.pc'
[1.317s] Level 1:colcon.colcon_core.environment:checking '/home/sunbi/ros/capstone_ur5e_sim/install/ur_cv_moveit/lib/python3.10/site-packages'
[1.317s] Level 1:colcon.colcon_core.shell:create_environment_hook('ur_cv_moveit', 'pythonpath')
[1.317s] INFO:colcon.colcon_core.shell:Creating environment hook '/home/sunbi/ros/capstone_ur5e_sim/install/ur_cv_moveit/share/ur_cv_moveit/hook/pythonpath.ps1'
[1.318s] INFO:colcon.colcon_core.shell:Creating environment descriptor '/home/sunbi/ros/capstone_ur5e_sim/install/ur_cv_moveit/share/ur_cv_moveit/hook/pythonpath.dsv'
[1.318s] INFO:colcon.colcon_core.shell:Creating environment hook '/home/sunbi/ros/capstone_ur5e_sim/install/ur_cv_moveit/share/ur_cv_moveit/hook/pythonpath.sh'
[1.319s] Level 1:colcon.colcon_core.environment:checking '/home/sunbi/ros/capstone_ur5e_sim/install/ur_cv_moveit/bin'
[1.319s] Level 1:colcon.colcon_core.shell:create_environment_hook('ur_cv_moveit', 'pythonscriptspath')
[1.319s] INFO:colcon.colcon_core.shell:Creating environment hook '/home/sunbi/ros/capstone_ur5e_sim/install/ur_cv_moveit/share/ur_cv_moveit/hook/pythonscriptspath.ps1'
[1.320s] INFO:colcon.colcon_core.shell:Creating environment descriptor '/home/sunbi/ros/capstone_ur5e_sim/install/ur_cv_moveit/share/ur_cv_moveit/hook/pythonscriptspath.dsv'
[1.320s] INFO:colcon.colcon_core.shell:Creating environment hook '/home/sunbi/ros/capstone_ur5e_sim/install/ur_cv_moveit/share/ur_cv_moveit/hook/pythonscriptspath.sh'
[1.321s] Level 1:colcon.colcon_core.environment:create_environment_scripts_only(ur_cv_moveit)
[1.322s] INFO:colcon.colcon_core.shell:Creating package script '/home/sunbi/ros/capstone_ur5e_sim/install/ur_cv_moveit/share/ur_cv_moveit/package.ps1'
[1.323s] INFO:colcon.colcon_core.shell:Creating package descriptor '/home/sunbi/ros/capstone_ur5e_sim/install/ur_cv_moveit/share/ur_cv_moveit/package.dsv'
[1.323s] INFO:colcon.colcon_core.shell:Creating package script '/home/sunbi/ros/capstone_ur5e_sim/install/ur_cv_moveit/share/ur_cv_moveit/package.sh'
[1.324s] INFO:colcon.colcon_core.shell:Creating package script '/home/sunbi/ros/capstone_ur5e_sim/install/ur_cv_moveit/share/ur_cv_moveit/package.bash'
[1.325s] INFO:colcon.colcon_core.shell:Creating package script '/home/sunbi/ros/capstone_ur5e_sim/install/ur_cv_moveit/share/ur_cv_moveit/package.zsh'
[1.326s] Level 1:colcon.colcon_core.environment:create_file_with_runtime_dependencies(/home/sunbi/ros/capstone_ur5e_sim/install/ur_cv_moveit/share/colcon-core/packages/ur_cv_moveit)
[1.964s] DEBUG:colcon.colcon_core.event_handler.log_command:Invoked command in '/home/sunbi/ros/capstone_ur5e_sim/build/ur_simulation_gazebo' returned '0': CMAKE_PREFIX_PATH=/home/sunbi/ros/capstone_ur5e_sim/install/ur_description:/home/sunbi/ros/capstone_ur5e_sim/install/ur_simulation_gazebo:/home/sunbi/ros/install/ur_simulation_gazebo:/home/sunbi/ros/install/ur_description:/home/sunbi/ros/capstone_ur5e_sim/install/ur_cv_moveit:/home/sunbi/ros/install/ur_cv_moveit:/opt/ros/humble /usr/bin/cmake --build /home/sunbi/ros/capstone_ur5e_sim/build/ur_simulation_gazebo -- -j4 -l4
[1.977s] DEBUG:colcon.colcon_core.event_handler.log_command:Invoking command in '/home/sunbi/ros/capstone_ur5e_sim/build/ur_simulation_gazebo': CMAKE_PREFIX_PATH=/home/sunbi/ros/capstone_ur5e_sim/install/ur_description:/home/sunbi/ros/capstone_ur5e_sim/install/ur_simulation_gazebo:/home/sunbi/ros/install/ur_simulation_gazebo:/home/sunbi/ros/install/ur_description:/home/sunbi/ros/capstone_ur5e_sim/install/ur_cv_moveit:/home/sunbi/ros/install/ur_cv_moveit:/opt/ros/humble /usr/bin/cmake --install /home/sunbi/ros/capstone_ur5e_sim/build/ur_simulation_gazebo
[2.015s] Level 1:colcon.colcon_core.environment:create_environment_scripts_only(ur_simulation_gazebo)
[2.016s] Level 1:colcon.colcon_core.environment:checking '/home/sunbi/ros/capstone_ur5e_sim/install/ur_simulation_gazebo' for CMake module files
[2.016s] DEBUG:colcon.colcon_core.event_handler.log_command:Invoked command in '/home/sunbi/ros/capstone_ur5e_sim/build/ur_simulation_gazebo' returned '0': CMAKE_PREFIX_PATH=/home/sunbi/ros/capstone_ur5e_sim/install/ur_description:/home/sunbi/ros/capstone_ur5e_sim/install/ur_simulation_gazebo:/home/sunbi/ros/install/ur_simulation_gazebo:/home/sunbi/ros/install/ur_description:/home/sunbi/ros/capstone_ur5e_sim/install/ur_cv_moveit:/home/sunbi/ros/install/ur_cv_moveit:/opt/ros/humble /usr/bin/cmake --install /home/sunbi/ros/capstone_ur5e_sim/build/ur_simulation_gazebo
[2.017s] Level 1:colcon.colcon_core.environment:checking '/home/sunbi/ros/capstone_ur5e_sim/install/ur_simulation_gazebo' for CMake config files
[2.017s] Level 1:colcon.colcon_core.shell:create_environment_hook('ur_simulation_gazebo', 'cmake_prefix_path')
[2.017s] INFO:colcon.colcon_core.shell:Creating environment hook '/home/sunbi/ros/capstone_ur5e_sim/install/ur_simulation_gazebo/share/ur_simulation_gazebo/hook/cmake_prefix_path.ps1'
[2.018s] INFO:colcon.colcon_core.shell:Creating environment descriptor '/home/sunbi/ros/capstone_ur5e_sim/install/ur_simulation_gazebo/share/ur_simulation_gazebo/hook/cmake_prefix_path.dsv'
[2.019s] INFO:colcon.colcon_core.shell:Creating environment hook '/home/sunbi/ros/capstone_ur5e_sim/install/ur_simulation_gazebo/share/ur_simulation_gazebo/hook/cmake_prefix_path.sh'
[2.020s] Level 1:colcon.colcon_core.environment:checking '/home/sunbi/ros/capstone_ur5e_sim/install/ur_simulation_gazebo/lib'
[2.020s] Level 1:colcon.colcon_core.shell:create_environment_hook('ur_simulation_gazebo', 'ld_library_path_lib')
[2.021s] INFO:colcon.colcon_core.shell:Creating environment hook '/home/sunbi/ros/capstone_ur5e_sim/install/ur_simulation_gazebo/share/ur_simulation_gazebo/hook/ld_library_path_lib.ps1'
[2.021s] INFO:colcon.colcon_core.shell:Creating environment descriptor '/home/sunbi/ros/capstone_ur5e_sim/install/ur_simulation_gazebo/share/ur_simulation_gazebo/hook/ld_library_path_lib.dsv'
[2.022s] INFO:colcon.colcon_core.shell:Creating environment hook '/home/sunbi/ros/capstone_ur5e_sim/install/ur_simulation_gazebo/share/ur_simulation_gazebo/hook/ld_library_path_lib.sh'
[2.023s] Level 1:colcon.colcon_core.environment:checking '/home/sunbi/ros/capstone_ur5e_sim/install/ur_simulation_gazebo/bin'
[2.023s] Level 1:colcon.colcon_core.environment:checking '/home/sunbi/ros/capstone_ur5e_sim/install/ur_simulation_gazebo/lib/pkgconfig/ur_simulation_gazebo.pc'
[2.023s] Level 1:colcon.colcon_core.environment:checking '/home/sunbi/ros/capstone_ur5e_sim/install/ur_simulation_gazebo/lib/python3.10/site-packages'
[2.023s] Level 1:colcon.colcon_core.environment:checking '/home/sunbi/ros/capstone_ur5e_sim/install/ur_simulation_gazebo/bin'
[2.024s] INFO:colcon.colcon_core.shell:Creating package script '/home/sunbi/ros/capstone_ur5e_sim/install/ur_simulation_gazebo/share/ur_simulation_gazebo/package.ps1'
[2.024s] INFO:colcon.colcon_core.shell:Creating package descriptor '/home/sunbi/ros/capstone_ur5e_sim/install/ur_simulation_gazebo/share/ur_simulation_gazebo/package.dsv'
[2.025s] INFO:colcon.colcon_core.shell:Creating package script '/home/sunbi/ros/capstone_ur5e_sim/install/ur_simulation_gazebo/share/ur_simulation_gazebo/package.sh'
[2.025s] INFO:colcon.colcon_core.shell:Creating package script '/home/sunbi/ros/capstone_ur5e_sim/install/ur_simulation_gazebo/share/ur_simulation_gazebo/package.bash'
[2.026s] INFO:colcon.colcon_core.shell:Creating package script '/home/sunbi/ros/capstone_ur5e_sim/install/ur_simulation_gazebo/share/ur_simulation_gazebo/package.zsh'
[2.027s] Level 1:colcon.colcon_core.environment:create_file_with_runtime_dependencies(/home/sunbi/ros/capstone_ur5e_sim/install/ur_simulation_gazebo/share/colcon-core/packages/ur_simulation_gazebo)
[2.027s] Level 1:colcon.colcon_core.environment:create_environment_scripts_only(ur_simulation_gazebo)
[2.028s] Level 1:colcon.colcon_core.environment:checking '/home/sunbi/ros/capstone_ur5e_sim/install/ur_simulation_gazebo' for CMake module files
[2.028s] Level 1:colcon.colcon_core.environment:checking '/home/sunbi/ros/capstone_ur5e_sim/install/ur_simulation_gazebo' for CMake config files
[2.028s] Level 1:colcon.colcon_core.shell:create_environment_hook('ur_simulation_gazebo', 'cmake_prefix_path')
[2.029s] INFO:colcon.colcon_core.shell:Creating environment hook '/home/sunbi/ros/capstone_ur5e_sim/install/ur_simulation_gazebo/share/ur_simulation_gazebo/hook/cmake_prefix_path.ps1'
[2.029s] INFO:colcon.colcon_core.shell:Creating environment descriptor '/home/sunbi/ros/capstone_ur5e_sim/install/ur_simulation_gazebo/share/ur_simulation_gazebo/hook/cmake_prefix_path.dsv'
[2.030s] INFO:colcon.colcon_core.shell:Creating environment hook '/home/sunbi/ros/capstone_ur5e_sim/install/ur_simulation_gazebo/share/ur_simulation_gazebo/hook/cmake_prefix_path.sh'
[2.030s] Level 1:colcon.colcon_core.environment:checking '/home/sunbi/ros/capstone_ur5e_sim/install/ur_simulation_gazebo/lib'
[2.030s] Level 1:colcon.colcon_core.shell:create_environment_hook('ur_simulation_gazebo', 'ld_library_path_lib')
[2.031s] INFO:colcon.colcon_core.shell:Creating environment hook '/home/sunbi/ros/capstone_ur5e_sim/install/ur_simulation_gazebo/share/ur_simulation_gazebo/hook/ld_library_path_lib.ps1'
[2.031s] INFO:colcon.colcon_core.shell:Creating environment descriptor '/home/sunbi/ros/capstone_ur5e_sim/install/ur_simulation_gazebo/share/ur_simulation_gazebo/hook/ld_library_path_lib.dsv'
[2.032s] INFO:colcon.colcon_core.shell:Creating environment hook '/home/sunbi/ros/capstone_ur5e_sim/install/ur_simulation_gazebo/share/ur_simulation_gazebo/hook/ld_library_path_lib.sh'
[2.032s] Level 1:colcon.colcon_core.environment:checking '/home/sunbi/ros/capstone_ur5e_sim/install/ur_simulation_gazebo/bin'
[2.032s] Level 1:colcon.colcon_core.environment:checking '/home/sunbi/ros/capstone_ur5e_sim/install/ur_simulation_gazebo/lib/pkgconfig/ur_simulation_gazebo.pc'
[2.032s] Level 1:colcon.colcon_core.environment:checking '/home/sunbi/ros/capstone_ur5e_sim/install/ur_simulation_gazebo/lib/python3.10/site-packages'
[2.033s] Level 1:colcon.colcon_core.environment:checking '/home/sunbi/ros/capstone_ur5e_sim/install/ur_simulation_gazebo/bin'
[2.033s] INFO:colcon.colcon_core.shell:Creating package script '/home/sunbi/ros/capstone_ur5e_sim/install/ur_simulation_gazebo/share/ur_simulation_gazebo/package.ps1'
[2.033s] INFO:colcon.colcon_core.shell:Creating package descriptor '/home/sunbi/ros/capstone_ur5e_sim/install/ur_simulation_gazebo/share/ur_simulation_gazebo/package.dsv'
[2.034s] INFO:colcon.colcon_core.shell:Creating package script '/home/sunbi/ros/capstone_ur5e_sim/install/ur_simulation_gazebo/share/ur_simulation_gazebo/package.sh'
[2.035s] INFO:colcon.colcon_core.shell:Creating package script '/home/sunbi/ros/capstone_ur5e_sim/install/ur_simulation_gazebo/share/ur_simulation_gazebo/package.bash'
[2.035s] INFO:colcon.colcon_core.shell:Creating package script '/home/sunbi/ros/capstone_ur5e_sim/install/ur_simulation_gazebo/share/ur_simulation_gazebo/package.zsh'
[2.036s] Level 1:colcon.colcon_core.environment:create_file_with_runtime_dependencies(/home/sunbi/ros/capstone_ur5e_sim/install/ur_simulation_gazebo/share/colcon-core/packages/ur_simulation_gazebo)
[2.037s] DEBUG:colcon.colcon_parallel_executor.executor.parallel:closing loop
[2.037s] DEBUG:colcon.colcon_parallel_executor.executor.parallel:loop closed
[2.037s] DEBUG:colcon.colcon_parallel_executor.executor.parallel:run_until_complete finished with '0'
[2.037s] DEBUG:colcon.colcon_core.event_reactor:joining thread
[2.043s] INFO:colcon.colcon_core.plugin_system:Skipping extension 'colcon_notification.desktop_notification.terminal_notifier': Not used on non-Darwin systems
[2.043s] INFO:colcon.colcon_core.plugin_system:Skipping extension 'colcon_notification.desktop_notification.win32': Not used on non-Windows systems
[2.043s] INFO:colcon.colcon_notification.desktop_notification:Sending desktop notification using 'notify2'
[2.057s] DEBUG:colcon.colcon_core.event_reactor:joined thread
[2.057s] INFO:colcon.colcon_core.shell:Creating prefix script '/home/sunbi/ros/capstone_ur5e_sim/install/local_setup.ps1'
[2.059s] INFO:colcon.colcon_core.shell:Creating prefix util module '/home/sunbi/ros/capstone_ur5e_sim/install/_local_setup_util_ps1.py'
[2.060s] INFO:colcon.colcon_core.shell:Creating prefix chain script '/home/sunbi/ros/capstone_ur5e_sim/install/setup.ps1'
[2.061s] INFO:colcon.colcon_core.shell:Creating prefix script '/home/sunbi/ros/capstone_ur5e_sim/install/local_setup.sh'
[2.062s] INFO:colcon.colcon_core.shell:Creating prefix util module '/home/sunbi/ros/capstone_ur5e_sim/install/_local_setup_util_sh.py'
[2.063s] INFO:colcon.colcon_core.shell:Creating prefix chain script '/home/sunbi/ros/capstone_ur5e_sim/install/setup.sh'
[2.064s] INFO:colcon.colcon_core.shell:Creating prefix script '/home/sunbi/ros/capstone_ur5e_sim/install/local_setup.bash'
[2.065s] INFO:colcon.colcon_core.shell:Creating prefix chain script '/home/sunbi/ros/capstone_ur5e_sim/install/setup.bash'
[2.066s] INFO:colcon.colcon_core.shell:Creating prefix script '/home/sunbi/ros/capstone_ur5e_sim/install/local_setup.zsh'
[2.067s] INFO:colcon.colcon_core.shell:Creating prefix chain script '/home/sunbi/ros/capstone_ur5e_sim/install/setup.zsh'
