[0.015s] Invoking command in '/home/sunbi/ros2_ws/build/ur_simulation_gazebo': CMAKE_PREFIX_PATH=${CMAKE_PREFIX_PATH}:/opt/ros/humble /usr/bin/cmake --build /home/sunbi/ros2_ws/build/ur_simulation_gazebo -- -j4 -l4
[0.068s] [35m[1mConsolidate compiler generated dependencies of target elevator_button_plugin[0m
[0.118s] [100%] Built target elevator_button_plugin
[0.134s] Invoked command in '/home/sunbi/ros2_ws/build/ur_simulation_gazebo' returned '0': CMAKE_PREFIX_PATH=${CMAKE_PREFIX_PATH}:/opt/ros/humble /usr/bin/cmake --build /home/sunbi/ros2_ws/build/ur_simulation_gazebo -- -j4 -l4
[0.149s] Invoking command in '/home/sunbi/ros2_ws/build/ur_simulation_gazebo': CMAKE_PREFIX_PATH=${CMAKE_PREFIX_PATH}:/opt/ros/humble /usr/bin/cmake --install /home/sunbi/ros2_ws/build/ur_simulation_gazebo
[0.158s] -- Install configuration: ""
[0.158s] -- Up-to-date: /home/sunbi/ros2_ws/install/ur_simulation_gazebo/share/ur_simulation_gazebo/config
[0.158s] -- Up-to-date: /home/sunbi/ros2_ws/install/ur_simulation_gazebo/share/ur_simulation_gazebo/config/ur_controllers.yaml
[0.158s] -- Up-to-date: /home/sunbi/ros2_ws/install/ur_simulation_gazebo/share/ur_simulation_gazebo/launch
[0.158s] -- Up-to-date: /home/sunbi/ros2_ws/install/ur_simulation_gazebo/share/ur_simulation_gazebo/launch/ur_sim_control.launch.py
[0.158s] -- Up-to-date: /home/sunbi/ros2_ws/install/ur_simulation_gazebo/share/ur_simulation_gazebo/launch/ur5e_elevator.launch.py
[0.158s] -- Up-to-date: /home/sunbi/ros2_ws/install/ur_simulation_gazebo/share/ur_simulation_gazebo/launch/ur_sim_moveit.launch.py
[0.158s] -- Up-to-date: /home/sunbi/ros2_ws/install/ur_simulation_gazebo/share/ur_simulation_gazebo/worlds
[0.158s] -- Up-to-date: /home/sunbi/ros2_ws/install/ur_simulation_gazebo/share/ur_simulation_gazebo/worlds/elevator.world
[0.158s] -- Up-to-date: /home/sunbi/ros2_ws/install/ur_simulation_gazebo/lib/libelevator_button_plugin.so
[0.159s] -- Up-to-date: /home/sunbi/ros2_ws/install/ur_simulation_gazebo/share/ament_index/resource_index/package_run_dependencies/ur_simulation_gazebo
[0.159s] -- Up-to-date: /home/sunbi/ros2_ws/install/ur_simulation_gazebo/share/ament_index/resource_index/parent_prefix_path/ur_simulation_gazebo
[0.159s] -- Up-to-date: /home/sunbi/ros2_ws/install/ur_simulation_gazebo/share/ur_simulation_gazebo/environment/ament_prefix_path.sh
[0.159s] -- Up-to-date: /home/sunbi/ros2_ws/install/ur_simulation_gazebo/share/ur_simulation_gazebo/environment/ament_prefix_path.dsv
[0.159s] -- Up-to-date: /home/sunbi/ros2_ws/install/ur_simulation_gazebo/share/ur_simulation_gazebo/environment/path.sh
[0.159s] -- Up-to-date: /home/sunbi/ros2_ws/install/ur_simulation_gazebo/share/ur_simulation_gazebo/environment/path.dsv
[0.159s] -- Up-to-date: /home/sunbi/ros2_ws/install/ur_simulation_gazebo/share/ur_simulation_gazebo/local_setup.bash
[0.159s] -- Up-to-date: /home/sunbi/ros2_ws/install/ur_simulation_gazebo/share/ur_simulation_gazebo/local_setup.sh
[0.159s] -- Up-to-date: /home/sunbi/ros2_ws/install/ur_simulation_gazebo/share/ur_simulation_gazebo/local_setup.zsh
[0.159s] -- Up-to-date: /home/sunbi/ros2_ws/install/ur_simulation_gazebo/share/ur_simulation_gazebo/local_setup.dsv
[0.160s] -- Installing: /home/sunbi/ros2_ws/install/ur_simulation_gazebo/share/ur_simulation_gazebo/package.dsv
[0.160s] -- Up-to-date: /home/sunbi/ros2_ws/install/ur_simulation_gazebo/share/ament_index/resource_index/packages/ur_simulation_gazebo
[0.160s] -- Up-to-date: /home/sunbi/ros2_ws/install/ur_simulation_gazebo/share/ur_simulation_gazebo/cmake/ur_simulation_gazeboConfig.cmake
[0.160s] -- Up-to-date: /home/sunbi/ros2_ws/install/ur_simulation_gazebo/share/ur_simulation_gazebo/cmake/ur_simulation_gazeboConfig-version.cmake
[0.160s] -- Up-to-date: /home/sunbi/ros2_ws/install/ur_simulation_gazebo/share/ur_simulation_gazebo/package.xml
[0.163s] Invoked command in '/home/sunbi/ros2_ws/build/ur_simulation_gazebo' returned '0': CMAKE_PREFIX_PATH=${CMAKE_PREFIX_PATH}:/opt/ros/humble /usr/bin/cmake --install /home/sunbi/ros2_ws/build/ur_simulation_gazebo
