running develop
running egg_info
creating ur_cv_moveit.egg-info
writing ur_cv_moveit.egg-info/PKG-INFO
writing dependency_links to ur_cv_moveit.egg-info/dependency_links.txt
writing entry points to ur_cv_moveit.egg-info/entry_points.txt
writing requirements to ur_cv_moveit.egg-info/requires.txt
writing top-level names to ur_cv_moveit.egg-info/top_level.txt
writing manifest file 'ur_cv_moveit.egg-info/SOURCES.txt'
reading manifest file 'ur_cv_moveit.egg-info/SOURCES.txt'
writing manifest file 'ur_cv_moveit.egg-info/SOURCES.txt'
running build_ext
Creating /home/sunbi/ros/capstone_ur5e_sim/install/ur_cv_moveit/lib/python3.10/site-packages/ur-cv-moveit.egg-link (link to .)
Installing button_detect_and_move script to /home/sunbi/ros/capstone_ur5e_sim/install/ur_cv_moveit/bin

Installed /home/sunbi/ros/capstone_ur5e_sim/build/ur_cv_moveit
running symlink_data
creating /home/sunbi/ros/capstone_ur5e_sim/install/ur_cv_moveit/share/ament_index
creating /home/sunbi/ros/capstone_ur5e_sim/install/ur_cv_moveit/share/ament_index/resource_index
creating /home/sunbi/ros/capstone_ur5e_sim/install/ur_cv_moveit/share/ament_index/resource_index/packages
symbolically linking /home/sunbi/ros/capstone_ur5e_sim/build/ur_cv_moveit/resource/ur_cv_moveit -> /home/sunbi/ros/capstone_ur5e_sim/install/ur_cv_moveit/share/ament_index/resource_index/packages
symbolically linking /home/sunbi/ros/capstone_ur5e_sim/build/ur_cv_moveit/package.xml -> /home/sunbi/ros/capstone_ur5e_sim/install/ur_cv_moveit/share/ur_cv_moveit
creating /home/sunbi/ros/capstone_ur5e_sim/install/ur_cv_moveit/share/ur_cv_moveit/launch
symbolically linking /home/sunbi/ros/capstone_ur5e_sim/build/ur_cv_moveit/launch/detect_and_move.launch.py -> /home/sunbi/ros/capstone_ur5e_sim/install/ur_cv_moveit/share/ur_cv_moveit/launch
