[0.557s] Invoking command in '/home/sunbi/ros/capstone_ur5e_sim/build/ur_cv_moveit': PYTHONPATH=/home/sunbi/ros/capstone_ur5e_sim/build/ur_cv_moveit/prefix_override:/usr/lib/python3/dist-packages/colcon_core/task/python/colcon_distutils_commands:/home/sunbi/ros/capstone_ur5e_sim/install/ur_cv_moveit/lib/python3.10/site-packages:${PYTHONPATH} /usr/bin/python3 -W ignore:setup.py install is deprecated -W ignore:easy_install command is deprecated setup.py develop --editable --build-directory /home/sunbi/ros/capstone_ur5e_sim/build/ur_cv_moveit/build --no-deps symlink_data
[0.778s] running develop
[0.914s] running egg_info
[0.914s] creating ur_cv_moveit.egg-info
[0.914s] writing ur_cv_moveit.egg-info/PKG-INFO
[0.915s] writing dependency_links to ur_cv_moveit.egg-info/dependency_links.txt
[0.915s] writing entry points to ur_cv_moveit.egg-info/entry_points.txt
[0.915s] writing requirements to ur_cv_moveit.egg-info/requires.txt
[0.915s] writing top-level names to ur_cv_moveit.egg-info/top_level.txt
[0.917s] writing manifest file 'ur_cv_moveit.egg-info/SOURCES.txt'
[0.917s] reading manifest file 'ur_cv_moveit.egg-info/SOURCES.txt'
[0.917s] writing manifest file 'ur_cv_moveit.egg-info/SOURCES.txt'
[0.917s] running build_ext
[0.917s] Creating /home/sunbi/ros/capstone_ur5e_sim/install/ur_cv_moveit/lib/python3.10/site-packages/ur-cv-moveit.egg-link (link to .)
[0.917s] Installing button_detect_and_move script to /home/sunbi/ros/capstone_ur5e_sim/install/ur_cv_moveit/bin
[0.918s] 
[0.918s] Installed /home/sunbi/ros/capstone_ur5e_sim/build/ur_cv_moveit
[0.919s] running symlink_data
[0.919s] creating /home/sunbi/ros/capstone_ur5e_sim/install/ur_cv_moveit/share/ament_index
[0.919s] creating /home/sunbi/ros/capstone_ur5e_sim/install/ur_cv_moveit/share/ament_index/resource_index
[0.919s] creating /home/sunbi/ros/capstone_ur5e_sim/install/ur_cv_moveit/share/ament_index/resource_index/packages
[0.919s] symbolically linking /home/sunbi/ros/capstone_ur5e_sim/build/ur_cv_moveit/resource/ur_cv_moveit -> /home/sunbi/ros/capstone_ur5e_sim/install/ur_cv_moveit/share/ament_index/resource_index/packages
[0.919s] symbolically linking /home/sunbi/ros/capstone_ur5e_sim/build/ur_cv_moveit/package.xml -> /home/sunbi/ros/capstone_ur5e_sim/install/ur_cv_moveit/share/ur_cv_moveit
[0.919s] creating /home/sunbi/ros/capstone_ur5e_sim/install/ur_cv_moveit/share/ur_cv_moveit/launch
[0.919s] symbolically linking /home/sunbi/ros/capstone_ur5e_sim/build/ur_cv_moveit/launch/detect_and_move.launch.py -> /home/sunbi/ros/capstone_ur5e_sim/install/ur_cv_moveit/share/ur_cv_moveit/launch
[0.948s] Invoked command in '/home/sunbi/ros/capstone_ur5e_sim/build/ur_cv_moveit' returned '0': PYTHONPATH=/home/sunbi/ros/capstone_ur5e_sim/build/ur_cv_moveit/prefix_override:/usr/lib/python3/dist-packages/colcon_core/task/python/colcon_distutils_commands:/home/sunbi/ros/capstone_ur5e_sim/install/ur_cv_moveit/lib/python3.10/site-packages:${PYTHONPATH} /usr/bin/python3 -W ignore:setup.py install is deprecated -W ignore:easy_install command is deprecated setup.py develop --editable --build-directory /home/sunbi/ros/capstone_ur5e_sim/build/ur_cv_moveit/build --no-deps symlink_data
