[0.662s] Invoking command in '/home/sunbi/ros/capstone_ur5e_sim/src/ur_cv_moveit': CMAKE_PREFIX_PATH=/home/sunbi/ros/install/ur_cv_interfaces:/home/sunbi/ros/install/ur_simulation_gazebo:/home/sunbi/ros/install/ur_description LD_LIBRARY_PATH=/home/sunbi/ros/install/ur_cv_interfaces/lib:/home/sunbi/ros/install/ur_simulation_gazebo/lib:/usr/lib/x86_64-linux-gnu/gazebo-11/plugins:/opt/ros/humble/opt/rviz_ogre_vendor/lib:/opt/ros/humble/lib/x86_64-linux-gnu:/opt/ros/humble/lib PYTHONPATH=/home/sunbi/ros/build/ur_cv_moveit/prefix_override:/usr/lib/python3/dist-packages/colcon_core/task/python/colcon_distutils_commands:/home/sunbi/ros/install/ur_cv_moveit/lib/python3.10/site-packages:${PYTHONPATH} /usr/bin/python3 -W ignore:setup.py install is deprecated -W ignore:easy_install command is deprecated setup.py egg_info --egg-base ../../../build/ur_cv_moveit build --build-base /home/sunbi/ros/build/ur_cv_moveit/build install --record /home/sunbi/ros/build/ur_cv_moveit/install.log --single-version-externally-managed install_data
[0.874s] running egg_info
[0.875s] writing ../../../build/ur_cv_moveit/ur_cv_moveit.egg-info/PKG-INFO
[0.875s] writing dependency_links to ../../../build/ur_cv_moveit/ur_cv_moveit.egg-info/dependency_links.txt
[0.876s] writing entry points to ../../../build/ur_cv_moveit/ur_cv_moveit.egg-info/entry_points.txt
[0.876s] writing requirements to ../../../build/ur_cv_moveit/ur_cv_moveit.egg-info/requires.txt
[0.876s] writing top-level names to ../../../build/ur_cv_moveit/ur_cv_moveit.egg-info/top_level.txt
[0.878s] reading manifest file '../../../build/ur_cv_moveit/ur_cv_moveit.egg-info/SOURCES.txt'
[0.879s] writing manifest file '../../../build/ur_cv_moveit/ur_cv_moveit.egg-info/SOURCES.txt'
[0.879s] running build
[0.879s] running build_py
[0.879s] copying ur_cv_moveit/button_press_action_node.py -> /home/sunbi/ros/build/ur_cv_moveit/build/lib/ur_cv_moveit
[0.880s] running install
[0.880s] running install_lib
[0.881s] copying /home/sunbi/ros/build/ur_cv_moveit/build/lib/ur_cv_moveit/button_press_action_node.py -> /home/sunbi/ros/install/ur_cv_moveit/lib/python3.10/site-packages/ur_cv_moveit
[0.882s] byte-compiling /home/sunbi/ros/install/ur_cv_moveit/lib/python3.10/site-packages/ur_cv_moveit/button_press_action_node.py to button_press_action_node.cpython-310.pyc
[0.885s] running install_data
[0.885s] running install_egg_info
[0.887s] removing '/home/sunbi/ros/install/ur_cv_moveit/lib/python3.10/site-packages/ur_cv_moveit-0.0.1-py3.10.egg-info' (and everything under it)
[0.891s] Copying ../../../build/ur_cv_moveit/ur_cv_moveit.egg-info to /home/sunbi/ros/install/ur_cv_moveit/lib/python3.10/site-packages/ur_cv_moveit-0.0.1-py3.10.egg-info
[0.891s] running install_scripts
[0.910s] Installing button_detection_node script to /home/sunbi/ros/install/ur_cv_moveit/lib/ur_cv_moveit
[0.910s] Installing button_press_action_node script to /home/sunbi/ros/install/ur_cv_moveit/lib/ur_cv_moveit
[0.910s] Installing camera_capture_node script to /home/sunbi/ros/install/ur_cv_moveit/lib/ur_cv_moveit
[0.911s] writing list of installed files to '/home/sunbi/ros/build/ur_cv_moveit/install.log'
[0.943s] Invoked command in '/home/sunbi/ros/capstone_ur5e_sim/src/ur_cv_moveit' returned '0': CMAKE_PREFIX_PATH=/home/sunbi/ros/install/ur_cv_interfaces:/home/sunbi/ros/install/ur_simulation_gazebo:/home/sunbi/ros/install/ur_description LD_LIBRARY_PATH=/home/sunbi/ros/install/ur_cv_interfaces/lib:/home/sunbi/ros/install/ur_simulation_gazebo/lib:/usr/lib/x86_64-linux-gnu/gazebo-11/plugins:/opt/ros/humble/opt/rviz_ogre_vendor/lib:/opt/ros/humble/lib/x86_64-linux-gnu:/opt/ros/humble/lib PYTHONPATH=/home/sunbi/ros/build/ur_cv_moveit/prefix_override:/usr/lib/python3/dist-packages/colcon_core/task/python/colcon_distutils_commands:/home/sunbi/ros/install/ur_cv_moveit/lib/python3.10/site-packages:${PYTHONPATH} /usr/bin/python3 -W ignore:setup.py install is deprecated -W ignore:easy_install command is deprecated setup.py egg_info --egg-base ../../../build/ur_cv_moveit build --build-base /home/sunbi/ros/build/ur_cv_moveit/build install --record /home/sunbi/ros/build/ur_cv_moveit/install.log --single-version-externally-managed install_data
