running egg_info
writing ../../../build/ur_cv_moveit/ur_cv_moveit.egg-info/PKG-INFO
writing dependency_links to ../../../build/ur_cv_moveit/ur_cv_moveit.egg-info/dependency_links.txt
writing entry points to ../../../build/ur_cv_moveit/ur_cv_moveit.egg-info/entry_points.txt
writing requirements to ../../../build/ur_cv_moveit/ur_cv_moveit.egg-info/requires.txt
writing top-level names to ../../../build/ur_cv_moveit/ur_cv_moveit.egg-info/top_level.txt
reading manifest file '../../../build/ur_cv_moveit/ur_cv_moveit.egg-info/SOURCES.txt'
writing manifest file '../../../build/ur_cv_moveit/ur_cv_moveit.egg-info/SOURCES.txt'
running build
running build_py
copying ur_cv_moveit/button_press_action_node.py -> /home/sunbi/ros/build/ur_cv_moveit/build/lib/ur_cv_moveit
copying ur_cv_moveit/button_detection_node.py -> /home/sunbi/ros/build/ur_cv_moveit/build/lib/ur_cv_moveit
running install
running install_lib
copying /home/sunbi/ros/build/ur_cv_moveit/build/lib/ur_cv_moveit/button_press_action_node.py -> /home/sunbi/ros/install/ur_cv_moveit/lib/python3.10/site-packages/ur_cv_moveit
copying /home/sunbi/ros/build/ur_cv_moveit/build/lib/ur_cv_moveit/button_detection_node.py -> /home/sunbi/ros/install/ur_cv_moveit/lib/python3.10/site-packages/ur_cv_moveit
byte-compiling /home/sunbi/ros/install/ur_cv_moveit/lib/python3.10/site-packages/ur_cv_moveit/button_press_action_node.py to button_press_action_node.cpython-310.pyc
byte-compiling /home/sunbi/ros/install/ur_cv_moveit/lib/python3.10/site-packages/ur_cv_moveit/button_detection_node.py to button_detection_node.cpython-310.pyc
running install_data
running install_egg_info
removing '/home/sunbi/ros/install/ur_cv_moveit/lib/python3.10/site-packages/ur_cv_moveit-0.0.1-py3.10.egg-info' (and everything under it)
Copying ../../../build/ur_cv_moveit/ur_cv_moveit.egg-info to /home/sunbi/ros/install/ur_cv_moveit/lib/python3.10/site-packages/ur_cv_moveit-0.0.1-py3.10.egg-info
running install_scripts
Installing button_detection_node script to /home/sunbi/ros/install/ur_cv_moveit/lib/ur_cv_moveit
Installing button_press_action_node script to /home/sunbi/ros/install/ur_cv_moveit/lib/ur_cv_moveit
Installing camera_capture_node script to /home/sunbi/ros/install/ur_cv_moveit/lib/ur_cv_moveit
writing list of installed files to '/home/sunbi/ros/build/ur_cv_moveit/install.log'
