[0.271s] Invoking command in '/home/sunbi/ros/capstone_ur5e_sim/build/ur_simulation_gazebo': CMAKE_PREFIX_PATH=/home/sunbi/ros/capstone_ur5e_sim/install/ur_description:/home/sunbi/ros/capstone_ur5e_sim/install/ur_simulation_gazebo:/home/sunbi/ros/install/ur_simulation_gazebo:/home/sunbi/ros/install/ur_description:/home/sunbi/ros/capstone_ur5e_sim/install/ur_cv_moveit:/home/sunbi/ros/install/ur_cv_moveit:/opt/ros/humble /usr/bin/cmake --build /home/sunbi/ros/capstone_ur5e_sim/build/ur_simulation_gazebo -- -j4 -l4
[0.381s] [100%] Built target elevator_button_plugin
[0.408s] Invoked command in '/home/sunbi/ros/capstone_ur5e_sim/build/ur_simulation_gazebo' returned '0': CMAKE_PREFIX_PATH=/home/sunbi/ros/capstone_ur5e_sim/install/ur_description:/home/sunbi/ros/capstone_ur5e_sim/install/ur_simulation_gazebo:/home/sunbi/ros/install/ur_simulation_gazebo:/home/sunbi/ros/install/ur_description:/home/sunbi/ros/capstone_ur5e_sim/install/ur_cv_moveit:/home/sunbi/ros/install/ur_cv_moveit:/opt/ros/humble /usr/bin/cmake --build /home/sunbi/ros/capstone_ur5e_sim/build/ur_simulation_gazebo -- -j4 -l4
[0.425s] Invoking command in '/home/sunbi/ros/capstone_ur5e_sim/build/ur_simulation_gazebo': CMAKE_PREFIX_PATH=/home/sunbi/ros/capstone_ur5e_sim/install/ur_description:/home/sunbi/ros/capstone_ur5e_sim/install/ur_simulation_gazebo:/home/sunbi/ros/install/ur_simulation_gazebo:/home/sunbi/ros/install/ur_description:/home/sunbi/ros/capstone_ur5e_sim/install/ur_cv_moveit:/home/sunbi/ros/install/ur_cv_moveit:/opt/ros/humble /usr/bin/cmake --install /home/sunbi/ros/capstone_ur5e_sim/build/ur_simulation_gazebo
[0.440s] -- Install configuration: ""
[0.442s] -- Execute custom install script
[0.443s] -- Up-to-date symlink: /home/sunbi/ros/capstone_ur5e_sim/install/ur_simulation_gazebo/share/ur_simulation_gazebo/config/ur5e/default_kinematics.yaml
[0.443s] -- Up-to-date symlink: /home/sunbi/ros/capstone_ur5e_sim/install/ur_simulation_gazebo/share/ur_simulation_gazebo/config/ur5e/joint_limits.yaml
[0.443s] -- Up-to-date symlink: /home/sunbi/ros/capstone_ur5e_sim/install/ur_simulation_gazebo/share/ur_simulation_gazebo/config/ur5e/physical_parameters.yaml
[0.443s] -- Up-to-date symlink: /home/sunbi/ros/capstone_ur5e_sim/install/ur_simulation_gazebo/share/ur_simulation_gazebo/config/ur5e/visual_parameters.yaml
[0.444s] -- Up-to-date symlink: /home/sunbi/ros/capstone_ur5e_sim/install/ur_simulation_gazebo/share/ur_simulation_gazebo/config/ur_controllers.yaml
[0.445s] -- Up-to-date symlink: /home/sunbi/ros/capstone_ur5e_sim/install/ur_simulation_gazebo/share/ur_simulation_gazebo/launch/ur5e_elevator.launch.py
[0.445s] -- Up-to-date symlink: /home/sunbi/ros/capstone_ur5e_sim/install/ur_simulation_gazebo/share/ur_simulation_gazebo/launch/ur_sim_control.launch.py
[0.445s] -- Up-to-date symlink: /home/sunbi/ros/capstone_ur5e_sim/install/ur_simulation_gazebo/share/ur_simulation_gazebo/launch/ur_sim_moveit.launch.py
[0.446s] -- Up-to-date symlink: /home/sunbi/ros/capstone_ur5e_sim/install/ur_simulation_gazebo/share/ur_simulation_gazebo/urdf/ur_with_camera.urdf.xacro
[0.446s] -- Up-to-date symlink: /home/sunbi/ros/capstone_ur5e_sim/install/ur_simulation_gazebo/share/ur_simulation_gazebo/worlds/elevator.world
[0.446s] -- Up-to-date symlink: /home/sunbi/ros/capstone_ur5e_sim/install/ur_simulation_gazebo/lib/libelevator_button_plugin.so
[0.446s] -- Up-to-date symlink: /home/sunbi/ros/capstone_ur5e_sim/install/ur_simulation_gazebo/share/ament_index/resource_index/package_run_dependencies/ur_simulation_gazebo
[0.446s] -- Up-to-date symlink: /home/sunbi/ros/capstone_ur5e_sim/install/ur_simulation_gazebo/share/ament_index/resource_index/parent_prefix_path/ur_simulation_gazebo
[0.446s] -- Up-to-date symlink: /home/sunbi/ros/capstone_ur5e_sim/install/ur_simulation_gazebo/share/ur_simulation_gazebo/environment/ament_prefix_path.sh
[0.446s] -- Up-to-date symlink: /home/sunbi/ros/capstone_ur5e_sim/install/ur_simulation_gazebo/share/ur_simulation_gazebo/environment/ament_prefix_path.dsv
[0.446s] -- Up-to-date symlink: /home/sunbi/ros/capstone_ur5e_sim/install/ur_simulation_gazebo/share/ur_simulation_gazebo/environment/path.sh
[0.446s] -- Up-to-date symlink: /home/sunbi/ros/capstone_ur5e_sim/install/ur_simulation_gazebo/share/ur_simulation_gazebo/environment/path.dsv
[0.449s] -- Up-to-date symlink: /home/sunbi/ros/capstone_ur5e_sim/install/ur_simulation_gazebo/share/ur_simulation_gazebo/local_setup.bash
[0.449s] -- Up-to-date symlink: /home/sunbi/ros/capstone_ur5e_sim/install/ur_simulation_gazebo/share/ur_simulation_gazebo/local_setup.sh
[0.449s] -- Up-to-date symlink: /home/sunbi/ros/capstone_ur5e_sim/install/ur_simulation_gazebo/share/ur_simulation_gazebo/local_setup.zsh
[0.449s] -- Up-to-date symlink: /home/sunbi/ros/capstone_ur5e_sim/install/ur_simulation_gazebo/share/ur_simulation_gazebo/local_setup.dsv
[0.449s] -- Symlinking: /home/sunbi/ros/capstone_ur5e_sim/install/ur_simulation_gazebo/share/ur_simulation_gazebo/package.dsv
[0.462s] -- Up-to-date symlink: /home/sunbi/ros/capstone_ur5e_sim/install/ur_simulation_gazebo/share/ament_index/resource_index/packages/ur_simulation_gazebo
[0.463s] -- Up-to-date symlink: /home/sunbi/ros/capstone_ur5e_sim/install/ur_simulation_gazebo/share/ur_simulation_gazebo/cmake/ur_simulation_gazeboConfig.cmake
[0.463s] -- Up-to-date symlink: /home/sunbi/ros/capstone_ur5e_sim/install/ur_simulation_gazebo/share/ur_simulation_gazebo/cmake/ur_simulation_gazeboConfig-version.cmake
[0.463s] -- Up-to-date symlink: /home/sunbi/ros/capstone_ur5e_sim/install/ur_simulation_gazebo/share/ur_simulation_gazebo/package.xml
[0.472s] Invoked command in '/home/sunbi/ros/capstone_ur5e_sim/build/ur_simulation_gazebo' returned '0': CMAKE_PREFIX_PATH=/home/sunbi/ros/capstone_ur5e_sim/install/ur_description:/home/sunbi/ros/capstone_ur5e_sim/install/ur_simulation_gazebo:/home/sunbi/ros/install/ur_simulation_gazebo:/home/sunbi/ros/install/ur_description:/home/sunbi/ros/capstone_ur5e_sim/install/ur_cv_moveit:/home/sunbi/ros/install/ur_cv_moveit:/opt/ros/humble /usr/bin/cmake --install /home/sunbi/ros/capstone_ur5e_sim/build/ur_simulation_gazebo
