[0.013s] Invoking command in '/home/sunbi/ros2_ws/src/build/ur_simulation_gazebo': CMAKE_PREFIX_PATH=${CMAKE_PREFIX_PATH}:/opt/ros/humble /usr/bin/cmake --build /home/sunbi/ros2_ws/src/build/ur_simulation_gazebo -- -j4 -l4
[0.060s] Invoked command in '/home/sunbi/ros2_ws/src/build/ur_simulation_gazebo' returned '0': CMAKE_PREFIX_PATH=${CMAKE_PREFIX_PATH}:/opt/ros/humble /usr/bin/cmake --build /home/sunbi/ros2_ws/src/build/ur_simulation_gazebo -- -j4 -l4
[0.060s] Invoking command in '/home/sunbi/ros2_ws/src/build/ur_simulation_gazebo': CMAKE_PREFIX_PATH=${CMAKE_PREFIX_PATH}:/opt/ros/humble /usr/bin/cmake --install /home/sunbi/ros2_ws/src/build/ur_simulation_gazebo
[0.069s] -- Install configuration: ""
[0.069s] -- Up-to-date: /home/sunbi/ros2_ws/src/install/ur_simulation_gazebo/share/ur_simulation_gazebo/config
[0.069s] -- Up-to-date: /home/sunbi/ros2_ws/src/install/ur_simulation_gazebo/share/ur_simulation_gazebo/config/ur_controllers.yaml
[0.069s] -- Up-to-date: /home/sunbi/ros2_ws/src/install/ur_simulation_gazebo/share/ur_simulation_gazebo/launch
[0.069s] -- Up-to-date: /home/sunbi/ros2_ws/src/install/ur_simulation_gazebo/share/ur_simulation_gazebo/launch/ur_sim_control.launch.py
[0.071s] -- Installing: /home/sunbi/ros2_ws/src/install/ur_simulation_gazebo/share/ur_simulation_gazebo/launch/ur5e_elevator.launch.py
[0.071s] -- Up-to-date: /home/sunbi/ros2_ws/src/install/ur_simulation_gazebo/share/ur_simulation_gazebo/launch/ur_sim_moveit.launch.py
[0.072s] -- Up-to-date: /home/sunbi/ros2_ws/src/install/ur_simulation_gazebo/share/ur_simulation_gazebo//worlds
[0.072s] -- Up-to-date: /home/sunbi/ros2_ws/src/install/ur_simulation_gazebo/share/ur_simulation_gazebo//worlds/elevator.world
[0.072s] -- Up-to-date: /home/sunbi/ros2_ws/src/install/ur_simulation_gazebo/share/ur_simulation_gazebo/urdf
[0.072s] -- Up-to-date: /home/sunbi/ros2_ws/src/install/ur_simulation_gazebo/share/ur_simulation_gazebo/urdf/ur.urdf.xacro
[0.072s] -- Up-to-date: /home/sunbi/ros2_ws/src/install/ur_simulation_gazebo/share/ur_simulation_gazebo/urdf/ros2_control_mock_hardware.xacro
[0.072s] -- Up-to-date: /home/sunbi/ros2_ws/src/install/ur_simulation_gazebo/share/ur_simulation_gazebo/urdf/ur_mocked.urdf.xacro
[0.072s] -- Up-to-date: /home/sunbi/ros2_ws/src/install/ur_simulation_gazebo/share/ur_simulation_gazebo/urdf/inc
[0.072s] -- Up-to-date: /home/sunbi/ros2_ws/src/install/ur_simulation_gazebo/share/ur_simulation_gazebo/urdf/inc/ur_common.xacro
[0.072s] -- Up-to-date: /home/sunbi/ros2_ws/src/install/ur_simulation_gazebo/share/ur_simulation_gazebo/urdf/inc/ur_transmissions.xacro
[0.072s] -- Up-to-date: /home/sunbi/ros2_ws/src/install/ur_simulation_gazebo/share/ur_simulation_gazebo/urdf/inc/ur_joint_control.xacro
[0.072s] -- Up-to-date: /home/sunbi/ros2_ws/src/install/ur_simulation_gazebo/share/ur_simulation_gazebo/urdf/inc/ur_sensors.xacro
[0.072s] -- Up-to-date: /home/sunbi/ros2_ws/src/install/ur_simulation_gazebo/share/ur_simulation_gazebo/urdf/ur_macro.xacro
[0.073s] -- Up-to-date: /home/sunbi/ros2_ws/src/install/ur_simulation_gazebo/share/ament_index/resource_index/package_run_dependencies/ur_simulation_gazebo
[0.073s] -- Up-to-date: /home/sunbi/ros2_ws/src/install/ur_simulation_gazebo/share/ament_index/resource_index/parent_prefix_path/ur_simulation_gazebo
[0.073s] -- Up-to-date: /home/sunbi/ros2_ws/src/install/ur_simulation_gazebo/share/ur_simulation_gazebo/environment/ament_prefix_path.sh
[0.073s] -- Up-to-date: /home/sunbi/ros2_ws/src/install/ur_simulation_gazebo/share/ur_simulation_gazebo/environment/ament_prefix_path.dsv
[0.073s] -- Up-to-date: /home/sunbi/ros2_ws/src/install/ur_simulation_gazebo/share/ur_simulation_gazebo/environment/path.sh
[0.073s] -- Up-to-date: /home/sunbi/ros2_ws/src/install/ur_simulation_gazebo/share/ur_simulation_gazebo/environment/path.dsv
[0.073s] -- Up-to-date: /home/sunbi/ros2_ws/src/install/ur_simulation_gazebo/share/ur_simulation_gazebo/local_setup.bash
[0.073s] -- Up-to-date: /home/sunbi/ros2_ws/src/install/ur_simulation_gazebo/share/ur_simulation_gazebo/local_setup.sh
[0.073s] -- Up-to-date: /home/sunbi/ros2_ws/src/install/ur_simulation_gazebo/share/ur_simulation_gazebo/local_setup.zsh
[0.073s] -- Up-to-date: /home/sunbi/ros2_ws/src/install/ur_simulation_gazebo/share/ur_simulation_gazebo/local_setup.dsv
[0.074s] -- Installing: /home/sunbi/ros2_ws/src/install/ur_simulation_gazebo/share/ur_simulation_gazebo/package.dsv
[0.074s] -- Up-to-date: /home/sunbi/ros2_ws/src/install/ur_simulation_gazebo/share/ament_index/resource_index/packages/ur_simulation_gazebo
[0.074s] -- Up-to-date: /home/sunbi/ros2_ws/src/install/ur_simulation_gazebo/share/ur_simulation_gazebo/cmake/ur_simulation_gazeboConfig.cmake
[0.074s] -- Up-to-date: /home/sunbi/ros2_ws/src/install/ur_simulation_gazebo/share/ur_simulation_gazebo/cmake/ur_simulation_gazeboConfig-version.cmake
[0.074s] -- Up-to-date: /home/sunbi/ros2_ws/src/install/ur_simulation_gazebo/share/ur_simulation_gazebo/package.xml
[0.077s] Invoked command in '/home/sunbi/ros2_ws/src/build/ur_simulation_gazebo' returned '0': CMAKE_PREFIX_PATH=${CMAKE_PREFIX_PATH}:/opt/ros/humble /usr/bin/cmake --install /home/sunbi/ros2_ws/src/build/ur_simulation_gazebo
