[0.021s] Invoking command in '/home/sunbi/ros/capstone_ur5e_sim/build/ur_cv_interfaces': CMAKE_PREFIX_PATH=${CMAKE_PREFIX_PATH}:/home/sunbi/ros/install/ur_cv_moveit:/opt/ros/humble /usr/bin/cmake /home/sunbi/ros/capstone_ur5e_sim/src/ur_cv_interfaces -DCMAKE_INSTALL_PREFIX=/home/sunbi/ros/capstone_ur5e_sim/install/ur_cv_interfaces
[0.277s] -- The C compiler identification is GNU 11.4.0
[0.447s] -- The CXX compiler identification is GNU 11.4.0
[0.457s] -- Detecting C compiler ABI info
[0.594s] -- Detecting C compiler ABI info - done
[0.600s] -- Check for working C compiler: /usr/bin/cc - skipped
[0.601s] -- Detecting C compile features
[0.603s] -- Detecting C compile features - done
[0.607s] -- Detecting CXX compiler ABI info
[0.716s] -- Detecting CXX compiler ABI info - done
[0.723s] -- Check for working CXX compiler: /usr/bin/c++ - skipped
[0.723s] -- Detecting CXX compile features
[0.723s] -- Detecting CXX compile features - done
[0.751s] -- Found ament_cmake: 1.3.12 (/opt/ros/humble/share/ament_cmake/cmake)
[0.911s] -- Found Python3: /usr/bin/python3 (found version "3.10.12") found components: Interpreter 
[1.024s] -- Found rosidl_default_generators: 1.2.0 (/opt/ros/humble/share/rosidl_default_generators/cmake)
[1.030s] -- Using all available rosidl_typesupport_c: rosidl_typesupport_fastrtps_c;rosidl_typesupport_introspection_c
[1.043s] -- Found rosidl_adapter: 3.1.7 (/opt/ros/humble/share/rosidl_adapter/cmake)
[1.092s] -- Using all available rosidl_typesupport_cpp: rosidl_typesupport_fastrtps_cpp;rosidl_typesupport_introspection_cpp
[1.136s] -- Found std_msgs: 4.9.0 (/opt/ros/humble/share/std_msgs/cmake)
[1.513s] -- Found ament_cmake_ros: 0.10.0 (/opt/ros/humble/share/ament_cmake_ros/cmake)
[1.753s] -- Using all available rosidl_typesupport_c: rosidl_typesupport_fastrtps_c;rosidl_typesupport_introspection_c
[2.044s] -- Using all available rosidl_typesupport_cpp: rosidl_typesupport_fastrtps_cpp;rosidl_typesupport_introspection_cpp
[2.069s] -- Found PythonInterp: /usr/bin/python3 (found suitable version "3.10.12", minimum required is "3.6") 
[2.071s] -- Found python_cmake_module: 0.10.0 (/opt/ros/humble/share/python_cmake_module/cmake)
[2.100s] -- Found PythonLibs: /usr/lib/x86_64-linux-gnu/libpython3.10.so (found suitable version "3.10.12", minimum required is "3.5") 
[2.100s] -- Using PYTHON_EXECUTABLE: /usr/bin/python3
[2.100s] -- Using PYTHON_INCLUDE_DIRS: /usr/include/python3.10
[2.100s] -- Using PYTHON_LIBRARIES: /usr/lib/x86_64-linux-gnu/libpython3.10.so
[2.122s] -- Found PythonExtra: .so  
[2.195s] -- Configuring done
[2.259s] -- Generating done
[2.276s] -- Build files have been written to: /home/sunbi/ros/capstone_ur5e_sim/build/ur_cv_interfaces
[2.287s] Invoked command in '/home/sunbi/ros/capstone_ur5e_sim/build/ur_cv_interfaces' returned '0': CMAKE_PREFIX_PATH=${CMAKE_PREFIX_PATH}:/home/sunbi/ros/install/ur_cv_moveit:/opt/ros/humble /usr/bin/cmake /home/sunbi/ros/capstone_ur5e_sim/src/ur_cv_interfaces -DCMAKE_INSTALL_PREFIX=/home/sunbi/ros/capstone_ur5e_sim/install/ur_cv_interfaces
[2.288s] Invoking command in '/home/sunbi/ros/capstone_ur5e_sim/build/ur_cv_interfaces': CMAKE_PREFIX_PATH=${CMAKE_PREFIX_PATH}:/home/sunbi/ros/install/ur_cv_moveit:/opt/ros/humble /usr/bin/cmake --build /home/sunbi/ros/capstone_ur5e_sim/build/ur_cv_interfaces -- -j4 -l4
[2.349s] [  2%] [34m[1mGenerating C code for ROS interfaces[0m
[2.367s] [  5%] [34m[1mGenerating C++ code for ROS interfaces[0m
[2.379s] [  5%] Built target ament_cmake_python_copy_ur_cv_interfaces
[2.629s] running egg_info
[2.629s] creating ur_cv_interfaces.egg-info
[2.630s] writing ur_cv_interfaces.egg-info/PKG-INFO
[2.630s] writing dependency_links to ur_cv_interfaces.egg-info/dependency_links.txt
[2.632s] writing top-level names to ur_cv_interfaces.egg-info/top_level.txt
[2.633s] writing manifest file 'ur_cv_interfaces.egg-info/SOURCES.txt'
[2.634s] reading manifest file 'ur_cv_interfaces.egg-info/SOURCES.txt'
[2.635s] writing manifest file 'ur_cv_interfaces.egg-info/SOURCES.txt'
[2.675s] [  5%] Built target ament_cmake_python_build_ur_cv_interfaces_egg
[2.856s] [  5%] Built target ur_cv_interfaces__cpp
[2.884s] [  7%] [34m[1mGenerating C++ type support dispatch for ROS interfaces[0m
[2.902s] [ 10%] [34m[1mGenerating C++ type support for eProsima Fast-RTPS[0m
[2.903s] [ 12%] [34m[1mGenerating C++ introspection for ROS interfaces[0m
[2.926s] [ 15%] [32mBuilding C object CMakeFiles/ur_cv_interfaces__rosidl_generator_c.dir/rosidl_generator_c/ur_cv_interfaces/srv/detail/detect_button__functions.c.o[0m
[3.082s] [ 17%] [32mBuilding C object CMakeFiles/ur_cv_interfaces__rosidl_generator_c.dir/rosidl_generator_c/ur_cv_interfaces/action/detail/press_button__functions.c.o[0m
[3.239s] [ 20%] [32mBuilding CXX object CMakeFiles/ur_cv_interfaces__rosidl_typesupport_cpp.dir/rosidl_typesupport_cpp/ur_cv_interfaces/srv/detect_button__type_support.cpp.o[0m
[3.292s] [ 23%] [32m[1mLinking C shared library libur_cv_interfaces__rosidl_generator_c.so[0m
[3.348s] [ 25%] [32mBuilding CXX object CMakeFiles/ur_cv_interfaces__rosidl_typesupport_introspection_cpp.dir/rosidl_typesupport_introspection_cpp/ur_cv_interfaces/srv/detail/detect_button__type_support.cpp.o[0m
[3.354s] [ 25%] Built target ur_cv_interfaces__rosidl_generator_c
[3.384s] [ 28%] [34m[1mGenerating C type support for eProsima Fast-RTPS[0m
[3.402s] [ 30%] [32mBuilding CXX object CMakeFiles/ur_cv_interfaces__rosidl_typesupport_fastrtps_cpp.dir/rosidl_typesupport_fastrtps_cpp/ur_cv_interfaces/srv/detail/dds_fastrtps/detect_button__type_support.cpp.o[0m
[3.567s] [ 33%] [32mBuilding CXX object CMakeFiles/ur_cv_interfaces__rosidl_typesupport_cpp.dir/rosidl_typesupport_cpp/ur_cv_interfaces/action/press_button__type_support.cpp.o[0m
[3.770s] [ 35%] [32mBuilding CXX object CMakeFiles/ur_cv_interfaces__rosidl_typesupport_introspection_cpp.dir/rosidl_typesupport_introspection_cpp/ur_cv_interfaces/action/detail/press_button__type_support.cpp.o[0m
[3.855s] [ 38%] [32mBuilding CXX object CMakeFiles/ur_cv_interfaces__rosidl_typesupport_fastrtps_cpp.dir/rosidl_typesupport_fastrtps_cpp/ur_cv_interfaces/action/detail/dds_fastrtps/press_button__type_support.cpp.o[0m
[4.004s] [ 41%] [32mBuilding CXX object CMakeFiles/ur_cv_interfaces__rosidl_typesupport_fastrtps_c.dir/rosidl_typesupport_fastrtps_c/ur_cv_interfaces/srv/detail/detect_button__type_support_c.cpp.o[0m
[4.167s] [ 43%] [32m[1mLinking CXX shared library libur_cv_interfaces__rosidl_typesupport_cpp.so[0m
[4.251s] [ 43%] Built target ur_cv_interfaces__rosidl_typesupport_cpp
[4.273s] [ 46%] [34m[1mGenerating C introspection for ROS interfaces[0m
[4.435s] [ 48%] [32mBuilding CXX object CMakeFiles/ur_cv_interfaces__rosidl_typesupport_fastrtps_c.dir/rosidl_typesupport_fastrtps_c/ur_cv_interfaces/action/detail/press_button__type_support_c.cpp.o[0m
[4.482s] [ 51%] [32m[1mLinking CXX shared library libur_cv_interfaces__rosidl_typesupport_fastrtps_cpp.so[0m
[4.494s] [ 53%] [32m[1mLinking CXX shared library libur_cv_interfaces__rosidl_typesupport_introspection_cpp.so[0m
[4.617s] [ 53%] Built target ur_cv_interfaces__rosidl_typesupport_fastrtps_cpp
[4.646s] [ 53%] Built target ur_cv_interfaces__rosidl_typesupport_introspection_cpp
[4.656s] [ 56%] [34m[1mGenerating C type support dispatch for ROS interfaces[0m
[4.755s] [ 58%] [32mBuilding C object CMakeFiles/ur_cv_interfaces__rosidl_typesupport_introspection_c.dir/rosidl_typesupport_introspection_c/ur_cv_interfaces/action/detail/press_button__type_support.c.o[0m
[4.762s] [ 61%] [32mBuilding C object CMakeFiles/ur_cv_interfaces__rosidl_typesupport_introspection_c.dir/rosidl_typesupport_introspection_c/ur_cv_interfaces/srv/detail/detect_button__type_support.c.o[0m
[4.849s] [ 64%] [32m[1mLinking C shared library libur_cv_interfaces__rosidl_typesupport_introspection_c.so[0m
[4.902s] [ 64%] Built target ur_cv_interfaces__rosidl_typesupport_introspection_c
[4.921s] [ 66%] [32m[1mLinking CXX shared library libur_cv_interfaces__rosidl_typesupport_fastrtps_c.so[0m
[5.021s] [ 69%] [32mBuilding CXX object CMakeFiles/ur_cv_interfaces__rosidl_typesupport_c.dir/rosidl_typesupport_c/ur_cv_interfaces/action/press_button__type_support.cpp.o[0m
[5.021s] [ 71%] [32mBuilding CXX object CMakeFiles/ur_cv_interfaces__rosidl_typesupport_c.dir/rosidl_typesupport_c/ur_cv_interfaces/srv/detect_button__type_support.cpp.o[0m
[5.031s] [ 71%] Built target ur_cv_interfaces__rosidl_typesupport_fastrtps_c
[5.088s] [ 74%] [32m[1mLinking CXX shared library libur_cv_interfaces__rosidl_typesupport_c.so[0m
[5.144s] [ 74%] Built target ur_cv_interfaces__rosidl_typesupport_c
[5.176s] [ 74%] Built target ur_cv_interfaces
[5.210s] [ 76%] [34m[1mGenerating Python code for ROS interfaces[0m
[6.019s] [ 76%] Built target ur_cv_interfaces__py
[6.051s] [ 82%] [32mBuilding C object CMakeFiles/ur_cv_interfaces__rosidl_generator_py.dir/rosidl_generator_py/ur_cv_interfaces/action/_press_button_s.c.o[0m
[6.052s] [ 82%] [32mBuilding C object CMakeFiles/ur_cv_interfaces__rosidl_generator_py.dir/rosidl_generator_py/ur_cv_interfaces/srv/_detect_button_s.c.o[0m
[6.250s] [ 84%] [32m[1mLinking C shared library rosidl_generator_py/ur_cv_interfaces/libur_cv_interfaces__rosidl_generator_py.so[0m
[6.306s] [ 84%] Built target ur_cv_interfaces__rosidl_generator_py
[6.339s] [ 89%] [32mBuilding C object CMakeFiles/ur_cv_interfaces__rosidl_typesupport_introspection_c__pyext.dir/rosidl_generator_py/ur_cv_interfaces/_ur_cv_interfaces_s.ep.rosidl_typesupport_introspection_c.c.o[0m
[6.340s] [ 89%] [32mBuilding C object CMakeFiles/ur_cv_interfaces__rosidl_typesupport_fastrtps_c__pyext.dir/rosidl_generator_py/ur_cv_interfaces/_ur_cv_interfaces_s.ep.rosidl_typesupport_fastrtps_c.c.o[0m
[6.340s] [ 92%] [32mBuilding C object CMakeFiles/ur_cv_interfaces__rosidl_typesupport_c__pyext.dir/rosidl_generator_py/ur_cv_interfaces/_ur_cv_interfaces_s.ep.rosidl_typesupport_c.c.o[0m
[6.473s] [ 94%] [32m[1mLinking C shared library rosidl_generator_py/ur_cv_interfaces/ur_cv_interfaces_s__rosidl_typesupport_introspection_c.cpython-310-x86_64-linux-gnu.so[0m
[6.474s] [ 97%] [32m[1mLinking C shared library rosidl_generator_py/ur_cv_interfaces/ur_cv_interfaces_s__rosidl_typesupport_c.cpython-310-x86_64-linux-gnu.so[0m
[6.501s] [100%] [32m[1mLinking C shared library rosidl_generator_py/ur_cv_interfaces/ur_cv_interfaces_s__rosidl_typesupport_fastrtps_c.cpython-310-x86_64-linux-gnu.so[0m
[6.541s] [100%] Built target ur_cv_interfaces__rosidl_typesupport_introspection_c__pyext
[6.544s] [100%] Built target ur_cv_interfaces__rosidl_typesupport_c__pyext
[6.562s] [100%] Built target ur_cv_interfaces__rosidl_typesupport_fastrtps_c__pyext
[6.584s] Invoked command in '/home/sunbi/ros/capstone_ur5e_sim/build/ur_cv_interfaces' returned '0': CMAKE_PREFIX_PATH=${CMAKE_PREFIX_PATH}:/home/sunbi/ros/install/ur_cv_moveit:/opt/ros/humble /usr/bin/cmake --build /home/sunbi/ros/capstone_ur5e_sim/build/ur_cv_interfaces -- -j4 -l4
[6.589s] Invoking command in '/home/sunbi/ros/capstone_ur5e_sim/build/ur_cv_interfaces': CMAKE_PREFIX_PATH=${CMAKE_PREFIX_PATH}:/home/sunbi/ros/install/ur_cv_moveit:/opt/ros/humble /usr/bin/cmake --install /home/sunbi/ros/capstone_ur5e_sim/build/ur_cv_interfaces
[6.599s] -- Install configuration: ""
[6.600s] -- Installing: /home/sunbi/ros/capstone_ur5e_sim/install/ur_cv_interfaces/share/ament_index/resource_index/rosidl_interfaces/ur_cv_interfaces
[6.601s] -- Installing: /home/sunbi/ros/capstone_ur5e_sim/install/ur_cv_interfaces/include/ur_cv_interfaces/ur_cv_interfaces
[6.601s] -- Installing: /home/sunbi/ros/capstone_ur5e_sim/install/ur_cv_interfaces/include/ur_cv_interfaces/ur_cv_interfaces/msg
[6.601s] -- Installing: /home/sunbi/ros/capstone_ur5e_sim/install/ur_cv_interfaces/include/ur_cv_interfaces/ur_cv_interfaces/msg/rosidl_generator_c__visibility_control.h
[6.601s] -- Installing: /home/sunbi/ros/capstone_ur5e_sim/install/ur_cv_interfaces/include/ur_cv_interfaces/ur_cv_interfaces/action
[6.601s] -- Installing: /home/sunbi/ros/capstone_ur5e_sim/install/ur_cv_interfaces/include/ur_cv_interfaces/ur_cv_interfaces/action/detail
[6.601s] -- Installing: /home/sunbi/ros/capstone_ur5e_sim/install/ur_cv_interfaces/include/ur_cv_interfaces/ur_cv_interfaces/action/detail/press_button__functions.c
[6.601s] -- Installing: /home/sunbi/ros/capstone_ur5e_sim/install/ur_cv_interfaces/include/ur_cv_interfaces/ur_cv_interfaces/action/detail/press_button__functions.h
[6.601s] -- Installing: /home/sunbi/ros/capstone_ur5e_sim/install/ur_cv_interfaces/include/ur_cv_interfaces/ur_cv_interfaces/action/detail/press_button__struct.h
[6.601s] -- Installing: /home/sunbi/ros/capstone_ur5e_sim/install/ur_cv_interfaces/include/ur_cv_interfaces/ur_cv_interfaces/action/detail/press_button__type_support.h
[6.602s] -- Installing: /home/sunbi/ros/capstone_ur5e_sim/install/ur_cv_interfaces/include/ur_cv_interfaces/ur_cv_interfaces/action/press_button.h
[6.602s] -- Installing: /home/sunbi/ros/capstone_ur5e_sim/install/ur_cv_interfaces/include/ur_cv_interfaces/ur_cv_interfaces/srv
[6.602s] -- Installing: /home/sunbi/ros/capstone_ur5e_sim/install/ur_cv_interfaces/include/ur_cv_interfaces/ur_cv_interfaces/srv/detail
[6.602s] -- Installing: /home/sunbi/ros/capstone_ur5e_sim/install/ur_cv_interfaces/include/ur_cv_interfaces/ur_cv_interfaces/srv/detail/detect_button__type_support.h
[6.602s] -- Installing: /home/sunbi/ros/capstone_ur5e_sim/install/ur_cv_interfaces/include/ur_cv_interfaces/ur_cv_interfaces/srv/detail/detect_button__struct.h
[6.602s] -- Installing: /home/sunbi/ros/capstone_ur5e_sim/install/ur_cv_interfaces/include/ur_cv_interfaces/ur_cv_interfaces/srv/detail/detect_button__functions.c
[6.603s] -- Installing: /home/sunbi/ros/capstone_ur5e_sim/install/ur_cv_interfaces/include/ur_cv_interfaces/ur_cv_interfaces/srv/detail/detect_button__functions.h
[6.603s] -- Installing: /home/sunbi/ros/capstone_ur5e_sim/install/ur_cv_interfaces/include/ur_cv_interfaces/ur_cv_interfaces/srv/detect_button.h
[6.603s] -- Installing: /home/sunbi/ros/capstone_ur5e_sim/install/ur_cv_interfaces/share/ur_cv_interfaces/environment/library_path.sh
[6.603s] -- Installing: /home/sunbi/ros/capstone_ur5e_sim/install/ur_cv_interfaces/share/ur_cv_interfaces/environment/library_path.dsv
[6.603s] -- Installing: /home/sunbi/ros/capstone_ur5e_sim/install/ur_cv_interfaces/lib/libur_cv_interfaces__rosidl_generator_c.so
[6.603s] -- Set runtime path of "/home/sunbi/ros/capstone_ur5e_sim/install/ur_cv_interfaces/lib/libur_cv_interfaces__rosidl_generator_c.so" to ""
[6.603s] -- Up-to-date: /home/sunbi/ros/capstone_ur5e_sim/install/ur_cv_interfaces/include/ur_cv_interfaces/ur_cv_interfaces
[6.604s] -- Up-to-date: /home/sunbi/ros/capstone_ur5e_sim/install/ur_cv_interfaces/include/ur_cv_interfaces/ur_cv_interfaces/msg
[6.604s] -- Installing: /home/sunbi/ros/capstone_ur5e_sim/install/ur_cv_interfaces/include/ur_cv_interfaces/ur_cv_interfaces/msg/rosidl_typesupport_fastrtps_c__visibility_control.h
[6.604s] -- Up-to-date: /home/sunbi/ros/capstone_ur5e_sim/install/ur_cv_interfaces/include/ur_cv_interfaces/ur_cv_interfaces/action
[6.604s] -- Up-to-date: /home/sunbi/ros/capstone_ur5e_sim/install/ur_cv_interfaces/include/ur_cv_interfaces/ur_cv_interfaces/action/detail
[6.604s] -- Installing: /home/sunbi/ros/capstone_ur5e_sim/install/ur_cv_interfaces/include/ur_cv_interfaces/ur_cv_interfaces/action/detail/press_button__rosidl_typesupport_fastrtps_c.h
[6.604s] -- Up-to-date: /home/sunbi/ros/capstone_ur5e_sim/install/ur_cv_interfaces/include/ur_cv_interfaces/ur_cv_interfaces/srv
[6.604s] -- Up-to-date: /home/sunbi/ros/capstone_ur5e_sim/install/ur_cv_interfaces/include/ur_cv_interfaces/ur_cv_interfaces/srv/detail
[6.604s] -- Installing: /home/sunbi/ros/capstone_ur5e_sim/install/ur_cv_interfaces/include/ur_cv_interfaces/ur_cv_interfaces/srv/detail/detect_button__rosidl_typesupport_fastrtps_c.h
[6.604s] -- Installing: /home/sunbi/ros/capstone_ur5e_sim/install/ur_cv_interfaces/lib/libur_cv_interfaces__rosidl_typesupport_fastrtps_c.so
[6.605s] -- Set runtime path of "/home/sunbi/ros/capstone_ur5e_sim/install/ur_cv_interfaces/lib/libur_cv_interfaces__rosidl_typesupport_fastrtps_c.so" to ""
[6.605s] -- Up-to-date: /home/sunbi/ros/capstone_ur5e_sim/install/ur_cv_interfaces/include/ur_cv_interfaces/ur_cv_interfaces
[6.605s] -- Up-to-date: /home/sunbi/ros/capstone_ur5e_sim/install/ur_cv_interfaces/include/ur_cv_interfaces/ur_cv_interfaces/msg
[6.606s] -- Installing: /home/sunbi/ros/capstone_ur5e_sim/install/ur_cv_interfaces/include/ur_cv_interfaces/ur_cv_interfaces/msg/rosidl_typesupport_introspection_c__visibility_control.h
[6.606s] -- Up-to-date: /home/sunbi/ros/capstone_ur5e_sim/install/ur_cv_interfaces/include/ur_cv_interfaces/ur_cv_interfaces/action
[6.606s] -- Up-to-date: /home/sunbi/ros/capstone_ur5e_sim/install/ur_cv_interfaces/include/ur_cv_interfaces/ur_cv_interfaces/action/detail
[6.606s] -- Installing: /home/sunbi/ros/capstone_ur5e_sim/install/ur_cv_interfaces/include/ur_cv_interfaces/ur_cv_interfaces/action/detail/press_button__type_support.c
[6.606s] -- Installing: /home/sunbi/ros/capstone_ur5e_sim/install/ur_cv_interfaces/include/ur_cv_interfaces/ur_cv_interfaces/action/detail/press_button__rosidl_typesupport_introspection_c.h
[6.606s] -- Up-to-date: /home/sunbi/ros/capstone_ur5e_sim/install/ur_cv_interfaces/include/ur_cv_interfaces/ur_cv_interfaces/srv
[6.606s] -- Up-to-date: /home/sunbi/ros/capstone_ur5e_sim/install/ur_cv_interfaces/include/ur_cv_interfaces/ur_cv_interfaces/srv/detail
[6.606s] -- Installing: /home/sunbi/ros/capstone_ur5e_sim/install/ur_cv_interfaces/include/ur_cv_interfaces/ur_cv_interfaces/srv/detail/detect_button__rosidl_typesupport_introspection_c.h
[6.607s] -- Installing: /home/sunbi/ros/capstone_ur5e_sim/install/ur_cv_interfaces/include/ur_cv_interfaces/ur_cv_interfaces/srv/detail/detect_button__type_support.c
[6.608s] -- Installing: /home/sunbi/ros/capstone_ur5e_sim/install/ur_cv_interfaces/lib/libur_cv_interfaces__rosidl_typesupport_introspection_c.so
[6.608s] -- Set runtime path of "/home/sunbi/ros/capstone_ur5e_sim/install/ur_cv_interfaces/lib/libur_cv_interfaces__rosidl_typesupport_introspection_c.so" to ""
[6.608s] -- Installing: /home/sunbi/ros/capstone_ur5e_sim/install/ur_cv_interfaces/lib/libur_cv_interfaces__rosidl_typesupport_c.so
[6.608s] -- Set runtime path of "/home/sunbi/ros/capstone_ur5e_sim/install/ur_cv_interfaces/lib/libur_cv_interfaces__rosidl_typesupport_c.so" to ""
[6.608s] -- Up-to-date: /home/sunbi/ros/capstone_ur5e_sim/install/ur_cv_interfaces/include/ur_cv_interfaces/ur_cv_interfaces
[6.608s] -- Up-to-date: /home/sunbi/ros/capstone_ur5e_sim/install/ur_cv_interfaces/include/ur_cv_interfaces/ur_cv_interfaces/msg
[6.609s] -- Installing: /home/sunbi/ros/capstone_ur5e_sim/install/ur_cv_interfaces/include/ur_cv_interfaces/ur_cv_interfaces/msg/rosidl_generator_cpp__visibility_control.hpp
[6.609s] -- Up-to-date: /home/sunbi/ros/capstone_ur5e_sim/install/ur_cv_interfaces/include/ur_cv_interfaces/ur_cv_interfaces/action
[6.609s] -- Up-to-date: /home/sunbi/ros/capstone_ur5e_sim/install/ur_cv_interfaces/include/ur_cv_interfaces/ur_cv_interfaces/action/detail
[6.609s] -- Installing: /home/sunbi/ros/capstone_ur5e_sim/install/ur_cv_interfaces/include/ur_cv_interfaces/ur_cv_interfaces/action/detail/press_button__type_support.hpp
[6.609s] -- Installing: /home/sunbi/ros/capstone_ur5e_sim/install/ur_cv_interfaces/include/ur_cv_interfaces/ur_cv_interfaces/action/detail/press_button__builder.hpp
[6.609s] -- Installing: /home/sunbi/ros/capstone_ur5e_sim/install/ur_cv_interfaces/include/ur_cv_interfaces/ur_cv_interfaces/action/detail/press_button__traits.hpp
[6.609s] -- Installing: /home/sunbi/ros/capstone_ur5e_sim/install/ur_cv_interfaces/include/ur_cv_interfaces/ur_cv_interfaces/action/detail/press_button__struct.hpp
[6.609s] -- Installing: /home/sunbi/ros/capstone_ur5e_sim/install/ur_cv_interfaces/include/ur_cv_interfaces/ur_cv_interfaces/action/press_button.hpp
[6.609s] -- Up-to-date: /home/sunbi/ros/capstone_ur5e_sim/install/ur_cv_interfaces/include/ur_cv_interfaces/ur_cv_interfaces/srv
[6.609s] -- Up-to-date: /home/sunbi/ros/capstone_ur5e_sim/install/ur_cv_interfaces/include/ur_cv_interfaces/ur_cv_interfaces/srv/detail
[6.609s] -- Installing: /home/sunbi/ros/capstone_ur5e_sim/install/ur_cv_interfaces/include/ur_cv_interfaces/ur_cv_interfaces/srv/detail/detect_button__struct.hpp
[6.610s] -- Installing: /home/sunbi/ros/capstone_ur5e_sim/install/ur_cv_interfaces/include/ur_cv_interfaces/ur_cv_interfaces/srv/detail/detect_button__traits.hpp
[6.610s] -- Installing: /home/sunbi/ros/capstone_ur5e_sim/install/ur_cv_interfaces/include/ur_cv_interfaces/ur_cv_interfaces/srv/detail/detect_button__type_support.hpp
[6.611s] -- Installing: /home/sunbi/ros/capstone_ur5e_sim/install/ur_cv_interfaces/include/ur_cv_interfaces/ur_cv_interfaces/srv/detail/detect_button__builder.hpp
[6.611s] -- Installing: /home/sunbi/ros/capstone_ur5e_sim/install/ur_cv_interfaces/include/ur_cv_interfaces/ur_cv_interfaces/srv/detect_button.hpp
[6.611s] -- Up-to-date: /home/sunbi/ros/capstone_ur5e_sim/install/ur_cv_interfaces/include/ur_cv_interfaces/ur_cv_interfaces
[6.611s] -- Up-to-date: /home/sunbi/ros/capstone_ur5e_sim/install/ur_cv_interfaces/include/ur_cv_interfaces/ur_cv_interfaces/msg
[6.611s] -- Installing: /home/sunbi/ros/capstone_ur5e_sim/install/ur_cv_interfaces/include/ur_cv_interfaces/ur_cv_interfaces/msg/rosidl_typesupport_fastrtps_cpp__visibility_control.h
[6.611s] -- Up-to-date: /home/sunbi/ros/capstone_ur5e_sim/install/ur_cv_interfaces/include/ur_cv_interfaces/ur_cv_interfaces/action
[6.611s] -- Up-to-date: /home/sunbi/ros/capstone_ur5e_sim/install/ur_cv_interfaces/include/ur_cv_interfaces/ur_cv_interfaces/action/detail
[6.611s] -- Installing: /home/sunbi/ros/capstone_ur5e_sim/install/ur_cv_interfaces/include/ur_cv_interfaces/ur_cv_interfaces/action/detail/dds_fastrtps
[6.611s] -- Installing: /home/sunbi/ros/capstone_ur5e_sim/install/ur_cv_interfaces/include/ur_cv_interfaces/ur_cv_interfaces/action/detail/press_button__rosidl_typesupport_fastrtps_cpp.hpp
[6.611s] -- Up-to-date: /home/sunbi/ros/capstone_ur5e_sim/install/ur_cv_interfaces/include/ur_cv_interfaces/ur_cv_interfaces/srv
[6.611s] -- Up-to-date: /home/sunbi/ros/capstone_ur5e_sim/install/ur_cv_interfaces/include/ur_cv_interfaces/ur_cv_interfaces/srv/detail
[6.611s] -- Installing: /home/sunbi/ros/capstone_ur5e_sim/install/ur_cv_interfaces/include/ur_cv_interfaces/ur_cv_interfaces/srv/detail/dds_fastrtps
[6.611s] -- Installing: /home/sunbi/ros/capstone_ur5e_sim/install/ur_cv_interfaces/include/ur_cv_interfaces/ur_cv_interfaces/srv/detail/detect_button__rosidl_typesupport_fastrtps_cpp.hpp
[6.613s] -- Installing: /home/sunbi/ros/capstone_ur5e_sim/install/ur_cv_interfaces/lib/libur_cv_interfaces__rosidl_typesupport_fastrtps_cpp.so
[6.613s] -- Set runtime path of "/home/sunbi/ros/capstone_ur5e_sim/install/ur_cv_interfaces/lib/libur_cv_interfaces__rosidl_typesupport_fastrtps_cpp.so" to ""
[6.613s] -- Up-to-date: /home/sunbi/ros/capstone_ur5e_sim/install/ur_cv_interfaces/include/ur_cv_interfaces/ur_cv_interfaces
[6.614s] -- Up-to-date: /home/sunbi/ros/capstone_ur5e_sim/install/ur_cv_interfaces/include/ur_cv_interfaces/ur_cv_interfaces/action
[6.614s] -- Up-to-date: /home/sunbi/ros/capstone_ur5e_sim/install/ur_cv_interfaces/include/ur_cv_interfaces/ur_cv_interfaces/action/detail
[6.614s] -- Installing: /home/sunbi/ros/capstone_ur5e_sim/install/ur_cv_interfaces/include/ur_cv_interfaces/ur_cv_interfaces/action/detail/press_button__rosidl_typesupport_introspection_cpp.hpp
[6.615s] -- Installing: /home/sunbi/ros/capstone_ur5e_sim/install/ur_cv_interfaces/include/ur_cv_interfaces/ur_cv_interfaces/action/detail/press_button__type_support.cpp
[6.615s] -- Up-to-date: /home/sunbi/ros/capstone_ur5e_sim/install/ur_cv_interfaces/include/ur_cv_interfaces/ur_cv_interfaces/srv
[6.615s] -- Up-to-date: /home/sunbi/ros/capstone_ur5e_sim/install/ur_cv_interfaces/include/ur_cv_interfaces/ur_cv_interfaces/srv/detail
[6.615s] -- Installing: /home/sunbi/ros/capstone_ur5e_sim/install/ur_cv_interfaces/include/ur_cv_interfaces/ur_cv_interfaces/srv/detail/detect_button__rosidl_typesupport_introspection_cpp.hpp
[6.615s] -- Installing: /home/sunbi/ros/capstone_ur5e_sim/install/ur_cv_interfaces/include/ur_cv_interfaces/ur_cv_interfaces/srv/detail/detect_button__type_support.cpp
[6.615s] -- Installing: /home/sunbi/ros/capstone_ur5e_sim/install/ur_cv_interfaces/lib/libur_cv_interfaces__rosidl_typesupport_introspection_cpp.so
[6.615s] -- Set runtime path of "/home/sunbi/ros/capstone_ur5e_sim/install/ur_cv_interfaces/lib/libur_cv_interfaces__rosidl_typesupport_introspection_cpp.so" to ""
[6.615s] -- Installing: /home/sunbi/ros/capstone_ur5e_sim/install/ur_cv_interfaces/lib/libur_cv_interfaces__rosidl_typesupport_cpp.so
[6.616s] -- Set runtime path of "/home/sunbi/ros/capstone_ur5e_sim/install/ur_cv_interfaces/lib/libur_cv_interfaces__rosidl_typesupport_cpp.so" to ""
[6.616s] -- Installing: /home/sunbi/ros/capstone_ur5e_sim/install/ur_cv_interfaces/share/ur_cv_interfaces/environment/pythonpath.sh
[6.616s] -- Installing: /home/sunbi/ros/capstone_ur5e_sim/install/ur_cv_interfaces/share/ur_cv_interfaces/environment/pythonpath.dsv
[6.616s] -- Installing: /home/sunbi/ros/capstone_ur5e_sim/install/ur_cv_interfaces/local/lib/python3.10/dist-packages/ur_cv_interfaces-0.0.1-py3.10.egg-info
[6.616s] -- Installing: /home/sunbi/ros/capstone_ur5e_sim/install/ur_cv_interfaces/local/lib/python3.10/dist-packages/ur_cv_interfaces-0.0.1-py3.10.egg-info/dependency_links.txt
[6.616s] -- Installing: /home/sunbi/ros/capstone_ur5e_sim/install/ur_cv_interfaces/local/lib/python3.10/dist-packages/ur_cv_interfaces-0.0.1-py3.10.egg-info/top_level.txt
[6.617s] -- Installing: /home/sunbi/ros/capstone_ur5e_sim/install/ur_cv_interfaces/local/lib/python3.10/dist-packages/ur_cv_interfaces-0.0.1-py3.10.egg-info/SOURCES.txt
[6.617s] -- Installing: /home/sunbi/ros/capstone_ur5e_sim/install/ur_cv_interfaces/local/lib/python3.10/dist-packages/ur_cv_interfaces-0.0.1-py3.10.egg-info/PKG-INFO
[6.617s] -- Installing: /home/sunbi/ros/capstone_ur5e_sim/install/ur_cv_interfaces/local/lib/python3.10/dist-packages/ur_cv_interfaces
[6.617s] -- Installing: /home/sunbi/ros/capstone_ur5e_sim/install/ur_cv_interfaces/local/lib/python3.10/dist-packages/ur_cv_interfaces/__init__.py
[6.617s] -- Installing: /home/sunbi/ros/capstone_ur5e_sim/install/ur_cv_interfaces/local/lib/python3.10/dist-packages/ur_cv_interfaces/_ur_cv_interfaces_s.ep.rosidl_typesupport_introspection_c.c
[6.617s] -- Installing: /home/sunbi/ros/capstone_ur5e_sim/install/ur_cv_interfaces/local/lib/python3.10/dist-packages/ur_cv_interfaces/ur_cv_interfaces_s__rosidl_typesupport_introspection_c.cpython-310-x86_64-linux-gnu.so
[6.618s] -- Installing: /home/sunbi/ros/capstone_ur5e_sim/install/ur_cv_interfaces/local/lib/python3.10/dist-packages/ur_cv_interfaces/_ur_cv_interfaces_s.ep.rosidl_typesupport_c.c
[6.618s] -- Installing: /home/sunbi/ros/capstone_ur5e_sim/install/ur_cv_interfaces/local/lib/python3.10/dist-packages/ur_cv_interfaces/action
[6.618s] -- Installing: /home/sunbi/ros/capstone_ur5e_sim/install/ur_cv_interfaces/local/lib/python3.10/dist-packages/ur_cv_interfaces/action/__init__.py
[6.618s] -- Installing: /home/sunbi/ros/capstone_ur5e_sim/install/ur_cv_interfaces/local/lib/python3.10/dist-packages/ur_cv_interfaces/action/_press_button_s.c
[6.618s] -- Installing: /home/sunbi/ros/capstone_ur5e_sim/install/ur_cv_interfaces/local/lib/python3.10/dist-packages/ur_cv_interfaces/action/_press_button.py
[6.620s] -- Installing: /home/sunbi/ros/capstone_ur5e_sim/install/ur_cv_interfaces/local/lib/python3.10/dist-packages/ur_cv_interfaces/_ur_cv_interfaces_s.ep.rosidl_typesupport_fastrtps_c.c
[6.620s] -- Installing: /home/sunbi/ros/capstone_ur5e_sim/install/ur_cv_interfaces/local/lib/python3.10/dist-packages/ur_cv_interfaces/ur_cv_interfaces_s__rosidl_typesupport_c.cpython-310-x86_64-linux-gnu.so
[6.620s] -- Installing: /home/sunbi/ros/capstone_ur5e_sim/install/ur_cv_interfaces/local/lib/python3.10/dist-packages/ur_cv_interfaces/srv
[6.620s] -- Installing: /home/sunbi/ros/capstone_ur5e_sim/install/ur_cv_interfaces/local/lib/python3.10/dist-packages/ur_cv_interfaces/srv/__init__.py
[6.620s] -- Installing: /home/sunbi/ros/capstone_ur5e_sim/install/ur_cv_interfaces/local/lib/python3.10/dist-packages/ur_cv_interfaces/srv/_detect_button_s.c
[6.620s] -- Installing: /home/sunbi/ros/capstone_ur5e_sim/install/ur_cv_interfaces/local/lib/python3.10/dist-packages/ur_cv_interfaces/srv/_detect_button.py
[6.620s] -- Installing: /home/sunbi/ros/capstone_ur5e_sim/install/ur_cv_interfaces/local/lib/python3.10/dist-packages/ur_cv_interfaces/libur_cv_interfaces__rosidl_generator_py.so
[6.621s] -- Installing: /home/sunbi/ros/capstone_ur5e_sim/install/ur_cv_interfaces/local/lib/python3.10/dist-packages/ur_cv_interfaces/ur_cv_interfaces_s__rosidl_typesupport_fastrtps_c.cpython-310-x86_64-linux-gnu.so
[6.663s] Listing '/home/sunbi/ros/capstone_ur5e_sim/install/ur_cv_interfaces/local/lib/python3.10/dist-packages/ur_cv_interfaces'...
[6.663s] Compiling '/home/sunbi/ros/capstone_ur5e_sim/install/ur_cv_interfaces/local/lib/python3.10/dist-packages/ur_cv_interfaces/__init__.py'...
[6.663s] Listing '/home/sunbi/ros/capstone_ur5e_sim/install/ur_cv_interfaces/local/lib/python3.10/dist-packages/ur_cv_interfaces/action'...
[6.664s] Compiling '/home/sunbi/ros/capstone_ur5e_sim/install/ur_cv_interfaces/local/lib/python3.10/dist-packages/ur_cv_interfaces/action/__init__.py'...
[6.664s] Compiling '/home/sunbi/ros/capstone_ur5e_sim/install/ur_cv_interfaces/local/lib/python3.10/dist-packages/ur_cv_interfaces/action/_press_button.py'...
[6.664s] Listing '/home/sunbi/ros/capstone_ur5e_sim/install/ur_cv_interfaces/local/lib/python3.10/dist-packages/ur_cv_interfaces/srv'...
[6.664s] Compiling '/home/sunbi/ros/capstone_ur5e_sim/install/ur_cv_interfaces/local/lib/python3.10/dist-packages/ur_cv_interfaces/srv/__init__.py'...
[6.664s] Compiling '/home/sunbi/ros/capstone_ur5e_sim/install/ur_cv_interfaces/local/lib/python3.10/dist-packages/ur_cv_interfaces/srv/_detect_button.py'...
[6.671s] -- Installing: /home/sunbi/ros/capstone_ur5e_sim/install/ur_cv_interfaces/local/lib/python3.10/dist-packages/ur_cv_interfaces/ur_cv_interfaces_s__rosidl_typesupport_fastrtps_c.cpython-310-x86_64-linux-gnu.so
[6.671s] -- Set runtime path of "/home/sunbi/ros/capstone_ur5e_sim/install/ur_cv_interfaces/local/lib/python3.10/dist-packages/ur_cv_interfaces/ur_cv_interfaces_s__rosidl_typesupport_fastrtps_c.cpython-310-x86_64-linux-gnu.so" to ""
[6.671s] -- Installing: /home/sunbi/ros/capstone_ur5e_sim/install/ur_cv_interfaces/local/lib/python3.10/dist-packages/ur_cv_interfaces/ur_cv_interfaces_s__rosidl_typesupport_introspection_c.cpython-310-x86_64-linux-gnu.so
[6.671s] -- Set runtime path of "/home/sunbi/ros/capstone_ur5e_sim/install/ur_cv_interfaces/local/lib/python3.10/dist-packages/ur_cv_interfaces/ur_cv_interfaces_s__rosidl_typesupport_introspection_c.cpython-310-x86_64-linux-gnu.so" to ""
[6.671s] -- Installing: /home/sunbi/ros/capstone_ur5e_sim/install/ur_cv_interfaces/local/lib/python3.10/dist-packages/ur_cv_interfaces/ur_cv_interfaces_s__rosidl_typesupport_c.cpython-310-x86_64-linux-gnu.so
[6.671s] -- Set runtime path of "/home/sunbi/ros/capstone_ur5e_sim/install/ur_cv_interfaces/local/lib/python3.10/dist-packages/ur_cv_interfaces/ur_cv_interfaces_s__rosidl_typesupport_c.cpython-310-x86_64-linux-gnu.so" to ""
[6.671s] -- Installing: /home/sunbi/ros/capstone_ur5e_sim/install/ur_cv_interfaces/lib/libur_cv_interfaces__rosidl_generator_py.so
[6.674s] -- Set runtime path of "/home/sunbi/ros/capstone_ur5e_sim/install/ur_cv_interfaces/lib/libur_cv_interfaces__rosidl_generator_py.so" to ""
[6.674s] -- Installing: /home/sunbi/ros/capstone_ur5e_sim/install/ur_cv_interfaces/share/ur_cv_interfaces/srv/DetectButton.idl
[6.674s] -- Installing: /home/sunbi/ros/capstone_ur5e_sim/install/ur_cv_interfaces/share/ur_cv_interfaces/action/PressButton.idl
[6.675s] -- Installing: /home/sunbi/ros/capstone_ur5e_sim/install/ur_cv_interfaces/share/ur_cv_interfaces/srv/DetectButton.srv
[6.675s] -- Installing: /home/sunbi/ros/capstone_ur5e_sim/install/ur_cv_interfaces/share/ur_cv_interfaces/srv/DetectButton_Request.msg
[6.675s] -- Installing: /home/sunbi/ros/capstone_ur5e_sim/install/ur_cv_interfaces/share/ur_cv_interfaces/srv/DetectButton_Response.msg
[6.675s] -- Installing: /home/sunbi/ros/capstone_ur5e_sim/install/ur_cv_interfaces/share/ur_cv_interfaces/action/PressButton.action
[6.675s] -- Installing: /home/sunbi/ros/capstone_ur5e_sim/install/ur_cv_interfaces/share/ament_index/resource_index/package_run_dependencies/ur_cv_interfaces
[6.675s] -- Installing: /home/sunbi/ros/capstone_ur5e_sim/install/ur_cv_interfaces/share/ament_index/resource_index/parent_prefix_path/ur_cv_interfaces
[6.676s] -- Installing: /home/sunbi/ros/capstone_ur5e_sim/install/ur_cv_interfaces/share/ur_cv_interfaces/environment/ament_prefix_path.sh
[6.676s] -- Installing: /home/sunbi/ros/capstone_ur5e_sim/install/ur_cv_interfaces/share/ur_cv_interfaces/environment/ament_prefix_path.dsv
[6.676s] -- Installing: /home/sunbi/ros/capstone_ur5e_sim/install/ur_cv_interfaces/share/ur_cv_interfaces/environment/path.sh
[6.677s] -- Installing: /home/sunbi/ros/capstone_ur5e_sim/install/ur_cv_interfaces/share/ur_cv_interfaces/environment/path.dsv
[6.677s] -- Installing: /home/sunbi/ros/capstone_ur5e_sim/install/ur_cv_interfaces/share/ur_cv_interfaces/local_setup.bash
[6.677s] -- Installing: /home/sunbi/ros/capstone_ur5e_sim/install/ur_cv_interfaces/share/ur_cv_interfaces/local_setup.sh
[6.677s] -- Installing: /home/sunbi/ros/capstone_ur5e_sim/install/ur_cv_interfaces/share/ur_cv_interfaces/local_setup.zsh
[6.678s] -- Installing: /home/sunbi/ros/capstone_ur5e_sim/install/ur_cv_interfaces/share/ur_cv_interfaces/local_setup.dsv
[6.678s] -- Installing: /home/sunbi/ros/capstone_ur5e_sim/install/ur_cv_interfaces/share/ur_cv_interfaces/package.dsv
[6.678s] -- Installing: /home/sunbi/ros/capstone_ur5e_sim/install/ur_cv_interfaces/share/ament_index/resource_index/packages/ur_cv_interfaces
[6.679s] -- Installing: /home/sunbi/ros/capstone_ur5e_sim/install/ur_cv_interfaces/share/ur_cv_interfaces/cmake/export_ur_cv_interfaces__rosidl_generator_cExport.cmake
[6.679s] -- Installing: /home/sunbi/ros/capstone_ur5e_sim/install/ur_cv_interfaces/share/ur_cv_interfaces/cmake/export_ur_cv_interfaces__rosidl_generator_cExport-noconfig.cmake
[6.680s] -- Installing: /home/sunbi/ros/capstone_ur5e_sim/install/ur_cv_interfaces/share/ur_cv_interfaces/cmake/export_ur_cv_interfaces__rosidl_typesupport_fastrtps_cExport.cmake
[6.681s] -- Installing: /home/sunbi/ros/capstone_ur5e_sim/install/ur_cv_interfaces/share/ur_cv_interfaces/cmake/export_ur_cv_interfaces__rosidl_typesupport_fastrtps_cExport-noconfig.cmake
[6.681s] -- Installing: /home/sunbi/ros/capstone_ur5e_sim/install/ur_cv_interfaces/share/ur_cv_interfaces/cmake/ur_cv_interfaces__rosidl_typesupport_introspection_cExport.cmake
[6.681s] -- Installing: /home/sunbi/ros/capstone_ur5e_sim/install/ur_cv_interfaces/share/ur_cv_interfaces/cmake/ur_cv_interfaces__rosidl_typesupport_introspection_cExport-noconfig.cmake
[6.681s] -- Installing: /home/sunbi/ros/capstone_ur5e_sim/install/ur_cv_interfaces/share/ur_cv_interfaces/cmake/ur_cv_interfaces__rosidl_typesupport_cExport.cmake
[6.682s] -- Installing: /home/sunbi/ros/capstone_ur5e_sim/install/ur_cv_interfaces/share/ur_cv_interfaces/cmake/ur_cv_interfaces__rosidl_typesupport_cExport-noconfig.cmake
[6.682s] -- Installing: /home/sunbi/ros/capstone_ur5e_sim/install/ur_cv_interfaces/share/ur_cv_interfaces/cmake/export_ur_cv_interfaces__rosidl_generator_cppExport.cmake
[6.683s] -- Installing: /home/sunbi/ros/capstone_ur5e_sim/install/ur_cv_interfaces/share/ur_cv_interfaces/cmake/export_ur_cv_interfaces__rosidl_typesupport_fastrtps_cppExport.cmake
[6.683s] -- Installing: /home/sunbi/ros/capstone_ur5e_sim/install/ur_cv_interfaces/share/ur_cv_interfaces/cmake/export_ur_cv_interfaces__rosidl_typesupport_fastrtps_cppExport-noconfig.cmake
[6.683s] -- Installing: /home/sunbi/ros/capstone_ur5e_sim/install/ur_cv_interfaces/share/ur_cv_interfaces/cmake/ur_cv_interfaces__rosidl_typesupport_introspection_cppExport.cmake
[6.684s] -- Installing: /home/sunbi/ros/capstone_ur5e_sim/install/ur_cv_interfaces/share/ur_cv_interfaces/cmake/ur_cv_interfaces__rosidl_typesupport_introspection_cppExport-noconfig.cmake
[6.684s] -- Installing: /home/sunbi/ros/capstone_ur5e_sim/install/ur_cv_interfaces/share/ur_cv_interfaces/cmake/ur_cv_interfaces__rosidl_typesupport_cppExport.cmake
[6.684s] -- Installing: /home/sunbi/ros/capstone_ur5e_sim/install/ur_cv_interfaces/share/ur_cv_interfaces/cmake/ur_cv_interfaces__rosidl_typesupport_cppExport-noconfig.cmake
[6.684s] -- Installing: /home/sunbi/ros/capstone_ur5e_sim/install/ur_cv_interfaces/share/ur_cv_interfaces/cmake/export_ur_cv_interfaces__rosidl_generator_pyExport.cmake
[6.684s] -- Installing: /home/sunbi/ros/capstone_ur5e_sim/install/ur_cv_interfaces/share/ur_cv_interfaces/cmake/export_ur_cv_interfaces__rosidl_generator_pyExport-noconfig.cmake
[6.684s] -- Installing: /home/sunbi/ros/capstone_ur5e_sim/install/ur_cv_interfaces/share/ur_cv_interfaces/cmake/rosidl_cmake-extras.cmake
[6.684s] -- Installing: /home/sunbi/ros/capstone_ur5e_sim/install/ur_cv_interfaces/share/ur_cv_interfaces/cmake/ament_cmake_export_dependencies-extras.cmake
[6.685s] -- Installing: /home/sunbi/ros/capstone_ur5e_sim/install/ur_cv_interfaces/share/ur_cv_interfaces/cmake/ament_cmake_export_include_directories-extras.cmake
[6.685s] -- Installing: /home/sunbi/ros/capstone_ur5e_sim/install/ur_cv_interfaces/share/ur_cv_interfaces/cmake/ament_cmake_export_libraries-extras.cmake
[6.686s] -- Installing: /home/sunbi/ros/capstone_ur5e_sim/install/ur_cv_interfaces/share/ur_cv_interfaces/cmake/ament_cmake_export_targets-extras.cmake
[6.686s] -- Installing: /home/sunbi/ros/capstone_ur5e_sim/install/ur_cv_interfaces/share/ur_cv_interfaces/cmake/rosidl_cmake_export_typesupport_targets-extras.cmake
[6.686s] -- Installing: /home/sunbi/ros/capstone_ur5e_sim/install/ur_cv_interfaces/share/ur_cv_interfaces/cmake/rosidl_cmake_export_typesupport_libraries-extras.cmake
[6.686s] -- Installing: /home/sunbi/ros/capstone_ur5e_sim/install/ur_cv_interfaces/share/ur_cv_interfaces/cmake/ur_cv_interfacesConfig.cmake
[6.687s] -- Installing: /home/sunbi/ros/capstone_ur5e_sim/install/ur_cv_interfaces/share/ur_cv_interfaces/cmake/ur_cv_interfacesConfig-version.cmake
[6.687s] -- Installing: /home/sunbi/ros/capstone_ur5e_sim/install/ur_cv_interfaces/share/ur_cv_interfaces/package.xml
[6.691s] Invoked command in '/home/sunbi/ros/capstone_ur5e_sim/build/ur_cv_interfaces' returned '0': CMAKE_PREFIX_PATH=${CMAKE_PREFIX_PATH}:/home/sunbi/ros/install/ur_cv_moveit:/opt/ros/humble /usr/bin/cmake --install /home/sunbi/ros/capstone_ur5e_sim/build/ur_cv_interfaces
