[0.144s] DEBUG:colcon:Command line arguments: ['/usr/bin/colcon', 'build', '--packages-select', 'ur_simulation_gazebo']
[0.144s] DEBUG:colcon:Parsed command line arguments: Namespace(log_base=None, log_level=None, verb_name='build', build_base='build', install_base='install', merge_install=False, symlink_install=False, test_result_base=None, continue_on_error=False, executor='parallel', parallel_workers=4, event_handlers=None, ignore_user_meta=False, metas=['./colcon.meta'], base_paths=['.'], packages_ignore=None, packages_ignore_regex=None, paths=None, packages_up_to=None, packages_up_to_regex=None, packages_above=None, packages_above_and_dependencies=None, packages_above_depth=None, packages_select_by_dep=None, packages_skip_by_dep=None, packages_skip_up_to=None, packages_select_build_failed=False, packages_skip_build_finished=False, packages_select_test_failures=False, packages_skip_test_passed=False, packages_select=['ur_simulation_gazebo'], packages_skip=None, packages_select_regex=None, packages_skip_regex=None, packages_start=None, packages_end=None, allow_overriding=[], cmake_args=None, cmake_target=None, cmake_target_skip_unavailable=False, cmake_clean_cache=False, cmake_clean_first=False, cmake_force_configure=False, ament_cmake_args=None, catkin_cmake_args=None, catkin_skip_building_tests=False, verb_parser=<colcon_defaults.argument_parser.defaults.DefaultArgumentsDecorator object at 0x7fbdde117d60>, verb_extension=<colcon_core.verb.build.BuildVerb object at 0x7fbdde117760>, main=<bound method BuildVerb.main of <colcon_core.verb.build.BuildVerb object at 0x7fbdde117760>>)
[0.335s] Level 1:colcon.colcon_core.package_discovery:discover_packages(colcon_meta) check parameters
[0.336s] Level 1:colcon.colcon_core.package_discovery:discover_packages(recursive) check parameters
[0.336s] Level 1:colcon.colcon_core.package_discovery:discover_packages(ignore) check parameters
[0.336s] Level 1:colcon.colcon_core.package_discovery:discover_packages(path) check parameters
[0.336s] Level 1:colcon.colcon_core.package_discovery:discover_packages(colcon_meta) discover
[0.336s] Level 1:colcon.colcon_core.package_discovery:discover_packages(recursive) discover
[0.336s] INFO:colcon.colcon_core.package_discovery:Crawling recursively for packages in '/home/sunbi/ros/capstone_ur5e_sim'
[0.336s] Level 1:colcon.colcon_core.package_identification:_identify(.) by extensions ['ignore', 'ignore_ament_install']
[0.336s] Level 1:colcon.colcon_core.package_identification:_identify(.) by extension 'ignore'
[0.336s] Level 1:colcon.colcon_core.package_identification:_identify(.) by extension 'ignore_ament_install'
[0.336s] Level 1:colcon.colcon_core.package_identification:_identify(.) by extensions ['colcon_pkg']
[0.336s] Level 1:colcon.colcon_core.package_identification:_identify(.) by extension 'colcon_pkg'
[0.336s] Level 1:colcon.colcon_core.package_identification:_identify(.) by extensions ['colcon_meta']
[0.336s] Level 1:colcon.colcon_core.package_identification:_identify(.) by extension 'colcon_meta'
[0.337s] Level 1:colcon.colcon_core.package_identification:_identify(.) by extensions ['ros']
[0.337s] Level 1:colcon.colcon_core.package_identification:_identify(.) by extension 'ros'
[0.350s] Level 1:colcon.colcon_core.package_identification:_identify(.) by extensions ['cmake', 'python']
[0.350s] Level 1:colcon.colcon_core.package_identification:_identify(.) by extension 'cmake'
[0.351s] Level 1:colcon.colcon_core.package_identification:_identify(.) by extension 'python'
[0.351s] Level 1:colcon.colcon_core.package_identification:_identify(.) by extensions ['python_setup_py']
[0.351s] Level 1:colcon.colcon_core.package_identification:_identify(.) by extension 'python_setup_py'
[0.351s] Level 1:colcon.colcon_core.package_identification:_identify(build) by extensions ['ignore', 'ignore_ament_install']
[0.351s] Level 1:colcon.colcon_core.package_identification:_identify(build) by extension 'ignore'
[0.351s] Level 1:colcon.colcon_core.package_identification:_identify(build) ignored
[0.352s] Level 1:colcon.colcon_core.package_identification:_identify(install) by extensions ['ignore', 'ignore_ament_install']
[0.352s] Level 1:colcon.colcon_core.package_identification:_identify(install) by extension 'ignore'
[0.352s] Level 1:colcon.colcon_core.package_identification:_identify(install) ignored
[0.352s] Level 1:colcon.colcon_core.package_identification:_identify(log) by extensions ['ignore', 'ignore_ament_install']
[0.352s] Level 1:colcon.colcon_core.package_identification:_identify(log) by extension 'ignore'
[0.352s] Level 1:colcon.colcon_core.package_identification:_identify(log) ignored
[0.352s] Level 1:colcon.colcon_core.package_identification:_identify(src) by extensions ['ignore', 'ignore_ament_install']
[0.353s] Level 1:colcon.colcon_core.package_identification:_identify(src) by extension 'ignore'
[0.353s] Level 1:colcon.colcon_core.package_identification:_identify(src) by extension 'ignore_ament_install'
[0.353s] Level 1:colcon.colcon_core.package_identification:_identify(src) by extensions ['colcon_pkg']
[0.353s] Level 1:colcon.colcon_core.package_identification:_identify(src) by extension 'colcon_pkg'
[0.353s] Level 1:colcon.colcon_core.package_identification:_identify(src) by extensions ['colcon_meta']
[0.353s] Level 1:colcon.colcon_core.package_identification:_identify(src) by extension 'colcon_meta'
[0.353s] Level 1:colcon.colcon_core.package_identification:_identify(src) by extensions ['ros']
[0.353s] Level 1:colcon.colcon_core.package_identification:_identify(src) by extension 'ros'
[0.353s] Level 1:colcon.colcon_core.package_identification:_identify(src) by extensions ['cmake', 'python']
[0.353s] Level 1:colcon.colcon_core.package_identification:_identify(src) by extension 'cmake'
[0.353s] Level 1:colcon.colcon_core.package_identification:_identify(src) by extension 'python'
[0.353s] Level 1:colcon.colcon_core.package_identification:_identify(src) by extensions ['python_setup_py']
[0.353s] Level 1:colcon.colcon_core.package_identification:_identify(src) by extension 'python_setup_py'
[0.353s] Level 1:colcon.colcon_core.package_identification:_identify(src/Universal_Robots_ROS2_Description) by extensions ['ignore', 'ignore_ament_install']
[0.354s] Level 1:colcon.colcon_core.package_identification:_identify(src/Universal_Robots_ROS2_Description) by extension 'ignore'
[0.354s] Level 1:colcon.colcon_core.package_identification:_identify(src/Universal_Robots_ROS2_Description) by extension 'ignore_ament_install'
[0.354s] Level 1:colcon.colcon_core.package_identification:_identify(src/Universal_Robots_ROS2_Description) by extensions ['colcon_pkg']
[0.354s] Level 1:colcon.colcon_core.package_identification:_identify(src/Universal_Robots_ROS2_Description) by extension 'colcon_pkg'
[0.354s] Level 1:colcon.colcon_core.package_identification:_identify(src/Universal_Robots_ROS2_Description) by extensions ['colcon_meta']
[0.354s] Level 1:colcon.colcon_core.package_identification:_identify(src/Universal_Robots_ROS2_Description) by extension 'colcon_meta'
[0.354s] Level 1:colcon.colcon_core.package_identification:_identify(src/Universal_Robots_ROS2_Description) by extensions ['ros']
[0.354s] Level 1:colcon.colcon_core.package_identification:_identify(src/Universal_Robots_ROS2_Description) by extension 'ros'
[0.357s] DEBUG:colcon.colcon_core.package_identification:Package 'src/Universal_Robots_ROS2_Description' with type 'ros.ament_cmake' and name 'ur_description'
[0.357s] Level 1:colcon.colcon_core.package_identification:_identify(src/Universal_Robots_ROS2_Gazebo_Simulation) by extensions ['ignore', 'ignore_ament_install']
[0.358s] Level 1:colcon.colcon_core.package_identification:_identify(src/Universal_Robots_ROS2_Gazebo_Simulation) by extension 'ignore'
[0.358s] Level 1:colcon.colcon_core.package_identification:_identify(src/Universal_Robots_ROS2_Gazebo_Simulation) by extension 'ignore_ament_install'
[0.358s] Level 1:colcon.colcon_core.package_identification:_identify(src/Universal_Robots_ROS2_Gazebo_Simulation) by extensions ['colcon_pkg']
[0.358s] Level 1:colcon.colcon_core.package_identification:_identify(src/Universal_Robots_ROS2_Gazebo_Simulation) by extension 'colcon_pkg'
[0.358s] Level 1:colcon.colcon_core.package_identification:_identify(src/Universal_Robots_ROS2_Gazebo_Simulation) by extensions ['colcon_meta']
[0.358s] Level 1:colcon.colcon_core.package_identification:_identify(src/Universal_Robots_ROS2_Gazebo_Simulation) by extension 'colcon_meta'
[0.358s] Level 1:colcon.colcon_core.package_identification:_identify(src/Universal_Robots_ROS2_Gazebo_Simulation) by extensions ['ros']
[0.358s] Level 1:colcon.colcon_core.package_identification:_identify(src/Universal_Robots_ROS2_Gazebo_Simulation) by extension 'ros'
[0.358s] Level 1:colcon.colcon_core.package_identification:_identify(src/Universal_Robots_ROS2_Gazebo_Simulation) by extensions ['cmake', 'python']
[0.358s] Level 1:colcon.colcon_core.package_identification:_identify(src/Universal_Robots_ROS2_Gazebo_Simulation) by extension 'cmake'
[0.358s] Level 1:colcon.colcon_core.package_identification:_identify(src/Universal_Robots_ROS2_Gazebo_Simulation) by extension 'python'
[0.358s] Level 1:colcon.colcon_core.package_identification:_identify(src/Universal_Robots_ROS2_Gazebo_Simulation) by extensions ['python_setup_py']
[0.358s] Level 1:colcon.colcon_core.package_identification:_identify(src/Universal_Robots_ROS2_Gazebo_Simulation) by extension 'python_setup_py'
[0.358s] Level 1:colcon.colcon_core.package_identification:_identify(src/Universal_Robots_ROS2_Gazebo_Simulation/ur_simulation_gazebo) by extensions ['ignore', 'ignore_ament_install']
[0.358s] Level 1:colcon.colcon_core.package_identification:_identify(src/Universal_Robots_ROS2_Gazebo_Simulation/ur_simulation_gazebo) by extension 'ignore'
[0.358s] Level 1:colcon.colcon_core.package_identification:_identify(src/Universal_Robots_ROS2_Gazebo_Simulation/ur_simulation_gazebo) by extension 'ignore_ament_install'
[0.358s] Level 1:colcon.colcon_core.package_identification:_identify(src/Universal_Robots_ROS2_Gazebo_Simulation/ur_simulation_gazebo) by extensions ['colcon_pkg']
[0.358s] Level 1:colcon.colcon_core.package_identification:_identify(src/Universal_Robots_ROS2_Gazebo_Simulation/ur_simulation_gazebo) by extension 'colcon_pkg'
[0.358s] Level 1:colcon.colcon_core.package_identification:_identify(src/Universal_Robots_ROS2_Gazebo_Simulation/ur_simulation_gazebo) by extensions ['colcon_meta']
[0.358s] Level 1:colcon.colcon_core.package_identification:_identify(src/Universal_Robots_ROS2_Gazebo_Simulation/ur_simulation_gazebo) by extension 'colcon_meta'
[0.358s] Level 1:colcon.colcon_core.package_identification:_identify(src/Universal_Robots_ROS2_Gazebo_Simulation/ur_simulation_gazebo) by extensions ['ros']
[0.358s] Level 1:colcon.colcon_core.package_identification:_identify(src/Universal_Robots_ROS2_Gazebo_Simulation/ur_simulation_gazebo) by extension 'ros'
[0.359s] DEBUG:colcon.colcon_core.package_identification:Package 'src/Universal_Robots_ROS2_Gazebo_Simulation/ur_simulation_gazebo' with type 'ros.ament_cmake' and name 'ur_simulation_gazebo'
[0.359s] Level 1:colcon.colcon_core.package_identification:_identify(src/build) by extensions ['ignore', 'ignore_ament_install']
[0.359s] Level 1:colcon.colcon_core.package_identification:_identify(src/build) by extension 'ignore'
[0.359s] Level 1:colcon.colcon_core.package_identification:_identify(src/build) ignored
[0.359s] Level 1:colcon.colcon_core.package_identification:_identify(src/log) by extensions ['ignore', 'ignore_ament_install']
[0.359s] Level 1:colcon.colcon_core.package_identification:_identify(src/log) by extension 'ignore'
[0.359s] Level 1:colcon.colcon_core.package_identification:_identify(src/log) ignored
[0.359s] Level 1:colcon.colcon_core.package_discovery:discover_packages(recursive) using defaults
[0.359s] Level 1:colcon.colcon_core.package_discovery:discover_packages(ignore) discover
[0.359s] Level 1:colcon.colcon_core.package_discovery:discover_packages(ignore) using defaults
[0.360s] Level 1:colcon.colcon_core.package_discovery:discover_packages(path) discover
[0.360s] Level 1:colcon.colcon_core.package_discovery:discover_packages(path) using defaults
[0.401s] INFO:colcon.colcon_core.package_selection:Skipping not selected package 'ur_description' in 'src/Universal_Robots_ROS2_Description'
[0.402s] Level 1:colcon.colcon_core.package_discovery:discover_packages(prefix_path) check parameters
[0.402s] Level 1:colcon.colcon_core.package_discovery:discover_packages(prefix_path) discover
[0.406s] DEBUG:colcon.colcon_installed_package_information.package_discovery:Found 370 installed packages in /opt/ros/humble
[0.407s] Level 1:colcon.colcon_core.package_discovery:discover_packages(prefix_path) using defaults
[0.463s] Level 5:colcon.colcon_core.verb:set package 'ur_simulation_gazebo' build argument 'cmake_args' from command line to 'None'
[0.464s] Level 5:colcon.colcon_core.verb:set package 'ur_simulation_gazebo' build argument 'cmake_target' from command line to 'None'
[0.464s] Level 5:colcon.colcon_core.verb:set package 'ur_simulation_gazebo' build argument 'cmake_target_skip_unavailable' from command line to 'False'
[0.464s] Level 5:colcon.colcon_core.verb:set package 'ur_simulation_gazebo' build argument 'cmake_clean_cache' from command line to 'False'
[0.464s] Level 5:colcon.colcon_core.verb:set package 'ur_simulation_gazebo' build argument 'cmake_clean_first' from command line to 'False'
[0.464s] Level 5:colcon.colcon_core.verb:set package 'ur_simulation_gazebo' build argument 'cmake_force_configure' from command line to 'False'
[0.464s] Level 5:colcon.colcon_core.verb:set package 'ur_simulation_gazebo' build argument 'ament_cmake_args' from command line to 'None'
[0.464s] Level 5:colcon.colcon_core.verb:set package 'ur_simulation_gazebo' build argument 'catkin_cmake_args' from command line to 'None'
[0.464s] Level 5:colcon.colcon_core.verb:set package 'ur_simulation_gazebo' build argument 'catkin_skip_building_tests' from command line to 'False'
[0.464s] DEBUG:colcon.colcon_core.verb:Building package 'ur_simulation_gazebo' with the following arguments: {'ament_cmake_args': None, 'build_base': '/home/sunbi/ros/capstone_ur5e_sim/build/ur_simulation_gazebo', 'catkin_cmake_args': None, 'catkin_skip_building_tests': False, 'cmake_args': None, 'cmake_clean_cache': False, 'cmake_clean_first': False, 'cmake_force_configure': False, 'cmake_target': None, 'cmake_target_skip_unavailable': False, 'install_base': '/home/sunbi/ros/capstone_ur5e_sim/install/ur_simulation_gazebo', 'merge_install': False, 'path': '/home/sunbi/ros/capstone_ur5e_sim/src/Universal_Robots_ROS2_Gazebo_Simulation/ur_simulation_gazebo', 'symlink_install': False, 'test_result_base': None}
[0.464s] INFO:colcon.colcon_core.executor:Executing jobs using 'parallel' executor
[0.465s] DEBUG:colcon.colcon_parallel_executor.executor.parallel:run_until_complete
[0.466s] INFO:colcon.colcon_ros.task.ament_cmake.build:Building ROS package in '/home/sunbi/ros/capstone_ur5e_sim/src/Universal_Robots_ROS2_Gazebo_Simulation/ur_simulation_gazebo' with build type 'ament_cmake'
[0.466s] INFO:colcon.colcon_cmake.task.cmake.build:Building CMake package in '/home/sunbi/ros/capstone_ur5e_sim/src/Universal_Robots_ROS2_Gazebo_Simulation/ur_simulation_gazebo'
[0.469s] INFO:colcon.colcon_core.plugin_system:Skipping extension 'colcon_core.shell.bat': Not used on non-Windows systems
[0.469s] INFO:colcon.colcon_core.shell:Skip shell extension 'powershell' for command environment: Not usable outside of PowerShell
[0.469s] DEBUG:colcon.colcon_core.shell:Skip shell extension 'dsv' for command environment
[0.484s] DEBUG:colcon.colcon_core.event_handler.log_command:Invoking command in '/home/sunbi/ros/capstone_ur5e_sim/build/ur_simulation_gazebo': AMENT_PREFIX_PATH=/home/sunbi/ros/capstone_ur5e_sim/install/ur_description:${AMENT_PREFIX_PATH} CMAKE_PREFIX_PATH=/home/sunbi/ros/capstone_ur5e_sim/install/ur_description:/opt/ros/humble /usr/bin/cmake /home/sunbi/ros/capstone_ur5e_sim/src/Universal_Robots_ROS2_Gazebo_Simulation/ur_simulation_gazebo -DCMAKE_INSTALL_PREFIX=/home/sunbi/ros/capstone_ur5e_sim/install/ur_simulation_gazebo
[3.847s] DEBUG:colcon.colcon_core.event_handler.log_command:Invoked command in '/home/sunbi/ros/capstone_ur5e_sim/build/ur_simulation_gazebo' returned '0': AMENT_PREFIX_PATH=/home/sunbi/ros/capstone_ur5e_sim/install/ur_description:${AMENT_PREFIX_PATH} CMAKE_PREFIX_PATH=/home/sunbi/ros/capstone_ur5e_sim/install/ur_description:/opt/ros/humble /usr/bin/cmake /home/sunbi/ros/capstone_ur5e_sim/src/Universal_Robots_ROS2_Gazebo_Simulation/ur_simulation_gazebo -DCMAKE_INSTALL_PREFIX=/home/sunbi/ros/capstone_ur5e_sim/install/ur_simulation_gazebo
[3.850s] DEBUG:colcon.colcon_core.event_handler.log_command:Invoking command in '/home/sunbi/ros/capstone_ur5e_sim/build/ur_simulation_gazebo': AMENT_PREFIX_PATH=/home/sunbi/ros/capstone_ur5e_sim/install/ur_description:${AMENT_PREFIX_PATH} CMAKE_PREFIX_PATH=/home/sunbi/ros/capstone_ur5e_sim/install/ur_description:/opt/ros/humble /usr/bin/cmake --build /home/sunbi/ros/capstone_ur5e_sim/build/ur_simulation_gazebo -- -j4 -l4
[31.339s] DEBUG:colcon.colcon_core.event_handler.log_command:Invoked command in '/home/sunbi/ros/capstone_ur5e_sim/build/ur_simulation_gazebo' returned '0': AMENT_PREFIX_PATH=/home/sunbi/ros/capstone_ur5e_sim/install/ur_description:${AMENT_PREFIX_PATH} CMAKE_PREFIX_PATH=/home/sunbi/ros/capstone_ur5e_sim/install/ur_description:/opt/ros/humble /usr/bin/cmake --build /home/sunbi/ros/capstone_ur5e_sim/build/ur_simulation_gazebo -- -j4 -l4
[31.355s] DEBUG:colcon.colcon_core.event_handler.log_command:Invoking command in '/home/sunbi/ros/capstone_ur5e_sim/build/ur_simulation_gazebo': AMENT_PREFIX_PATH=/home/sunbi/ros/capstone_ur5e_sim/install/ur_description:${AMENT_PREFIX_PATH} CMAKE_PREFIX_PATH=/home/sunbi/ros/capstone_ur5e_sim/install/ur_description:/opt/ros/humble /usr/bin/cmake --install /home/sunbi/ros/capstone_ur5e_sim/build/ur_simulation_gazebo
[31.377s] Level 1:colcon.colcon_core.environment:create_environment_scripts_only(ur_simulation_gazebo)
[31.378s] DEBUG:colcon.colcon_core.event_handler.log_command:Invoked command in '/home/sunbi/ros/capstone_ur5e_sim/build/ur_simulation_gazebo' returned '0': AMENT_PREFIX_PATH=/home/sunbi/ros/capstone_ur5e_sim/install/ur_description:${AMENT_PREFIX_PATH} CMAKE_PREFIX_PATH=/home/sunbi/ros/capstone_ur5e_sim/install/ur_description:/opt/ros/humble /usr/bin/cmake --install /home/sunbi/ros/capstone_ur5e_sim/build/ur_simulation_gazebo
[31.381s] Level 1:colcon.colcon_core.environment:checking '/home/sunbi/ros/capstone_ur5e_sim/install/ur_simulation_gazebo' for CMake module files
[31.382s] Level 1:colcon.colcon_core.environment:checking '/home/sunbi/ros/capstone_ur5e_sim/install/ur_simulation_gazebo' for CMake config files
[31.382s] Level 1:colcon.colcon_core.shell:create_environment_hook('ur_simulation_gazebo', 'cmake_prefix_path')
[31.382s] INFO:colcon.colcon_core.shell:Creating environment hook '/home/sunbi/ros/capstone_ur5e_sim/install/ur_simulation_gazebo/share/ur_simulation_gazebo/hook/cmake_prefix_path.ps1'
[31.385s] INFO:colcon.colcon_core.shell:Creating environment descriptor '/home/sunbi/ros/capstone_ur5e_sim/install/ur_simulation_gazebo/share/ur_simulation_gazebo/hook/cmake_prefix_path.dsv'
[31.386s] INFO:colcon.colcon_core.shell:Creating environment hook '/home/sunbi/ros/capstone_ur5e_sim/install/ur_simulation_gazebo/share/ur_simulation_gazebo/hook/cmake_prefix_path.sh'
[31.387s] Level 1:colcon.colcon_core.environment:checking '/home/sunbi/ros/capstone_ur5e_sim/install/ur_simulation_gazebo/lib'
[31.387s] Level 1:colcon.colcon_core.shell:create_environment_hook('ur_simulation_gazebo', 'ld_library_path_lib')
[31.387s] INFO:colcon.colcon_core.shell:Creating environment hook '/home/sunbi/ros/capstone_ur5e_sim/install/ur_simulation_gazebo/share/ur_simulation_gazebo/hook/ld_library_path_lib.ps1'
[31.388s] INFO:colcon.colcon_core.shell:Creating environment descriptor '/home/sunbi/ros/capstone_ur5e_sim/install/ur_simulation_gazebo/share/ur_simulation_gazebo/hook/ld_library_path_lib.dsv'
[31.388s] INFO:colcon.colcon_core.shell:Creating environment hook '/home/sunbi/ros/capstone_ur5e_sim/install/ur_simulation_gazebo/share/ur_simulation_gazebo/hook/ld_library_path_lib.sh'
[31.389s] Level 1:colcon.colcon_core.environment:checking '/home/sunbi/ros/capstone_ur5e_sim/install/ur_simulation_gazebo/bin'
[31.389s] Level 1:colcon.colcon_core.environment:checking '/home/sunbi/ros/capstone_ur5e_sim/install/ur_simulation_gazebo/lib/pkgconfig/ur_simulation_gazebo.pc'
[31.389s] Level 1:colcon.colcon_core.environment:checking '/home/sunbi/ros/capstone_ur5e_sim/install/ur_simulation_gazebo/lib/python3.10/site-packages'
[31.389s] Level 1:colcon.colcon_core.environment:checking '/home/sunbi/ros/capstone_ur5e_sim/install/ur_simulation_gazebo/bin'
[31.390s] INFO:colcon.colcon_core.shell:Creating package script '/home/sunbi/ros/capstone_ur5e_sim/install/ur_simulation_gazebo/share/ur_simulation_gazebo/package.ps1'
[31.391s] INFO:colcon.colcon_core.shell:Creating package descriptor '/home/sunbi/ros/capstone_ur5e_sim/install/ur_simulation_gazebo/share/ur_simulation_gazebo/package.dsv'
[31.392s] INFO:colcon.colcon_core.shell:Creating package script '/home/sunbi/ros/capstone_ur5e_sim/install/ur_simulation_gazebo/share/ur_simulation_gazebo/package.sh'
[31.393s] INFO:colcon.colcon_core.shell:Creating package script '/home/sunbi/ros/capstone_ur5e_sim/install/ur_simulation_gazebo/share/ur_simulation_gazebo/package.bash'
[31.393s] INFO:colcon.colcon_core.shell:Creating package script '/home/sunbi/ros/capstone_ur5e_sim/install/ur_simulation_gazebo/share/ur_simulation_gazebo/package.zsh'
[31.394s] Level 1:colcon.colcon_core.environment:create_file_with_runtime_dependencies(/home/sunbi/ros/capstone_ur5e_sim/install/ur_simulation_gazebo/share/colcon-core/packages/ur_simulation_gazebo)
[31.395s] Level 1:colcon.colcon_core.environment:create_environment_scripts_only(ur_simulation_gazebo)
[31.395s] Level 1:colcon.colcon_core.environment:checking '/home/sunbi/ros/capstone_ur5e_sim/install/ur_simulation_gazebo' for CMake module files
[31.395s] Level 1:colcon.colcon_core.environment:checking '/home/sunbi/ros/capstone_ur5e_sim/install/ur_simulation_gazebo' for CMake config files
[31.396s] Level 1:colcon.colcon_core.shell:create_environment_hook('ur_simulation_gazebo', 'cmake_prefix_path')
[31.396s] INFO:colcon.colcon_core.shell:Creating environment hook '/home/sunbi/ros/capstone_ur5e_sim/install/ur_simulation_gazebo/share/ur_simulation_gazebo/hook/cmake_prefix_path.ps1'
[31.396s] INFO:colcon.colcon_core.shell:Creating environment descriptor '/home/sunbi/ros/capstone_ur5e_sim/install/ur_simulation_gazebo/share/ur_simulation_gazebo/hook/cmake_prefix_path.dsv'
[31.397s] INFO:colcon.colcon_core.shell:Creating environment hook '/home/sunbi/ros/capstone_ur5e_sim/install/ur_simulation_gazebo/share/ur_simulation_gazebo/hook/cmake_prefix_path.sh'
[31.398s] Level 1:colcon.colcon_core.environment:checking '/home/sunbi/ros/capstone_ur5e_sim/install/ur_simulation_gazebo/lib'
[31.398s] Level 1:colcon.colcon_core.shell:create_environment_hook('ur_simulation_gazebo', 'ld_library_path_lib')
[31.398s] INFO:colcon.colcon_core.shell:Creating environment hook '/home/sunbi/ros/capstone_ur5e_sim/install/ur_simulation_gazebo/share/ur_simulation_gazebo/hook/ld_library_path_lib.ps1'
[31.399s] INFO:colcon.colcon_core.shell:Creating environment descriptor '/home/sunbi/ros/capstone_ur5e_sim/install/ur_simulation_gazebo/share/ur_simulation_gazebo/hook/ld_library_path_lib.dsv'
[31.399s] INFO:colcon.colcon_core.shell:Creating environment hook '/home/sunbi/ros/capstone_ur5e_sim/install/ur_simulation_gazebo/share/ur_simulation_gazebo/hook/ld_library_path_lib.sh'
[31.400s] Level 1:colcon.colcon_core.environment:checking '/home/sunbi/ros/capstone_ur5e_sim/install/ur_simulation_gazebo/bin'
[31.400s] Level 1:colcon.colcon_core.environment:checking '/home/sunbi/ros/capstone_ur5e_sim/install/ur_simulation_gazebo/lib/pkgconfig/ur_simulation_gazebo.pc'
[31.400s] Level 1:colcon.colcon_core.environment:checking '/home/sunbi/ros/capstone_ur5e_sim/install/ur_simulation_gazebo/lib/python3.10/site-packages'
[31.400s] Level 1:colcon.colcon_core.environment:checking '/home/sunbi/ros/capstone_ur5e_sim/install/ur_simulation_gazebo/bin'
[31.401s] INFO:colcon.colcon_core.shell:Creating package script '/home/sunbi/ros/capstone_ur5e_sim/install/ur_simulation_gazebo/share/ur_simulation_gazebo/package.ps1'
[31.402s] INFO:colcon.colcon_core.shell:Creating package descriptor '/home/sunbi/ros/capstone_ur5e_sim/install/ur_simulation_gazebo/share/ur_simulation_gazebo/package.dsv'
[31.402s] INFO:colcon.colcon_core.shell:Creating package script '/home/sunbi/ros/capstone_ur5e_sim/install/ur_simulation_gazebo/share/ur_simulation_gazebo/package.sh'
[31.403s] INFO:colcon.colcon_core.shell:Creating package script '/home/sunbi/ros/capstone_ur5e_sim/install/ur_simulation_gazebo/share/ur_simulation_gazebo/package.bash'
[31.403s] INFO:colcon.colcon_core.shell:Creating package script '/home/sunbi/ros/capstone_ur5e_sim/install/ur_simulation_gazebo/share/ur_simulation_gazebo/package.zsh'
[31.404s] Level 1:colcon.colcon_core.environment:create_file_with_runtime_dependencies(/home/sunbi/ros/capstone_ur5e_sim/install/ur_simulation_gazebo/share/colcon-core/packages/ur_simulation_gazebo)
[31.404s] DEBUG:colcon.colcon_parallel_executor.executor.parallel:closing loop
[31.404s] DEBUG:colcon.colcon_parallel_executor.executor.parallel:loop closed
[31.404s] DEBUG:colcon.colcon_parallel_executor.executor.parallel:run_until_complete finished with '0'
[31.404s] DEBUG:colcon.colcon_core.event_reactor:joining thread
[31.412s] INFO:colcon.colcon_core.plugin_system:Skipping extension 'colcon_notification.desktop_notification.terminal_notifier': Not used on non-Darwin systems
[31.412s] INFO:colcon.colcon_core.plugin_system:Skipping extension 'colcon_notification.desktop_notification.win32': Not used on non-Windows systems
[31.412s] INFO:colcon.colcon_notification.desktop_notification:Sending desktop notification using 'notify2'
[31.435s] DEBUG:colcon.colcon_core.event_reactor:joined thread
[31.435s] INFO:colcon.colcon_core.shell:Creating prefix script '/home/sunbi/ros/capstone_ur5e_sim/install/local_setup.ps1'
[31.437s] INFO:colcon.colcon_core.shell:Creating prefix util module '/home/sunbi/ros/capstone_ur5e_sim/install/_local_setup_util_ps1.py'
[31.440s] INFO:colcon.colcon_core.shell:Creating prefix chain script '/home/sunbi/ros/capstone_ur5e_sim/install/setup.ps1'
[31.441s] INFO:colcon.colcon_core.shell:Creating prefix script '/home/sunbi/ros/capstone_ur5e_sim/install/local_setup.sh'
[31.442s] INFO:colcon.colcon_core.shell:Creating prefix util module '/home/sunbi/ros/capstone_ur5e_sim/install/_local_setup_util_sh.py'
[31.444s] INFO:colcon.colcon_core.shell:Creating prefix chain script '/home/sunbi/ros/capstone_ur5e_sim/install/setup.sh'
[31.446s] INFO:colcon.colcon_core.shell:Creating prefix script '/home/sunbi/ros/capstone_ur5e_sim/install/local_setup.bash'
[31.448s] INFO:colcon.colcon_core.shell:Creating prefix chain script '/home/sunbi/ros/capstone_ur5e_sim/install/setup.bash'
[31.450s] INFO:colcon.colcon_core.shell:Creating prefix script '/home/sunbi/ros/capstone_ur5e_sim/install/local_setup.zsh'
[31.451s] INFO:colcon.colcon_core.shell:Creating prefix chain script '/home/sunbi/ros/capstone_ur5e_sim/install/setup.zsh'
