[100%] Built target elevator_button_plugin
-- Install configuration: ""
-- Up-to-date: /home/sunbi/ros/install/ur_simulation_gazebo/share/ur_simulation_gazebo/config
-- Up-to-date: /home/sunbi/ros/install/ur_simulation_gazebo/share/ur_simulation_gazebo/config/ur_controllers.yaml
-- Up-to-date: /home/sunbi/ros/install/ur_simulation_gazebo/share/ur_simulation_gazebo/config/ur5e
-- Up-to-date: /home/sunbi/ros/install/ur_simulation_gazebo/share/ur_simulation_gazebo/config/ur5e/physical_parameters.yaml
-- Up-to-date: /home/sunbi/ros/install/ur_simulation_gazebo/share/ur_simulation_gazebo/config/ur5e/default_kinematics.yaml
-- Up-to-date: /home/sunbi/ros/install/ur_simulation_gazebo/share/ur_simulation_gazebo/config/ur5e/joint_limits.yaml
-- Up-to-date: /home/sunbi/ros/install/ur_simulation_gazebo/share/ur_simulation_gazebo/config/ur5e/visual_parameters.yaml
-- Up-to-date: /home/sunbi/ros/install/ur_simulation_gazebo/share/ur_simulation_gazebo/config/moveit_servo.yaml
-- Up-to-date: /home/sunbi/ros/install/ur_simulation_gazebo/share/ur_simulation_gazebo/launch
-- Up-to-date: /home/sunbi/ros/install/ur_simulation_gazebo/share/ur_simulation_gazebo/launch/ur_sim_control.launch.py
-- Up-to-date: /home/sunbi/ros/install/ur_simulation_gazebo/share/ur_simulation_gazebo/launch/ur5e_elevator.launch.py
-- Up-to-date: /home/sunbi/ros/install/ur_simulation_gazebo/share/ur_simulation_gazebo/launch/ur_sim_moveit.launch.py
-- Up-to-date: /home/sunbi/ros/install/ur_simulation_gazebo/share/ur_simulation_gazebo/urdf
-- Up-to-date: /home/sunbi/ros/install/ur_simulation_gazebo/share/ur_simulation_gazebo/urdf/ur_with_camera.urdf.xacro
-- Up-to-date: /home/sunbi/ros/install/ur_simulation_gazebo/share/ur_simulation_gazebo/worlds
-- Up-to-date: /home/sunbi/ros/install/ur_simulation_gazebo/share/ur_simulation_gazebo/worlds/elevator.world
-- Up-to-date: /home/sunbi/ros/install/ur_simulation_gazebo/share/ur_simulation_gazebo/materials
-- Up-to-date: /home/sunbi/ros/install/ur_simulation_gazebo/share/ur_simulation_gazebo/materials/textures
-- Up-to-date: /home/sunbi/ros/install/ur_simulation_gazebo/share/ur_simulation_gazebo/materials/textures/button_o.png
-- Up-to-date: /home/sunbi/ros/install/ur_simulation_gazebo/share/ur_simulation_gazebo/materials/textures/button_5.png
-- Up-to-date: /home/sunbi/ros/install/ur_simulation_gazebo/share/ur_simulation_gazebo/materials/textures/button_3.png
-- Up-to-date: /home/sunbi/ros/install/ur_simulation_gazebo/share/ur_simulation_gazebo/materials/textures/button_4.png
-- Installing: /home/sunbi/ros/install/ur_simulation_gazebo/share/ur_simulation_gazebo/materials/textures/up_down.png
-- Up-to-date: /home/sunbi/ros/install/ur_simulation_gazebo/share/ur_simulation_gazebo/materials/textures/button_2.png
-- Up-to-date: /home/sunbi/ros/install/ur_simulation_gazebo/share/ur_simulation_gazebo/materials/textures/elv_pannel.png
-- Up-to-date: /home/sunbi/ros/install/ur_simulation_gazebo/share/ur_simulation_gazebo/materials/textures/button_1.png
-- Up-to-date: /home/sunbi/ros/install/ur_simulation_gazebo/share/ur_simulation_gazebo/materials/textures/button_6.png
-- Up-to-date: /home/sunbi/ros/install/ur_simulation_gazebo/share/ur_simulation_gazebo/materials/textures/button_c.png
-- Up-to-date: /home/sunbi/ros/install/ur_simulation_gazebo/share/ur_simulation_gazebo/materials/scripts
-- Up-to-date: /home/sunbi/ros/install/ur_simulation_gazebo/share/ur_simulation_gazebo/materials/scripts/Elevator.material
-- Up-to-date: /home/sunbi/ros/install/ur_simulation_gazebo/lib/libelevator_button_plugin.so
-- Up-to-date: /home/sunbi/ros/install/ur_simulation_gazebo/share/ur_simulation_gazebo/environment/aaa_ur_simulation_gazebo_env.sh
-- Up-to-date: /home/sunbi/ros/install/ur_simulation_gazebo/share/ament_index/resource_index/package_run_dependencies/ur_simulation_gazebo
-- Up-to-date: /home/sunbi/ros/install/ur_simulation_gazebo/share/ament_index/resource_index/parent_prefix_path/ur_simulation_gazebo
-- Up-to-date: /home/sunbi/ros/install/ur_simulation_gazebo/share/ur_simulation_gazebo/environment/ament_prefix_path.sh
-- Up-to-date: /home/sunbi/ros/install/ur_simulation_gazebo/share/ur_simulation_gazebo/environment/ament_prefix_path.dsv
-- Up-to-date: /home/sunbi/ros/install/ur_simulation_gazebo/share/ur_simulation_gazebo/environment/path.sh
-- Up-to-date: /home/sunbi/ros/install/ur_simulation_gazebo/share/ur_simulation_gazebo/environment/path.dsv
-- Up-to-date: /home/sunbi/ros/install/ur_simulation_gazebo/share/ur_simulation_gazebo/local_setup.bash
-- Up-to-date: /home/sunbi/ros/install/ur_simulation_gazebo/share/ur_simulation_gazebo/local_setup.sh
-- Up-to-date: /home/sunbi/ros/install/ur_simulation_gazebo/share/ur_simulation_gazebo/local_setup.zsh
-- Up-to-date: /home/sunbi/ros/install/ur_simulation_gazebo/share/ur_simulation_gazebo/local_setup.dsv
-- Installing: /home/sunbi/ros/install/ur_simulation_gazebo/share/ur_simulation_gazebo/package.dsv
-- Up-to-date: /home/sunbi/ros/install/ur_simulation_gazebo/share/ament_index/resource_index/packages/ur_simulation_gazebo
-- Up-to-date: /home/sunbi/ros/install/ur_simulation_gazebo/share/ur_simulation_gazebo/cmake/ur_simulation_gazeboConfig.cmake
-- Up-to-date: /home/sunbi/ros/install/ur_simulation_gazebo/share/ur_simulation_gazebo/cmake/ur_simulation_gazeboConfig-version.cmake
-- Up-to-date: /home/sunbi/ros/install/ur_simulation_gazebo/share/ur_simulation_gazebo/package.xml
