[0.104s] Invoking command in '/home/sunbi/ros/build/ur_cv_interfaces': CMAKE_PREFIX_PATH=${CMAKE_PREFIX_PATH}:/home/sunbi/ros/install/ur_cv_moveit:/opt/ros/humble /usr/bin/cmake --build /home/sunbi/ros/build/ur_cv_interfaces -- -j4 -l4
[0.479s] [  2%] Built target ur_cv_interfaces__cpp
[0.645s] [ 12%] Built target ur_cv_interfaces__rosidl_generator_c
[0.653s] [ 23%] Built target ur_cv_interfaces__rosidl_typesupport_fastrtps_cpp
[0.690s] [ 23%] Built target ament_cmake_python_copy_ur_cv_interfaces
[0.712s] [ 33%] Built target ur_cv_interfaces__rosidl_typesupport_cpp
[0.816s] [ 43%] Built target ur_cv_interfaces__rosidl_typesupport_introspection_cpp
[0.823s] [ 53%] Built target ur_cv_interfaces__rosidl_typesupport_fastrtps_c
[0.848s] [ 64%] Built target ur_cv_interfaces__rosidl_typesupport_c
[0.877s] [ 74%] Built target ur_cv_interfaces__rosidl_typesupport_introspection_c
[0.995s] [ 74%] Built target ur_cv_interfaces
[1.106s] [ 76%] Built target ur_cv_interfaces__py
[1.263s] [ 84%] Built target ur_cv_interfaces__rosidl_generator_py
[1.399s] [ 89%] Built target ur_cv_interfaces__rosidl_typesupport_fastrtps_c__pyext
[1.402s] [ 94%] Built target ur_cv_interfaces__rosidl_typesupport_introspection_c__pyext
[1.408s] [100%] Built target ur_cv_interfaces__rosidl_typesupport_c__pyext
[1.564s] running egg_info
[1.566s] writing ur_cv_interfaces.egg-info/PKG-INFO
[1.567s] writing dependency_links to ur_cv_interfaces.egg-info/dependency_links.txt
[1.569s] writing top-level names to ur_cv_interfaces.egg-info/top_level.txt
[1.576s] reading manifest file 'ur_cv_interfaces.egg-info/SOURCES.txt'
[1.578s] writing manifest file 'ur_cv_interfaces.egg-info/SOURCES.txt'
[1.646s] [100%] Built target ament_cmake_python_build_ur_cv_interfaces_egg
[1.699s] Invoked command in '/home/sunbi/ros/build/ur_cv_interfaces' returned '0': CMAKE_PREFIX_PATH=${CMAKE_PREFIX_PATH}:/home/sunbi/ros/install/ur_cv_moveit:/opt/ros/humble /usr/bin/cmake --build /home/sunbi/ros/build/ur_cv_interfaces -- -j4 -l4
[1.706s] Invoking command in '/home/sunbi/ros/build/ur_cv_interfaces': CMAKE_PREFIX_PATH=${CMAKE_PREFIX_PATH}:/home/sunbi/ros/install/ur_cv_moveit:/opt/ros/humble /usr/bin/cmake --install /home/sunbi/ros/build/ur_cv_interfaces
[1.752s] -- Install configuration: ""
[1.755s] -- Up-to-date: /home/sunbi/ros/install/ur_cv_interfaces/share/ament_index/resource_index/rosidl_interfaces/ur_cv_interfaces
[1.756s] -- Up-to-date: /home/sunbi/ros/install/ur_cv_interfaces/include/ur_cv_interfaces/ur_cv_interfaces
[1.756s] -- Up-to-date: /home/sunbi/ros/install/ur_cv_interfaces/include/ur_cv_interfaces/ur_cv_interfaces/msg
[1.756s] -- Up-to-date: /home/sunbi/ros/install/ur_cv_interfaces/include/ur_cv_interfaces/ur_cv_interfaces/msg/rosidl_generator_c__visibility_control.h
[1.756s] -- Up-to-date: /home/sunbi/ros/install/ur_cv_interfaces/include/ur_cv_interfaces/ur_cv_interfaces/action
[1.756s] -- Up-to-date: /home/sunbi/ros/install/ur_cv_interfaces/include/ur_cv_interfaces/ur_cv_interfaces/action/detail
[1.756s] -- Up-to-date: /home/sunbi/ros/install/ur_cv_interfaces/include/ur_cv_interfaces/ur_cv_interfaces/action/detail/press_button__functions.c
[1.756s] -- Up-to-date: /home/sunbi/ros/install/ur_cv_interfaces/include/ur_cv_interfaces/ur_cv_interfaces/action/detail/press_button__functions.h
[1.756s] -- Up-to-date: /home/sunbi/ros/install/ur_cv_interfaces/include/ur_cv_interfaces/ur_cv_interfaces/action/detail/press_button__struct.h
[1.757s] -- Up-to-date: /home/sunbi/ros/install/ur_cv_interfaces/include/ur_cv_interfaces/ur_cv_interfaces/action/detail/press_button__type_support.h
[1.757s] -- Up-to-date: /home/sunbi/ros/install/ur_cv_interfaces/include/ur_cv_interfaces/ur_cv_interfaces/action/press_button.h
[1.758s] -- Up-to-date: /home/sunbi/ros/install/ur_cv_interfaces/include/ur_cv_interfaces/ur_cv_interfaces/srv
[1.758s] -- Up-to-date: /home/sunbi/ros/install/ur_cv_interfaces/include/ur_cv_interfaces/ur_cv_interfaces/srv/detail
[1.758s] -- Up-to-date: /home/sunbi/ros/install/ur_cv_interfaces/include/ur_cv_interfaces/ur_cv_interfaces/srv/detail/detect_button__type_support.h
[1.758s] -- Up-to-date: /home/sunbi/ros/install/ur_cv_interfaces/include/ur_cv_interfaces/ur_cv_interfaces/srv/detail/detect_button__struct.h
[1.758s] -- Up-to-date: /home/sunbi/ros/install/ur_cv_interfaces/include/ur_cv_interfaces/ur_cv_interfaces/srv/detail/detect_button__functions.c
[1.758s] -- Up-to-date: /home/sunbi/ros/install/ur_cv_interfaces/include/ur_cv_interfaces/ur_cv_interfaces/srv/detail/detect_button__functions.h
[1.758s] -- Up-to-date: /home/sunbi/ros/install/ur_cv_interfaces/include/ur_cv_interfaces/ur_cv_interfaces/srv/detect_button.h
[1.758s] -- Up-to-date: /home/sunbi/ros/install/ur_cv_interfaces/share/ur_cv_interfaces/environment/library_path.sh
[1.758s] -- Up-to-date: /home/sunbi/ros/install/ur_cv_interfaces/share/ur_cv_interfaces/environment/library_path.dsv
[1.762s] -- Up-to-date: /home/sunbi/ros/install/ur_cv_interfaces/lib/libur_cv_interfaces__rosidl_generator_c.so
[1.765s] -- Up-to-date: /home/sunbi/ros/install/ur_cv_interfaces/include/ur_cv_interfaces/ur_cv_interfaces
[1.766s] -- Up-to-date: /home/sunbi/ros/install/ur_cv_interfaces/include/ur_cv_interfaces/ur_cv_interfaces/msg
[1.766s] -- Up-to-date: /home/sunbi/ros/install/ur_cv_interfaces/include/ur_cv_interfaces/ur_cv_interfaces/msg/rosidl_typesupport_fastrtps_c__visibility_control.h
[1.766s] -- Up-to-date: /home/sunbi/ros/install/ur_cv_interfaces/include/ur_cv_interfaces/ur_cv_interfaces/action
[1.766s] -- Up-to-date: /home/sunbi/ros/install/ur_cv_interfaces/include/ur_cv_interfaces/ur_cv_interfaces/action/detail
[1.766s] -- Up-to-date: /home/sunbi/ros/install/ur_cv_interfaces/include/ur_cv_interfaces/ur_cv_interfaces/action/detail/press_button__rosidl_typesupport_fastrtps_c.h
[1.766s] -- Up-to-date: /home/sunbi/ros/install/ur_cv_interfaces/include/ur_cv_interfaces/ur_cv_interfaces/srv
[1.767s] -- Up-to-date: /home/sunbi/ros/install/ur_cv_interfaces/include/ur_cv_interfaces/ur_cv_interfaces/srv/detail
[1.767s] -- Up-to-date: /home/sunbi/ros/install/ur_cv_interfaces/include/ur_cv_interfaces/ur_cv_interfaces/srv/detail/detect_button__rosidl_typesupport_fastrtps_c.h
[1.767s] -- Up-to-date: /home/sunbi/ros/install/ur_cv_interfaces/lib/libur_cv_interfaces__rosidl_typesupport_fastrtps_c.so
[1.775s] -- Up-to-date: /home/sunbi/ros/install/ur_cv_interfaces/include/ur_cv_interfaces/ur_cv_interfaces
[1.775s] -- Up-to-date: /home/sunbi/ros/install/ur_cv_interfaces/include/ur_cv_interfaces/ur_cv_interfaces/msg
[1.775s] -- Up-to-date: /home/sunbi/ros/install/ur_cv_interfaces/include/ur_cv_interfaces/ur_cv_interfaces/msg/rosidl_typesupport_introspection_c__visibility_control.h
[1.775s] -- Up-to-date: /home/sunbi/ros/install/ur_cv_interfaces/include/ur_cv_interfaces/ur_cv_interfaces/action
[1.775s] -- Up-to-date: /home/sunbi/ros/install/ur_cv_interfaces/include/ur_cv_interfaces/ur_cv_interfaces/action/detail
[1.775s] -- Up-to-date: /home/sunbi/ros/install/ur_cv_interfaces/include/ur_cv_interfaces/ur_cv_interfaces/action/detail/press_button__type_support.c
[1.775s] -- Up-to-date: /home/sunbi/ros/install/ur_cv_interfaces/include/ur_cv_interfaces/ur_cv_interfaces/action/detail/press_button__rosidl_typesupport_introspection_c.h
[1.775s] -- Up-to-date: /home/sunbi/ros/install/ur_cv_interfaces/include/ur_cv_interfaces/ur_cv_interfaces/srv
[1.776s] -- Up-to-date: /home/sunbi/ros/install/ur_cv_interfaces/include/ur_cv_interfaces/ur_cv_interfaces/srv/detail
[1.776s] -- Up-to-date: /home/sunbi/ros/install/ur_cv_interfaces/include/ur_cv_interfaces/ur_cv_interfaces/srv/detail/detect_button__rosidl_typesupport_introspection_c.h
[1.776s] -- Up-to-date: /home/sunbi/ros/install/ur_cv_interfaces/include/ur_cv_interfaces/ur_cv_interfaces/srv/detail/detect_button__type_support.c
[1.776s] -- Up-to-date: /home/sunbi/ros/install/ur_cv_interfaces/lib/libur_cv_interfaces__rosidl_typesupport_introspection_c.so
[1.776s] -- Up-to-date: /home/sunbi/ros/install/ur_cv_interfaces/lib/libur_cv_interfaces__rosidl_typesupport_c.so
[1.776s] -- Up-to-date: /home/sunbi/ros/install/ur_cv_interfaces/include/ur_cv_interfaces/ur_cv_interfaces
[1.776s] -- Up-to-date: /home/sunbi/ros/install/ur_cv_interfaces/include/ur_cv_interfaces/ur_cv_interfaces/msg
[1.778s] -- Up-to-date: /home/sunbi/ros/install/ur_cv_interfaces/include/ur_cv_interfaces/ur_cv_interfaces/msg/rosidl_generator_cpp__visibility_control.hpp
[1.779s] -- Up-to-date: /home/sunbi/ros/install/ur_cv_interfaces/include/ur_cv_interfaces/ur_cv_interfaces/action
[1.781s] -- Up-to-date: /home/sunbi/ros/install/ur_cv_interfaces/include/ur_cv_interfaces/ur_cv_interfaces/action/detail
[1.781s] -- Up-to-date: /home/sunbi/ros/install/ur_cv_interfaces/include/ur_cv_interfaces/ur_cv_interfaces/action/detail/press_button__type_support.hpp
[1.781s] -- Up-to-date: /home/sunbi/ros/install/ur_cv_interfaces/include/ur_cv_interfaces/ur_cv_interfaces/action/detail/press_button__builder.hpp
[1.781s] -- Up-to-date: /home/sunbi/ros/install/ur_cv_interfaces/include/ur_cv_interfaces/ur_cv_interfaces/action/detail/press_button__traits.hpp
[1.781s] -- Up-to-date: /home/sunbi/ros/install/ur_cv_interfaces/include/ur_cv_interfaces/ur_cv_interfaces/action/detail/press_button__struct.hpp
[1.782s] -- Up-to-date: /home/sunbi/ros/install/ur_cv_interfaces/include/ur_cv_interfaces/ur_cv_interfaces/action/press_button.hpp
[1.785s] -- Up-to-date: /home/sunbi/ros/install/ur_cv_interfaces/include/ur_cv_interfaces/ur_cv_interfaces/srv
[1.785s] -- Up-to-date: /home/sunbi/ros/install/ur_cv_interfaces/include/ur_cv_interfaces/ur_cv_interfaces/srv/detail
[1.785s] -- Up-to-date: /home/sunbi/ros/install/ur_cv_interfaces/include/ur_cv_interfaces/ur_cv_interfaces/srv/detail/detect_button__struct.hpp
[1.785s] -- Up-to-date: /home/sunbi/ros/install/ur_cv_interfaces/include/ur_cv_interfaces/ur_cv_interfaces/srv/detail/detect_button__traits.hpp
[1.785s] -- Up-to-date: /home/sunbi/ros/install/ur_cv_interfaces/include/ur_cv_interfaces/ur_cv_interfaces/srv/detail/detect_button__type_support.hpp
[1.785s] -- Up-to-date: /home/sunbi/ros/install/ur_cv_interfaces/include/ur_cv_interfaces/ur_cv_interfaces/srv/detail/detect_button__builder.hpp
[1.785s] -- Up-to-date: /home/sunbi/ros/install/ur_cv_interfaces/include/ur_cv_interfaces/ur_cv_interfaces/srv/detect_button.hpp
[1.786s] -- Up-to-date: /home/sunbi/ros/install/ur_cv_interfaces/include/ur_cv_interfaces/ur_cv_interfaces
[1.786s] -- Up-to-date: /home/sunbi/ros/install/ur_cv_interfaces/include/ur_cv_interfaces/ur_cv_interfaces/msg
[1.786s] -- Up-to-date: /home/sunbi/ros/install/ur_cv_interfaces/include/ur_cv_interfaces/ur_cv_interfaces/msg/rosidl_typesupport_fastrtps_cpp__visibility_control.h
[1.789s] -- Up-to-date: /home/sunbi/ros/install/ur_cv_interfaces/include/ur_cv_interfaces/ur_cv_interfaces/action
[1.789s] -- Up-to-date: /home/sunbi/ros/install/ur_cv_interfaces/include/ur_cv_interfaces/ur_cv_interfaces/action/detail
[1.789s] -- Up-to-date: /home/sunbi/ros/install/ur_cv_interfaces/include/ur_cv_interfaces/ur_cv_interfaces/action/detail/dds_fastrtps
[1.790s] -- Up-to-date: /home/sunbi/ros/install/ur_cv_interfaces/include/ur_cv_interfaces/ur_cv_interfaces/action/detail/press_button__rosidl_typesupport_fastrtps_cpp.hpp
[1.790s] -- Up-to-date: /home/sunbi/ros/install/ur_cv_interfaces/include/ur_cv_interfaces/ur_cv_interfaces/srv
[1.790s] -- Up-to-date: /home/sunbi/ros/install/ur_cv_interfaces/include/ur_cv_interfaces/ur_cv_interfaces/srv/detail
[1.790s] -- Up-to-date: /home/sunbi/ros/install/ur_cv_interfaces/include/ur_cv_interfaces/ur_cv_interfaces/srv/detail/dds_fastrtps
[1.790s] -- Up-to-date: /home/sunbi/ros/install/ur_cv_interfaces/include/ur_cv_interfaces/ur_cv_interfaces/srv/detail/detect_button__rosidl_typesupport_fastrtps_cpp.hpp
[1.795s] -- Up-to-date: /home/sunbi/ros/install/ur_cv_interfaces/lib/libur_cv_interfaces__rosidl_typesupport_fastrtps_cpp.so
[1.799s] -- Up-to-date: /home/sunbi/ros/install/ur_cv_interfaces/include/ur_cv_interfaces/ur_cv_interfaces
[1.799s] -- Up-to-date: /home/sunbi/ros/install/ur_cv_interfaces/include/ur_cv_interfaces/ur_cv_interfaces/action
[1.801s] -- Up-to-date: /home/sunbi/ros/install/ur_cv_interfaces/include/ur_cv_interfaces/ur_cv_interfaces/action/detail
[1.801s] -- Up-to-date: /home/sunbi/ros/install/ur_cv_interfaces/include/ur_cv_interfaces/ur_cv_interfaces/action/detail/press_button__rosidl_typesupport_introspection_cpp.hpp
[1.801s] -- Up-to-date: /home/sunbi/ros/install/ur_cv_interfaces/include/ur_cv_interfaces/ur_cv_interfaces/action/detail/press_button__type_support.cpp
[1.801s] -- Up-to-date: /home/sunbi/ros/install/ur_cv_interfaces/include/ur_cv_interfaces/ur_cv_interfaces/srv
[1.801s] -- Up-to-date: /home/sunbi/ros/install/ur_cv_interfaces/include/ur_cv_interfaces/ur_cv_interfaces/srv/detail
[1.804s] -- Up-to-date: /home/sunbi/ros/install/ur_cv_interfaces/include/ur_cv_interfaces/ur_cv_interfaces/srv/detail/detect_button__rosidl_typesupport_introspection_cpp.hpp
[1.804s] -- Up-to-date: /home/sunbi/ros/install/ur_cv_interfaces/include/ur_cv_interfaces/ur_cv_interfaces/srv/detail/detect_button__type_support.cpp
[1.805s] -- Up-to-date: /home/sunbi/ros/install/ur_cv_interfaces/lib/libur_cv_interfaces__rosidl_typesupport_introspection_cpp.so
[1.809s] -- Up-to-date: /home/sunbi/ros/install/ur_cv_interfaces/lib/libur_cv_interfaces__rosidl_typesupport_cpp.so
[1.809s] -- Up-to-date: /home/sunbi/ros/install/ur_cv_interfaces/share/ur_cv_interfaces/environment/pythonpath.sh
[1.810s] -- Up-to-date: /home/sunbi/ros/install/ur_cv_interfaces/share/ur_cv_interfaces/environment/pythonpath.dsv
[1.810s] -- Up-to-date: /home/sunbi/ros/install/ur_cv_interfaces/local/lib/python3.10/dist-packages/ur_cv_interfaces-0.0.1-py3.10.egg-info
[1.810s] -- Installing: /home/sunbi/ros/install/ur_cv_interfaces/local/lib/python3.10/dist-packages/ur_cv_interfaces-0.0.1-py3.10.egg-info/dependency_links.txt
[1.814s] -- Installing: /home/sunbi/ros/install/ur_cv_interfaces/local/lib/python3.10/dist-packages/ur_cv_interfaces-0.0.1-py3.10.egg-info/top_level.txt
[1.814s] -- Installing: /home/sunbi/ros/install/ur_cv_interfaces/local/lib/python3.10/dist-packages/ur_cv_interfaces-0.0.1-py3.10.egg-info/SOURCES.txt
[1.814s] -- Installing: /home/sunbi/ros/install/ur_cv_interfaces/local/lib/python3.10/dist-packages/ur_cv_interfaces-0.0.1-py3.10.egg-info/PKG-INFO
[1.814s] -- Up-to-date: /home/sunbi/ros/install/ur_cv_interfaces/local/lib/python3.10/dist-packages/ur_cv_interfaces
[1.816s] -- Up-to-date: /home/sunbi/ros/install/ur_cv_interfaces/local/lib/python3.10/dist-packages/ur_cv_interfaces/__init__.py
[1.816s] -- Up-to-date: /home/sunbi/ros/install/ur_cv_interfaces/local/lib/python3.10/dist-packages/ur_cv_interfaces/_ur_cv_interfaces_s.ep.rosidl_typesupport_introspection_c.c
[1.816s] -- Up-to-date: /home/sunbi/ros/install/ur_cv_interfaces/local/lib/python3.10/dist-packages/ur_cv_interfaces/ur_cv_interfaces_s__rosidl_typesupport_introspection_c.cpython-310-x86_64-linux-gnu.so
[1.816s] -- Up-to-date: /home/sunbi/ros/install/ur_cv_interfaces/local/lib/python3.10/dist-packages/ur_cv_interfaces/_ur_cv_interfaces_s.ep.rosidl_typesupport_c.c
[1.816s] -- Up-to-date: /home/sunbi/ros/install/ur_cv_interfaces/local/lib/python3.10/dist-packages/ur_cv_interfaces/action
[1.816s] -- Up-to-date: /home/sunbi/ros/install/ur_cv_interfaces/local/lib/python3.10/dist-packages/ur_cv_interfaces/action/__init__.py
[1.816s] -- Up-to-date: /home/sunbi/ros/install/ur_cv_interfaces/local/lib/python3.10/dist-packages/ur_cv_interfaces/action/_press_button_s.c
[1.816s] -- Up-to-date: /home/sunbi/ros/install/ur_cv_interfaces/local/lib/python3.10/dist-packages/ur_cv_interfaces/action/_press_button.py
[1.816s] -- Up-to-date: /home/sunbi/ros/install/ur_cv_interfaces/local/lib/python3.10/dist-packages/ur_cv_interfaces/_ur_cv_interfaces_s.ep.rosidl_typesupport_fastrtps_c.c
[1.817s] -- Up-to-date: /home/sunbi/ros/install/ur_cv_interfaces/local/lib/python3.10/dist-packages/ur_cv_interfaces/ur_cv_interfaces_s__rosidl_typesupport_c.cpython-310-x86_64-linux-gnu.so
[1.817s] -- Up-to-date: /home/sunbi/ros/install/ur_cv_interfaces/local/lib/python3.10/dist-packages/ur_cv_interfaces/srv
[1.817s] -- Up-to-date: /home/sunbi/ros/install/ur_cv_interfaces/local/lib/python3.10/dist-packages/ur_cv_interfaces/srv/__init__.py
[1.817s] -- Up-to-date: /home/sunbi/ros/install/ur_cv_interfaces/local/lib/python3.10/dist-packages/ur_cv_interfaces/srv/_detect_button_s.c
[1.817s] -- Up-to-date: /home/sunbi/ros/install/ur_cv_interfaces/local/lib/python3.10/dist-packages/ur_cv_interfaces/srv/_detect_button.py
[1.817s] -- Up-to-date: /home/sunbi/ros/install/ur_cv_interfaces/local/lib/python3.10/dist-packages/ur_cv_interfaces/libur_cv_interfaces__rosidl_generator_py.so
[1.822s] -- Up-to-date: /home/sunbi/ros/install/ur_cv_interfaces/local/lib/python3.10/dist-packages/ur_cv_interfaces/ur_cv_interfaces_s__rosidl_typesupport_fastrtps_c.cpython-310-x86_64-linux-gnu.so
[1.967s] Listing '/home/sunbi/ros/install/ur_cv_interfaces/local/lib/python3.10/dist-packages/ur_cv_interfaces'...
[1.967s] Listing '/home/sunbi/ros/install/ur_cv_interfaces/local/lib/python3.10/dist-packages/ur_cv_interfaces/action'...
[1.968s] Listing '/home/sunbi/ros/install/ur_cv_interfaces/local/lib/python3.10/dist-packages/ur_cv_interfaces/srv'...
[1.970s] -- Up-to-date: /home/sunbi/ros/install/ur_cv_interfaces/local/lib/python3.10/dist-packages/ur_cv_interfaces/ur_cv_interfaces_s__rosidl_typesupport_fastrtps_c.cpython-310-x86_64-linux-gnu.so
[1.971s] -- Up-to-date: /home/sunbi/ros/install/ur_cv_interfaces/local/lib/python3.10/dist-packages/ur_cv_interfaces/ur_cv_interfaces_s__rosidl_typesupport_introspection_c.cpython-310-x86_64-linux-gnu.so
[1.971s] -- Up-to-date: /home/sunbi/ros/install/ur_cv_interfaces/local/lib/python3.10/dist-packages/ur_cv_interfaces/ur_cv_interfaces_s__rosidl_typesupport_c.cpython-310-x86_64-linux-gnu.so
[1.971s] -- Up-to-date: /home/sunbi/ros/install/ur_cv_interfaces/lib/libur_cv_interfaces__rosidl_generator_py.so
[1.973s] -- Up-to-date: /home/sunbi/ros/install/ur_cv_interfaces/share/ur_cv_interfaces/srv/DetectButton.idl
[1.978s] -- Up-to-date: /home/sunbi/ros/install/ur_cv_interfaces/share/ur_cv_interfaces/action/PressButton.idl
[1.980s] -- Up-to-date: /home/sunbi/ros/install/ur_cv_interfaces/share/ur_cv_interfaces/srv/DetectButton.srv
[1.980s] -- Up-to-date: /home/sunbi/ros/install/ur_cv_interfaces/share/ur_cv_interfaces/srv/DetectButton_Request.msg
[1.980s] -- Up-to-date: /home/sunbi/ros/install/ur_cv_interfaces/share/ur_cv_interfaces/srv/DetectButton_Response.msg
[1.984s] -- Up-to-date: /home/sunbi/ros/install/ur_cv_interfaces/share/ur_cv_interfaces/action/PressButton.action
[1.984s] -- Up-to-date: /home/sunbi/ros/install/ur_cv_interfaces/share/ament_index/resource_index/package_run_dependencies/ur_cv_interfaces
[1.984s] -- Up-to-date: /home/sunbi/ros/install/ur_cv_interfaces/share/ament_index/resource_index/parent_prefix_path/ur_cv_interfaces
[1.985s] -- Up-to-date: /home/sunbi/ros/install/ur_cv_interfaces/share/ur_cv_interfaces/environment/ament_prefix_path.sh
[1.985s] -- Up-to-date: /home/sunbi/ros/install/ur_cv_interfaces/share/ur_cv_interfaces/environment/ament_prefix_path.dsv
[1.990s] -- Up-to-date: /home/sunbi/ros/install/ur_cv_interfaces/share/ur_cv_interfaces/environment/path.sh
[1.990s] -- Up-to-date: /home/sunbi/ros/install/ur_cv_interfaces/share/ur_cv_interfaces/environment/path.dsv
[1.996s] -- Up-to-date: /home/sunbi/ros/install/ur_cv_interfaces/share/ur_cv_interfaces/local_setup.bash
[1.998s] -- Up-to-date: /home/sunbi/ros/install/ur_cv_interfaces/share/ur_cv_interfaces/local_setup.sh
[1.998s] -- Up-to-date: /home/sunbi/ros/install/ur_cv_interfaces/share/ur_cv_interfaces/local_setup.zsh
[1.999s] -- Up-to-date: /home/sunbi/ros/install/ur_cv_interfaces/share/ur_cv_interfaces/local_setup.dsv
[2.005s] -- Installing: /home/sunbi/ros/install/ur_cv_interfaces/share/ur_cv_interfaces/package.dsv
[2.006s] -- Up-to-date: /home/sunbi/ros/install/ur_cv_interfaces/share/ament_index/resource_index/packages/ur_cv_interfaces
[2.006s] -- Up-to-date: /home/sunbi/ros/install/ur_cv_interfaces/share/ur_cv_interfaces/cmake/export_ur_cv_interfaces__rosidl_generator_cExport.cmake
[2.006s] -- Up-to-date: /home/sunbi/ros/install/ur_cv_interfaces/share/ur_cv_interfaces/cmake/export_ur_cv_interfaces__rosidl_generator_cExport-noconfig.cmake
[2.006s] -- Up-to-date: /home/sunbi/ros/install/ur_cv_interfaces/share/ur_cv_interfaces/cmake/export_ur_cv_interfaces__rosidl_typesupport_fastrtps_cExport.cmake
[2.006s] -- Up-to-date: /home/sunbi/ros/install/ur_cv_interfaces/share/ur_cv_interfaces/cmake/export_ur_cv_interfaces__rosidl_typesupport_fastrtps_cExport-noconfig.cmake
[2.006s] -- Up-to-date: /home/sunbi/ros/install/ur_cv_interfaces/share/ur_cv_interfaces/cmake/ur_cv_interfaces__rosidl_typesupport_introspection_cExport.cmake
[2.006s] -- Up-to-date: /home/sunbi/ros/install/ur_cv_interfaces/share/ur_cv_interfaces/cmake/ur_cv_interfaces__rosidl_typesupport_introspection_cExport-noconfig.cmake
[2.007s] -- Up-to-date: /home/sunbi/ros/install/ur_cv_interfaces/share/ur_cv_interfaces/cmake/ur_cv_interfaces__rosidl_typesupport_cExport.cmake
[2.007s] -- Up-to-date: /home/sunbi/ros/install/ur_cv_interfaces/share/ur_cv_interfaces/cmake/ur_cv_interfaces__rosidl_typesupport_cExport-noconfig.cmake
[2.007s] -- Up-to-date: /home/sunbi/ros/install/ur_cv_interfaces/share/ur_cv_interfaces/cmake/export_ur_cv_interfaces__rosidl_generator_cppExport.cmake
[2.007s] -- Up-to-date: /home/sunbi/ros/install/ur_cv_interfaces/share/ur_cv_interfaces/cmake/export_ur_cv_interfaces__rosidl_typesupport_fastrtps_cppExport.cmake
[2.007s] -- Up-to-date: /home/sunbi/ros/install/ur_cv_interfaces/share/ur_cv_interfaces/cmake/export_ur_cv_interfaces__rosidl_typesupport_fastrtps_cppExport-noconfig.cmake
[2.007s] -- Up-to-date: /home/sunbi/ros/install/ur_cv_interfaces/share/ur_cv_interfaces/cmake/ur_cv_interfaces__rosidl_typesupport_introspection_cppExport.cmake
[2.007s] -- Up-to-date: /home/sunbi/ros/install/ur_cv_interfaces/share/ur_cv_interfaces/cmake/ur_cv_interfaces__rosidl_typesupport_introspection_cppExport-noconfig.cmake
[2.008s] -- Up-to-date: /home/sunbi/ros/install/ur_cv_interfaces/share/ur_cv_interfaces/cmake/ur_cv_interfaces__rosidl_typesupport_cppExport.cmake
[2.008s] -- Up-to-date: /home/sunbi/ros/install/ur_cv_interfaces/share/ur_cv_interfaces/cmake/ur_cv_interfaces__rosidl_typesupport_cppExport-noconfig.cmake
[2.008s] -- Up-to-date: /home/sunbi/ros/install/ur_cv_interfaces/share/ur_cv_interfaces/cmake/export_ur_cv_interfaces__rosidl_generator_pyExport.cmake
[2.008s] -- Up-to-date: /home/sunbi/ros/install/ur_cv_interfaces/share/ur_cv_interfaces/cmake/export_ur_cv_interfaces__rosidl_generator_pyExport-noconfig.cmake
[2.009s] -- Up-to-date: /home/sunbi/ros/install/ur_cv_interfaces/share/ur_cv_interfaces/cmake/rosidl_cmake-extras.cmake
[2.010s] -- Up-to-date: /home/sunbi/ros/install/ur_cv_interfaces/share/ur_cv_interfaces/cmake/ament_cmake_export_dependencies-extras.cmake
[2.011s] -- Up-to-date: /home/sunbi/ros/install/ur_cv_interfaces/share/ur_cv_interfaces/cmake/ament_cmake_export_include_directories-extras.cmake
[2.011s] -- Up-to-date: /home/sunbi/ros/install/ur_cv_interfaces/share/ur_cv_interfaces/cmake/ament_cmake_export_libraries-extras.cmake
[2.011s] -- Up-to-date: /home/sunbi/ros/install/ur_cv_interfaces/share/ur_cv_interfaces/cmake/ament_cmake_export_targets-extras.cmake
[2.011s] -- Up-to-date: /home/sunbi/ros/install/ur_cv_interfaces/share/ur_cv_interfaces/cmake/rosidl_cmake_export_typesupport_targets-extras.cmake
[2.012s] -- Up-to-date: /home/sunbi/ros/install/ur_cv_interfaces/share/ur_cv_interfaces/cmake/rosidl_cmake_export_typesupport_libraries-extras.cmake
[2.012s] -- Up-to-date: /home/sunbi/ros/install/ur_cv_interfaces/share/ur_cv_interfaces/cmake/ur_cv_interfacesConfig.cmake
[2.015s] -- Up-to-date: /home/sunbi/ros/install/ur_cv_interfaces/share/ur_cv_interfaces/cmake/ur_cv_interfacesConfig-version.cmake
[2.016s] -- Up-to-date: /home/sunbi/ros/install/ur_cv_interfaces/share/ur_cv_interfaces/package.xml
[2.039s] Invoked command in '/home/sunbi/ros/build/ur_cv_interfaces' returned '0': CMAKE_PREFIX_PATH=${CMAKE_PREFIX_PATH}:/home/sunbi/ros/install/ur_cv_moveit:/opt/ros/humble /usr/bin/cmake --install /home/sunbi/ros/build/ur_cv_interfaces
