[0.013s] Invoking command in '/home/sunbi/ros2_ws/build/ur_simulation_gazebo': CMAKE_PREFIX_PATH=${CMAKE_PREFIX_PATH}:/opt/ros/humble /usr/bin/cmake /home/sunbi/ros2_ws/src/Universal_Robots_ROS2_Gazebo_Simulation/ur_simulation_gazebo -DCMAKE_INSTALL_PREFIX=/home/sunbi/ros2_ws/install/ur_simulation_gazebo
[0.166s] -- The C compiler identification is GNU 11.4.0
[0.311s] -- The CXX compiler identification is GNU 11.4.0
[0.322s] -- Detecting C compiler ABI info
[0.423s] -- Detecting C compiler ABI info - done
[0.428s] -- Check for working C compiler: /usr/bin/cc - skipped
[0.432s] -- Detecting C compile features
[0.433s] -- Detecting C compile features - done
[0.437s] -- Detecting CXX compiler ABI info
[0.541s] -- Detecting CXX compiler ABI info - done
[0.548s] -- Check for working CXX compiler: /usr/bin/c++ - skipped
[0.548s] -- Detecting CXX compile features
[0.548s] -- Detecting CXX compile features - done
[0.557s] -- Found ament_cmake: 1.3.12 (/opt/ros/humble/share/ament_cmake/cmake)
[0.697s] -- Found Python3: /usr/bin/python3 (found version "3.10.12") found components: Interpreter 
[0.786s] -- Found rclcpp: 16.0.14 (/opt/ros/humble/share/rclcpp/cmake)
[0.863s] -- Found rosidl_generator_c: 3.1.7 (/opt/ros/humble/share/rosidl_generator_c/cmake)
[0.872s] -- Found rosidl_adapter: 3.1.7 (/opt/ros/humble/share/rosidl_adapter/cmake)
[0.888s] -- Found rosidl_generator_cpp: 3.1.7 (/opt/ros/humble/share/rosidl_generator_cpp/cmake)
[0.914s] -- Using all available rosidl_typesupport_c: rosidl_typesupport_fastrtps_c;rosidl_typesupport_introspection_c
[0.942s] -- Using all available rosidl_typesupport_cpp: rosidl_typesupport_fastrtps_cpp;rosidl_typesupport_introspection_cpp
[1.025s] -- Found rmw_implementation_cmake: 6.1.2 (/opt/ros/humble/share/rmw_implementation_cmake/cmake)
[1.031s] -- Found rmw_fastrtps_cpp: 6.2.8 (/opt/ros/humble/share/rmw_fastrtps_cpp/cmake)
[1.168s] -- Found OpenSSL: /usr/lib/x86_64-linux-gnu/libcrypto.so (found version "3.0.2")  
[1.201s] -- Found FastRTPS: /opt/ros/humble/include  
[1.245s] -- Using RMW implementation 'rmw_fastrtps_cpp' as default
[1.263s] -- Looking for pthread.h
[1.374s] -- Looking for pthread.h - found
[1.374s] -- Performing Test CMAKE_HAVE_LIBC_PTHREAD
[1.473s] -- Performing Test CMAKE_HAVE_LIBC_PTHREAD - Success
[1.474s] -- Found Threads: TRUE  
[1.566s] -- Found gazebo_ros: 3.9.0 (/opt/ros/humble/share/gazebo_ros/cmake)
[1.584s] -- Found PkgConfig: /usr/bin/pkg-config (found version "0.29.2") 
[1.586s] -- Checking for module 'bullet>=2.82'
[1.606s] --   Found bullet, version 3.05
[1.761s] -- Found fcl: /usr/include (found suitable version "0.7.0", minimum required is "0.5.0") 
[1.830s] -- Found assimp: /usr/include (found version "5.2.0") 
[1.862s] -- Found DART: /usr/include (Required is at least version "6.6") found components: dart 
[1.901s] -- Found Boost: /usr/lib/x86_64-linux-gnu/cmake/Boost-1.74.0/BoostConfig.cmake (found suitable version "1.74.0", minimum required is "1.40.0") found components: thread system filesystem program_options regex iostreams date_time 
[1.929s] -- Found Protobuf: /usr/lib/x86_64-linux-gnu/libprotobuf.so (found version "3.12.4") 
[1.937s] -- Looking for ignition-math6 -- found version 6.15.1
[1.951s] -- Searching for dependencies of ignition-math6
[1.954s] -- Looking for OGRE...
[1.955s] -- OGRE_PREFIX_WATCH changed.
[1.962s] -- Checking for module 'OGRE'
[1.977s] --   Found OGRE, version 1.9.0
[2.026s] -- Found Ogre Ghadamon (1.9.0)
[2.034s] -- Found OGRE: optimized;/usr/lib/x86_64-linux-gnu/libOgreMain.so;debug;/usr/lib/x86_64-linux-gnu/libOgreMain.so
[2.044s] -- Looking for OGRE_Paging...
[2.050s] -- Found OGRE_Paging: optimized;/usr/lib/x86_64-linux-gnu/libOgrePaging.so;debug;/usr/lib/x86_64-linux-gnu/libOgrePaging.so
[2.050s] -- Looking for OGRE_Terrain...
[2.055s] -- Found OGRE_Terrain: optimized;/usr/lib/x86_64-linux-gnu/libOgreTerrain.so;debug;/usr/lib/x86_64-linux-gnu/libOgreTerrain.so
[2.055s] -- Looking for OGRE_Property...
[2.059s] -- Found OGRE_Property: optimized;/usr/lib/x86_64-linux-gnu/libOgreProperty.so;debug;/usr/lib/x86_64-linux-gnu/libOgreProperty.so
[2.060s] -- Looking for OGRE_RTShaderSystem...
[2.064s] -- Found OGRE_RTShaderSystem: optimized;/usr/lib/x86_64-linux-gnu/libOgreRTShaderSystem.so;debug;/usr/lib/x86_64-linux-gnu/libOgreRTShaderSystem.so
[2.064s] -- Looking for OGRE_Volume...
[2.069s] -- Found OGRE_Volume: optimized;/usr/lib/x86_64-linux-gnu/libOgreVolume.so;debug;/usr/lib/x86_64-linux-gnu/libOgreVolume.so
[2.069s] -- Looking for OGRE_Overlay...
[2.073s] -- Found OGRE_Overlay: optimized;/usr/lib/x86_64-linux-gnu/libOgreOverlay.so;debug;/usr/lib/x86_64-linux-gnu/libOgreOverlay.so
[2.168s] -- Looking for ignition-math6 -- found version 6.15.1
[2.172s] -- Looking for ignition-transport8 -- found version 8.2.1
[2.172s] -- Searching for dependencies of ignition-transport8
[2.191s] -- Found Protobuf: /usr/lib/x86_64-linux-gnu/libprotobuf.so (found suitable version "3.12.4", minimum required is "3") 
[2.205s] -- Config-file not installed for ZeroMQ -- checking for pkg-config
[2.211s] -- Checking for module 'libzmq >= 4'
[2.236s] --   Found libzmq , version 4.3.4
[2.286s] -- Found ZeroMQ: TRUE (Required is at least version "4") 
[2.297s] -- Checking for module 'uuid'
[2.313s] --   Found uuid, version 2.37.2
[2.358s] -- Found UUID: TRUE  
[2.363s] -- Looking for ignition-msgs5 -- found version 5.8.1
[2.364s] -- Searching for dependencies of ignition-msgs5
[2.384s] -- Looking for ignition-math6 -- found version 6.15.1
[2.390s] -- Checking for module 'tinyxml2'
[2.408s] --   Found tinyxml2, version 9.0.0
[2.457s] -- Looking for ignition-msgs5 -- found version 5.8.1
[2.461s] -- Looking for ignition-common3 -- found version 3.14.0
[2.461s] -- Searching for dependencies of ignition-common3
[2.462s] -- Looking for dlfcn.h - found
[2.463s] -- Looking for libdl - found
[2.464s] -- Found DL: TRUE  
[2.479s] -- Found tinyobjloader: /usr/lib/x86_64-linux-gnu/cmake/tinyobjloader/tinyobjloader-config.cmake (found version "2.0.0") 
[2.480s] -- Searching for <ignition-common3> component [graphics]
[2.482s] -- Looking for ignition-common3-graphics -- found version 3.14.0
[2.483s] -- Searching for dependencies of ignition-common3-graphics
[2.483s] -- Looking for ignition-math6 -- found version 6.15.1
[2.488s] -- Looking for ignition-fuel_tools4 -- found version 4.4.0
[2.488s] -- Searching for dependencies of ignition-fuel_tools4
[2.589s] -- Found CURL: /usr/lib/x86_64-linux-gnu/libcurl.so (found version "7.81.0")  
[2.601s] -- Checking for module 'jsoncpp'
[2.619s] --   Found jsoncpp, version 1.9.5
[2.665s] -- Found JSONCPP: TRUE  
[2.675s] -- Checking for module 'libzip'
[2.692s] --   Found libzip, version 1.7.3
[2.736s] -- Found ZIP: TRUE  
[2.737s] -- Looking for ignition-common3 -- found version 3.14.0
[2.738s] -- Looking for ignition-math6 -- found version 6.15.1
[2.738s] -- Looking for ignition-msgs5 -- found version 5.8.1
[2.746s] -- Gazebo version: 11.10
[2.747s] -- Checking for module 'tbb'
[2.767s] --   Found tbb, version 2021.5.0
[2.819s] -- Found gazebo_msgs: 3.9.0 (/opt/ros/humble/share/gazebo_msgs/cmake)
[2.902s] -- Found launch_testing_ament_cmake: 1.0.10 (/opt/ros/humble/share/launch_testing_ament_cmake/cmake)
[2.905s] -- Found python_cmake_module: 0.10.0 (/opt/ros/humble/share/python_cmake_module/cmake)
[2.926s] -- Found PythonInterp: /usr/bin/python3 (found suitable version "3.10.12", minimum required is "3.6") 
[2.935s] -- Found PythonLibs: /usr/lib/x86_64-linux-gnu/libpython3.10.so (found suitable version "3.10.12", minimum required is "3.5") 
[2.935s] -- Using PYTHON_EXECUTABLE: /usr/bin/python3
[2.935s] -- Using PYTHON_INCLUDE_DIRS: /usr/include/python3.10
[2.935s] -- Using PYTHON_LIBRARIES: /usr/lib/x86_64-linux-gnu/libpython3.10.so
[2.955s] -- Found PythonExtra: .so  
[2.957s] -- Found ament_cmake_pytest: 1.3.12 (/opt/ros/humble/share/ament_cmake_pytest/cmake)
[3.018s] -- Configuring done
[3.050s] -- Generating done
[3.056s] -- Build files have been written to: /home/sunbi/ros2_ws/build/ur_simulation_gazebo
[3.071s] Invoked command in '/home/sunbi/ros2_ws/build/ur_simulation_gazebo' returned '0': CMAKE_PREFIX_PATH=${CMAKE_PREFIX_PATH}:/opt/ros/humble /usr/bin/cmake /home/sunbi/ros2_ws/src/Universal_Robots_ROS2_Gazebo_Simulation/ur_simulation_gazebo -DCMAKE_INSTALL_PREFIX=/home/sunbi/ros2_ws/install/ur_simulation_gazebo
[3.074s] Invoking command in '/home/sunbi/ros2_ws/build/ur_simulation_gazebo': CMAKE_PREFIX_PATH=${CMAKE_PREFIX_PATH}:/opt/ros/humble /usr/bin/cmake --build /home/sunbi/ros2_ws/build/ur_simulation_gazebo -- -j4 -l4
[3.139s] [ 50%] [32mBuilding CXX object CMakeFiles/elevator_button_plugin.dir/plugins/elevator_button_plugin.cpp.o[0m
[28.394s] [100%] [32m[1mLinking CXX shared library libelevator_button_plugin.so[0m
[28.868s] [100%] Built target elevator_button_plugin
[28.885s] Invoked command in '/home/sunbi/ros2_ws/build/ur_simulation_gazebo' returned '0': CMAKE_PREFIX_PATH=${CMAKE_PREFIX_PATH}:/opt/ros/humble /usr/bin/cmake --build /home/sunbi/ros2_ws/build/ur_simulation_gazebo -- -j4 -l4
[28.899s] Invoking command in '/home/sunbi/ros2_ws/build/ur_simulation_gazebo': CMAKE_PREFIX_PATH=${CMAKE_PREFIX_PATH}:/opt/ros/humble /usr/bin/cmake --install /home/sunbi/ros2_ws/build/ur_simulation_gazebo
[28.907s] -- Install configuration: ""
[28.907s] -- Installing: /home/sunbi/ros2_ws/install/ur_simulation_gazebo/share/ur_simulation_gazebo/config
[28.907s] -- Installing: /home/sunbi/ros2_ws/install/ur_simulation_gazebo/share/ur_simulation_gazebo/config/ur_controllers.yaml
[28.912s] -- Installing: /home/sunbi/ros2_ws/install/ur_simulation_gazebo/share/ur_simulation_gazebo/launch
[28.912s] -- Installing: /home/sunbi/ros2_ws/install/ur_simulation_gazebo/share/ur_simulation_gazebo/launch/ur_sim_control.launch.py
[28.913s] -- Installing: /home/sunbi/ros2_ws/install/ur_simulation_gazebo/share/ur_simulation_gazebo/launch/ur5e_elevator.launch.py
[28.913s] -- Installing: /home/sunbi/ros2_ws/install/ur_simulation_gazebo/share/ur_simulation_gazebo/launch/ur_sim_moveit.launch.py
[28.914s] -- Installing: /home/sunbi/ros2_ws/install/ur_simulation_gazebo/share/ur_simulation_gazebo/worlds
[28.914s] -- Installing: /home/sunbi/ros2_ws/install/ur_simulation_gazebo/share/ur_simulation_gazebo/worlds/elevator.world
[28.914s] -- Installing: /home/sunbi/ros2_ws/install/ur_simulation_gazebo/lib/libelevator_button_plugin.so
[28.918s] -- Set runtime path of "/home/sunbi/ros2_ws/install/ur_simulation_gazebo/lib/libelevator_button_plugin.so" to ""
[28.918s] -- Installing: /home/sunbi/ros2_ws/install/ur_simulation_gazebo/share/ament_index/resource_index/package_run_dependencies/ur_simulation_gazebo
[28.919s] -- Installing: /home/sunbi/ros2_ws/install/ur_simulation_gazebo/share/ament_index/resource_index/parent_prefix_path/ur_simulation_gazebo
[28.919s] -- Installing: /home/sunbi/ros2_ws/install/ur_simulation_gazebo/share/ur_simulation_gazebo/environment/ament_prefix_path.sh
[28.919s] -- Installing: /home/sunbi/ros2_ws/install/ur_simulation_gazebo/share/ur_simulation_gazebo/environment/ament_prefix_path.dsv
[28.919s] -- Installing: /home/sunbi/ros2_ws/install/ur_simulation_gazebo/share/ur_simulation_gazebo/environment/path.sh
[28.919s] -- Installing: /home/sunbi/ros2_ws/install/ur_simulation_gazebo/share/ur_simulation_gazebo/environment/path.dsv
[28.919s] -- Installing: /home/sunbi/ros2_ws/install/ur_simulation_gazebo/share/ur_simulation_gazebo/local_setup.bash
[28.920s] -- Installing: /home/sunbi/ros2_ws/install/ur_simulation_gazebo/share/ur_simulation_gazebo/local_setup.sh
[28.920s] -- Installing: /home/sunbi/ros2_ws/install/ur_simulation_gazebo/share/ur_simulation_gazebo/local_setup.zsh
[28.920s] -- Installing: /home/sunbi/ros2_ws/install/ur_simulation_gazebo/share/ur_simulation_gazebo/local_setup.dsv
[28.920s] -- Installing: /home/sunbi/ros2_ws/install/ur_simulation_gazebo/share/ur_simulation_gazebo/package.dsv
[28.920s] -- Installing: /home/sunbi/ros2_ws/install/ur_simulation_gazebo/share/ament_index/resource_index/packages/ur_simulation_gazebo
[28.921s] -- Installing: /home/sunbi/ros2_ws/install/ur_simulation_gazebo/share/ur_simulation_gazebo/cmake/ur_simulation_gazeboConfig.cmake
[28.921s] -- Installing: /home/sunbi/ros2_ws/install/ur_simulation_gazebo/share/ur_simulation_gazebo/cmake/ur_simulation_gazeboConfig-version.cmake
[28.921s] -- Installing: /home/sunbi/ros2_ws/install/ur_simulation_gazebo/share/ur_simulation_gazebo/package.xml
[28.924s] Invoked command in '/home/sunbi/ros2_ws/build/ur_simulation_gazebo' returned '0': CMAKE_PREFIX_PATH=${CMAKE_PREFIX_PATH}:/opt/ros/humble /usr/bin/cmake --install /home/sunbi/ros2_ws/build/ur_simulation_gazebo
