[0.109s] [34mcolcon[0m [1;30mDEBUG[0m [32mCommand line arguments: ['/usr/bin/colcon', 'build'][0m
[0.109s] [34mcolcon[0m [1;30mDEBUG[0m [32mParsed command line arguments: Namespace(log_base=None, log_level=None, verb_name='build', build_base='build', install_base='install', merge_install=False, symlink_install=False, test_result_base=None, continue_on_error=False, executor='parallel', parallel_workers=4, event_handlers=None, ignore_user_meta=False, metas=['./colcon.meta'], base_paths=['.'], packages_ignore=None, packages_ignore_regex=None, paths=None, packages_up_to=None, packages_up_to_regex=None, packages_above=None, packages_above_and_dependencies=None, packages_above_depth=None, packages_select_by_dep=None, packages_skip_by_dep=None, packages_skip_up_to=None, packages_select_build_failed=False, packages_skip_build_finished=False, packages_select_test_failures=False, packages_skip_test_passed=False, packages_select=None, packages_skip=None, packages_select_regex=None, packages_skip_regex=None, packages_start=None, packages_end=None, allow_overriding=[], cmake_args=None, cmake_target=None, cmake_target_skip_unavailable=False, cmake_clean_cache=False, cmake_clean_first=False, cmake_force_configure=False, ament_cmake_args=None, catkin_cmake_args=None, catkin_skip_building_tests=False, verb_parser=<colcon_defaults.argument_parser.defaults.DefaultArgumentsDecorator object at 0x703478bf2ec0>, verb_extension=<colcon_core.verb.build.BuildVerb object at 0x703478bf28c0>, main=<bound method BuildVerb.main of <colcon_core.verb.build.BuildVerb object at 0x703478bf28c0>>)[0m
[0.274s] [34mcolcon.colcon_core.package_discovery[0m [1;30mLevel 1[0m discover_packages(colcon_meta) check parameters
[0.275s] [34mcolcon.colcon_core.package_discovery[0m [1;30mLevel 1[0m discover_packages(recursive) check parameters
[0.275s] [34mcolcon.colcon_core.package_discovery[0m [1;30mLevel 1[0m discover_packages(ignore) check parameters
[0.275s] [34mcolcon.colcon_core.package_discovery[0m [1;30mLevel 1[0m discover_packages(path) check parameters
[0.275s] [34mcolcon.colcon_core.package_discovery[0m [1;30mLevel 1[0m discover_packages(colcon_meta) discover
[0.275s] [34mcolcon.colcon_core.package_discovery[0m [1;30mLevel 1[0m discover_packages(recursive) discover
[0.275s] [34mcolcon.colcon_core.package_discovery[0m [1;30mINFO[0m Crawling recursively for packages in '/home/sunbi/ros'
[0.275s] [34mcolcon.colcon_core.package_identification[0m [1;30mLevel 1[0m _identify(.) by extensions ['ignore', 'ignore_ament_install']
[0.275s] [34mcolcon.colcon_core.package_identification[0m [1;30mLevel 1[0m _identify(.) by extension 'ignore'
[0.276s] [34mcolcon.colcon_core.package_identification[0m [1;30mLevel 1[0m _identify(.) by extension 'ignore_ament_install'
[0.276s] [34mcolcon.colcon_core.package_identification[0m [1;30mLevel 1[0m _identify(.) by extensions ['colcon_pkg']
[0.276s] [34mcolcon.colcon_core.package_identification[0m [1;30mLevel 1[0m _identify(.) by extension 'colcon_pkg'
[0.276s] [34mcolcon.colcon_core.package_identification[0m [1;30mLevel 1[0m _identify(.) by extensions ['colcon_meta']
[0.276s] [34mcolcon.colcon_core.package_identification[0m [1;30mLevel 1[0m _identify(.) by extension 'colcon_meta'
[0.276s] [34mcolcon.colcon_core.package_identification[0m [1;30mLevel 1[0m _identify(.) by extensions ['ros']
[0.276s] [34mcolcon.colcon_core.package_identification[0m [1;30mLevel 1[0m _identify(.) by extension 'ros'
[0.286s] [34mcolcon.colcon_core.package_identification[0m [1;30mLevel 1[0m _identify(.) by extensions ['cmake', 'python']
[0.286s] [34mcolcon.colcon_core.package_identification[0m [1;30mLevel 1[0m _identify(.) by extension 'cmake'
[0.286s] [34mcolcon.colcon_core.package_identification[0m [1;30mLevel 1[0m _identify(.) by extension 'python'
[0.286s] [34mcolcon.colcon_core.package_identification[0m [1;30mLevel 1[0m _identify(.) by extensions ['python_setup_py']
[0.286s] [34mcolcon.colcon_core.package_identification[0m [1;30mLevel 1[0m _identify(.) by extension 'python_setup_py'
[0.287s] [34mcolcon.colcon_core.package_identification[0m [1;30mLevel 1[0m _identify(build) by extensions ['ignore', 'ignore_ament_install']
[0.287s] [34mcolcon.colcon_core.package_identification[0m [1;30mLevel 1[0m _identify(build) by extension 'ignore'
[0.287s] [34mcolcon.colcon_core.package_identification[0m [1;30mLevel 1[0m _identify(build) ignored
[0.287s] [34mcolcon.colcon_core.package_identification[0m [1;30mLevel 1[0m _identify(capstone_ur5e_sim) by extensions ['ignore', 'ignore_ament_install']
[0.287s] [34mcolcon.colcon_core.package_identification[0m [1;30mLevel 1[0m _identify(capstone_ur5e_sim) by extension 'ignore'
[0.287s] [34mcolcon.colcon_core.package_identification[0m [1;30mLevel 1[0m _identify(capstone_ur5e_sim) by extension 'ignore_ament_install'
[0.287s] [34mcolcon.colcon_core.package_identification[0m [1;30mLevel 1[0m _identify(capstone_ur5e_sim) by extensions ['colcon_pkg']
[0.287s] [34mcolcon.colcon_core.package_identification[0m [1;30mLevel 1[0m _identify(capstone_ur5e_sim) by extension 'colcon_pkg'
[0.287s] [34mcolcon.colcon_core.package_identification[0m [1;30mLevel 1[0m _identify(capstone_ur5e_sim) by extensions ['colcon_meta']
[0.287s] [34mcolcon.colcon_core.package_identification[0m [1;30mLevel 1[0m _identify(capstone_ur5e_sim) by extension 'colcon_meta'
[0.287s] [34mcolcon.colcon_core.package_identification[0m [1;30mLevel 1[0m _identify(capstone_ur5e_sim) by extensions ['ros']
[0.287s] [34mcolcon.colcon_core.package_identification[0m [1;30mLevel 1[0m _identify(capstone_ur5e_sim) by extension 'ros'
[0.288s] [34mcolcon.colcon_core.package_identification[0m [1;30mLevel 1[0m _identify(capstone_ur5e_sim) by extensions ['cmake', 'python']
[0.288s] [34mcolcon.colcon_core.package_identification[0m [1;30mLevel 1[0m _identify(capstone_ur5e_sim) by extension 'cmake'
[0.288s] [34mcolcon.colcon_core.package_identification[0m [1;30mLevel 1[0m _identify(capstone_ur5e_sim) by extension 'python'
[0.288s] [34mcolcon.colcon_core.package_identification[0m [1;30mLevel 1[0m _identify(capstone_ur5e_sim) by extensions ['python_setup_py']
[0.288s] [34mcolcon.colcon_core.package_identification[0m [1;30mLevel 1[0m _identify(capstone_ur5e_sim) by extension 'python_setup_py'
[0.288s] [34mcolcon.colcon_core.package_identification[0m [1;30mLevel 1[0m _identify(capstone_ur5e_sim/src) by extensions ['ignore', 'ignore_ament_install']
[0.288s] [34mcolcon.colcon_core.package_identification[0m [1;30mLevel 1[0m _identify(capstone_ur5e_sim/src) by extension 'ignore'
[0.288s] [34mcolcon.colcon_core.package_identification[0m [1;30mLevel 1[0m _identify(capstone_ur5e_sim/src) by extension 'ignore_ament_install'
[0.288s] [34mcolcon.colcon_core.package_identification[0m [1;30mLevel 1[0m _identify(capstone_ur5e_sim/src) by extensions ['colcon_pkg']
[0.288s] [34mcolcon.colcon_core.package_identification[0m [1;30mLevel 1[0m _identify(capstone_ur5e_sim/src) by extension 'colcon_pkg'
[0.288s] [34mcolcon.colcon_core.package_identification[0m [1;30mLevel 1[0m _identify(capstone_ur5e_sim/src) by extensions ['colcon_meta']
[0.288s] [34mcolcon.colcon_core.package_identification[0m [1;30mLevel 1[0m _identify(capstone_ur5e_sim/src) by extension 'colcon_meta'
[0.288s] [34mcolcon.colcon_core.package_identification[0m [1;30mLevel 1[0m _identify(capstone_ur5e_sim/src) by extensions ['ros']
[0.288s] [34mcolcon.colcon_core.package_identification[0m [1;30mLevel 1[0m _identify(capstone_ur5e_sim/src) by extension 'ros'
[0.288s] [34mcolcon.colcon_core.package_identification[0m [1;30mLevel 1[0m _identify(capstone_ur5e_sim/src) by extensions ['cmake', 'python']
[0.288s] [34mcolcon.colcon_core.package_identification[0m [1;30mLevel 1[0m _identify(capstone_ur5e_sim/src) by extension 'cmake'
[0.288s] [34mcolcon.colcon_core.package_identification[0m [1;30mLevel 1[0m _identify(capstone_ur5e_sim/src) by extension 'python'
[0.288s] [34mcolcon.colcon_core.package_identification[0m [1;30mLevel 1[0m _identify(capstone_ur5e_sim/src) by extensions ['python_setup_py']
[0.288s] [34mcolcon.colcon_core.package_identification[0m [1;30mLevel 1[0m _identify(capstone_ur5e_sim/src) by extension 'python_setup_py'
[0.289s] [34mcolcon.colcon_core.package_identification[0m [1;30mLevel 1[0m _identify(capstone_ur5e_sim/src/Universal_Robots_ROS2_Description) by extensions ['ignore', 'ignore_ament_install']
[0.289s] [34mcolcon.colcon_core.package_identification[0m [1;30mLevel 1[0m _identify(capstone_ur5e_sim/src/Universal_Robots_ROS2_Description) by extension 'ignore'
[0.289s] [34mcolcon.colcon_core.package_identification[0m [1;30mLevel 1[0m _identify(capstone_ur5e_sim/src/Universal_Robots_ROS2_Description) by extension 'ignore_ament_install'
[0.289s] [34mcolcon.colcon_core.package_identification[0m [1;30mLevel 1[0m _identify(capstone_ur5e_sim/src/Universal_Robots_ROS2_Description) by extensions ['colcon_pkg']
[0.289s] [34mcolcon.colcon_core.package_identification[0m [1;30mLevel 1[0m _identify(capstone_ur5e_sim/src/Universal_Robots_ROS2_Description) by extension 'colcon_pkg'
[0.289s] [34mcolcon.colcon_core.package_identification[0m [1;30mLevel 1[0m _identify(capstone_ur5e_sim/src/Universal_Robots_ROS2_Description) by extensions ['colcon_meta']
[0.289s] [34mcolcon.colcon_core.package_identification[0m [1;30mLevel 1[0m _identify(capstone_ur5e_sim/src/Universal_Robots_ROS2_Description) by extension 'colcon_meta'
[0.289s] [34mcolcon.colcon_core.package_identification[0m [1;30mLevel 1[0m _identify(capstone_ur5e_sim/src/Universal_Robots_ROS2_Description) by extensions ['ros']
[0.289s] [34mcolcon.colcon_core.package_identification[0m [1;30mLevel 1[0m _identify(capstone_ur5e_sim/src/Universal_Robots_ROS2_Description) by extension 'ros'
[0.292s] [34mcolcon.colcon_core.package_identification[0m [1;30mDEBUG[0m [32mPackage 'capstone_ur5e_sim/src/Universal_Robots_ROS2_Description' with type 'ros.ament_cmake' and name 'ur_description'[0m
[0.292s] [34mcolcon.colcon_core.package_identification[0m [1;30mLevel 1[0m _identify(capstone_ur5e_sim/src/Universal_Robots_ROS2_Gazebo_Simulation) by extensions ['ignore', 'ignore_ament_install']
[0.293s] [34mcolcon.colcon_core.package_identification[0m [1;30mLevel 1[0m _identify(capstone_ur5e_sim/src/Universal_Robots_ROS2_Gazebo_Simulation) by extension 'ignore'
[0.293s] [34mcolcon.colcon_core.package_identification[0m [1;30mLevel 1[0m _identify(capstone_ur5e_sim/src/Universal_Robots_ROS2_Gazebo_Simulation) by extension 'ignore_ament_install'
[0.293s] [34mcolcon.colcon_core.package_identification[0m [1;30mLevel 1[0m _identify(capstone_ur5e_sim/src/Universal_Robots_ROS2_Gazebo_Simulation) by extensions ['colcon_pkg']
[0.293s] [34mcolcon.colcon_core.package_identification[0m [1;30mLevel 1[0m _identify(capstone_ur5e_sim/src/Universal_Robots_ROS2_Gazebo_Simulation) by extension 'colcon_pkg'
[0.293s] [34mcolcon.colcon_core.package_identification[0m [1;30mLevel 1[0m _identify(capstone_ur5e_sim/src/Universal_Robots_ROS2_Gazebo_Simulation) by extensions ['colcon_meta']
[0.293s] [34mcolcon.colcon_core.package_identification[0m [1;30mLevel 1[0m _identify(capstone_ur5e_sim/src/Universal_Robots_ROS2_Gazebo_Simulation) by extension 'colcon_meta'
[0.293s] [34mcolcon.colcon_core.package_identification[0m [1;30mLevel 1[0m _identify(capstone_ur5e_sim/src/Universal_Robots_ROS2_Gazebo_Simulation) by extensions ['ros']
[0.293s] [34mcolcon.colcon_core.package_identification[0m [1;30mLevel 1[0m _identify(capstone_ur5e_sim/src/Universal_Robots_ROS2_Gazebo_Simulation) by extension 'ros'
[0.293s] [34mcolcon.colcon_core.package_identification[0m [1;30mLevel 1[0m _identify(capstone_ur5e_sim/src/Universal_Robots_ROS2_Gazebo_Simulation) by extensions ['cmake', 'python']
[0.293s] [34mcolcon.colcon_core.package_identification[0m [1;30mLevel 1[0m _identify(capstone_ur5e_sim/src/Universal_Robots_ROS2_Gazebo_Simulation) by extension 'cmake'
[0.294s] [34mcolcon.colcon_core.package_identification[0m [1;30mLevel 1[0m _identify(capstone_ur5e_sim/src/Universal_Robots_ROS2_Gazebo_Simulation) by extension 'python'
[0.294s] [34mcolcon.colcon_core.package_identification[0m [1;30mLevel 1[0m _identify(capstone_ur5e_sim/src/Universal_Robots_ROS2_Gazebo_Simulation) by extensions ['python_setup_py']
[0.294s] [34mcolcon.colcon_core.package_identification[0m [1;30mLevel 1[0m _identify(capstone_ur5e_sim/src/Universal_Robots_ROS2_Gazebo_Simulation) by extension 'python_setup_py'
[0.294s] [34mcolcon.colcon_core.package_identification[0m [1;30mLevel 1[0m _identify(capstone_ur5e_sim/src/Universal_Robots_ROS2_Gazebo_Simulation/ur_simulation_gazebo) by extensions ['ignore', 'ignore_ament_install']
[0.294s] [34mcolcon.colcon_core.package_identification[0m [1;30mLevel 1[0m _identify(capstone_ur5e_sim/src/Universal_Robots_ROS2_Gazebo_Simulation/ur_simulation_gazebo) by extension 'ignore'
[0.294s] [34mcolcon.colcon_core.package_identification[0m [1;30mLevel 1[0m _identify(capstone_ur5e_sim/src/Universal_Robots_ROS2_Gazebo_Simulation/ur_simulation_gazebo) by extension 'ignore_ament_install'
[0.294s] [34mcolcon.colcon_core.package_identification[0m [1;30mLevel 1[0m _identify(capstone_ur5e_sim/src/Universal_Robots_ROS2_Gazebo_Simulation/ur_simulation_gazebo) by extensions ['colcon_pkg']
[0.294s] [34mcolcon.colcon_core.package_identification[0m [1;30mLevel 1[0m _identify(capstone_ur5e_sim/src/Universal_Robots_ROS2_Gazebo_Simulation/ur_simulation_gazebo) by extension 'colcon_pkg'
[0.294s] [34mcolcon.colcon_core.package_identification[0m [1;30mLevel 1[0m _identify(capstone_ur5e_sim/src/Universal_Robots_ROS2_Gazebo_Simulation/ur_simulation_gazebo) by extensions ['colcon_meta']
[0.294s] [34mcolcon.colcon_core.package_identification[0m [1;30mLevel 1[0m _identify(capstone_ur5e_sim/src/Universal_Robots_ROS2_Gazebo_Simulation/ur_simulation_gazebo) by extension 'colcon_meta'
[0.294s] [34mcolcon.colcon_core.package_identification[0m [1;30mLevel 1[0m _identify(capstone_ur5e_sim/src/Universal_Robots_ROS2_Gazebo_Simulation/ur_simulation_gazebo) by extensions ['ros']
[0.294s] [34mcolcon.colcon_core.package_identification[0m [1;30mLevel 1[0m _identify(capstone_ur5e_sim/src/Universal_Robots_ROS2_Gazebo_Simulation/ur_simulation_gazebo) by extension 'ros'
[0.295s] [34mcolcon.colcon_core.package_identification[0m [1;30mDEBUG[0m [32mPackage 'capstone_ur5e_sim/src/Universal_Robots_ROS2_Gazebo_Simulation/ur_simulation_gazebo' with type 'ros.ament_cmake' and name 'ur_simulation_gazebo'[0m
[0.295s] [34mcolcon.colcon_core.package_identification[0m [1;30mLevel 1[0m _identify(capstone_ur5e_sim/src/ur_cv_interfaces) by extensions ['ignore', 'ignore_ament_install']
[0.295s] [34mcolcon.colcon_core.package_identification[0m [1;30mLevel 1[0m _identify(capstone_ur5e_sim/src/ur_cv_interfaces) by extension 'ignore'
[0.295s] [34mcolcon.colcon_core.package_identification[0m [1;30mLevel 1[0m _identify(capstone_ur5e_sim/src/ur_cv_interfaces) by extension 'ignore_ament_install'
[0.295s] [34mcolcon.colcon_core.package_identification[0m [1;30mLevel 1[0m _identify(capstone_ur5e_sim/src/ur_cv_interfaces) by extensions ['colcon_pkg']
[0.296s] [34mcolcon.colcon_core.package_identification[0m [1;30mLevel 1[0m _identify(capstone_ur5e_sim/src/ur_cv_interfaces) by extension 'colcon_pkg'
[0.296s] [34mcolcon.colcon_core.package_identification[0m [1;30mLevel 1[0m _identify(capstone_ur5e_sim/src/ur_cv_interfaces) by extensions ['colcon_meta']
[0.296s] [34mcolcon.colcon_core.package_identification[0m [1;30mLevel 1[0m _identify(capstone_ur5e_sim/src/ur_cv_interfaces) by extension 'colcon_meta'
[0.296s] [34mcolcon.colcon_core.package_identification[0m [1;30mLevel 1[0m _identify(capstone_ur5e_sim/src/ur_cv_interfaces) by extensions ['ros']
[0.296s] [34mcolcon.colcon_core.package_identification[0m [1;30mLevel 1[0m _identify(capstone_ur5e_sim/src/ur_cv_interfaces) by extension 'ros'
[0.296s] [34mcolcon.colcon_core.package_identification[0m [1;30mDEBUG[0m [32mPackage 'capstone_ur5e_sim/src/ur_cv_interfaces' with type 'ros.ament_cmake' and name 'ur_cv_interfaces'[0m
[0.296s] [34mcolcon.colcon_core.package_identification[0m [1;30mLevel 1[0m _identify(capstone_ur5e_sim/src/ur_cv_moveit) by extensions ['ignore', 'ignore_ament_install']
[0.297s] [34mcolcon.colcon_core.package_identification[0m [1;30mLevel 1[0m _identify(capstone_ur5e_sim/src/ur_cv_moveit) by extension 'ignore'
[0.297s] [34mcolcon.colcon_core.package_identification[0m [1;30mLevel 1[0m _identify(capstone_ur5e_sim/src/ur_cv_moveit) by extension 'ignore_ament_install'
[0.297s] [34mcolcon.colcon_core.package_identification[0m [1;30mLevel 1[0m _identify(capstone_ur5e_sim/src/ur_cv_moveit) by extensions ['colcon_pkg']
[0.297s] [34mcolcon.colcon_core.package_identification[0m [1;30mLevel 1[0m _identify(capstone_ur5e_sim/src/ur_cv_moveit) by extension 'colcon_pkg'
[0.297s] [34mcolcon.colcon_core.package_identification[0m [1;30mLevel 1[0m _identify(capstone_ur5e_sim/src/ur_cv_moveit) by extensions ['colcon_meta']
[0.297s] [34mcolcon.colcon_core.package_identification[0m [1;30mLevel 1[0m _identify(capstone_ur5e_sim/src/ur_cv_moveit) by extension 'colcon_meta'
[0.297s] [34mcolcon.colcon_core.package_identification[0m [1;30mLevel 1[0m _identify(capstone_ur5e_sim/src/ur_cv_moveit) by extensions ['ros']
[0.297s] [34mcolcon.colcon_core.package_identification[0m [1;30mLevel 1[0m _identify(capstone_ur5e_sim/src/ur_cv_moveit) by extension 'ros'
[0.297s] [34mcolcon.colcon_core.package_identification[0m [1;30mDEBUG[0m [32mPackage 'capstone_ur5e_sim/src/ur_cv_moveit' with type 'ros.ament_python' and name 'ur_cv_moveit'[0m
[0.298s] [34mcolcon.colcon_core.package_identification[0m [1;30mLevel 1[0m _identify(install) by extensions ['ignore', 'ignore_ament_install']
[0.298s] [34mcolcon.colcon_core.package_identification[0m [1;30mLevel 1[0m _identify(install) by extension 'ignore'
[0.298s] [34mcolcon.colcon_core.package_identification[0m [1;30mLevel 1[0m _identify(install) ignored
[0.298s] [34mcolcon.colcon_core.package_identification[0m [1;30mLevel 1[0m _identify(log) by extensions ['ignore', 'ignore_ament_install']
[0.298s] [34mcolcon.colcon_core.package_identification[0m [1;30mLevel 1[0m _identify(log) by extension 'ignore'
[0.298s] [34mcolcon.colcon_core.package_identification[0m [1;30mLevel 1[0m _identify(log) ignored
[0.298s] [34mcolcon.colcon_core.package_discovery[0m [1;30mLevel 1[0m discover_packages(recursive) using defaults
[0.298s] [34mcolcon.colcon_core.package_discovery[0m [1;30mLevel 1[0m discover_packages(ignore) discover
[0.299s] [34mcolcon.colcon_core.package_discovery[0m [1;30mLevel 1[0m discover_packages(ignore) using defaults
[0.299s] [34mcolcon.colcon_core.package_discovery[0m [1;30mLevel 1[0m discover_packages(path) discover
[0.299s] [34mcolcon.colcon_core.package_discovery[0m [1;30mLevel 1[0m discover_packages(path) using defaults
[0.329s] [34mcolcon.colcon_core.package_discovery[0m [1;30mLevel 1[0m discover_packages(prefix_path) check parameters
[0.329s] [34mcolcon.colcon_core.package_discovery[0m [1;30mLevel 1[0m discover_packages(prefix_path) discover
[0.330s] [34mcolcon.colcon_installed_package_information.package_discovery[0m [1;30mDEBUG[0m [32mFound 4 installed packages in /home/sunbi/ros/install[0m
[0.332s] [34mcolcon.colcon_installed_package_information.package_discovery[0m [1;30mDEBUG[0m [32mFound 372 installed packages in /opt/ros/humble[0m
[0.334s] [34mcolcon.colcon_core.package_discovery[0m [1;30mLevel 1[0m discover_packages(prefix_path) using defaults
[0.374s] [34mcolcon.colcon_core.package_selection[0m [1;30mWARNING[0m [33mSome selected packages are already built in one or more underlay workspaces:
	'ur_description' is in: /home/sunbi/ros/install/ur_description, /opt/ros/humble
If a package in a merged underlay workspace is overridden and it installs headers, then all packages in the overlay must sort their include directories by workspace order. Failure to do so may result in build failures or undefined behavior at run time.
If the overridden package is used by another package in any underlay, then the overriding package in the overlay must be API and ABI compatible or undefined behavior at run time may occur.

If you understand the risks and want to override a package anyways, add the following to the command line:
	--allow-overriding ur_description

This may be promoted to an error in a future release of colcon-override-check.[0m
[0.375s] [34mcolcon.colcon_core.verb[0m [1;30mLevel 5[0m set package 'ur_cv_interfaces' build argument 'cmake_args' from command line to 'None'
[0.375s] [34mcolcon.colcon_core.verb[0m [1;30mLevel 5[0m set package 'ur_cv_interfaces' build argument 'cmake_target' from command line to 'None'
[0.375s] [34mcolcon.colcon_core.verb[0m [1;30mLevel 5[0m set package 'ur_cv_interfaces' build argument 'cmake_target_skip_unavailable' from command line to 'False'
[0.375s] [34mcolcon.colcon_core.verb[0m [1;30mLevel 5[0m set package 'ur_cv_interfaces' build argument 'cmake_clean_cache' from command line to 'False'
[0.375s] [34mcolcon.colcon_core.verb[0m [1;30mLevel 5[0m set package 'ur_cv_interfaces' build argument 'cmake_clean_first' from command line to 'False'
[0.375s] [34mcolcon.colcon_core.verb[0m [1;30mLevel 5[0m set package 'ur_cv_interfaces' build argument 'cmake_force_configure' from command line to 'False'
[0.376s] [34mcolcon.colcon_core.verb[0m [1;30mLevel 5[0m set package 'ur_cv_interfaces' build argument 'ament_cmake_args' from command line to 'None'
[0.376s] [34mcolcon.colcon_core.verb[0m [1;30mLevel 5[0m set package 'ur_cv_interfaces' build argument 'catkin_cmake_args' from command line to 'None'
[0.376s] [34mcolcon.colcon_core.verb[0m [1;30mLevel 5[0m set package 'ur_cv_interfaces' build argument 'catkin_skip_building_tests' from command line to 'False'
[0.376s] [34mcolcon.colcon_core.verb[0m [1;30mDEBUG[0m [32mBuilding package 'ur_cv_interfaces' with the following arguments: {'ament_cmake_args': None, 'build_base': '/home/sunbi/ros/build/ur_cv_interfaces', 'catkin_cmake_args': None, 'catkin_skip_building_tests': False, 'cmake_args': None, 'cmake_clean_cache': False, 'cmake_clean_first': False, 'cmake_force_configure': False, 'cmake_target': None, 'cmake_target_skip_unavailable': False, 'install_base': '/home/sunbi/ros/install/ur_cv_interfaces', 'merge_install': False, 'path': '/home/sunbi/ros/capstone_ur5e_sim/src/ur_cv_interfaces', 'symlink_install': False, 'test_result_base': None}[0m
[0.376s] [34mcolcon.colcon_core.verb[0m [1;30mLevel 5[0m set package 'ur_description' build argument 'cmake_args' from command line to 'None'
[0.376s] [34mcolcon.colcon_core.verb[0m [1;30mLevel 5[0m set package 'ur_description' build argument 'cmake_target' from command line to 'None'
[0.376s] [34mcolcon.colcon_core.verb[0m [1;30mLevel 5[0m set package 'ur_description' build argument 'cmake_target_skip_unavailable' from command line to 'False'
[0.376s] [34mcolcon.colcon_core.verb[0m [1;30mLevel 5[0m set package 'ur_description' build argument 'cmake_clean_cache' from command line to 'False'
[0.376s] [34mcolcon.colcon_core.verb[0m [1;30mLevel 5[0m set package 'ur_description' build argument 'cmake_clean_first' from command line to 'False'
[0.376s] [34mcolcon.colcon_core.verb[0m [1;30mLevel 5[0m set package 'ur_description' build argument 'cmake_force_configure' from command line to 'False'
[0.376s] [34mcolcon.colcon_core.verb[0m [1;30mLevel 5[0m set package 'ur_description' build argument 'ament_cmake_args' from command line to 'None'
[0.376s] [34mcolcon.colcon_core.verb[0m [1;30mLevel 5[0m set package 'ur_description' build argument 'catkin_cmake_args' from command line to 'None'
[0.376s] [34mcolcon.colcon_core.verb[0m [1;30mLevel 5[0m set package 'ur_description' build argument 'catkin_skip_building_tests' from command line to 'False'
[0.376s] [34mcolcon.colcon_core.verb[0m [1;30mDEBUG[0m [32mBuilding package 'ur_description' with the following arguments: {'ament_cmake_args': None, 'build_base': '/home/sunbi/ros/build/ur_description', 'catkin_cmake_args': None, 'catkin_skip_building_tests': False, 'cmake_args': None, 'cmake_clean_cache': False, 'cmake_clean_first': False, 'cmake_force_configure': False, 'cmake_target': None, 'cmake_target_skip_unavailable': False, 'install_base': '/home/sunbi/ros/install/ur_description', 'merge_install': False, 'path': '/home/sunbi/ros/capstone_ur5e_sim/src/Universal_Robots_ROS2_Description', 'symlink_install': False, 'test_result_base': None}[0m
[0.377s] [34mcolcon.colcon_core.verb[0m [1;30mLevel 5[0m set package 'ur_cv_moveit' build argument 'cmake_args' from command line to 'None'
[0.377s] [34mcolcon.colcon_core.verb[0m [1;30mLevel 5[0m set package 'ur_cv_moveit' build argument 'cmake_target' from command line to 'None'
[0.377s] [34mcolcon.colcon_core.verb[0m [1;30mLevel 5[0m set package 'ur_cv_moveit' build argument 'cmake_target_skip_unavailable' from command line to 'False'
[0.377s] [34mcolcon.colcon_core.verb[0m [1;30mLevel 5[0m set package 'ur_cv_moveit' build argument 'cmake_clean_cache' from command line to 'False'
[0.377s] [34mcolcon.colcon_core.verb[0m [1;30mLevel 5[0m set package 'ur_cv_moveit' build argument 'cmake_clean_first' from command line to 'False'
[0.377s] [34mcolcon.colcon_core.verb[0m [1;30mLevel 5[0m set package 'ur_cv_moveit' build argument 'cmake_force_configure' from command line to 'False'
[0.377s] [34mcolcon.colcon_core.verb[0m [1;30mLevel 5[0m set package 'ur_cv_moveit' build argument 'ament_cmake_args' from command line to 'None'
[0.377s] [34mcolcon.colcon_core.verb[0m [1;30mLevel 5[0m set package 'ur_cv_moveit' build argument 'catkin_cmake_args' from command line to 'None'
[0.377s] [34mcolcon.colcon_core.verb[0m [1;30mLevel 5[0m set package 'ur_cv_moveit' build argument 'catkin_skip_building_tests' from command line to 'False'
[0.377s] [34mcolcon.colcon_core.verb[0m [1;30mDEBUG[0m [32mBuilding package 'ur_cv_moveit' with the following arguments: {'ament_cmake_args': None, 'build_base': '/home/sunbi/ros/build/ur_cv_moveit', 'catkin_cmake_args': None, 'catkin_skip_building_tests': False, 'cmake_args': None, 'cmake_clean_cache': False, 'cmake_clean_first': False, 'cmake_force_configure': False, 'cmake_target': None, 'cmake_target_skip_unavailable': False, 'install_base': '/home/sunbi/ros/install/ur_cv_moveit', 'merge_install': False, 'path': '/home/sunbi/ros/capstone_ur5e_sim/src/ur_cv_moveit', 'symlink_install': False, 'test_result_base': None}[0m
[0.377s] [34mcolcon.colcon_core.verb[0m [1;30mLevel 5[0m set package 'ur_simulation_gazebo' build argument 'cmake_args' from command line to 'None'
[0.377s] [34mcolcon.colcon_core.verb[0m [1;30mLevel 5[0m set package 'ur_simulation_gazebo' build argument 'cmake_target' from command line to 'None'
[0.377s] [34mcolcon.colcon_core.verb[0m [1;30mLevel 5[0m set package 'ur_simulation_gazebo' build argument 'cmake_target_skip_unavailable' from command line to 'False'
[0.377s] [34mcolcon.colcon_core.verb[0m [1;30mLevel 5[0m set package 'ur_simulation_gazebo' build argument 'cmake_clean_cache' from command line to 'False'
[0.377s] [34mcolcon.colcon_core.verb[0m [1;30mLevel 5[0m set package 'ur_simulation_gazebo' build argument 'cmake_clean_first' from command line to 'False'
[0.377s] [34mcolcon.colcon_core.verb[0m [1;30mLevel 5[0m set package 'ur_simulation_gazebo' build argument 'cmake_force_configure' from command line to 'False'
[0.377s] [34mcolcon.colcon_core.verb[0m [1;30mLevel 5[0m set package 'ur_simulation_gazebo' build argument 'ament_cmake_args' from command line to 'None'
[0.377s] [34mcolcon.colcon_core.verb[0m [1;30mLevel 5[0m set package 'ur_simulation_gazebo' build argument 'catkin_cmake_args' from command line to 'None'
[0.377s] [34mcolcon.colcon_core.verb[0m [1;30mLevel 5[0m set package 'ur_simulation_gazebo' build argument 'catkin_skip_building_tests' from command line to 'False'
[0.377s] [34mcolcon.colcon_core.verb[0m [1;30mDEBUG[0m [32mBuilding package 'ur_simulation_gazebo' with the following arguments: {'ament_cmake_args': None, 'build_base': '/home/sunbi/ros/build/ur_simulation_gazebo', 'catkin_cmake_args': None, 'catkin_skip_building_tests': False, 'cmake_args': None, 'cmake_clean_cache': False, 'cmake_clean_first': False, 'cmake_force_configure': False, 'cmake_target': None, 'cmake_target_skip_unavailable': False, 'install_base': '/home/sunbi/ros/install/ur_simulation_gazebo', 'merge_install': False, 'path': '/home/sunbi/ros/capstone_ur5e_sim/src/Universal_Robots_ROS2_Gazebo_Simulation/ur_simulation_gazebo', 'symlink_install': False, 'test_result_base': None}[0m
[0.378s] [34mcolcon.colcon_core.executor[0m [1;30mINFO[0m Executing jobs using 'parallel' executor
[0.379s] [34mcolcon.colcon_parallel_executor.executor.parallel[0m [1;30mDEBUG[0m [32mrun_until_complete[0m
[0.379s] [34mcolcon.colcon_ros.task.ament_cmake.build[0m [1;30mINFO[0m Building ROS package in '/home/sunbi/ros/capstone_ur5e_sim/src/ur_cv_interfaces' with build type 'ament_cmake'
[0.379s] [34mcolcon.colcon_cmake.task.cmake.build[0m [1;30mINFO[0m Building CMake package in '/home/sunbi/ros/capstone_ur5e_sim/src/ur_cv_interfaces'
[0.382s] [34mcolcon.colcon_core.plugin_system[0m [1;30mINFO[0m Skipping extension 'colcon_core.shell.bat': Not used on non-Windows systems
[0.382s] [34mcolcon.colcon_core.shell[0m [1;30mINFO[0m Skip shell extension 'powershell' for command environment: Not usable outside of PowerShell
[0.382s] [34mcolcon.colcon_core.shell[0m [1;30mDEBUG[0m [32mSkip shell extension 'dsv' for command environment[0m
[0.389s] [34mcolcon.colcon_ros.task.ament_cmake.build[0m [1;30mINFO[0m Building ROS package in '/home/sunbi/ros/capstone_ur5e_sim/src/Universal_Robots_ROS2_Description' with build type 'ament_cmake'
[0.389s] [34mcolcon.colcon_cmake.task.cmake.build[0m [1;30mINFO[0m Building CMake package in '/home/sunbi/ros/capstone_ur5e_sim/src/Universal_Robots_ROS2_Description'
[0.389s] [34mcolcon.colcon_core.shell[0m [1;30mINFO[0m Skip shell extension 'powershell' for command environment: Not usable outside of PowerShell
[0.389s] [34mcolcon.colcon_core.shell[0m [1;30mDEBUG[0m [32mSkip shell extension 'dsv' for command environment[0m
[0.408s] [34mcolcon.colcon_core.event_handler.log_command[0m [1;30mDEBUG[0m [32mInvoking command in '/home/sunbi/ros/build/ur_cv_interfaces': CMAKE_PREFIX_PATH=${CMAKE_PREFIX_PATH}:/home/sunbi/ros/install/ur_cv_moveit:/opt/ros/humble /usr/bin/cmake --build /home/sunbi/ros/build/ur_cv_interfaces -- -j4 -l4[0m
[0.419s] [34mcolcon.colcon_core.event_handler.log_command[0m [1;30mDEBUG[0m [32mInvoking command in '/home/sunbi/ros/build/ur_description': CMAKE_PREFIX_PATH=${CMAKE_PREFIX_PATH}:/home/sunbi/ros/install/ur_cv_moveit:/opt/ros/humble /usr/bin/cmake --build /home/sunbi/ros/build/ur_description -- -j4 -l4[0m
[0.487s] [34mcolcon.colcon_core.event_handler.log_command[0m [1;30mDEBUG[0m [32mInvoked command in '/home/sunbi/ros/build/ur_description' returned '0': CMAKE_PREFIX_PATH=${CMAKE_PREFIX_PATH}:/home/sunbi/ros/install/ur_cv_moveit:/opt/ros/humble /usr/bin/cmake --build /home/sunbi/ros/build/ur_description -- -j4 -l4[0m
[0.506s] [34mcolcon.colcon_core.event_handler.log_command[0m [1;30mDEBUG[0m [32mInvoking command in '/home/sunbi/ros/build/ur_description': CMAKE_PREFIX_PATH=${CMAKE_PREFIX_PATH}:/home/sunbi/ros/install/ur_cv_moveit:/opt/ros/humble /usr/bin/cmake --install /home/sunbi/ros/build/ur_description[0m
[0.543s] [34mcolcon.colcon_core.environment[0m [1;30mLevel 1[0m create_environment_scripts_only(ur_description)
[0.548s] [34mcolcon.colcon_core.environment[0m [1;30mLevel 1[0m checking '/home/sunbi/ros/install/ur_description' for CMake module files
[0.548s] [34mcolcon.colcon_core.environment[0m [1;30mLevel 1[0m checking '/home/sunbi/ros/install/ur_description' for CMake config files
[0.548s] [34mcolcon.colcon_core.shell[0m [1;30mLevel 1[0m create_environment_hook('ur_description', 'cmake_prefix_path')
[0.548s] [34mcolcon.colcon_core.shell[0m [1;30mINFO[0m Creating environment hook '/home/sunbi/ros/install/ur_description/share/ur_description/hook/cmake_prefix_path.ps1'
[0.550s] [34mcolcon.colcon_core.shell[0m [1;30mINFO[0m Creating environment descriptor '/home/sunbi/ros/install/ur_description/share/ur_description/hook/cmake_prefix_path.dsv'
[0.551s] [34mcolcon.colcon_core.shell[0m [1;30mINFO[0m Creating environment hook '/home/sunbi/ros/install/ur_description/share/ur_description/hook/cmake_prefix_path.sh'
[0.553s] [34mcolcon.colcon_core.environment[0m [1;30mLevel 1[0m checking '/home/sunbi/ros/install/ur_description/bin'
[0.553s] [34mcolcon.colcon_core.environment[0m [1;30mLevel 1[0m checking '/home/sunbi/ros/install/ur_description/lib/pkgconfig/ur_description.pc'
[0.554s] [34mcolcon.colcon_core.environment[0m [1;30mLevel 1[0m checking '/home/sunbi/ros/install/ur_description/lib/python3.10/site-packages'
[0.554s] [34mcolcon.colcon_core.environment[0m [1;30mLevel 1[0m checking '/home/sunbi/ros/install/ur_description/bin'
[0.554s] [34mcolcon.colcon_core.shell[0m [1;30mINFO[0m Creating package script '/home/sunbi/ros/install/ur_description/share/ur_description/package.ps1'
[0.556s] [34mcolcon.colcon_core.shell[0m [1;30mINFO[0m Creating package descriptor '/home/sunbi/ros/install/ur_description/share/ur_description/package.dsv'
[0.557s] [34mcolcon.colcon_core.shell[0m [1;30mINFO[0m Creating package script '/home/sunbi/ros/install/ur_description/share/ur_description/package.sh'
[0.558s] [34mcolcon.colcon_core.shell[0m [1;30mINFO[0m Creating package script '/home/sunbi/ros/install/ur_description/share/ur_description/package.bash'
[0.559s] [34mcolcon.colcon_core.shell[0m [1;30mINFO[0m Creating package script '/home/sunbi/ros/install/ur_description/share/ur_description/package.zsh'
[0.559s] [34mcolcon.colcon_core.environment[0m [1;30mLevel 1[0m create_file_with_runtime_dependencies(/home/sunbi/ros/install/ur_description/share/colcon-core/packages/ur_description)
[0.566s] [34mcolcon.colcon_core.environment[0m [1;30mLevel 1[0m create_environment_scripts_only(ur_description)
[0.566s] [34mcolcon.colcon_core.environment[0m [1;30mLevel 1[0m checking '/home/sunbi/ros/install/ur_description' for CMake module files
[0.572s] [34mcolcon.colcon_core.environment[0m [1;30mLevel 1[0m checking '/home/sunbi/ros/install/ur_description' for CMake config files
[0.573s] [34mcolcon.colcon_core.shell[0m [1;30mLevel 1[0m create_environment_hook('ur_description', 'cmake_prefix_path')
[0.573s] [34mcolcon.colcon_core.shell[0m [1;30mINFO[0m Creating environment hook '/home/sunbi/ros/install/ur_description/share/ur_description/hook/cmake_prefix_path.ps1'
[0.575s] [34mcolcon.colcon_core.shell[0m [1;30mINFO[0m Creating environment descriptor '/home/sunbi/ros/install/ur_description/share/ur_description/hook/cmake_prefix_path.dsv'
[0.577s] [34mcolcon.colcon_core.shell[0m [1;30mINFO[0m Creating environment hook '/home/sunbi/ros/install/ur_description/share/ur_description/hook/cmake_prefix_path.sh'
[0.578s] [34mcolcon.colcon_core.environment[0m [1;30mLevel 1[0m checking '/home/sunbi/ros/install/ur_description/bin'
[0.579s] [34mcolcon.colcon_core.environment[0m [1;30mLevel 1[0m checking '/home/sunbi/ros/install/ur_description/lib/pkgconfig/ur_description.pc'
[0.579s] [34mcolcon.colcon_core.environment[0m [1;30mLevel 1[0m checking '/home/sunbi/ros/install/ur_description/lib/python3.10/site-packages'
[0.579s] [34mcolcon.colcon_core.environment[0m [1;30mLevel 1[0m checking '/home/sunbi/ros/install/ur_description/bin'
[0.579s] [34mcolcon.colcon_core.shell[0m [1;30mINFO[0m Creating package script '/home/sunbi/ros/install/ur_description/share/ur_description/package.ps1'
[0.580s] [34mcolcon.colcon_core.shell[0m [1;30mINFO[0m Creating package descriptor '/home/sunbi/ros/install/ur_description/share/ur_description/package.dsv'
[0.581s] [34mcolcon.colcon_core.event_handler.log_command[0m [1;30mDEBUG[0m [32mInvoked command in '/home/sunbi/ros/build/ur_description' returned '0': CMAKE_PREFIX_PATH=${CMAKE_PREFIX_PATH}:/home/sunbi/ros/install/ur_cv_moveit:/opt/ros/humble /usr/bin/cmake --install /home/sunbi/ros/build/ur_description[0m
[0.583s] [34mcolcon.colcon_core.shell[0m [1;30mINFO[0m Creating package script '/home/sunbi/ros/install/ur_description/share/ur_description/package.sh'
[0.584s] [34mcolcon.colcon_core.shell[0m [1;30mINFO[0m Creating package script '/home/sunbi/ros/install/ur_description/share/ur_description/package.bash'
[0.588s] [34mcolcon.colcon_core.shell[0m [1;30mINFO[0m Creating package script '/home/sunbi/ros/install/ur_description/share/ur_description/package.zsh'
[0.589s] [34mcolcon.colcon_core.environment[0m [1;30mLevel 1[0m create_file_with_runtime_dependencies(/home/sunbi/ros/install/ur_description/share/colcon-core/packages/ur_description)
[0.589s] [34mcolcon.colcon_ros.task.ament_cmake.build[0m [1;30mINFO[0m Building ROS package in '/home/sunbi/ros/capstone_ur5e_sim/src/Universal_Robots_ROS2_Gazebo_Simulation/ur_simulation_gazebo' with build type 'ament_cmake'
[0.589s] [34mcolcon.colcon_cmake.task.cmake.build[0m [1;30mINFO[0m Building CMake package in '/home/sunbi/ros/capstone_ur5e_sim/src/Universal_Robots_ROS2_Gazebo_Simulation/ur_simulation_gazebo'
[0.590s] [34mcolcon.colcon_core.shell[0m [1;30mINFO[0m Skip shell extension 'powershell' for command environment: Not usable outside of PowerShell
[0.590s] [34mcolcon.colcon_core.shell[0m [1;30mDEBUG[0m [32mSkip shell extension 'dsv' for command environment[0m
[0.611s] [34mcolcon.colcon_core.event_handler.log_command[0m [1;30mDEBUG[0m [32mInvoking command in '/home/sunbi/ros/build/ur_simulation_gazebo': CMAKE_PREFIX_PATH=/home/sunbi/ros/install/ur_description:/home/sunbi/ros/install/ur_simulation_gazebo:/home/sunbi/ros/install/ur_cv_interfaces:/home/sunbi/ros/install/ur_cv_moveit:/opt/ros/humble /usr/bin/cmake --build /home/sunbi/ros/build/ur_simulation_gazebo -- -j4 -l4[0m
[0.766s] [34mcolcon.colcon_core.event_handler.log_command[0m [1;30mDEBUG[0m [32mInvoked command in '/home/sunbi/ros/build/ur_simulation_gazebo' returned '0': CMAKE_PREFIX_PATH=/home/sunbi/ros/install/ur_description:/home/sunbi/ros/install/ur_simulation_gazebo:/home/sunbi/ros/install/ur_cv_interfaces:/home/sunbi/ros/install/ur_cv_moveit:/opt/ros/humble /usr/bin/cmake --build /home/sunbi/ros/build/ur_simulation_gazebo -- -j4 -l4[0m
[0.773s] [34mcolcon.colcon_core.event_handler.log_command[0m [1;30mDEBUG[0m [32mInvoking command in '/home/sunbi/ros/build/ur_simulation_gazebo': CMAKE_PREFIX_PATH=/home/sunbi/ros/install/ur_description:/home/sunbi/ros/install/ur_simulation_gazebo:/home/sunbi/ros/install/ur_cv_interfaces:/home/sunbi/ros/install/ur_cv_moveit:/opt/ros/humble /usr/bin/cmake --install /home/sunbi/ros/build/ur_simulation_gazebo[0m
[0.789s] [34mcolcon.colcon_core.environment[0m [1;30mLevel 1[0m create_environment_scripts_only(ur_simulation_gazebo)
[0.790s] [34mcolcon.colcon_core.environment[0m [1;30mLevel 1[0m checking '/home/sunbi/ros/install/ur_simulation_gazebo' for CMake module files
[0.790s] [34mcolcon.colcon_core.environment[0m [1;30mLevel 1[0m checking '/home/sunbi/ros/install/ur_simulation_gazebo' for CMake config files
[0.791s] [34mcolcon.colcon_core.shell[0m [1;30mLevel 1[0m create_environment_hook('ur_simulation_gazebo', 'cmake_prefix_path')
[0.791s] [34mcolcon.colcon_core.shell[0m [1;30mINFO[0m Creating environment hook '/home/sunbi/ros/install/ur_simulation_gazebo/share/ur_simulation_gazebo/hook/cmake_prefix_path.ps1'
[0.792s] [34mcolcon.colcon_core.shell[0m [1;30mINFO[0m Creating environment descriptor '/home/sunbi/ros/install/ur_simulation_gazebo/share/ur_simulation_gazebo/hook/cmake_prefix_path.dsv'
[0.793s] [34mcolcon.colcon_core.event_handler.log_command[0m [1;30mDEBUG[0m [32mInvoked command in '/home/sunbi/ros/build/ur_simulation_gazebo' returned '0': CMAKE_PREFIX_PATH=/home/sunbi/ros/install/ur_description:/home/sunbi/ros/install/ur_simulation_gazebo:/home/sunbi/ros/install/ur_cv_interfaces:/home/sunbi/ros/install/ur_cv_moveit:/opt/ros/humble /usr/bin/cmake --install /home/sunbi/ros/build/ur_simulation_gazebo[0m
[0.794s] [34mcolcon.colcon_core.shell[0m [1;30mINFO[0m Creating environment hook '/home/sunbi/ros/install/ur_simulation_gazebo/share/ur_simulation_gazebo/hook/cmake_prefix_path.sh'
[0.795s] [34mcolcon.colcon_core.environment[0m [1;30mLevel 1[0m checking '/home/sunbi/ros/install/ur_simulation_gazebo/lib'
[0.795s] [34mcolcon.colcon_core.shell[0m [1;30mLevel 1[0m create_environment_hook('ur_simulation_gazebo', 'ld_library_path_lib')
[0.797s] [34mcolcon.colcon_core.shell[0m [1;30mINFO[0m Creating environment hook '/home/sunbi/ros/install/ur_simulation_gazebo/share/ur_simulation_gazebo/hook/ld_library_path_lib.ps1'
[0.797s] [34mcolcon.colcon_core.shell[0m [1;30mINFO[0m Creating environment descriptor '/home/sunbi/ros/install/ur_simulation_gazebo/share/ur_simulation_gazebo/hook/ld_library_path_lib.dsv'
[0.799s] [34mcolcon.colcon_core.shell[0m [1;30mINFO[0m Creating environment hook '/home/sunbi/ros/install/ur_simulation_gazebo/share/ur_simulation_gazebo/hook/ld_library_path_lib.sh'
[0.801s] [34mcolcon.colcon_core.environment[0m [1;30mLevel 1[0m checking '/home/sunbi/ros/install/ur_simulation_gazebo/bin'
[0.802s] [34mcolcon.colcon_core.environment[0m [1;30mLevel 1[0m checking '/home/sunbi/ros/install/ur_simulation_gazebo/lib/pkgconfig/ur_simulation_gazebo.pc'
[0.802s] [34mcolcon.colcon_core.environment[0m [1;30mLevel 1[0m checking '/home/sunbi/ros/install/ur_simulation_gazebo/lib/python3.10/site-packages'
[0.802s] [34mcolcon.colcon_core.environment[0m [1;30mLevel 1[0m checking '/home/sunbi/ros/install/ur_simulation_gazebo/bin'
[0.803s] [34mcolcon.colcon_core.shell[0m [1;30mINFO[0m Creating package script '/home/sunbi/ros/install/ur_simulation_gazebo/share/ur_simulation_gazebo/package.ps1'
[0.804s] [34mcolcon.colcon_core.shell[0m [1;30mINFO[0m Creating package descriptor '/home/sunbi/ros/install/ur_simulation_gazebo/share/ur_simulation_gazebo/package.dsv'
[0.806s] [34mcolcon.colcon_core.shell[0m [1;30mINFO[0m Creating package script '/home/sunbi/ros/install/ur_simulation_gazebo/share/ur_simulation_gazebo/package.sh'
[0.808s] [34mcolcon.colcon_core.shell[0m [1;30mINFO[0m Creating package script '/home/sunbi/ros/install/ur_simulation_gazebo/share/ur_simulation_gazebo/package.bash'
[0.808s] [34mcolcon.colcon_core.shell[0m [1;30mINFO[0m Creating package script '/home/sunbi/ros/install/ur_simulation_gazebo/share/ur_simulation_gazebo/package.zsh'
[0.809s] [34mcolcon.colcon_core.environment[0m [1;30mLevel 1[0m create_file_with_runtime_dependencies(/home/sunbi/ros/install/ur_simulation_gazebo/share/colcon-core/packages/ur_simulation_gazebo)
[0.810s] [34mcolcon.colcon_core.environment[0m [1;30mLevel 1[0m create_environment_scripts_only(ur_simulation_gazebo)
[0.810s] [34mcolcon.colcon_core.environment[0m [1;30mLevel 1[0m checking '/home/sunbi/ros/install/ur_simulation_gazebo' for CMake module files
[0.810s] [34mcolcon.colcon_core.environment[0m [1;30mLevel 1[0m checking '/home/sunbi/ros/install/ur_simulation_gazebo' for CMake config files
[0.811s] [34mcolcon.colcon_core.shell[0m [1;30mLevel 1[0m create_environment_hook('ur_simulation_gazebo', 'cmake_prefix_path')
[0.811s] [34mcolcon.colcon_core.shell[0m [1;30mINFO[0m Creating environment hook '/home/sunbi/ros/install/ur_simulation_gazebo/share/ur_simulation_gazebo/hook/cmake_prefix_path.ps1'
[0.812s] [34mcolcon.colcon_core.shell[0m [1;30mINFO[0m Creating environment descriptor '/home/sunbi/ros/install/ur_simulation_gazebo/share/ur_simulation_gazebo/hook/cmake_prefix_path.dsv'
[0.812s] [34mcolcon.colcon_core.shell[0m [1;30mINFO[0m Creating environment hook '/home/sunbi/ros/install/ur_simulation_gazebo/share/ur_simulation_gazebo/hook/cmake_prefix_path.sh'
[0.813s] [34mcolcon.colcon_core.environment[0m [1;30mLevel 1[0m checking '/home/sunbi/ros/install/ur_simulation_gazebo/lib'
[0.813s] [34mcolcon.colcon_core.shell[0m [1;30mLevel 1[0m create_environment_hook('ur_simulation_gazebo', 'ld_library_path_lib')
[0.813s] [34mcolcon.colcon_core.shell[0m [1;30mINFO[0m Creating environment hook '/home/sunbi/ros/install/ur_simulation_gazebo/share/ur_simulation_gazebo/hook/ld_library_path_lib.ps1'
[0.814s] [34mcolcon.colcon_core.shell[0m [1;30mINFO[0m Creating environment descriptor '/home/sunbi/ros/install/ur_simulation_gazebo/share/ur_simulation_gazebo/hook/ld_library_path_lib.dsv'
[0.815s] [34mcolcon.colcon_core.shell[0m [1;30mINFO[0m Creating environment hook '/home/sunbi/ros/install/ur_simulation_gazebo/share/ur_simulation_gazebo/hook/ld_library_path_lib.sh'
[0.816s] [34mcolcon.colcon_core.environment[0m [1;30mLevel 1[0m checking '/home/sunbi/ros/install/ur_simulation_gazebo/bin'
[0.816s] [34mcolcon.colcon_core.environment[0m [1;30mLevel 1[0m checking '/home/sunbi/ros/install/ur_simulation_gazebo/lib/pkgconfig/ur_simulation_gazebo.pc'
[0.817s] [34mcolcon.colcon_core.environment[0m [1;30mLevel 1[0m checking '/home/sunbi/ros/install/ur_simulation_gazebo/lib/python3.10/site-packages'
[0.817s] [34mcolcon.colcon_core.environment[0m [1;30mLevel 1[0m checking '/home/sunbi/ros/install/ur_simulation_gazebo/bin'
[0.817s] [34mcolcon.colcon_core.shell[0m [1;30mINFO[0m Creating package script '/home/sunbi/ros/install/ur_simulation_gazebo/share/ur_simulation_gazebo/package.ps1'
[0.818s] [34mcolcon.colcon_core.shell[0m [1;30mINFO[0m Creating package descriptor '/home/sunbi/ros/install/ur_simulation_gazebo/share/ur_simulation_gazebo/package.dsv'
[0.819s] [34mcolcon.colcon_core.shell[0m [1;30mINFO[0m Creating package script '/home/sunbi/ros/install/ur_simulation_gazebo/share/ur_simulation_gazebo/package.sh'
[0.820s] [34mcolcon.colcon_core.shell[0m [1;30mINFO[0m Creating package script '/home/sunbi/ros/install/ur_simulation_gazebo/share/ur_simulation_gazebo/package.bash'
[0.822s] [34mcolcon.colcon_core.shell[0m [1;30mINFO[0m Creating package script '/home/sunbi/ros/install/ur_simulation_gazebo/share/ur_simulation_gazebo/package.zsh'
[0.823s] [34mcolcon.colcon_core.environment[0m [1;30mLevel 1[0m create_file_with_runtime_dependencies(/home/sunbi/ros/install/ur_simulation_gazebo/share/colcon-core/packages/ur_simulation_gazebo)
[1.460s] [34mcolcon.colcon_core.event_handler.log_command[0m [1;30mDEBUG[0m [32mInvoked command in '/home/sunbi/ros/build/ur_cv_interfaces' returned '0': CMAKE_PREFIX_PATH=${CMAKE_PREFIX_PATH}:/home/sunbi/ros/install/ur_cv_moveit:/opt/ros/humble /usr/bin/cmake --build /home/sunbi/ros/build/ur_cv_interfaces -- -j4 -l4[0m
[1.461s] [34mcolcon.colcon_core.event_handler.log_command[0m [1;30mDEBUG[0m [32mInvoking command in '/home/sunbi/ros/build/ur_cv_interfaces': CMAKE_PREFIX_PATH=${CMAKE_PREFIX_PATH}:/home/sunbi/ros/install/ur_cv_moveit:/opt/ros/humble /usr/bin/cmake --install /home/sunbi/ros/build/ur_cv_interfaces[0m
[1.540s] [34mcolcon.colcon_core.environment[0m [1;30mLevel 1[0m create_environment_scripts_only(ur_cv_interfaces)
[1.540s] [34mcolcon.colcon_core.environment[0m [1;30mLevel 1[0m checking '/home/sunbi/ros/install/ur_cv_interfaces' for CMake module files
[1.541s] [34mcolcon.colcon_core.event_handler.log_command[0m [1;30mDEBUG[0m [32mInvoked command in '/home/sunbi/ros/build/ur_cv_interfaces' returned '0': CMAKE_PREFIX_PATH=${CMAKE_PREFIX_PATH}:/home/sunbi/ros/install/ur_cv_moveit:/opt/ros/humble /usr/bin/cmake --install /home/sunbi/ros/build/ur_cv_interfaces[0m
[1.541s] [34mcolcon.colcon_core.environment[0m [1;30mLevel 1[0m checking '/home/sunbi/ros/install/ur_cv_interfaces' for CMake config files
[1.541s] [34mcolcon.colcon_core.shell[0m [1;30mLevel 1[0m create_environment_hook('ur_cv_interfaces', 'cmake_prefix_path')
[1.542s] [34mcolcon.colcon_core.shell[0m [1;30mINFO[0m Creating environment hook '/home/sunbi/ros/install/ur_cv_interfaces/share/ur_cv_interfaces/hook/cmake_prefix_path.ps1'
[1.542s] [34mcolcon.colcon_core.shell[0m [1;30mINFO[0m Creating environment descriptor '/home/sunbi/ros/install/ur_cv_interfaces/share/ur_cv_interfaces/hook/cmake_prefix_path.dsv'
[1.544s] [34mcolcon.colcon_core.shell[0m [1;30mINFO[0m Creating environment hook '/home/sunbi/ros/install/ur_cv_interfaces/share/ur_cv_interfaces/hook/cmake_prefix_path.sh'
[1.545s] [34mcolcon.colcon_core.environment[0m [1;30mLevel 1[0m checking '/home/sunbi/ros/install/ur_cv_interfaces/lib'
[1.545s] [34mcolcon.colcon_core.shell[0m [1;30mLevel 1[0m create_environment_hook('ur_cv_interfaces', 'ld_library_path_lib')
[1.546s] [34mcolcon.colcon_core.shell[0m [1;30mINFO[0m Creating environment hook '/home/sunbi/ros/install/ur_cv_interfaces/share/ur_cv_interfaces/hook/ld_library_path_lib.ps1'
[1.547s] [34mcolcon.colcon_core.shell[0m [1;30mINFO[0m Creating environment descriptor '/home/sunbi/ros/install/ur_cv_interfaces/share/ur_cv_interfaces/hook/ld_library_path_lib.dsv'
[1.547s] [34mcolcon.colcon_core.shell[0m [1;30mINFO[0m Creating environment hook '/home/sunbi/ros/install/ur_cv_interfaces/share/ur_cv_interfaces/hook/ld_library_path_lib.sh'
[1.548s] [34mcolcon.colcon_core.environment[0m [1;30mLevel 1[0m checking '/home/sunbi/ros/install/ur_cv_interfaces/bin'
[1.548s] [34mcolcon.colcon_core.environment[0m [1;30mLevel 1[0m checking '/home/sunbi/ros/install/ur_cv_interfaces/lib/pkgconfig/ur_cv_interfaces.pc'
[1.548s] [34mcolcon.colcon_core.environment[0m [1;30mLevel 1[0m checking '/home/sunbi/ros/install/ur_cv_interfaces/lib/python3.10/site-packages'
[1.548s] [34mcolcon.colcon_core.environment[0m [1;30mLevel 1[0m checking '/home/sunbi/ros/install/ur_cv_interfaces/bin'
[1.548s] [34mcolcon.colcon_core.shell[0m [1;30mINFO[0m Creating package script '/home/sunbi/ros/install/ur_cv_interfaces/share/ur_cv_interfaces/package.ps1'
[1.549s] [34mcolcon.colcon_core.shell[0m [1;30mINFO[0m Creating package descriptor '/home/sunbi/ros/install/ur_cv_interfaces/share/ur_cv_interfaces/package.dsv'
[1.550s] [34mcolcon.colcon_core.shell[0m [1;30mINFO[0m Creating package script '/home/sunbi/ros/install/ur_cv_interfaces/share/ur_cv_interfaces/package.sh'
[1.550s] [34mcolcon.colcon_core.shell[0m [1;30mINFO[0m Creating package script '/home/sunbi/ros/install/ur_cv_interfaces/share/ur_cv_interfaces/package.bash'
[1.551s] [34mcolcon.colcon_core.shell[0m [1;30mINFO[0m Creating package script '/home/sunbi/ros/install/ur_cv_interfaces/share/ur_cv_interfaces/package.zsh'
[1.551s] [34mcolcon.colcon_core.environment[0m [1;30mLevel 1[0m create_file_with_runtime_dependencies(/home/sunbi/ros/install/ur_cv_interfaces/share/colcon-core/packages/ur_cv_interfaces)
[1.552s] [34mcolcon.colcon_core.environment[0m [1;30mLevel 1[0m create_environment_scripts_only(ur_cv_interfaces)
[1.553s] [34mcolcon.colcon_core.environment[0m [1;30mLevel 1[0m checking '/home/sunbi/ros/install/ur_cv_interfaces' for CMake module files
[1.554s] [34mcolcon.colcon_core.environment[0m [1;30mLevel 1[0m checking '/home/sunbi/ros/install/ur_cv_interfaces' for CMake config files
[1.554s] [34mcolcon.colcon_core.shell[0m [1;30mLevel 1[0m create_environment_hook('ur_cv_interfaces', 'cmake_prefix_path')
[1.557s] [34mcolcon.colcon_core.shell[0m [1;30mINFO[0m Creating environment hook '/home/sunbi/ros/install/ur_cv_interfaces/share/ur_cv_interfaces/hook/cmake_prefix_path.ps1'
[1.558s] [34mcolcon.colcon_core.shell[0m [1;30mINFO[0m Creating environment descriptor '/home/sunbi/ros/install/ur_cv_interfaces/share/ur_cv_interfaces/hook/cmake_prefix_path.dsv'
[1.558s] [34mcolcon.colcon_core.shell[0m [1;30mINFO[0m Creating environment hook '/home/sunbi/ros/install/ur_cv_interfaces/share/ur_cv_interfaces/hook/cmake_prefix_path.sh'
[1.559s] [34mcolcon.colcon_core.environment[0m [1;30mLevel 1[0m checking '/home/sunbi/ros/install/ur_cv_interfaces/lib'
[1.559s] [34mcolcon.colcon_core.shell[0m [1;30mLevel 1[0m create_environment_hook('ur_cv_interfaces', 'ld_library_path_lib')
[1.560s] [34mcolcon.colcon_core.shell[0m [1;30mINFO[0m Creating environment hook '/home/sunbi/ros/install/ur_cv_interfaces/share/ur_cv_interfaces/hook/ld_library_path_lib.ps1'
[1.562s] [34mcolcon.colcon_core.shell[0m [1;30mINFO[0m Creating environment descriptor '/home/sunbi/ros/install/ur_cv_interfaces/share/ur_cv_interfaces/hook/ld_library_path_lib.dsv'
[1.563s] [34mcolcon.colcon_core.shell[0m [1;30mINFO[0m Creating environment hook '/home/sunbi/ros/install/ur_cv_interfaces/share/ur_cv_interfaces/hook/ld_library_path_lib.sh'
[1.564s] [34mcolcon.colcon_core.environment[0m [1;30mLevel 1[0m checking '/home/sunbi/ros/install/ur_cv_interfaces/bin'
[1.564s] [34mcolcon.colcon_core.environment[0m [1;30mLevel 1[0m checking '/home/sunbi/ros/install/ur_cv_interfaces/lib/pkgconfig/ur_cv_interfaces.pc'
[1.564s] [34mcolcon.colcon_core.environment[0m [1;30mLevel 1[0m checking '/home/sunbi/ros/install/ur_cv_interfaces/lib/python3.10/site-packages'
[1.565s] [34mcolcon.colcon_core.environment[0m [1;30mLevel 1[0m checking '/home/sunbi/ros/install/ur_cv_interfaces/bin'
[1.565s] [34mcolcon.colcon_core.shell[0m [1;30mINFO[0m Creating package script '/home/sunbi/ros/install/ur_cv_interfaces/share/ur_cv_interfaces/package.ps1'
[1.566s] [34mcolcon.colcon_core.shell[0m [1;30mINFO[0m Creating package descriptor '/home/sunbi/ros/install/ur_cv_interfaces/share/ur_cv_interfaces/package.dsv'
[1.567s] [34mcolcon.colcon_core.shell[0m [1;30mINFO[0m Creating package script '/home/sunbi/ros/install/ur_cv_interfaces/share/ur_cv_interfaces/package.sh'
[1.568s] [34mcolcon.colcon_core.shell[0m [1;30mINFO[0m Creating package script '/home/sunbi/ros/install/ur_cv_interfaces/share/ur_cv_interfaces/package.bash'
[1.569s] [34mcolcon.colcon_core.shell[0m [1;30mINFO[0m Creating package script '/home/sunbi/ros/install/ur_cv_interfaces/share/ur_cv_interfaces/package.zsh'
[1.570s] [34mcolcon.colcon_core.environment[0m [1;30mLevel 1[0m create_file_with_runtime_dependencies(/home/sunbi/ros/install/ur_cv_interfaces/share/colcon-core/packages/ur_cv_interfaces)
[1.570s] [34mcolcon.colcon_ros.task.ament_python.build[0m [1;30mINFO[0m Building ROS package in '/home/sunbi/ros/capstone_ur5e_sim/src/ur_cv_moveit' with build type 'ament_python'
[1.571s] [34mcolcon.colcon_core.shell[0m [1;30mLevel 1[0m create_environment_hook('ur_cv_moveit', 'ament_prefix_path')
[1.571s] [34mcolcon.colcon_core.shell[0m [1;30mINFO[0m Creating environment hook '/home/sunbi/ros/install/ur_cv_moveit/share/ur_cv_moveit/hook/ament_prefix_path.ps1'
[1.572s] [34mcolcon.colcon_core.shell[0m [1;30mINFO[0m Creating environment descriptor '/home/sunbi/ros/install/ur_cv_moveit/share/ur_cv_moveit/hook/ament_prefix_path.dsv'
[1.573s] [34mcolcon.colcon_core.shell[0m [1;30mINFO[0m Creating environment hook '/home/sunbi/ros/install/ur_cv_moveit/share/ur_cv_moveit/hook/ament_prefix_path.sh'
[1.574s] [34mcolcon.colcon_core.shell[0m [1;30mINFO[0m Skip shell extension 'powershell' for command environment: Not usable outside of PowerShell
[1.574s] [34mcolcon.colcon_core.shell[0m [1;30mDEBUG[0m [32mSkip shell extension 'dsv' for command environment[0m
[1.846s] [34mcolcon.colcon_core.task.python.build[0m [1;30mINFO[0m Building Python package in '/home/sunbi/ros/capstone_ur5e_sim/src/ur_cv_moveit'
[1.847s] [34mcolcon.colcon_core.shell[0m [1;30mINFO[0m Skip shell extension 'powershell' for command environment: Not usable outside of PowerShell
[1.847s] [34mcolcon.colcon_core.shell[0m [1;30mDEBUG[0m [32mSkip shell extension 'dsv' for command environment[0m
[2.258s] [34mcolcon.colcon_core.event_handler.log_command[0m [1;30mDEBUG[0m [32mInvoking command in '/home/sunbi/ros/capstone_ur5e_sim/src/ur_cv_moveit': CMAKE_PREFIX_PATH=/home/sunbi/ros/install/ur_cv_interfaces:/home/sunbi/ros/install/ur_simulation_gazebo:/home/sunbi/ros/install/ur_description LD_LIBRARY_PATH=/home/sunbi/ros/install/ur_cv_interfaces/lib:/home/sunbi/ros/install/ur_simulation_gazebo/lib:/usr/lib/x86_64-linux-gnu/gazebo-11/plugins:/opt/ros/humble/opt/rviz_ogre_vendor/lib:/opt/ros/humble/lib/x86_64-linux-gnu:/opt/ros/humble/lib PYTHONPATH=/home/sunbi/ros/build/ur_cv_moveit/prefix_override:/usr/lib/python3/dist-packages/colcon_core/task/python/colcon_distutils_commands:/home/sunbi/ros/install/ur_cv_moveit/lib/python3.10/site-packages:${PYTHONPATH} /usr/bin/python3 -W ignore:setup.py install is deprecated -W ignore:easy_install command is deprecated setup.py egg_info --egg-base ../../../build/ur_cv_moveit build --build-base /home/sunbi/ros/build/ur_cv_moveit/build install --record /home/sunbi/ros/build/ur_cv_moveit/install.log --single-version-externally-managed install_data[0m
[2.555s] [34mcolcon.colcon_core.environment[0m [1;30mLevel 1[0m checking '/home/sunbi/ros/install/ur_cv_moveit' for CMake module files
[2.556s] [34mcolcon.colcon_core.environment[0m [1;30mLevel 1[0m checking '/home/sunbi/ros/install/ur_cv_moveit' for CMake config files
[2.557s] [34mcolcon.colcon_core.environment[0m [1;30mLevel 1[0m checking '/home/sunbi/ros/install/ur_cv_moveit/lib'
[2.557s] [34mcolcon.colcon_core.environment[0m [1;30mLevel 1[0m checking '/home/sunbi/ros/install/ur_cv_moveit/bin'
[2.557s] [34mcolcon.colcon_core.environment[0m [1;30mLevel 1[0m checking '/home/sunbi/ros/install/ur_cv_moveit/lib/pkgconfig/ur_cv_moveit.pc'
[2.557s] [34mcolcon.colcon_core.environment[0m [1;30mLevel 1[0m checking '/home/sunbi/ros/install/ur_cv_moveit/lib/python3.10/site-packages'
[2.557s] [34mcolcon.colcon_core.shell[0m [1;30mLevel 1[0m create_environment_hook('ur_cv_moveit', 'pythonpath')
[2.558s] [34mcolcon.colcon_core.event_handler.log_command[0m [1;30mDEBUG[0m [32mInvoked command in '/home/sunbi/ros/capstone_ur5e_sim/src/ur_cv_moveit' returned '0': CMAKE_PREFIX_PATH=/home/sunbi/ros/install/ur_cv_interfaces:/home/sunbi/ros/install/ur_simulation_gazebo:/home/sunbi/ros/install/ur_description LD_LIBRARY_PATH=/home/sunbi/ros/install/ur_cv_interfaces/lib:/home/sunbi/ros/install/ur_simulation_gazebo/lib:/usr/lib/x86_64-linux-gnu/gazebo-11/plugins:/opt/ros/humble/opt/rviz_ogre_vendor/lib:/opt/ros/humble/lib/x86_64-linux-gnu:/opt/ros/humble/lib PYTHONPATH=/home/sunbi/ros/build/ur_cv_moveit/prefix_override:/usr/lib/python3/dist-packages/colcon_core/task/python/colcon_distutils_commands:/home/sunbi/ros/install/ur_cv_moveit/lib/python3.10/site-packages:${PYTHONPATH} /usr/bin/python3 -W ignore:setup.py install is deprecated -W ignore:easy_install command is deprecated setup.py egg_info --egg-base ../../../build/ur_cv_moveit build --build-base /home/sunbi/ros/build/ur_cv_moveit/build install --record /home/sunbi/ros/build/ur_cv_moveit/install.log --single-version-externally-managed install_data[0m
[2.558s] [34mcolcon.colcon_core.shell[0m [1;30mINFO[0m Creating environment hook '/home/sunbi/ros/install/ur_cv_moveit/share/ur_cv_moveit/hook/pythonpath.ps1'
[2.559s] [34mcolcon.colcon_core.shell[0m [1;30mINFO[0m Creating environment descriptor '/home/sunbi/ros/install/ur_cv_moveit/share/ur_cv_moveit/hook/pythonpath.dsv'
[2.560s] [34mcolcon.colcon_core.shell[0m [1;30mINFO[0m Creating environment hook '/home/sunbi/ros/install/ur_cv_moveit/share/ur_cv_moveit/hook/pythonpath.sh'
[2.561s] [34mcolcon.colcon_core.environment[0m [1;30mLevel 1[0m checking '/home/sunbi/ros/install/ur_cv_moveit/bin'
[2.561s] [34mcolcon.colcon_core.environment[0m [1;30mLevel 1[0m create_environment_scripts_only(ur_cv_moveit)
[2.562s] [34mcolcon.colcon_core.shell[0m [1;30mINFO[0m Creating package script '/home/sunbi/ros/install/ur_cv_moveit/share/ur_cv_moveit/package.ps1'
[2.562s] [34mcolcon.colcon_core.shell[0m [1;30mINFO[0m Creating package descriptor '/home/sunbi/ros/install/ur_cv_moveit/share/ur_cv_moveit/package.dsv'
[2.563s] [34mcolcon.colcon_core.shell[0m [1;30mINFO[0m Creating package script '/home/sunbi/ros/install/ur_cv_moveit/share/ur_cv_moveit/package.sh'
[2.564s] [34mcolcon.colcon_core.shell[0m [1;30mINFO[0m Creating package script '/home/sunbi/ros/install/ur_cv_moveit/share/ur_cv_moveit/package.bash'
[2.564s] [34mcolcon.colcon_core.shell[0m [1;30mINFO[0m Creating package script '/home/sunbi/ros/install/ur_cv_moveit/share/ur_cv_moveit/package.zsh'
[2.565s] [34mcolcon.colcon_core.environment[0m [1;30mLevel 1[0m create_file_with_runtime_dependencies(/home/sunbi/ros/install/ur_cv_moveit/share/colcon-core/packages/ur_cv_moveit)
[2.566s] [34mcolcon.colcon_parallel_executor.executor.parallel[0m [1;30mDEBUG[0m [32mclosing loop[0m
[2.566s] [34mcolcon.colcon_parallel_executor.executor.parallel[0m [1;30mDEBUG[0m [32mloop closed[0m
[2.566s] [34mcolcon.colcon_parallel_executor.executor.parallel[0m [1;30mDEBUG[0m [32mrun_until_complete finished with '0'[0m
[2.567s] [34mcolcon.colcon_core.event_reactor[0m [1;30mDEBUG[0m [32mjoining thread[0m
[2.576s] [34mcolcon.colcon_core.plugin_system[0m [1;30mINFO[0m Skipping extension 'colcon_notification.desktop_notification.terminal_notifier': Not used on non-Darwin systems
[2.577s] [34mcolcon.colcon_core.plugin_system[0m [1;30mINFO[0m Skipping extension 'colcon_notification.desktop_notification.win32': Not used on non-Windows systems
[2.577s] [34mcolcon.colcon_notification.desktop_notification[0m [1;30mINFO[0m Sending desktop notification using 'notify2'
[2.599s] [34mcolcon.colcon_core.event_reactor[0m [1;30mDEBUG[0m [32mjoined thread[0m
[2.600s] [34mcolcon.colcon_core.shell[0m [1;30mINFO[0m Creating prefix script '/home/sunbi/ros/install/local_setup.ps1'
[2.601s] [34mcolcon.colcon_core.shell[0m [1;30mINFO[0m Creating prefix util module '/home/sunbi/ros/install/_local_setup_util_ps1.py'
[2.603s] [34mcolcon.colcon_core.shell[0m [1;30mINFO[0m Creating prefix chain script '/home/sunbi/ros/install/setup.ps1'
[2.605s] [34mcolcon.colcon_core.shell[0m [1;30mINFO[0m Creating prefix script '/home/sunbi/ros/install/local_setup.sh'
[2.607s] [34mcolcon.colcon_core.shell[0m [1;30mINFO[0m Creating prefix util module '/home/sunbi/ros/install/_local_setup_util_sh.py'
[2.607s] [34mcolcon.colcon_core.shell[0m [1;30mINFO[0m Creating prefix chain script '/home/sunbi/ros/install/setup.sh'
[2.609s] [34mcolcon.colcon_core.shell[0m [1;30mINFO[0m Creating prefix script '/home/sunbi/ros/install/local_setup.bash'
[2.609s] [34mcolcon.colcon_core.shell[0m [1;30mINFO[0m Creating prefix chain script '/home/sunbi/ros/install/setup.bash'
[2.610s] [34mcolcon.colcon_core.shell[0m [1;30mINFO[0m Creating prefix script '/home/sunbi/ros/install/local_setup.zsh'
[2.611s] [34mcolcon.colcon_core.shell[0m [1;30mINFO[0m Creating prefix chain script '/home/sunbi/ros/install/setup.zsh'
