[0.010s] Invoking command in '/home/sunbi/ros2_ws/src/build/ur_simulation_gazebo': CMAKE_PREFIX_PATH=${CMAKE_PREFIX_PATH}:/opt/ros/humble /usr/bin/cmake /home/sunbi/ros2_ws/src/Universal_Robots_ROS2_Gazebo_Simulation/ur_simulation_gazebo -DCMAKE_INSTALL_PREFIX=/home/sunbi/ros2_ws/src/install/ur_simulation_gazebo
[0.074s] -- The C compiler identification is GNU 11.4.0
[0.132s] -- The CXX compiler identification is GNU 11.4.0
[0.140s] -- Detecting C compiler ABI info
[0.222s] -- Detecting C compiler ABI info - done
[0.226s] -- Check for working C compiler: /usr/bin/cc - skipped
[0.226s] -- Detecting C compile features
[0.227s] -- Detecting C compile features - done
[0.230s] -- Detecting CXX compiler ABI info
[0.323s] -- Detecting CXX compiler ABI info - done
[0.328s] -- Check for working CXX compiler: /usr/bin/c++ - skipped
[0.329s] -- Detecting CXX compile features
[0.329s] -- Detecting CXX compile features - done
[0.332s] -- Found ament_cmake: 1.3.12 (/opt/ros/humble/share/ament_cmake/cmake)
[0.469s] -- Found Python3: /usr/bin/python3 (found version "3.10.12") found components: Interpreter 
[0.552s] -- Found launch_testing_ament_cmake: 1.0.10 (/opt/ros/humble/share/launch_testing_ament_cmake/cmake)
[0.554s] -- Found python_cmake_module: 0.10.0 (/opt/ros/humble/share/python_cmake_module/cmake)
[0.573s] -- Found PythonInterp: /usr/bin/python3 (found suitable version "3.10.12", minimum required is "3.6") 
[0.583s] -- Found PythonLibs: /usr/lib/x86_64-linux-gnu/libpython3.10.so (found suitable version "3.10.12", minimum required is "3.5") 
[0.583s] -- Using PYTHON_EXECUTABLE: /usr/bin/python3
[0.583s] -- Using PYTHON_INCLUDE_DIRS: /usr/include/python3.10
[0.583s] -- Using PYTHON_LIBRARIES: /usr/lib/x86_64-linux-gnu/libpython3.10.so
[0.602s] -- Found PythonExtra: .so  
[0.604s] -- Found ament_cmake_pytest: 1.3.12 (/opt/ros/humble/share/ament_cmake_pytest/cmake)
[0.662s] -- Configuring done
[0.665s] -- Generating done
[0.667s] -- Build files have been written to: /home/sunbi/ros2_ws/src/build/ur_simulation_gazebo
[0.675s] Invoked command in '/home/sunbi/ros2_ws/src/build/ur_simulation_gazebo' returned '0': CMAKE_PREFIX_PATH=${CMAKE_PREFIX_PATH}:/opt/ros/humble /usr/bin/cmake /home/sunbi/ros2_ws/src/Universal_Robots_ROS2_Gazebo_Simulation/ur_simulation_gazebo -DCMAKE_INSTALL_PREFIX=/home/sunbi/ros2_ws/src/install/ur_simulation_gazebo
[0.675s] Invoking command in '/home/sunbi/ros2_ws/src/build/ur_simulation_gazebo': CMAKE_PREFIX_PATH=${CMAKE_PREFIX_PATH}:/opt/ros/humble /usr/bin/cmake --build /home/sunbi/ros2_ws/src/build/ur_simulation_gazebo -- -j4 -l4
[0.723s] Invoked command in '/home/sunbi/ros2_ws/src/build/ur_simulation_gazebo' returned '0': CMAKE_PREFIX_PATH=${CMAKE_PREFIX_PATH}:/opt/ros/humble /usr/bin/cmake --build /home/sunbi/ros2_ws/src/build/ur_simulation_gazebo -- -j4 -l4
[0.723s] Invoking command in '/home/sunbi/ros2_ws/src/build/ur_simulation_gazebo': CMAKE_PREFIX_PATH=${CMAKE_PREFIX_PATH}:/opt/ros/humble /usr/bin/cmake --install /home/sunbi/ros2_ws/src/build/ur_simulation_gazebo
[0.733s] -- Install configuration: ""
[0.734s] -- Installing: /home/sunbi/ros2_ws/src/install/ur_simulation_gazebo/share/ur_simulation_gazebo/config
[0.734s] -- Installing: /home/sunbi/ros2_ws/src/install/ur_simulation_gazebo/share/ur_simulation_gazebo/config/ur_controllers.yaml
[0.734s] -- Installing: /home/sunbi/ros2_ws/src/install/ur_simulation_gazebo/share/ur_simulation_gazebo/launch
[0.734s] -- Installing: /home/sunbi/ros2_ws/src/install/ur_simulation_gazebo/share/ur_simulation_gazebo/launch/ur_sim_control.launch.py
[0.734s] -- Installing: /home/sunbi/ros2_ws/src/install/ur_simulation_gazebo/share/ur_simulation_gazebo/launch/ur5e_elevator.launch.py
[0.734s] -- Installing: /home/sunbi/ros2_ws/src/install/ur_simulation_gazebo/share/ur_simulation_gazebo/launch/ur_sim_moveit.launch.py
[0.734s] -- Installing: /home/sunbi/ros2_ws/src/install/ur_simulation_gazebo/share/ur_simulation_gazebo//worlds
[0.734s] -- Installing: /home/sunbi/ros2_ws/src/install/ur_simulation_gazebo/share/ur_simulation_gazebo//worlds/elevator.world
[0.734s] -- Installing: /home/sunbi/ros2_ws/src/install/ur_simulation_gazebo/share/ur_simulation_gazebo/urdf
[0.734s] -- Installing: /home/sunbi/ros2_ws/src/install/ur_simulation_gazebo/share/ur_simulation_gazebo/urdf/ur.urdf.xacro
[0.734s] -- Installing: /home/sunbi/ros2_ws/src/install/ur_simulation_gazebo/share/ur_simulation_gazebo/urdf/ros2_control_mock_hardware.xacro
[0.735s] -- Installing: /home/sunbi/ros2_ws/src/install/ur_simulation_gazebo/share/ur_simulation_gazebo/urdf/ur_mocked.urdf.xacro
[0.735s] -- Installing: /home/sunbi/ros2_ws/src/install/ur_simulation_gazebo/share/ur_simulation_gazebo/urdf/inc
[0.735s] -- Installing: /home/sunbi/ros2_ws/src/install/ur_simulation_gazebo/share/ur_simulation_gazebo/urdf/inc/ur_common.xacro
[0.735s] -- Installing: /home/sunbi/ros2_ws/src/install/ur_simulation_gazebo/share/ur_simulation_gazebo/urdf/inc/ur_transmissions.xacro
[0.735s] -- Installing: /home/sunbi/ros2_ws/src/install/ur_simulation_gazebo/share/ur_simulation_gazebo/urdf/inc/ur_joint_control.xacro
[0.735s] -- Installing: /home/sunbi/ros2_ws/src/install/ur_simulation_gazebo/share/ur_simulation_gazebo/urdf/inc/ur_sensors.xacro
[0.735s] -- Installing: /home/sunbi/ros2_ws/src/install/ur_simulation_gazebo/share/ur_simulation_gazebo/urdf/ur_macro.xacro
[0.735s] -- Installing: /home/sunbi/ros2_ws/src/install/ur_simulation_gazebo/share/ament_index/resource_index/package_run_dependencies/ur_simulation_gazebo
[0.736s] -- Installing: /home/sunbi/ros2_ws/src/install/ur_simulation_gazebo/share/ament_index/resource_index/parent_prefix_path/ur_simulation_gazebo
[0.736s] -- Installing: /home/sunbi/ros2_ws/src/install/ur_simulation_gazebo/share/ur_simulation_gazebo/environment/ament_prefix_path.sh
[0.736s] -- Installing: /home/sunbi/ros2_ws/src/install/ur_simulation_gazebo/share/ur_simulation_gazebo/environment/ament_prefix_path.dsv
[0.736s] -- Installing: /home/sunbi/ros2_ws/src/install/ur_simulation_gazebo/share/ur_simulation_gazebo/environment/path.sh
[0.736s] -- Installing: /home/sunbi/ros2_ws/src/install/ur_simulation_gazebo/share/ur_simulation_gazebo/environment/path.dsv
[0.737s] -- Installing: /home/sunbi/ros2_ws/src/install/ur_simulation_gazebo/share/ur_simulation_gazebo/local_setup.bash
[0.737s] -- Installing: /home/sunbi/ros2_ws/src/install/ur_simulation_gazebo/share/ur_simulation_gazebo/local_setup.sh
[0.737s] -- Installing: /home/sunbi/ros2_ws/src/install/ur_simulation_gazebo/share/ur_simulation_gazebo/local_setup.zsh
[0.737s] -- Installing: /home/sunbi/ros2_ws/src/install/ur_simulation_gazebo/share/ur_simulation_gazebo/local_setup.dsv
[0.738s] -- Installing: /home/sunbi/ros2_ws/src/install/ur_simulation_gazebo/share/ur_simulation_gazebo/package.dsv
[0.738s] -- Installing: /home/sunbi/ros2_ws/src/install/ur_simulation_gazebo/share/ament_index/resource_index/packages/ur_simulation_gazebo
[0.738s] -- Installing: /home/sunbi/ros2_ws/src/install/ur_simulation_gazebo/share/ur_simulation_gazebo/cmake/ur_simulation_gazeboConfig.cmake
[0.738s] -- Installing: /home/sunbi/ros2_ws/src/install/ur_simulation_gazebo/share/ur_simulation_gazebo/cmake/ur_simulation_gazeboConfig-version.cmake
[0.738s] -- Installing: /home/sunbi/ros2_ws/src/install/ur_simulation_gazebo/share/ur_simulation_gazebo/package.xml
[0.741s] Invoked command in '/home/sunbi/ros2_ws/src/build/ur_simulation_gazebo' returned '0': CMAKE_PREFIX_PATH=${CMAKE_PREFIX_PATH}:/opt/ros/humble /usr/bin/cmake --install /home/sunbi/ros2_ws/src/build/ur_simulation_gazebo
