running develop
Removing /home/sunbi/ros/capstone_ur5e_sim/install/ur_cv_moveit/lib/python3.10/site-packages/ur-cv-moveit.egg-link (link to .)
running egg_info
writing ../../build/ur_cv_moveit/ur_cv_moveit.egg-info/PKG-INFO
writing dependency_links to ../../build/ur_cv_moveit/ur_cv_moveit.egg-info/dependency_links.txt
writing entry points to ../../build/ur_cv_moveit/ur_cv_moveit.egg-info/entry_points.txt
writing requirements to ../../build/ur_cv_moveit/ur_cv_moveit.egg-info/requires.txt
writing top-level names to ../../build/ur_cv_moveit/ur_cv_moveit.egg-info/top_level.txt
reading manifest file '../../build/ur_cv_moveit/ur_cv_moveit.egg-info/SOURCES.txt'
writing manifest file '../../build/ur_cv_moveit/ur_cv_moveit.egg-info/SOURCES.txt'
running build
running build_py
copying ur_cv_moveit/button_press_action_node.py -> /home/sunbi/ros/capstone_ur5e_sim/build/ur_cv_moveit/build/lib/ur_cv_moveit
copying ur_cv_moveit/dataset_recorder.py -> /home/sunbi/ros/capstone_ur5e_sim/build/ur_cv_moveit/build/lib/ur_cv_moveit
copying ur_cv_moveit/camera_capture_node.py -> /home/sunbi/ros/capstone_ur5e_sim/build/ur_cv_moveit/build/lib/ur_cv_moveit
copying ur_cv_moveit/button_detection_node.py -> /home/sunbi/ros/capstone_ur5e_sim/build/ur_cv_moveit/build/lib/ur_cv_moveit
copying ur_cv_moveit/button_detect_and_move.py -> /home/sunbi/ros/capstone_ur5e_sim/build/ur_cv_moveit/build/lib/ur_cv_moveit
copying ur_cv_moveit/servo_teleop_arm.py -> /home/sunbi/ros/capstone_ur5e_sim/build/ur_cv_moveit/build/lib/ur_cv_moveit
running install
running install_lib
copying /home/sunbi/ros/capstone_ur5e_sim/build/ur_cv_moveit/build/lib/ur_cv_moveit/button_press_action_node.py -> /home/sunbi/ros/capstone_ur5e_sim/install/ur_cv_moveit/lib/python3.10/site-packages/ur_cv_moveit
copying /home/sunbi/ros/capstone_ur5e_sim/build/ur_cv_moveit/build/lib/ur_cv_moveit/dataset_recorder.py -> /home/sunbi/ros/capstone_ur5e_sim/install/ur_cv_moveit/lib/python3.10/site-packages/ur_cv_moveit
copying /home/sunbi/ros/capstone_ur5e_sim/build/ur_cv_moveit/build/lib/ur_cv_moveit/camera_capture_node.py -> /home/sunbi/ros/capstone_ur5e_sim/install/ur_cv_moveit/lib/python3.10/site-packages/ur_cv_moveit
copying /home/sunbi/ros/capstone_ur5e_sim/build/ur_cv_moveit/build/lib/ur_cv_moveit/button_detection_node.py -> /home/sunbi/ros/capstone_ur5e_sim/install/ur_cv_moveit/lib/python3.10/site-packages/ur_cv_moveit
copying /home/sunbi/ros/capstone_ur5e_sim/build/ur_cv_moveit/build/lib/ur_cv_moveit/button_detect_and_move.py -> /home/sunbi/ros/capstone_ur5e_sim/install/ur_cv_moveit/lib/python3.10/site-packages/ur_cv_moveit
copying /home/sunbi/ros/capstone_ur5e_sim/build/ur_cv_moveit/build/lib/ur_cv_moveit/servo_teleop_arm.py -> /home/sunbi/ros/capstone_ur5e_sim/install/ur_cv_moveit/lib/python3.10/site-packages/ur_cv_moveit
byte-compiling /home/sunbi/ros/capstone_ur5e_sim/install/ur_cv_moveit/lib/python3.10/site-packages/ur_cv_moveit/__init__.py to __init__.cpython-310.pyc
byte-compiling /home/sunbi/ros/capstone_ur5e_sim/install/ur_cv_moveit/lib/python3.10/site-packages/ur_cv_moveit/button_press_action_node.py to button_press_action_node.cpython-310.pyc
byte-compiling /home/sunbi/ros/capstone_ur5e_sim/install/ur_cv_moveit/lib/python3.10/site-packages/ur_cv_moveit/dataset_recorder.py to dataset_recorder.cpython-310.pyc
byte-compiling /home/sunbi/ros/capstone_ur5e_sim/install/ur_cv_moveit/lib/python3.10/site-packages/ur_cv_moveit/camera_capture_node.py to camera_capture_node.cpython-310.pyc
byte-compiling /home/sunbi/ros/capstone_ur5e_sim/install/ur_cv_moveit/lib/python3.10/site-packages/ur_cv_moveit/button_detection_node.py to button_detection_node.cpython-310.pyc
byte-compiling /home/sunbi/ros/capstone_ur5e_sim/install/ur_cv_moveit/lib/python3.10/site-packages/ur_cv_moveit/button_detect_and_move.py to button_detect_and_move.cpython-310.pyc
byte-compiling /home/sunbi/ros/capstone_ur5e_sim/install/ur_cv_moveit/lib/python3.10/site-packages/ur_cv_moveit/servo_teleop_arm.py to servo_teleop_arm.cpython-310.pyc
running install_data
copying resource/ur_cv_moveit -> /home/sunbi/ros/capstone_ur5e_sim/install/ur_cv_moveit/share/ament_index/resource_index/packages
copying package.xml -> /home/sunbi/ros/capstone_ur5e_sim/install/ur_cv_moveit/share/ur_cv_moveit
copying launch/detect_and_move.launch.py -> /home/sunbi/ros/capstone_ur5e_sim/install/ur_cv_moveit/share/ur_cv_moveit/launch
running install_egg_info
removing '/home/sunbi/ros/capstone_ur5e_sim/install/ur_cv_moveit/lib/python3.10/site-packages/ur_cv_moveit-0.0.1-py3.10.egg-info' (and everything under it)
Copying ../../build/ur_cv_moveit/ur_cv_moveit.egg-info to /home/sunbi/ros/capstone_ur5e_sim/install/ur_cv_moveit/lib/python3.10/site-packages/ur_cv_moveit-0.0.1-py3.10.egg-info
running install_scripts
Installing button_detection_node script to /home/sunbi/ros/capstone_ur5e_sim/install/ur_cv_moveit/lib/ur_cv_moveit
Installing button_press_action_node script to /home/sunbi/ros/capstone_ur5e_sim/install/ur_cv_moveit/lib/ur_cv_moveit
Installing camera_capture_node script to /home/sunbi/ros/capstone_ur5e_sim/install/ur_cv_moveit/lib/ur_cv_moveit
writing list of installed files to '/home/sunbi/ros/capstone_ur5e_sim/build/ur_cv_moveit/install.log'
