/home/sunbi/ros/install/ur_cv_moveit/lib/python3.10/site-packages/ur_cv_moveit/__init__.py
/home/sunbi/ros/install/ur_cv_moveit/lib/python3.10/site-packages/ur_cv_moveit/button_press_action_node.py
/home/sunbi/ros/install/ur_cv_moveit/lib/python3.10/site-packages/ur_cv_moveit/dataset_recorder.py
/home/sunbi/ros/install/ur_cv_moveit/lib/python3.10/site-packages/ur_cv_moveit/camera_capture_node.py
/home/sunbi/ros/install/ur_cv_moveit/lib/python3.10/site-packages/ur_cv_moveit/button_detection_node.py
/home/sunbi/ros/install/ur_cv_moveit/lib/python3.10/site-packages/ur_cv_moveit/button_detect_and_move.py
/home/sunbi/ros/install/ur_cv_moveit/lib/python3.10/site-packages/ur_cv_moveit/servo_teleop_arm.py
/home/sunbi/ros/install/ur_cv_moveit/lib/python3.10/site-packages/ur_cv_moveit/__pycache__/__init__.cpython-310.pyc
/home/sunbi/ros/install/ur_cv_moveit/lib/python3.10/site-packages/ur_cv_moveit/__pycache__/button_press_action_node.cpython-310.pyc
/home/sunbi/ros/install/ur_cv_moveit/lib/python3.10/site-packages/ur_cv_moveit/__pycache__/dataset_recorder.cpython-310.pyc
/home/sunbi/ros/install/ur_cv_moveit/lib/python3.10/site-packages/ur_cv_moveit/__pycache__/camera_capture_node.cpython-310.pyc
/home/sunbi/ros/install/ur_cv_moveit/lib/python3.10/site-packages/ur_cv_moveit/__pycache__/button_detection_node.cpython-310.pyc
/home/sunbi/ros/install/ur_cv_moveit/lib/python3.10/site-packages/ur_cv_moveit/__pycache__/button_detect_and_move.cpython-310.pyc
/home/sunbi/ros/install/ur_cv_moveit/lib/python3.10/site-packages/ur_cv_moveit/__pycache__/servo_teleop_arm.cpython-310.pyc
/home/sunbi/ros/install/ur_cv_moveit/share/ament_index/resource_index/packages/ur_cv_moveit
/home/sunbi/ros/install/ur_cv_moveit/share/ur_cv_moveit/package.xml
/home/sunbi/ros/install/ur_cv_moveit/share/ur_cv_moveit/launch/detect_and_move.launch.py
/home/sunbi/ros/install/ur_cv_moveit/lib/python3.10/site-packages/ur_cv_moveit-0.0.1-py3.10.egg-info/zip-safe
/home/sunbi/ros/install/ur_cv_moveit/lib/python3.10/site-packages/ur_cv_moveit-0.0.1-py3.10.egg-info/requires.txt
/home/sunbi/ros/install/ur_cv_moveit/lib/python3.10/site-packages/ur_cv_moveit-0.0.1-py3.10.egg-info/dependency_links.txt
/home/sunbi/ros/install/ur_cv_moveit/lib/python3.10/site-packages/ur_cv_moveit-0.0.1-py3.10.egg-info/top_level.txt
/home/sunbi/ros/install/ur_cv_moveit/lib/python3.10/site-packages/ur_cv_moveit-0.0.1-py3.10.egg-info/SOURCES.txt
/home/sunbi/ros/install/ur_cv_moveit/lib/python3.10/site-packages/ur_cv_moveit-0.0.1-py3.10.egg-info/PKG-INFO
/home/sunbi/ros/install/ur_cv_moveit/lib/python3.10/site-packages/ur_cv_moveit-0.0.1-py3.10.egg-info/entry_points.txt
/home/sunbi/ros/install/ur_cv_moveit/lib/ur_cv_moveit/button_detection_node
/home/sunbi/ros/install/ur_cv_moveit/lib/ur_cv_moveit/button_press_action_node
/home/sunbi/ros/install/ur_cv_moveit/lib/ur_cv_moveit/camera_capture_node
