-- Install configuration: ""
-- Up-to-date: /home/sunbi/ros2_ws/src/install/ur_simulation_gazebo/share/ur_simulation_gazebo/config
-- Up-to-date: /home/sunbi/ros2_ws/src/install/ur_simulation_gazebo/share/ur_simulation_gazebo/config/ur_controllers.yaml
-- Up-to-date: /home/sunbi/ros2_ws/src/install/ur_simulation_gazebo/share/ur_simulation_gazebo/launch
-- Up-to-date: /home/sunbi/ros2_ws/src/install/ur_simulation_gazebo/share/ur_simulation_gazebo/launch/ur_sim_control.launch.py
-- Installing: /home/sunbi/ros2_ws/src/install/ur_simulation_gazebo/share/ur_simulation_gazebo/launch/ur5e_elevator.launch.py
-- Up-to-date: /home/sunbi/ros2_ws/src/install/ur_simulation_gazebo/share/ur_simulation_gazebo/launch/ur_sim_moveit.launch.py
-- Up-to-date: /home/sunbi/ros2_ws/src/install/ur_simulation_gazebo/share/ur_simulation_gazebo//worlds
-- Up-to-date: /home/sunbi/ros2_ws/src/install/ur_simulation_gazebo/share/ur_simulation_gazebo//worlds/elevator.world
-- Up-to-date: /home/sunbi/ros2_ws/src/install/ur_simulation_gazebo/share/ur_simulation_gazebo/urdf
-- Up-to-date: /home/sunbi/ros2_ws/src/install/ur_simulation_gazebo/share/ur_simulation_gazebo/urdf/ur.urdf.xacro
-- Up-to-date: /home/sunbi/ros2_ws/src/install/ur_simulation_gazebo/share/ur_simulation_gazebo/urdf/ros2_control_mock_hardware.xacro
-- Up-to-date: /home/sunbi/ros2_ws/src/install/ur_simulation_gazebo/share/ur_simulation_gazebo/urdf/ur_mocked.urdf.xacro
-- Up-to-date: /home/sunbi/ros2_ws/src/install/ur_simulation_gazebo/share/ur_simulation_gazebo/urdf/inc
-- Up-to-date: /home/sunbi/ros2_ws/src/install/ur_simulation_gazebo/share/ur_simulation_gazebo/urdf/inc/ur_common.xacro
-- Up-to-date: /home/sunbi/ros2_ws/src/install/ur_simulation_gazebo/share/ur_simulation_gazebo/urdf/inc/ur_transmissions.xacro
-- Up-to-date: /home/sunbi/ros2_ws/src/install/ur_simulation_gazebo/share/ur_simulation_gazebo/urdf/inc/ur_joint_control.xacro
-- Up-to-date: /home/sunbi/ros2_ws/src/install/ur_simulation_gazebo/share/ur_simulation_gazebo/urdf/inc/ur_sensors.xacro
-- Up-to-date: /home/sunbi/ros2_ws/src/install/ur_simulation_gazebo/share/ur_simulation_gazebo/urdf/ur_macro.xacro
-- Up-to-date: /home/sunbi/ros2_ws/src/install/ur_simulation_gazebo/share/ament_index/resource_index/package_run_dependencies/ur_simulation_gazebo
-- Up-to-date: /home/sunbi/ros2_ws/src/install/ur_simulation_gazebo/share/ament_index/resource_index/parent_prefix_path/ur_simulation_gazebo
-- Up-to-date: /home/sunbi/ros2_ws/src/install/ur_simulation_gazebo/share/ur_simulation_gazebo/environment/ament_prefix_path.sh
-- Up-to-date: /home/sunbi/ros2_ws/src/install/ur_simulation_gazebo/share/ur_simulation_gazebo/environment/ament_prefix_path.dsv
-- Up-to-date: /home/sunbi/ros2_ws/src/install/ur_simulation_gazebo/share/ur_simulation_gazebo/environment/path.sh
-- Up-to-date: /home/sunbi/ros2_ws/src/install/ur_simulation_gazebo/share/ur_simulation_gazebo/environment/path.dsv
-- Up-to-date: /home/sunbi/ros2_ws/src/install/ur_simulation_gazebo/share/ur_simulation_gazebo/local_setup.bash
-- Up-to-date: /home/sunbi/ros2_ws/src/install/ur_simulation_gazebo/share/ur_simulation_gazebo/local_setup.sh
-- Up-to-date: /home/sunbi/ros2_ws/src/install/ur_simulation_gazebo/share/ur_simulation_gazebo/local_setup.zsh
-- Up-to-date: /home/sunbi/ros2_ws/src/install/ur_simulation_gazebo/share/ur_simulation_gazebo/local_setup.dsv
-- Up-to-date: /home/sunbi/ros2_ws/src/install/ur_simulation_gazebo/share/ur_simulation_gazebo/package.dsv
-- Up-to-date: /home/sunbi/ros2_ws/src/install/ur_simulation_gazebo/share/ament_index/resource_index/packages/ur_simulation_gazebo
-- Up-to-date: /home/sunbi/ros2_ws/src/install/ur_simulation_gazebo/share/ur_simulation_gazebo/cmake/ur_simulation_gazeboConfig.cmake
-- Up-to-date: /home/sunbi/ros2_ws/src/install/ur_simulation_gazebo/share/ur_simulation_gazebo/cmake/ur_simulation_gazeboConfig-version.cmake
-- Up-to-date: /home/sunbi/ros2_ws/src/install/ur_simulation_gazebo/share/ur_simulation_gazebo/package.xml
