[0.240s] Invoking command in '/home/sunbi/ros/capstone_ur5e_sim/build/ur_simulation_gazebo': AMENT_PREFIX_PATH=/home/sunbi/ros/capstone_ur5e_sim/install/ur_description:${AMENT_PREFIX_PATH} CMAKE_PREFIX_PATH=/home/sunbi/ros/capstone_ur5e_sim/install/ur_description:/home/sunbi/ros/install/ur_simulation_gazebo:/home/sunbi/ros/install/ur_description:/opt/ros/humble /usr/bin/cmake /home/sunbi/ros/capstone_ur5e_sim/src/Universal_Robots_ROS2_Gazebo_Simulation/ur_simulation_gazebo -DAMENT_CMAKE_SYMLINK_INSTALL=1 -DCMAKE_INSTALL_PREFIX=/home/sunbi/ros/capstone_ur5e_sim/install/ur_simulation_gazebo
[0.256s] -- Found ament_cmake: 1.3.12 (/opt/ros/humble/share/ament_cmake/cmake)
[0.366s] -- Override CMake install command with custom implementation using symlinks instead of copying resources
[0.376s] -- Found rclcpp: 16.0.14 (/opt/ros/humble/share/rclcpp/cmake)
[0.401s] -- Found rosidl_generator_c: 3.1.7 (/opt/ros/humble/share/rosidl_generator_c/cmake)
[0.404s] -- Found rosidl_adapter: 3.1.7 (/opt/ros/humble/share/rosidl_adapter/cmake)
[0.409s] -- Found rosidl_generator_cpp: 3.1.7 (/opt/ros/humble/share/rosidl_generator_cpp/cmake)
[0.417s] -- Using all available rosidl_typesupport_c: rosidl_typesupport_fastrtps_c;rosidl_typesupport_introspection_c
[0.428s] -- Using all available rosidl_typesupport_cpp: rosidl_typesupport_fastrtps_cpp;rosidl_typesupport_introspection_cpp
[0.456s] -- Found rmw_implementation_cmake: 6.1.2 (/opt/ros/humble/share/rmw_implementation_cmake/cmake)
[0.458s] -- Found rmw_fastrtps_cpp: 6.2.8 (/opt/ros/humble/share/rmw_fastrtps_cpp/cmake)
[0.566s] -- Using RMW implementation 'rmw_fastrtps_cpp' as default
[0.608s] -- Found gazebo_ros: 3.9.0 (/opt/ros/humble/share/gazebo_ros/cmake)
[0.644s] -- Found DART: /usr/include (Required is at least version "6.6") found components: dart 
[0.675s] -- Found Protobuf: /usr/lib/x86_64-linux-gnu/libprotobuf.so (found version "3.12.4") 
[0.676s] -- Looking for ignition-math6 -- found version 6.15.1
[0.680s] -- Searching for dependencies of ignition-math6
[0.682s] -- Looking for OGRE...
[0.689s] -- Found Ogre Ghadamon (1.9.0)
[0.689s] -- Found OGRE: optimized;/usr/lib/x86_64-linux-gnu/libOgreMain.so;debug;/usr/lib/x86_64-linux-gnu/libOgreMain.so
[0.698s] -- Looking for OGRE_Paging...
[0.698s] -- Found OGRE_Paging: optimized;/usr/lib/x86_64-linux-gnu/libOgrePaging.so;debug;/usr/lib/x86_64-linux-gnu/libOgrePaging.so
[0.698s] -- Looking for OGRE_Terrain...
[0.698s] -- Found OGRE_Terrain: optimized;/usr/lib/x86_64-linux-gnu/libOgreTerrain.so;debug;/usr/lib/x86_64-linux-gnu/libOgreTerrain.so
[0.698s] -- Looking for OGRE_Property...
[0.698s] -- Found OGRE_Property: optimized;/usr/lib/x86_64-linux-gnu/libOgreProperty.so;debug;/usr/lib/x86_64-linux-gnu/libOgreProperty.so
[0.698s] -- Looking for OGRE_RTShaderSystem...
[0.698s] -- Found OGRE_RTShaderSystem: optimized;/usr/lib/x86_64-linux-gnu/libOgreRTShaderSystem.so;debug;/usr/lib/x86_64-linux-gnu/libOgreRTShaderSystem.so
[0.699s] -- Looking for OGRE_Volume...
[0.701s] -- Found OGRE_Volume: optimized;/usr/lib/x86_64-linux-gnu/libOgreVolume.so;debug;/usr/lib/x86_64-linux-gnu/libOgreVolume.so
[0.701s] -- Looking for OGRE_Overlay...
[0.701s] -- Found OGRE_Overlay: optimized;/usr/lib/x86_64-linux-gnu/libOgreOverlay.so;debug;/usr/lib/x86_64-linux-gnu/libOgreOverlay.so
[0.789s] -- Looking for ignition-math6 -- found version 6.15.1
[0.790s] -- Looking for ignition-transport8 -- found version 8.2.1
[0.790s] -- Searching for dependencies of ignition-transport8
[0.809s] -- Found Protobuf: /usr/lib/x86_64-linux-gnu/libprotobuf.so (found suitable version "3.12.4", minimum required is "3") 
[0.819s] -- Config-file not installed for ZeroMQ -- checking for pkg-config
[0.826s] -- Checking for module 'libzmq >= 4'
[0.847s] --   Found libzmq , version 4.3.4
[0.922s] -- Checking for module 'uuid'
[0.944s] --   Found uuid, version 2.37.2
[0.991s] -- Looking for ignition-msgs5 -- found version 5.8.1
[0.991s] -- Searching for dependencies of ignition-msgs5
[1.011s] -- Looking for ignition-math6 -- found version 6.15.1
[1.018s] -- Checking for module 'tinyxml2'
[1.036s] --   Found tinyxml2, version 9.0.0
[1.081s] -- Looking for ignition-msgs5 -- found version 5.8.1
[1.081s] -- Looking for ignition-common3 -- found version 3.14.0
[1.082s] -- Searching for dependencies of ignition-common3
[1.082s] -- Looking for dlfcn.h - found
[1.082s] -- Looking for libdl - found
[1.093s] -- Searching for <ignition-common3> component [graphics]
[1.093s] -- Looking for ignition-common3-graphics -- found version 3.14.0
[1.094s] -- Searching for dependencies of ignition-common3-graphics
[1.094s] -- Looking for ignition-math6 -- found version 6.15.1
[1.095s] -- Looking for ignition-fuel_tools4 -- found version 4.4.0
[1.096s] -- Searching for dependencies of ignition-fuel_tools4
[1.142s] -- Checking for module 'jsoncpp'
[1.159s] --   Found jsoncpp, version 1.9.5
[1.214s] -- Checking for module 'libzip'
[1.234s] --   Found libzip, version 1.7.3
[1.284s] -- Looking for ignition-common3 -- found version 3.14.0
[1.285s] -- Looking for ignition-math6 -- found version 6.15.1
[1.285s] -- Looking for ignition-msgs5 -- found version 5.8.1
[1.286s] -- Gazebo version: 11.10
[1.287s] -- Found gazebo_msgs: 3.9.0 (/opt/ros/humble/share/gazebo_msgs/cmake)
[1.340s] -- Found launch_testing_ament_cmake: 1.0.10 (/opt/ros/humble/share/launch_testing_ament_cmake/cmake)
[1.342s] -- Found python_cmake_module: 0.10.0 (/opt/ros/humble/share/python_cmake_module/cmake)
[1.373s] -- Using PYTHON_EXECUTABLE: /usr/bin/python3
[1.373s] -- Using PYTHON_INCLUDE_DIRS: /usr/include/python3.10
[1.373s] -- Using PYTHON_LIBRARIES: /usr/lib/x86_64-linux-gnu/libpython3.10.so
[1.377s] -- Found ament_cmake_pytest: 1.3.12 (/opt/ros/humble/share/ament_cmake_pytest/cmake)
[1.442s] -- Configuring done
[1.471s] -- Generating done
[1.477s] -- Build files have been written to: /home/sunbi/ros/capstone_ur5e_sim/build/ur_simulation_gazebo
[1.489s] Invoked command in '/home/sunbi/ros/capstone_ur5e_sim/build/ur_simulation_gazebo' returned '0': AMENT_PREFIX_PATH=/home/sunbi/ros/capstone_ur5e_sim/install/ur_description:${AMENT_PREFIX_PATH} CMAKE_PREFIX_PATH=/home/sunbi/ros/capstone_ur5e_sim/install/ur_description:/home/sunbi/ros/install/ur_simulation_gazebo:/home/sunbi/ros/install/ur_description:/opt/ros/humble /usr/bin/cmake /home/sunbi/ros/capstone_ur5e_sim/src/Universal_Robots_ROS2_Gazebo_Simulation/ur_simulation_gazebo -DAMENT_CMAKE_SYMLINK_INSTALL=1 -DCMAKE_INSTALL_PREFIX=/home/sunbi/ros/capstone_ur5e_sim/install/ur_simulation_gazebo
[1.495s] Invoking command in '/home/sunbi/ros/capstone_ur5e_sim/build/ur_simulation_gazebo': AMENT_PREFIX_PATH=/home/sunbi/ros/capstone_ur5e_sim/install/ur_description:${AMENT_PREFIX_PATH} CMAKE_PREFIX_PATH=/home/sunbi/ros/capstone_ur5e_sim/install/ur_description:/home/sunbi/ros/install/ur_simulation_gazebo:/home/sunbi/ros/install/ur_description:/opt/ros/humble /usr/bin/cmake --build /home/sunbi/ros/capstone_ur5e_sim/build/ur_simulation_gazebo -- -j4 -l4
[1.554s] [35m[1mConsolidate compiler generated dependencies of target elevator_button_plugin[0m
[1.606s] [ 50%] [32m[1mLinking CXX shared library libelevator_button_plugin.so[0m
[2.145s] [100%] Built target elevator_button_plugin
[2.161s] Invoked command in '/home/sunbi/ros/capstone_ur5e_sim/build/ur_simulation_gazebo' returned '0': AMENT_PREFIX_PATH=/home/sunbi/ros/capstone_ur5e_sim/install/ur_description:${AMENT_PREFIX_PATH} CMAKE_PREFIX_PATH=/home/sunbi/ros/capstone_ur5e_sim/install/ur_description:/home/sunbi/ros/install/ur_simulation_gazebo:/home/sunbi/ros/install/ur_description:/opt/ros/humble /usr/bin/cmake --build /home/sunbi/ros/capstone_ur5e_sim/build/ur_simulation_gazebo -- -j4 -l4
[2.175s] Invoking command in '/home/sunbi/ros/capstone_ur5e_sim/build/ur_simulation_gazebo': AMENT_PREFIX_PATH=/home/sunbi/ros/capstone_ur5e_sim/install/ur_description:${AMENT_PREFIX_PATH} CMAKE_PREFIX_PATH=/home/sunbi/ros/capstone_ur5e_sim/install/ur_description:/home/sunbi/ros/install/ur_simulation_gazebo:/home/sunbi/ros/install/ur_description:/opt/ros/humble /usr/bin/cmake --install /home/sunbi/ros/capstone_ur5e_sim/build/ur_simulation_gazebo
[2.183s] -- Install configuration: ""
[2.184s] -- Execute custom install script
[2.184s] -- Symlinking: /home/sunbi/ros/capstone_ur5e_sim/install/ur_simulation_gazebo/share/ur_simulation_gazebo/config/ur_controllers.yaml
[2.194s] -- Symlinking: /home/sunbi/ros/capstone_ur5e_sim/install/ur_simulation_gazebo/share/ur_simulation_gazebo/launch/ur5e_elevator.launch.py
[2.206s] -- Symlinking: /home/sunbi/ros/capstone_ur5e_sim/install/ur_simulation_gazebo/share/ur_simulation_gazebo/launch/ur_sim_control.launch.py
[2.217s] -- Symlinking: /home/sunbi/ros/capstone_ur5e_sim/install/ur_simulation_gazebo/share/ur_simulation_gazebo/launch/ur_sim_moveit.launch.py
[2.229s] -- Symlinking: /home/sunbi/ros/capstone_ur5e_sim/install/ur_simulation_gazebo/share/ur_simulation_gazebo/worlds/elevator.world
[2.240s] -- Symlinking: /home/sunbi/ros/capstone_ur5e_sim/install/ur_simulation_gazebo/lib/libelevator_button_plugin.so
[2.253s] -- Symlinking: /home/sunbi/ros/capstone_ur5e_sim/install/ur_simulation_gazebo/share/ament_index/resource_index/package_run_dependencies/ur_simulation_gazebo
[2.265s] -- Symlinking: /home/sunbi/ros/capstone_ur5e_sim/install/ur_simulation_gazebo/share/ament_index/resource_index/parent_prefix_path/ur_simulation_gazebo
[2.275s] -- Symlinking: /home/sunbi/ros/capstone_ur5e_sim/install/ur_simulation_gazebo/share/ur_simulation_gazebo/environment/ament_prefix_path.sh
[2.286s] -- Symlinking: /home/sunbi/ros/capstone_ur5e_sim/install/ur_simulation_gazebo/share/ur_simulation_gazebo/environment/ament_prefix_path.dsv
[2.304s] -- Symlinking: /home/sunbi/ros/capstone_ur5e_sim/install/ur_simulation_gazebo/share/ur_simulation_gazebo/environment/path.sh
[2.314s] -- Symlinking: /home/sunbi/ros/capstone_ur5e_sim/install/ur_simulation_gazebo/share/ur_simulation_gazebo/environment/path.dsv
[2.327s] -- Symlinking: /home/sunbi/ros/capstone_ur5e_sim/install/ur_simulation_gazebo/share/ur_simulation_gazebo/local_setup.bash
[2.339s] -- Symlinking: /home/sunbi/ros/capstone_ur5e_sim/install/ur_simulation_gazebo/share/ur_simulation_gazebo/local_setup.sh
[2.352s] -- Symlinking: /home/sunbi/ros/capstone_ur5e_sim/install/ur_simulation_gazebo/share/ur_simulation_gazebo/local_setup.zsh
[2.363s] -- Symlinking: /home/sunbi/ros/capstone_ur5e_sim/install/ur_simulation_gazebo/share/ur_simulation_gazebo/local_setup.dsv
[2.375s] -- Symlinking: /home/sunbi/ros/capstone_ur5e_sim/install/ur_simulation_gazebo/share/ur_simulation_gazebo/package.dsv
[2.390s] -- Symlinking: /home/sunbi/ros/capstone_ur5e_sim/install/ur_simulation_gazebo/share/ament_index/resource_index/packages/ur_simulation_gazebo
[2.400s] -- Symlinking: /home/sunbi/ros/capstone_ur5e_sim/install/ur_simulation_gazebo/share/ur_simulation_gazebo/cmake/ur_simulation_gazeboConfig.cmake
[2.411s] -- Symlinking: /home/sunbi/ros/capstone_ur5e_sim/install/ur_simulation_gazebo/share/ur_simulation_gazebo/cmake/ur_simulation_gazeboConfig-version.cmake
[2.422s] -- Symlinking: /home/sunbi/ros/capstone_ur5e_sim/install/ur_simulation_gazebo/share/ur_simulation_gazebo/package.xml
[2.436s] Invoked command in '/home/sunbi/ros/capstone_ur5e_sim/build/ur_simulation_gazebo' returned '0': AMENT_PREFIX_PATH=/home/sunbi/ros/capstone_ur5e_sim/install/ur_description:${AMENT_PREFIX_PATH} CMAKE_PREFIX_PATH=/home/sunbi/ros/capstone_ur5e_sim/install/ur_description:/home/sunbi/ros/install/ur_simulation_gazebo:/home/sunbi/ros/install/ur_description:/opt/ros/humble /usr/bin/cmake --install /home/sunbi/ros/capstone_ur5e_sim/build/ur_simulation_gazebo
