[0.093s] DEBUG:colcon:Command line arguments: ['/usr/bin/colcon', 'build', '--packages-select', 'ur_simulation_gazebo']
[0.093s] DEBUG:colcon:Parsed command line arguments: Namespace(log_base=None, log_level=None, verb_name='build', build_base='build', install_base='install', merge_install=False, symlink_install=False, test_result_base=None, continue_on_error=False, executor='parallel', parallel_workers=4, event_handlers=None, ignore_user_meta=False, metas=['./colcon.meta'], base_paths=['.'], packages_ignore=None, packages_ignore_regex=None, paths=None, packages_up_to=None, packages_up_to_regex=None, packages_above=None, packages_above_and_dependencies=None, packages_above_depth=None, packages_select_by_dep=None, packages_skip_by_dep=None, packages_skip_up_to=None, packages_select_build_failed=False, packages_skip_build_finished=False, packages_select_test_failures=False, packages_skip_test_passed=False, packages_select=['ur_simulation_gazebo'], packages_skip=None, packages_select_regex=None, packages_skip_regex=None, packages_start=None, packages_end=None, allow_overriding=[], cmake_args=None, cmake_target=None, cmake_target_skip_unavailable=False, cmake_clean_cache=False, cmake_clean_first=False, cmake_force_configure=False, ament_cmake_args=None, catkin_cmake_args=None, catkin_skip_building_tests=False, verb_parser=<colcon_defaults.argument_parser.defaults.DefaultArgumentsDecorator object at 0x7063cb523a00>, verb_extension=<colcon_core.verb.build.BuildVerb object at 0x7063cb523400>, main=<bound method BuildVerb.main of <colcon_core.verb.build.BuildVerb object at 0x7063cb523400>>)
[0.237s] Level 1:colcon.colcon_core.package_discovery:discover_packages(colcon_meta) check parameters
[0.237s] Level 1:colcon.colcon_core.package_discovery:discover_packages(recursive) check parameters
[0.237s] Level 1:colcon.colcon_core.package_discovery:discover_packages(ignore) check parameters
[0.237s] Level 1:colcon.colcon_core.package_discovery:discover_packages(path) check parameters
[0.237s] Level 1:colcon.colcon_core.package_discovery:discover_packages(colcon_meta) discover
[0.237s] Level 1:colcon.colcon_core.package_discovery:discover_packages(recursive) discover
[0.237s] INFO:colcon.colcon_core.package_discovery:Crawling recursively for packages in '/home/sunbi/ros/capstone_ur5e_sim'
[0.238s] Level 1:colcon.colcon_core.package_identification:_identify(.) by extensions ['ignore', 'ignore_ament_install']
[0.238s] Level 1:colcon.colcon_core.package_identification:_identify(.) by extension 'ignore'
[0.238s] Level 1:colcon.colcon_core.package_identification:_identify(.) by extension 'ignore_ament_install'
[0.238s] Level 1:colcon.colcon_core.package_identification:_identify(.) by extensions ['colcon_pkg']
[0.238s] Level 1:colcon.colcon_core.package_identification:_identify(.) by extension 'colcon_pkg'
[0.238s] Level 1:colcon.colcon_core.package_identification:_identify(.) by extensions ['colcon_meta']
[0.238s] Level 1:colcon.colcon_core.package_identification:_identify(.) by extension 'colcon_meta'
[0.238s] Level 1:colcon.colcon_core.package_identification:_identify(.) by extensions ['ros']
[0.238s] Level 1:colcon.colcon_core.package_identification:_identify(.) by extension 'ros'
[0.248s] Level 1:colcon.colcon_core.package_identification:_identify(.) by extensions ['cmake', 'python']
[0.248s] Level 1:colcon.colcon_core.package_identification:_identify(.) by extension 'cmake'
[0.248s] Level 1:colcon.colcon_core.package_identification:_identify(.) by extension 'python'
[0.248s] Level 1:colcon.colcon_core.package_identification:_identify(.) by extensions ['python_setup_py']
[0.248s] Level 1:colcon.colcon_core.package_identification:_identify(.) by extension 'python_setup_py'
[0.248s] Level 1:colcon.colcon_core.package_identification:_identify(build) by extensions ['ignore', 'ignore_ament_install']
[0.248s] Level 1:colcon.colcon_core.package_identification:_identify(build) by extension 'ignore'
[0.248s] Level 1:colcon.colcon_core.package_identification:_identify(build) ignored
[0.249s] Level 1:colcon.colcon_core.package_identification:_identify(install) by extensions ['ignore', 'ignore_ament_install']
[0.249s] Level 1:colcon.colcon_core.package_identification:_identify(install) by extension 'ignore'
[0.249s] Level 1:colcon.colcon_core.package_identification:_identify(install) ignored
[0.249s] Level 1:colcon.colcon_core.package_identification:_identify(log) by extensions ['ignore', 'ignore_ament_install']
[0.249s] Level 1:colcon.colcon_core.package_identification:_identify(log) by extension 'ignore'
[0.249s] Level 1:colcon.colcon_core.package_identification:_identify(log) ignored
[0.249s] Level 1:colcon.colcon_core.package_identification:_identify(src) by extensions ['ignore', 'ignore_ament_install']
[0.249s] Level 1:colcon.colcon_core.package_identification:_identify(src) by extension 'ignore'
[0.249s] Level 1:colcon.colcon_core.package_identification:_identify(src) by extension 'ignore_ament_install'
[0.249s] Level 1:colcon.colcon_core.package_identification:_identify(src) by extensions ['colcon_pkg']
[0.249s] Level 1:colcon.colcon_core.package_identification:_identify(src) by extension 'colcon_pkg'
[0.249s] Level 1:colcon.colcon_core.package_identification:_identify(src) by extensions ['colcon_meta']
[0.249s] Level 1:colcon.colcon_core.package_identification:_identify(src) by extension 'colcon_meta'
[0.249s] Level 1:colcon.colcon_core.package_identification:_identify(src) by extensions ['ros']
[0.249s] Level 1:colcon.colcon_core.package_identification:_identify(src) by extension 'ros'
[0.249s] Level 1:colcon.colcon_core.package_identification:_identify(src) by extensions ['cmake', 'python']
[0.249s] Level 1:colcon.colcon_core.package_identification:_identify(src) by extension 'cmake'
[0.249s] Level 1:colcon.colcon_core.package_identification:_identify(src) by extension 'python'
[0.249s] Level 1:colcon.colcon_core.package_identification:_identify(src) by extensions ['python_setup_py']
[0.249s] Level 1:colcon.colcon_core.package_identification:_identify(src) by extension 'python_setup_py'
[0.250s] Level 1:colcon.colcon_core.package_identification:_identify(src/Universal_Robots_ROS2_Description) by extensions ['ignore', 'ignore_ament_install']
[0.250s] Level 1:colcon.colcon_core.package_identification:_identify(src/Universal_Robots_ROS2_Description) by extension 'ignore'
[0.250s] Level 1:colcon.colcon_core.package_identification:_identify(src/Universal_Robots_ROS2_Description) by extension 'ignore_ament_install'
[0.250s] Level 1:colcon.colcon_core.package_identification:_identify(src/Universal_Robots_ROS2_Description) by extensions ['colcon_pkg']
[0.250s] Level 1:colcon.colcon_core.package_identification:_identify(src/Universal_Robots_ROS2_Description) by extension 'colcon_pkg'
[0.250s] Level 1:colcon.colcon_core.package_identification:_identify(src/Universal_Robots_ROS2_Description) by extensions ['colcon_meta']
[0.250s] Level 1:colcon.colcon_core.package_identification:_identify(src/Universal_Robots_ROS2_Description) by extension 'colcon_meta'
[0.250s] Level 1:colcon.colcon_core.package_identification:_identify(src/Universal_Robots_ROS2_Description) by extensions ['ros']
[0.250s] Level 1:colcon.colcon_core.package_identification:_identify(src/Universal_Robots_ROS2_Description) by extension 'ros'
[0.252s] DEBUG:colcon.colcon_core.package_identification:Package 'src/Universal_Robots_ROS2_Description' with type 'ros.ament_cmake' and name 'ur_description'
[0.252s] Level 1:colcon.colcon_core.package_identification:_identify(src/Universal_Robots_ROS2_Gazebo_Simulation) by extensions ['ignore', 'ignore_ament_install']
[0.252s] Level 1:colcon.colcon_core.package_identification:_identify(src/Universal_Robots_ROS2_Gazebo_Simulation) by extension 'ignore'
[0.253s] Level 1:colcon.colcon_core.package_identification:_identify(src/Universal_Robots_ROS2_Gazebo_Simulation) by extension 'ignore_ament_install'
[0.253s] Level 1:colcon.colcon_core.package_identification:_identify(src/Universal_Robots_ROS2_Gazebo_Simulation) by extensions ['colcon_pkg']
[0.253s] Level 1:colcon.colcon_core.package_identification:_identify(src/Universal_Robots_ROS2_Gazebo_Simulation) by extension 'colcon_pkg'
[0.253s] Level 1:colcon.colcon_core.package_identification:_identify(src/Universal_Robots_ROS2_Gazebo_Simulation) by extensions ['colcon_meta']
[0.253s] Level 1:colcon.colcon_core.package_identification:_identify(src/Universal_Robots_ROS2_Gazebo_Simulation) by extension 'colcon_meta'
[0.253s] Level 1:colcon.colcon_core.package_identification:_identify(src/Universal_Robots_ROS2_Gazebo_Simulation) by extensions ['ros']
[0.253s] Level 1:colcon.colcon_core.package_identification:_identify(src/Universal_Robots_ROS2_Gazebo_Simulation) by extension 'ros'
[0.253s] Level 1:colcon.colcon_core.package_identification:_identify(src/Universal_Robots_ROS2_Gazebo_Simulation) by extensions ['cmake', 'python']
[0.253s] Level 1:colcon.colcon_core.package_identification:_identify(src/Universal_Robots_ROS2_Gazebo_Simulation) by extension 'cmake'
[0.253s] Level 1:colcon.colcon_core.package_identification:_identify(src/Universal_Robots_ROS2_Gazebo_Simulation) by extension 'python'
[0.253s] Level 1:colcon.colcon_core.package_identification:_identify(src/Universal_Robots_ROS2_Gazebo_Simulation) by extensions ['python_setup_py']
[0.253s] Level 1:colcon.colcon_core.package_identification:_identify(src/Universal_Robots_ROS2_Gazebo_Simulation) by extension 'python_setup_py'
[0.253s] Level 1:colcon.colcon_core.package_identification:_identify(src/Universal_Robots_ROS2_Gazebo_Simulation/ur_simulation_gazebo) by extensions ['ignore', 'ignore_ament_install']
[0.253s] Level 1:colcon.colcon_core.package_identification:_identify(src/Universal_Robots_ROS2_Gazebo_Simulation/ur_simulation_gazebo) by extension 'ignore'
[0.253s] Level 1:colcon.colcon_core.package_identification:_identify(src/Universal_Robots_ROS2_Gazebo_Simulation/ur_simulation_gazebo) by extension 'ignore_ament_install'
[0.253s] Level 1:colcon.colcon_core.package_identification:_identify(src/Universal_Robots_ROS2_Gazebo_Simulation/ur_simulation_gazebo) by extensions ['colcon_pkg']
[0.253s] Level 1:colcon.colcon_core.package_identification:_identify(src/Universal_Robots_ROS2_Gazebo_Simulation/ur_simulation_gazebo) by extension 'colcon_pkg'
[0.253s] Level 1:colcon.colcon_core.package_identification:_identify(src/Universal_Robots_ROS2_Gazebo_Simulation/ur_simulation_gazebo) by extensions ['colcon_meta']
[0.253s] Level 1:colcon.colcon_core.package_identification:_identify(src/Universal_Robots_ROS2_Gazebo_Simulation/ur_simulation_gazebo) by extension 'colcon_meta'
[0.253s] Level 1:colcon.colcon_core.package_identification:_identify(src/Universal_Robots_ROS2_Gazebo_Simulation/ur_simulation_gazebo) by extensions ['ros']
[0.253s] Level 1:colcon.colcon_core.package_identification:_identify(src/Universal_Robots_ROS2_Gazebo_Simulation/ur_simulation_gazebo) by extension 'ros'
[0.254s] DEBUG:colcon.colcon_core.package_identification:Package 'src/Universal_Robots_ROS2_Gazebo_Simulation/ur_simulation_gazebo' with type 'ros.ament_cmake' and name 'ur_simulation_gazebo'
[0.254s] Level 1:colcon.colcon_core.package_identification:_identify(src/build) by extensions ['ignore', 'ignore_ament_install']
[0.254s] Level 1:colcon.colcon_core.package_identification:_identify(src/build) by extension 'ignore'
[0.254s] Level 1:colcon.colcon_core.package_identification:_identify(src/build) ignored
[0.254s] Level 1:colcon.colcon_core.package_identification:_identify(src/log) by extensions ['ignore', 'ignore_ament_install']
[0.254s] Level 1:colcon.colcon_core.package_identification:_identify(src/log) by extension 'ignore'
[0.254s] Level 1:colcon.colcon_core.package_identification:_identify(src/log) ignored
[0.254s] Level 1:colcon.colcon_core.package_discovery:discover_packages(recursive) using defaults
[0.255s] Level 1:colcon.colcon_core.package_discovery:discover_packages(ignore) discover
[0.255s] Level 1:colcon.colcon_core.package_discovery:discover_packages(ignore) using defaults
[0.255s] Level 1:colcon.colcon_core.package_discovery:discover_packages(path) discover
[0.255s] Level 1:colcon.colcon_core.package_discovery:discover_packages(path) using defaults
[0.286s] INFO:colcon.colcon_core.package_selection:Skipping not selected package 'ur_description' in 'src/Universal_Robots_ROS2_Description'
[0.286s] Level 1:colcon.colcon_core.package_discovery:discover_packages(prefix_path) check parameters
[0.286s] Level 1:colcon.colcon_core.package_discovery:discover_packages(prefix_path) discover
[0.288s] DEBUG:colcon.colcon_installed_package_information.package_discovery:Found 2 installed packages in /home/sunbi/ros/capstone_ur5e_sim/install
[0.290s] DEBUG:colcon.colcon_installed_package_information.package_discovery:Found 370 installed packages in /opt/ros/humble
[0.291s] Level 1:colcon.colcon_core.package_discovery:discover_packages(prefix_path) using defaults
[0.333s] Level 5:colcon.colcon_core.verb:set package 'ur_simulation_gazebo' build argument 'cmake_args' from command line to 'None'
[0.333s] Level 5:colcon.colcon_core.verb:set package 'ur_simulation_gazebo' build argument 'cmake_target' from command line to 'None'
[0.333s] Level 5:colcon.colcon_core.verb:set package 'ur_simulation_gazebo' build argument 'cmake_target_skip_unavailable' from command line to 'False'
[0.333s] Level 5:colcon.colcon_core.verb:set package 'ur_simulation_gazebo' build argument 'cmake_clean_cache' from command line to 'False'
[0.333s] Level 5:colcon.colcon_core.verb:set package 'ur_simulation_gazebo' build argument 'cmake_clean_first' from command line to 'False'
[0.333s] Level 5:colcon.colcon_core.verb:set package 'ur_simulation_gazebo' build argument 'cmake_force_configure' from command line to 'False'
[0.333s] Level 5:colcon.colcon_core.verb:set package 'ur_simulation_gazebo' build argument 'ament_cmake_args' from command line to 'None'
[0.334s] Level 5:colcon.colcon_core.verb:set package 'ur_simulation_gazebo' build argument 'catkin_cmake_args' from command line to 'None'
[0.334s] Level 5:colcon.colcon_core.verb:set package 'ur_simulation_gazebo' build argument 'catkin_skip_building_tests' from command line to 'False'
[0.334s] DEBUG:colcon.colcon_core.verb:Building package 'ur_simulation_gazebo' with the following arguments: {'ament_cmake_args': None, 'build_base': '/home/sunbi/ros/capstone_ur5e_sim/build/ur_simulation_gazebo', 'catkin_cmake_args': None, 'catkin_skip_building_tests': False, 'cmake_args': None, 'cmake_clean_cache': False, 'cmake_clean_first': False, 'cmake_force_configure': False, 'cmake_target': None, 'cmake_target_skip_unavailable': False, 'install_base': '/home/sunbi/ros/capstone_ur5e_sim/install/ur_simulation_gazebo', 'merge_install': False, 'path': '/home/sunbi/ros/capstone_ur5e_sim/src/Universal_Robots_ROS2_Gazebo_Simulation/ur_simulation_gazebo', 'symlink_install': False, 'test_result_base': None}
[0.334s] INFO:colcon.colcon_core.executor:Executing jobs using 'parallel' executor
[0.335s] DEBUG:colcon.colcon_parallel_executor.executor.parallel:run_until_complete
[0.335s] INFO:colcon.colcon_ros.task.ament_cmake.build:Building ROS package in '/home/sunbi/ros/capstone_ur5e_sim/src/Universal_Robots_ROS2_Gazebo_Simulation/ur_simulation_gazebo' with build type 'ament_cmake'
[0.336s] INFO:colcon.colcon_cmake.task.cmake.build:Building CMake package in '/home/sunbi/ros/capstone_ur5e_sim/src/Universal_Robots_ROS2_Gazebo_Simulation/ur_simulation_gazebo'
[0.338s] INFO:colcon.colcon_core.plugin_system:Skipping extension 'colcon_core.shell.bat': Not used on non-Windows systems
[0.339s] INFO:colcon.colcon_core.shell:Skip shell extension 'powershell' for command environment: Not usable outside of PowerShell
[0.339s] DEBUG:colcon.colcon_core.shell:Skip shell extension 'dsv' for command environment
[0.354s] DEBUG:colcon.colcon_core.event_handler.log_command:Invoking command in '/home/sunbi/ros/capstone_ur5e_sim/build/ur_simulation_gazebo': CMAKE_PREFIX_PATH=/home/sunbi/ros/capstone_ur5e_sim/install/ur_description:/home/sunbi/ros/capstone_ur5e_sim/install/ur_simulation_gazebo:/opt/ros/humble /usr/bin/cmake --build /home/sunbi/ros/capstone_ur5e_sim/build/ur_simulation_gazebo -- -j4 -l4
[0.466s] DEBUG:colcon.colcon_core.event_handler.log_command:Invoked command in '/home/sunbi/ros/capstone_ur5e_sim/build/ur_simulation_gazebo' returned '0': CMAKE_PREFIX_PATH=/home/sunbi/ros/capstone_ur5e_sim/install/ur_description:/home/sunbi/ros/capstone_ur5e_sim/install/ur_simulation_gazebo:/opt/ros/humble /usr/bin/cmake --build /home/sunbi/ros/capstone_ur5e_sim/build/ur_simulation_gazebo -- -j4 -l4
[0.522s] DEBUG:colcon.colcon_core.event_handler.log_command:Invoking command in '/home/sunbi/ros/capstone_ur5e_sim/build/ur_simulation_gazebo': CMAKE_PREFIX_PATH=/home/sunbi/ros/capstone_ur5e_sim/install/ur_description:/home/sunbi/ros/capstone_ur5e_sim/install/ur_simulation_gazebo:/opt/ros/humble /usr/bin/cmake --install /home/sunbi/ros/capstone_ur5e_sim/build/ur_simulation_gazebo
[0.536s] Level 1:colcon.colcon_core.environment:create_environment_scripts_only(ur_simulation_gazebo)
[0.538s] DEBUG:colcon.colcon_core.event_handler.log_command:Invoked command in '/home/sunbi/ros/capstone_ur5e_sim/build/ur_simulation_gazebo' returned '0': CMAKE_PREFIX_PATH=/home/sunbi/ros/capstone_ur5e_sim/install/ur_description:/home/sunbi/ros/capstone_ur5e_sim/install/ur_simulation_gazebo:/opt/ros/humble /usr/bin/cmake --install /home/sunbi/ros/capstone_ur5e_sim/build/ur_simulation_gazebo
[0.539s] Level 1:colcon.colcon_core.environment:checking '/home/sunbi/ros/capstone_ur5e_sim/install/ur_simulation_gazebo' for CMake module files
[0.540s] Level 1:colcon.colcon_core.environment:checking '/home/sunbi/ros/capstone_ur5e_sim/install/ur_simulation_gazebo' for CMake config files
[0.540s] Level 1:colcon.colcon_core.shell:create_environment_hook('ur_simulation_gazebo', 'cmake_prefix_path')
[0.540s] INFO:colcon.colcon_core.shell:Creating environment hook '/home/sunbi/ros/capstone_ur5e_sim/install/ur_simulation_gazebo/share/ur_simulation_gazebo/hook/cmake_prefix_path.ps1'
[0.541s] INFO:colcon.colcon_core.shell:Creating environment descriptor '/home/sunbi/ros/capstone_ur5e_sim/install/ur_simulation_gazebo/share/ur_simulation_gazebo/hook/cmake_prefix_path.dsv'
[0.542s] INFO:colcon.colcon_core.shell:Creating environment hook '/home/sunbi/ros/capstone_ur5e_sim/install/ur_simulation_gazebo/share/ur_simulation_gazebo/hook/cmake_prefix_path.sh'
[0.543s] Level 1:colcon.colcon_core.environment:checking '/home/sunbi/ros/capstone_ur5e_sim/install/ur_simulation_gazebo/lib'
[0.543s] Level 1:colcon.colcon_core.shell:create_environment_hook('ur_simulation_gazebo', 'ld_library_path_lib')
[0.543s] INFO:colcon.colcon_core.shell:Creating environment hook '/home/sunbi/ros/capstone_ur5e_sim/install/ur_simulation_gazebo/share/ur_simulation_gazebo/hook/ld_library_path_lib.ps1'
[0.544s] INFO:colcon.colcon_core.shell:Creating environment descriptor '/home/sunbi/ros/capstone_ur5e_sim/install/ur_simulation_gazebo/share/ur_simulation_gazebo/hook/ld_library_path_lib.dsv'
[0.544s] INFO:colcon.colcon_core.shell:Creating environment hook '/home/sunbi/ros/capstone_ur5e_sim/install/ur_simulation_gazebo/share/ur_simulation_gazebo/hook/ld_library_path_lib.sh'
[0.544s] Level 1:colcon.colcon_core.environment:checking '/home/sunbi/ros/capstone_ur5e_sim/install/ur_simulation_gazebo/bin'
[0.545s] Level 1:colcon.colcon_core.environment:checking '/home/sunbi/ros/capstone_ur5e_sim/install/ur_simulation_gazebo/lib/pkgconfig/ur_simulation_gazebo.pc'
[0.545s] Level 1:colcon.colcon_core.environment:checking '/home/sunbi/ros/capstone_ur5e_sim/install/ur_simulation_gazebo/lib/python3.10/site-packages'
[0.545s] Level 1:colcon.colcon_core.environment:checking '/home/sunbi/ros/capstone_ur5e_sim/install/ur_simulation_gazebo/bin'
[0.545s] INFO:colcon.colcon_core.shell:Creating package script '/home/sunbi/ros/capstone_ur5e_sim/install/ur_simulation_gazebo/share/ur_simulation_gazebo/package.ps1'
[0.546s] INFO:colcon.colcon_core.shell:Creating package descriptor '/home/sunbi/ros/capstone_ur5e_sim/install/ur_simulation_gazebo/share/ur_simulation_gazebo/package.dsv'
[0.547s] INFO:colcon.colcon_core.shell:Creating package script '/home/sunbi/ros/capstone_ur5e_sim/install/ur_simulation_gazebo/share/ur_simulation_gazebo/package.sh'
[0.548s] INFO:colcon.colcon_core.shell:Creating package script '/home/sunbi/ros/capstone_ur5e_sim/install/ur_simulation_gazebo/share/ur_simulation_gazebo/package.bash'
[0.549s] INFO:colcon.colcon_core.shell:Creating package script '/home/sunbi/ros/capstone_ur5e_sim/install/ur_simulation_gazebo/share/ur_simulation_gazebo/package.zsh'
[0.549s] Level 1:colcon.colcon_core.environment:create_file_with_runtime_dependencies(/home/sunbi/ros/capstone_ur5e_sim/install/ur_simulation_gazebo/share/colcon-core/packages/ur_simulation_gazebo)
[0.550s] Level 1:colcon.colcon_core.environment:create_environment_scripts_only(ur_simulation_gazebo)
[0.550s] Level 1:colcon.colcon_core.environment:checking '/home/sunbi/ros/capstone_ur5e_sim/install/ur_simulation_gazebo' for CMake module files
[0.551s] Level 1:colcon.colcon_core.environment:checking '/home/sunbi/ros/capstone_ur5e_sim/install/ur_simulation_gazebo' for CMake config files
[0.552s] Level 1:colcon.colcon_core.shell:create_environment_hook('ur_simulation_gazebo', 'cmake_prefix_path')
[0.552s] INFO:colcon.colcon_core.shell:Creating environment hook '/home/sunbi/ros/capstone_ur5e_sim/install/ur_simulation_gazebo/share/ur_simulation_gazebo/hook/cmake_prefix_path.ps1'
[0.552s] INFO:colcon.colcon_core.shell:Creating environment descriptor '/home/sunbi/ros/capstone_ur5e_sim/install/ur_simulation_gazebo/share/ur_simulation_gazebo/hook/cmake_prefix_path.dsv'
[0.553s] INFO:colcon.colcon_core.shell:Creating environment hook '/home/sunbi/ros/capstone_ur5e_sim/install/ur_simulation_gazebo/share/ur_simulation_gazebo/hook/cmake_prefix_path.sh'
[0.554s] Level 1:colcon.colcon_core.environment:checking '/home/sunbi/ros/capstone_ur5e_sim/install/ur_simulation_gazebo/lib'
[0.554s] Level 1:colcon.colcon_core.shell:create_environment_hook('ur_simulation_gazebo', 'ld_library_path_lib')
[0.554s] INFO:colcon.colcon_core.shell:Creating environment hook '/home/sunbi/ros/capstone_ur5e_sim/install/ur_simulation_gazebo/share/ur_simulation_gazebo/hook/ld_library_path_lib.ps1'
[0.555s] INFO:colcon.colcon_core.shell:Creating environment descriptor '/home/sunbi/ros/capstone_ur5e_sim/install/ur_simulation_gazebo/share/ur_simulation_gazebo/hook/ld_library_path_lib.dsv'
[0.555s] INFO:colcon.colcon_core.shell:Creating environment hook '/home/sunbi/ros/capstone_ur5e_sim/install/ur_simulation_gazebo/share/ur_simulation_gazebo/hook/ld_library_path_lib.sh'
[0.556s] Level 1:colcon.colcon_core.environment:checking '/home/sunbi/ros/capstone_ur5e_sim/install/ur_simulation_gazebo/bin'
[0.556s] Level 1:colcon.colcon_core.environment:checking '/home/sunbi/ros/capstone_ur5e_sim/install/ur_simulation_gazebo/lib/pkgconfig/ur_simulation_gazebo.pc'
[0.556s] Level 1:colcon.colcon_core.environment:checking '/home/sunbi/ros/capstone_ur5e_sim/install/ur_simulation_gazebo/lib/python3.10/site-packages'
[0.556s] Level 1:colcon.colcon_core.environment:checking '/home/sunbi/ros/capstone_ur5e_sim/install/ur_simulation_gazebo/bin'
[0.557s] INFO:colcon.colcon_core.shell:Creating package script '/home/sunbi/ros/capstone_ur5e_sim/install/ur_simulation_gazebo/share/ur_simulation_gazebo/package.ps1'
[0.557s] INFO:colcon.colcon_core.shell:Creating package descriptor '/home/sunbi/ros/capstone_ur5e_sim/install/ur_simulation_gazebo/share/ur_simulation_gazebo/package.dsv'
[0.559s] INFO:colcon.colcon_core.shell:Creating package script '/home/sunbi/ros/capstone_ur5e_sim/install/ur_simulation_gazebo/share/ur_simulation_gazebo/package.sh'
[0.560s] INFO:colcon.colcon_core.shell:Creating package script '/home/sunbi/ros/capstone_ur5e_sim/install/ur_simulation_gazebo/share/ur_simulation_gazebo/package.bash'
[0.560s] INFO:colcon.colcon_core.shell:Creating package script '/home/sunbi/ros/capstone_ur5e_sim/install/ur_simulation_gazebo/share/ur_simulation_gazebo/package.zsh'
[0.561s] Level 1:colcon.colcon_core.environment:create_file_with_runtime_dependencies(/home/sunbi/ros/capstone_ur5e_sim/install/ur_simulation_gazebo/share/colcon-core/packages/ur_simulation_gazebo)
[0.562s] DEBUG:colcon.colcon_parallel_executor.executor.parallel:closing loop
[0.562s] DEBUG:colcon.colcon_parallel_executor.executor.parallel:loop closed
[0.562s] DEBUG:colcon.colcon_parallel_executor.executor.parallel:run_until_complete finished with '0'
[0.562s] DEBUG:colcon.colcon_core.event_reactor:joining thread
[0.568s] INFO:colcon.colcon_core.plugin_system:Skipping extension 'colcon_notification.desktop_notification.terminal_notifier': Not used on non-Darwin systems
[0.569s] INFO:colcon.colcon_core.plugin_system:Skipping extension 'colcon_notification.desktop_notification.win32': Not used on non-Windows systems
[0.569s] INFO:colcon.colcon_notification.desktop_notification:Sending desktop notification using 'notify2'
[0.584s] DEBUG:colcon.colcon_core.event_reactor:joined thread
[0.585s] INFO:colcon.colcon_core.shell:Creating prefix script '/home/sunbi/ros/capstone_ur5e_sim/install/local_setup.ps1'
[0.587s] INFO:colcon.colcon_core.shell:Creating prefix util module '/home/sunbi/ros/capstone_ur5e_sim/install/_local_setup_util_ps1.py'
[0.588s] INFO:colcon.colcon_core.shell:Creating prefix chain script '/home/sunbi/ros/capstone_ur5e_sim/install/setup.ps1'
[0.589s] INFO:colcon.colcon_core.shell:Creating prefix script '/home/sunbi/ros/capstone_ur5e_sim/install/local_setup.sh'
[0.590s] INFO:colcon.colcon_core.shell:Creating prefix util module '/home/sunbi/ros/capstone_ur5e_sim/install/_local_setup_util_sh.py'
[0.591s] INFO:colcon.colcon_core.shell:Creating prefix chain script '/home/sunbi/ros/capstone_ur5e_sim/install/setup.sh'
[0.592s] INFO:colcon.colcon_core.shell:Creating prefix script '/home/sunbi/ros/capstone_ur5e_sim/install/local_setup.bash'
[0.593s] INFO:colcon.colcon_core.shell:Creating prefix chain script '/home/sunbi/ros/capstone_ur5e_sim/install/setup.bash'
[0.594s] INFO:colcon.colcon_core.shell:Creating prefix script '/home/sunbi/ros/capstone_ur5e_sim/install/local_setup.zsh'
[0.594s] INFO:colcon.colcon_core.shell:Creating prefix chain script '/home/sunbi/ros/capstone_ur5e_sim/install/setup.zsh'
