[0.017s] Invoking command in '/home/sunbi/ros/capstone_ur5e_sim/build/ur_simulation_gazebo': AMENT_PREFIX_PATH=/home/sunbi/ros/capstone_ur5e_sim/install/ur_description:${AMENT_PREFIX_PATH} CMAKE_PREFIX_PATH=/home/sunbi/ros/capstone_ur5e_sim/install/ur_description:/opt/ros/humble /usr/bin/cmake /home/sunbi/ros/capstone_ur5e_sim/src/Universal_Robots_ROS2_Gazebo_Simulation/ur_simulation_gazebo -DCMAKE_INSTALL_PREFIX=/home/sunbi/ros/capstone_ur5e_sim/install/ur_simulation_gazebo
[0.121s] -- The C compiler identification is GNU 11.4.0
[0.202s] -- The CXX compiler identification is GNU 11.4.0
[0.214s] -- Detecting C compiler ABI info
[0.322s] -- Detecting C compiler ABI info - done
[0.328s] -- Check for working C compiler: /usr/bin/cc - skipped
[0.329s] -- Detecting C compile features
[0.330s] -- Detecting C compile features - done
[0.333s] -- Detecting CXX compiler ABI info
[0.478s] -- Detecting CXX compiler ABI info - done
[0.487s] -- Check for working CXX compiler: /usr/bin/c++ - skipped
[0.488s] -- Detecting CXX compile features
[0.488s] -- Detecting CXX compile features - done
[0.492s] -- Found ament_cmake: 1.3.12 (/opt/ros/humble/share/ament_cmake/cmake)
[0.680s] -- Found Python3: /usr/bin/python3 (found version "3.10.12") found components: Interpreter 
[0.819s] -- Found rclcpp: 16.0.14 (/opt/ros/humble/share/rclcpp/cmake)
[0.890s] -- Found rosidl_generator_c: 3.1.7 (/opt/ros/humble/share/rosidl_generator_c/cmake)
[0.896s] -- Found rosidl_adapter: 3.1.7 (/opt/ros/humble/share/rosidl_adapter/cmake)
[0.907s] -- Found rosidl_generator_cpp: 3.1.7 (/opt/ros/humble/share/rosidl_generator_cpp/cmake)
[0.920s] -- Using all available rosidl_typesupport_c: rosidl_typesupport_fastrtps_c;rosidl_typesupport_introspection_c
[0.937s] -- Using all available rosidl_typesupport_cpp: rosidl_typesupport_fastrtps_cpp;rosidl_typesupport_introspection_cpp
[0.982s] -- Found rmw_implementation_cmake: 6.1.2 (/opt/ros/humble/share/rmw_implementation_cmake/cmake)
[0.985s] -- Found rmw_fastrtps_cpp: 6.2.8 (/opt/ros/humble/share/rmw_fastrtps_cpp/cmake)
[1.132s] -- Found OpenSSL: /usr/lib/x86_64-linux-gnu/libcrypto.so (found version "3.0.2")  
[1.169s] -- Found FastRTPS: /opt/ros/humble/include  
[1.221s] -- Using RMW implementation 'rmw_fastrtps_cpp' as default
[1.234s] -- Looking for pthread.h
[1.349s] -- Looking for pthread.h - found
[1.353s] -- Performing Test CMAKE_HAVE_LIBC_PTHREAD
[1.472s] -- Performing Test CMAKE_HAVE_LIBC_PTHREAD - Success
[1.473s] -- Found Threads: TRUE  
[1.537s] -- Found gazebo_ros: 3.9.0 (/opt/ros/humble/share/gazebo_ros/cmake)
[1.549s] -- Found PkgConfig: /usr/bin/pkg-config (found version "0.29.2") 
[1.551s] -- Checking for module 'bullet>=2.82'
[1.576s] --   Found bullet, version 3.05
[1.769s] -- Found fcl: /usr/include (found suitable version "0.7.0", minimum required is "0.5.0") 
[1.863s] -- Found assimp: /usr/include (found version "5.2.0") 
[1.882s] -- Found DART: /usr/include (Required is at least version "6.6") found components: dart 
[1.916s] -- Found Boost: /usr/lib/x86_64-linux-gnu/cmake/Boost-1.74.0/BoostConfig.cmake (found suitable version "1.74.0", minimum required is "1.40.0") found components: thread system filesystem program_options regex iostreams date_time 
[1.932s] -- Found Protobuf: /usr/lib/x86_64-linux-gnu/libprotobuf.so (found version "3.12.4") 
[1.937s] -- Looking for ignition-math6 -- found version 6.15.1
[1.943s] -- Searching for dependencies of ignition-math6
[1.944s] -- Looking for OGRE...
[1.944s] -- OGRE_PREFIX_WATCH changed.
[1.951s] -- Checking for module 'OGRE'
[1.975s] --   Found OGRE, version 1.9.0
[2.040s] -- Found Ogre Ghadamon (1.9.0)
[2.046s] -- Found OGRE: optimized;/usr/lib/x86_64-linux-gnu/libOgreMain.so;debug;/usr/lib/x86_64-linux-gnu/libOgreMain.so
[2.060s] -- Looking for OGRE_Paging...
[2.067s] -- Found OGRE_Paging: optimized;/usr/lib/x86_64-linux-gnu/libOgrePaging.so;debug;/usr/lib/x86_64-linux-gnu/libOgrePaging.so
[2.067s] -- Looking for OGRE_Terrain...
[2.074s] -- Found OGRE_Terrain: optimized;/usr/lib/x86_64-linux-gnu/libOgreTerrain.so;debug;/usr/lib/x86_64-linux-gnu/libOgreTerrain.so
[2.074s] -- Looking for OGRE_Property...
[2.080s] -- Found OGRE_Property: optimized;/usr/lib/x86_64-linux-gnu/libOgreProperty.so;debug;/usr/lib/x86_64-linux-gnu/libOgreProperty.so
[2.080s] -- Looking for OGRE_RTShaderSystem...
[2.089s] -- Found OGRE_RTShaderSystem: optimized;/usr/lib/x86_64-linux-gnu/libOgreRTShaderSystem.so;debug;/usr/lib/x86_64-linux-gnu/libOgreRTShaderSystem.so
[2.089s] -- Looking for OGRE_Volume...
[2.094s] -- Found OGRE_Volume: optimized;/usr/lib/x86_64-linux-gnu/libOgreVolume.so;debug;/usr/lib/x86_64-linux-gnu/libOgreVolume.so
[2.094s] -- Looking for OGRE_Overlay...
[2.100s] -- Found OGRE_Overlay: optimized;/usr/lib/x86_64-linux-gnu/libOgreOverlay.so;debug;/usr/lib/x86_64-linux-gnu/libOgreOverlay.so
[2.227s] -- Looking for ignition-math6 -- found version 6.15.1
[2.229s] -- Looking for ignition-transport8 -- found version 8.2.1
[2.229s] -- Searching for dependencies of ignition-transport8
[2.251s] -- Found Protobuf: /usr/lib/x86_64-linux-gnu/libprotobuf.so (found suitable version "3.12.4", minimum required is "3") 
[2.264s] -- Config-file not installed for ZeroMQ -- checking for pkg-config
[2.272s] -- Checking for module 'libzmq >= 4'
[2.307s] --   Found libzmq , version 4.3.4
[2.380s] -- Found ZeroMQ: TRUE (Required is at least version "4") 
[2.388s] -- Checking for module 'uuid'
[2.412s] --   Found uuid, version 2.37.2
[2.477s] -- Found UUID: TRUE  
[2.479s] -- Looking for ignition-msgs5 -- found version 5.8.1
[2.480s] -- Searching for dependencies of ignition-msgs5
[2.505s] -- Looking for ignition-math6 -- found version 6.15.1
[2.514s] -- Checking for module 'tinyxml2'
[2.540s] --   Found tinyxml2, version 9.0.0
[2.616s] -- Looking for ignition-msgs5 -- found version 5.8.1
[2.617s] -- Looking for ignition-common3 -- found version 3.14.0
[2.617s] -- Searching for dependencies of ignition-common3
[2.617s] -- Looking for dlfcn.h - found
[2.619s] -- Looking for libdl - found
[2.621s] -- Found DL: TRUE  
[2.634s] -- Found tinyobjloader: /usr/lib/x86_64-linux-gnu/cmake/tinyobjloader/tinyobjloader-config.cmake (found version "2.0.0") 
[2.634s] -- Searching for <ignition-common3> component [graphics]
[2.637s] -- Looking for ignition-common3-graphics -- found version 3.14.0
[2.639s] -- Searching for dependencies of ignition-common3-graphics
[2.640s] -- Looking for ignition-math6 -- found version 6.15.1
[2.643s] -- Looking for ignition-fuel_tools4 -- found version 4.4.0
[2.643s] -- Searching for dependencies of ignition-fuel_tools4
[2.784s] -- Found CURL: /usr/lib/x86_64-linux-gnu/libcurl.so (found version "7.81.0")  
[2.796s] -- Checking for module 'jsoncpp'
[2.826s] --   Found jsoncpp, version 1.9.5
[2.896s] -- Found JSONCPP: TRUE  
[2.905s] -- Checking for module 'libzip'
[2.928s] --   Found libzip, version 1.7.3
[2.994s] -- Found ZIP: TRUE  
[2.995s] -- Looking for ignition-common3 -- found version 3.14.0
[2.996s] -- Looking for ignition-math6 -- found version 6.15.1
[2.996s] -- Looking for ignition-msgs5 -- found version 5.8.1
[2.998s] -- Gazebo version: 11.10
[2.999s] -- Checking for module 'tbb'
[3.024s] --   Found tbb, version 2021.5.0
[3.100s] -- Found gazebo_msgs: 3.9.0 (/opt/ros/humble/share/gazebo_msgs/cmake)
[3.158s] -- Found launch_testing_ament_cmake: 1.0.10 (/opt/ros/humble/share/launch_testing_ament_cmake/cmake)
[3.160s] -- Found python_cmake_module: 0.10.0 (/opt/ros/humble/share/python_cmake_module/cmake)
[3.191s] -- Found PythonInterp: /usr/bin/python3 (found suitable version "3.10.12", minimum required is "3.6") 
[3.197s] -- Found PythonLibs: /usr/lib/x86_64-linux-gnu/libpython3.10.so (found suitable version "3.10.12", minimum required is "3.5") 
[3.197s] -- Using PYTHON_EXECUTABLE: /usr/bin/python3
[3.198s] -- Using PYTHON_INCLUDE_DIRS: /usr/include/python3.10
[3.198s] -- Using PYTHON_LIBRARIES: /usr/lib/x86_64-linux-gnu/libpython3.10.so
[3.226s] -- Found PythonExtra: .so  
[3.228s] -- Found ament_cmake_pytest: 1.3.12 (/opt/ros/humble/share/ament_cmake_pytest/cmake)
[3.315s] -- Configuring done
[3.348s] -- Generating done
[3.355s] -- Build files have been written to: /home/sunbi/ros/capstone_ur5e_sim/build/ur_simulation_gazebo
[3.380s] Invoked command in '/home/sunbi/ros/capstone_ur5e_sim/build/ur_simulation_gazebo' returned '0': AMENT_PREFIX_PATH=/home/sunbi/ros/capstone_ur5e_sim/install/ur_description:${AMENT_PREFIX_PATH} CMAKE_PREFIX_PATH=/home/sunbi/ros/capstone_ur5e_sim/install/ur_description:/opt/ros/humble /usr/bin/cmake /home/sunbi/ros/capstone_ur5e_sim/src/Universal_Robots_ROS2_Gazebo_Simulation/ur_simulation_gazebo -DCMAKE_INSTALL_PREFIX=/home/sunbi/ros/capstone_ur5e_sim/install/ur_simulation_gazebo
[3.383s] Invoking command in '/home/sunbi/ros/capstone_ur5e_sim/build/ur_simulation_gazebo': AMENT_PREFIX_PATH=/home/sunbi/ros/capstone_ur5e_sim/install/ur_description:${AMENT_PREFIX_PATH} CMAKE_PREFIX_PATH=/home/sunbi/ros/capstone_ur5e_sim/install/ur_description:/opt/ros/humble /usr/bin/cmake --build /home/sunbi/ros/capstone_ur5e_sim/build/ur_simulation_gazebo -- -j4 -l4
[3.470s] [ 50%] Building CXX object CMakeFiles/elevator_button_plugin.dir/plugins/elevator_button_plugin.cpp.o
[30.252s] [100%] Linking CXX shared library libelevator_button_plugin.so
[30.849s] [100%] Built target elevator_button_plugin
[30.872s] Invoked command in '/home/sunbi/ros/capstone_ur5e_sim/build/ur_simulation_gazebo' returned '0': AMENT_PREFIX_PATH=/home/sunbi/ros/capstone_ur5e_sim/install/ur_description:${AMENT_PREFIX_PATH} CMAKE_PREFIX_PATH=/home/sunbi/ros/capstone_ur5e_sim/install/ur_description:/opt/ros/humble /usr/bin/cmake --build /home/sunbi/ros/capstone_ur5e_sim/build/ur_simulation_gazebo -- -j4 -l4
[30.887s] Invoking command in '/home/sunbi/ros/capstone_ur5e_sim/build/ur_simulation_gazebo': AMENT_PREFIX_PATH=/home/sunbi/ros/capstone_ur5e_sim/install/ur_description:${AMENT_PREFIX_PATH} CMAKE_PREFIX_PATH=/home/sunbi/ros/capstone_ur5e_sim/install/ur_description:/opt/ros/humble /usr/bin/cmake --install /home/sunbi/ros/capstone_ur5e_sim/build/ur_simulation_gazebo
[30.898s] -- Install configuration: ""
[30.898s] -- Installing: /home/sunbi/ros/capstone_ur5e_sim/install/ur_simulation_gazebo/share/ur_simulation_gazebo/config
[30.901s] -- Installing: /home/sunbi/ros/capstone_ur5e_sim/install/ur_simulation_gazebo/share/ur_simulation_gazebo/config/ur_controllers.yaml
[30.901s] -- Installing: /home/sunbi/ros/capstone_ur5e_sim/install/ur_simulation_gazebo/share/ur_simulation_gazebo/launch
[30.902s] -- Installing: /home/sunbi/ros/capstone_ur5e_sim/install/ur_simulation_gazebo/share/ur_simulation_gazebo/launch/ur_sim_control.launch.py
[30.902s] -- Installing: /home/sunbi/ros/capstone_ur5e_sim/install/ur_simulation_gazebo/share/ur_simulation_gazebo/launch/ur5e_elevator.launch.py
[30.902s] -- Installing: /home/sunbi/ros/capstone_ur5e_sim/install/ur_simulation_gazebo/share/ur_simulation_gazebo/launch/ur_sim_moveit.launch.py
[30.902s] -- Installing: /home/sunbi/ros/capstone_ur5e_sim/install/ur_simulation_gazebo/share/ur_simulation_gazebo/worlds
[30.902s] -- Installing: /home/sunbi/ros/capstone_ur5e_sim/install/ur_simulation_gazebo/share/ur_simulation_gazebo/worlds/elevator.world
[30.902s] -- Installing: /home/sunbi/ros/capstone_ur5e_sim/install/ur_simulation_gazebo/lib/libelevator_button_plugin.so
[30.905s] -- Set runtime path of "/home/sunbi/ros/capstone_ur5e_sim/install/ur_simulation_gazebo/lib/libelevator_button_plugin.so" to ""
[30.906s] -- Installing: /home/sunbi/ros/capstone_ur5e_sim/install/ur_simulation_gazebo/share/ament_index/resource_index/package_run_dependencies/ur_simulation_gazebo
[30.906s] -- Installing: /home/sunbi/ros/capstone_ur5e_sim/install/ur_simulation_gazebo/share/ament_index/resource_index/parent_prefix_path/ur_simulation_gazebo
[30.906s] -- Installing: /home/sunbi/ros/capstone_ur5e_sim/install/ur_simulation_gazebo/share/ur_simulation_gazebo/environment/ament_prefix_path.sh
[30.906s] -- Installing: /home/sunbi/ros/capstone_ur5e_sim/install/ur_simulation_gazebo/share/ur_simulation_gazebo/environment/ament_prefix_path.dsv
[30.906s] -- Installing: /home/sunbi/ros/capstone_ur5e_sim/install/ur_simulation_gazebo/share/ur_simulation_gazebo/environment/path.sh
[30.906s] -- Installing: /home/sunbi/ros/capstone_ur5e_sim/install/ur_simulation_gazebo/share/ur_simulation_gazebo/environment/path.dsv
[30.906s] -- Installing: /home/sunbi/ros/capstone_ur5e_sim/install/ur_simulation_gazebo/share/ur_simulation_gazebo/local_setup.bash
[30.907s] -- Installing: /home/sunbi/ros/capstone_ur5e_sim/install/ur_simulation_gazebo/share/ur_simulation_gazebo/local_setup.sh
[30.907s] -- Installing: /home/sunbi/ros/capstone_ur5e_sim/install/ur_simulation_gazebo/share/ur_simulation_gazebo/local_setup.zsh
[30.907s] -- Installing: /home/sunbi/ros/capstone_ur5e_sim/install/ur_simulation_gazebo/share/ur_simulation_gazebo/local_setup.dsv
[30.907s] -- Installing: /home/sunbi/ros/capstone_ur5e_sim/install/ur_simulation_gazebo/share/ur_simulation_gazebo/package.dsv
[30.908s] -- Installing: /home/sunbi/ros/capstone_ur5e_sim/install/ur_simulation_gazebo/share/ament_index/resource_index/packages/ur_simulation_gazebo
[30.908s] -- Installing: /home/sunbi/ros/capstone_ur5e_sim/install/ur_simulation_gazebo/share/ur_simulation_gazebo/cmake/ur_simulation_gazeboConfig.cmake
[30.908s] -- Installing: /home/sunbi/ros/capstone_ur5e_sim/install/ur_simulation_gazebo/share/ur_simulation_gazebo/cmake/ur_simulation_gazeboConfig-version.cmake
[30.909s] -- Installing: /home/sunbi/ros/capstone_ur5e_sim/install/ur_simulation_gazebo/share/ur_simulation_gazebo/package.xml
[30.911s] Invoked command in '/home/sunbi/ros/capstone_ur5e_sim/build/ur_simulation_gazebo' returned '0': AMENT_PREFIX_PATH=/home/sunbi/ros/capstone_ur5e_sim/install/ur_description:${AMENT_PREFIX_PATH} CMAKE_PREFIX_PATH=/home/sunbi/ros/capstone_ur5e_sim/install/ur_description:/opt/ros/humble /usr/bin/cmake --install /home/sunbi/ros/capstone_ur5e_sim/build/ur_simulation_gazebo
