[0.011s] Invoking command in '/home/sunbi/ros2_ws/build/ur_simulation_gazebo': CMAKE_PREFIX_PATH=/home/sunbi/ros2_ws/install/ur_description:/home/sunbi/ros2_ws/src/install/ur_description:/home/sunbi/ros2_ws/src/install/ur_simulation_gazebo:/home/sunbi/ros2_ws/install/ur_simulation_gazebo:/opt/ros/humble /usr/bin/cmake /home/sunbi/ros2_ws/src/Universal_Robots_ROS2_Gazebo_Simulation/ur_simulation_gazebo -DAMENT_CMAKE_SYMLINK_INSTALL=1 -DCMAKE_INSTALL_PREFIX=/home/sunbi/ros2_ws/install/ur_simulation_gazebo
[0.024s] -- Found ament_cmake: 1.3.12 (/opt/ros/humble/share/ament_cmake/cmake)
[0.129s] -- Override CMake install command with custom implementation using symlinks instead of copying resources
[0.136s] -- Found launch_testing_ament_cmake: 1.0.10 (/opt/ros/humble/share/launch_testing_ament_cmake/cmake)
[0.138s] -- Found python_cmake_module: 0.10.0 (/opt/ros/humble/share/python_cmake_module/cmake)
[0.157s] -- Using PYTHON_EXECUTABLE: /usr/bin/python3
[0.157s] -- Using PYTHON_INCLUDE_DIRS: /usr/include/python3.10
[0.157s] -- Using PYTHON_LIBRARIES: /usr/lib/x86_64-linux-gnu/libpython3.10.so
[0.157s] -- Found ament_cmake_pytest: 1.3.12 (/opt/ros/humble/share/ament_cmake_pytest/cmake)
[0.217s] -- Configuring done
[0.221s] -- Generating done
[0.225s] -- Build files have been written to: /home/sunbi/ros2_ws/build/ur_simulation_gazebo
[0.227s] Invoked command in '/home/sunbi/ros2_ws/build/ur_simulation_gazebo' returned '0': CMAKE_PREFIX_PATH=/home/sunbi/ros2_ws/install/ur_description:/home/sunbi/ros2_ws/src/install/ur_description:/home/sunbi/ros2_ws/src/install/ur_simulation_gazebo:/home/sunbi/ros2_ws/install/ur_simulation_gazebo:/opt/ros/humble /usr/bin/cmake /home/sunbi/ros2_ws/src/Universal_Robots_ROS2_Gazebo_Simulation/ur_simulation_gazebo -DAMENT_CMAKE_SYMLINK_INSTALL=1 -DCMAKE_INSTALL_PREFIX=/home/sunbi/ros2_ws/install/ur_simulation_gazebo
[0.229s] Invoking command in '/home/sunbi/ros2_ws/build/ur_simulation_gazebo': CMAKE_PREFIX_PATH=/home/sunbi/ros2_ws/install/ur_description:/home/sunbi/ros2_ws/src/install/ur_description:/home/sunbi/ros2_ws/src/install/ur_simulation_gazebo:/home/sunbi/ros2_ws/install/ur_simulation_gazebo:/opt/ros/humble /usr/bin/cmake --build /home/sunbi/ros2_ws/build/ur_simulation_gazebo -- -j4 -l4
[0.277s] Invoked command in '/home/sunbi/ros2_ws/build/ur_simulation_gazebo' returned '0': CMAKE_PREFIX_PATH=/home/sunbi/ros2_ws/install/ur_description:/home/sunbi/ros2_ws/src/install/ur_description:/home/sunbi/ros2_ws/src/install/ur_simulation_gazebo:/home/sunbi/ros2_ws/install/ur_simulation_gazebo:/opt/ros/humble /usr/bin/cmake --build /home/sunbi/ros2_ws/build/ur_simulation_gazebo -- -j4 -l4
[0.279s] Invoking command in '/home/sunbi/ros2_ws/build/ur_simulation_gazebo': CMAKE_PREFIX_PATH=/home/sunbi/ros2_ws/install/ur_description:/home/sunbi/ros2_ws/src/install/ur_description:/home/sunbi/ros2_ws/src/install/ur_simulation_gazebo:/home/sunbi/ros2_ws/install/ur_simulation_gazebo:/opt/ros/humble /usr/bin/cmake --install /home/sunbi/ros2_ws/build/ur_simulation_gazebo
[0.288s] -- Install configuration: ""
[0.289s] -- Execute custom install script
[0.289s] -- Symlinking: /home/sunbi/ros2_ws/install/ur_simulation_gazebo/share/ur_simulation_gazebo/config/ur_controllers.yaml
[0.299s] -- Symlinking: /home/sunbi/ros2_ws/install/ur_simulation_gazebo/share/ur_simulation_gazebo/launch/ur_sim_control.launch.py
[0.311s] -- Symlinking: /home/sunbi/ros2_ws/install/ur_simulation_gazebo/share/ur_simulation_gazebo/launch/ur_sim_moveit.launch.py
[0.322s] -- Symlinking: /home/sunbi/ros2_ws/install/ur_simulation_gazebo/share/ament_index/resource_index/package_run_dependencies/ur_simulation_gazebo
[0.333s] -- Symlinking: /home/sunbi/ros2_ws/install/ur_simulation_gazebo/share/ament_index/resource_index/parent_prefix_path/ur_simulation_gazebo
[0.344s] -- Symlinking: /home/sunbi/ros2_ws/install/ur_simulation_gazebo/share/ur_simulation_gazebo/environment/ament_prefix_path.sh
[0.355s] -- Symlinking: /home/sunbi/ros2_ws/install/ur_simulation_gazebo/share/ur_simulation_gazebo/environment/ament_prefix_path.dsv
[0.364s] -- Symlinking: /home/sunbi/ros2_ws/install/ur_simulation_gazebo/share/ur_simulation_gazebo/environment/path.sh
[0.375s] -- Symlinking: /home/sunbi/ros2_ws/install/ur_simulation_gazebo/share/ur_simulation_gazebo/environment/path.dsv
[0.386s] -- Symlinking: /home/sunbi/ros2_ws/install/ur_simulation_gazebo/share/ur_simulation_gazebo/local_setup.bash
[0.397s] -- Symlinking: /home/sunbi/ros2_ws/install/ur_simulation_gazebo/share/ur_simulation_gazebo/local_setup.sh
[0.407s] -- Symlinking: /home/sunbi/ros2_ws/install/ur_simulation_gazebo/share/ur_simulation_gazebo/local_setup.zsh
[0.418s] -- Symlinking: /home/sunbi/ros2_ws/install/ur_simulation_gazebo/share/ur_simulation_gazebo/local_setup.dsv
[0.430s] -- Symlinking: /home/sunbi/ros2_ws/install/ur_simulation_gazebo/share/ur_simulation_gazebo/package.dsv
[0.441s] -- Symlinking: /home/sunbi/ros2_ws/install/ur_simulation_gazebo/share/ament_index/resource_index/packages/ur_simulation_gazebo
[0.452s] -- Symlinking: /home/sunbi/ros2_ws/install/ur_simulation_gazebo/share/ur_simulation_gazebo/cmake/ur_simulation_gazeboConfig.cmake
[0.463s] -- Symlinking: /home/sunbi/ros2_ws/install/ur_simulation_gazebo/share/ur_simulation_gazebo/cmake/ur_simulation_gazeboConfig-version.cmake
[0.475s] -- Symlinking: /home/sunbi/ros2_ws/install/ur_simulation_gazebo/share/ur_simulation_gazebo/package.xml
[0.487s] Invoked command in '/home/sunbi/ros2_ws/build/ur_simulation_gazebo' returned '0': CMAKE_PREFIX_PATH=/home/sunbi/ros2_ws/install/ur_description:/home/sunbi/ros2_ws/src/install/ur_description:/home/sunbi/ros2_ws/src/install/ur_simulation_gazebo:/home/sunbi/ros2_ws/install/ur_simulation_gazebo:/opt/ros/humble /usr/bin/cmake --install /home/sunbi/ros2_ws/build/ur_simulation_gazebo
