[0.765s] Invoking command in '/home/sunbi/ros/capstone_ur5e_sim/src/ur_cv_moveit': CMAKE_PREFIX_PATH=/home/sunbi/ros/install/ur_cv_interfaces:/home/sunbi/ros/install/ur_simulation_gazebo:/home/sunbi/ros/install/ur_description LD_LIBRARY_PATH=/home/sunbi/ros/install/ur_cv_interfaces/lib:/home/sunbi/ros/install/ur_simulation_gazebo/lib:/usr/lib/x86_64-linux-gnu/gazebo-11/plugins:/opt/ros/humble/opt/rviz_ogre_vendor/lib:/opt/ros/humble/lib/x86_64-linux-gnu:/opt/ros/humble/lib PYTHONPATH=/home/sunbi/ros/build/ur_cv_moveit/prefix_override:/usr/lib/python3/dist-packages/colcon_core/task/python/colcon_distutils_commands:/home/sunbi/ros/install/ur_cv_moveit/lib/python3.10/site-packages:${PYTHONPATH} /usr/bin/python3 -W ignore:setup.py install is deprecated -W ignore:easy_install command is deprecated setup.py egg_info --egg-base ../../../build/ur_cv_moveit build --build-base /home/sunbi/ros/build/ur_cv_moveit/build install --record /home/sunbi/ros/build/ur_cv_moveit/install.log --single-version-externally-managed install_data
[1.003s] running egg_info
[1.003s] writing ../../../build/ur_cv_moveit/ur_cv_moveit.egg-info/PKG-INFO
[1.003s] writing dependency_links to ../../../build/ur_cv_moveit/ur_cv_moveit.egg-info/dependency_links.txt
[1.003s] writing entry points to ../../../build/ur_cv_moveit/ur_cv_moveit.egg-info/entry_points.txt
[1.004s] writing requirements to ../../../build/ur_cv_moveit/ur_cv_moveit.egg-info/requires.txt
[1.004s] writing top-level names to ../../../build/ur_cv_moveit/ur_cv_moveit.egg-info/top_level.txt
[1.006s] reading manifest file '../../../build/ur_cv_moveit/ur_cv_moveit.egg-info/SOURCES.txt'
[1.009s] writing manifest file '../../../build/ur_cv_moveit/ur_cv_moveit.egg-info/SOURCES.txt'
[1.010s] running build
[1.010s] running build_py
[1.010s] running install
[1.013s] running install_lib
[1.013s] running install_data
[1.013s] running install_egg_info
[1.016s] removing '/home/sunbi/ros/install/ur_cv_moveit/lib/python3.10/site-packages/ur_cv_moveit-0.0.1-py3.10.egg-info' (and everything under it)
[1.016s] Copying ../../../build/ur_cv_moveit/ur_cv_moveit.egg-info to /home/sunbi/ros/install/ur_cv_moveit/lib/python3.10/site-packages/ur_cv_moveit-0.0.1-py3.10.egg-info
[1.019s] running install_scripts
[1.039s] Installing button_detection_node script to /home/sunbi/ros/install/ur_cv_moveit/lib/ur_cv_moveit
[1.040s] Installing button_press_action_node script to /home/sunbi/ros/install/ur_cv_moveit/lib/ur_cv_moveit
[1.040s] Installing camera_capture_node script to /home/sunbi/ros/install/ur_cv_moveit/lib/ur_cv_moveit
[1.040s] writing list of installed files to '/home/sunbi/ros/build/ur_cv_moveit/install.log'
[1.070s] Invoked command in '/home/sunbi/ros/capstone_ur5e_sim/src/ur_cv_moveit' returned '0': CMAKE_PREFIX_PATH=/home/sunbi/ros/install/ur_cv_interfaces:/home/sunbi/ros/install/ur_simulation_gazebo:/home/sunbi/ros/install/ur_description LD_LIBRARY_PATH=/home/sunbi/ros/install/ur_cv_interfaces/lib:/home/sunbi/ros/install/ur_simulation_gazebo/lib:/usr/lib/x86_64-linux-gnu/gazebo-11/plugins:/opt/ros/humble/opt/rviz_ogre_vendor/lib:/opt/ros/humble/lib/x86_64-linux-gnu:/opt/ros/humble/lib PYTHONPATH=/home/sunbi/ros/build/ur_cv_moveit/prefix_override:/usr/lib/python3/dist-packages/colcon_core/task/python/colcon_distutils_commands:/home/sunbi/ros/install/ur_cv_moveit/lib/python3.10/site-packages:${PYTHONPATH} /usr/bin/python3 -W ignore:setup.py install is deprecated -W ignore:easy_install command is deprecated setup.py egg_info --egg-base ../../../build/ur_cv_moveit build --build-base /home/sunbi/ros/build/ur_cv_moveit/build install --record /home/sunbi/ros/build/ur_cv_moveit/install.log --single-version-externally-managed install_data
