[0.101s] DEBUG:colcon:Command line arguments: ['/usr/bin/colcon', 'build', '--symlink-install', '--packages-select', 'ur_simulation_gazebo', 'ur_cv_moveit']
[0.101s] DEBUG:colcon:Parsed command line arguments: Namespace(log_base=None, log_level=None, verb_name='build', build_base='build', install_base='install', merge_install=False, symlink_install=True, test_result_base=None, continue_on_error=False, executor='parallel', parallel_workers=4, event_handlers=None, ignore_user_meta=False, metas=['./colcon.meta'], base_paths=['.'], packages_ignore=None, packages_ignore_regex=None, paths=None, packages_up_to=None, packages_up_to_regex=None, packages_above=None, packages_above_and_dependencies=None, packages_above_depth=None, packages_select_by_dep=None, packages_skip_by_dep=None, packages_skip_up_to=None, packages_select_build_failed=False, packages_skip_build_finished=False, packages_select_test_failures=False, packages_skip_test_passed=False, packages_select=['ur_simulation_gazebo', 'ur_cv_moveit'], packages_skip=None, packages_select_regex=None, packages_skip_regex=None, packages_start=None, packages_end=None, allow_overriding=[], cmake_args=None, cmake_target=None, cmake_target_skip_unavailable=False, cmake_clean_cache=False, cmake_clean_first=False, cmake_force_configure=False, ament_cmake_args=None, catkin_cmake_args=None, catkin_skip_building_tests=False, verb_parser=<colcon_defaults.argument_parser.defaults.DefaultArgumentsDecorator object at 0x7da221154a60>, verb_extension=<colcon_core.verb.build.BuildVerb object at 0x7da221154460>, main=<bound method BuildVerb.main of <colcon_core.verb.build.BuildVerb object at 0x7da221154460>>)
[0.252s] Level 1:colcon.colcon_core.package_discovery:discover_packages(colcon_meta) check parameters
[0.252s] Level 1:colcon.colcon_core.package_discovery:discover_packages(recursive) check parameters
[0.252s] Level 1:colcon.colcon_core.package_discovery:discover_packages(ignore) check parameters
[0.252s] Level 1:colcon.colcon_core.package_discovery:discover_packages(path) check parameters
[0.252s] Level 1:colcon.colcon_core.package_discovery:discover_packages(colcon_meta) discover
[0.252s] Level 1:colcon.colcon_core.package_discovery:discover_packages(recursive) discover
[0.252s] INFO:colcon.colcon_core.package_discovery:Crawling recursively for packages in '/home/sunbi/ros/capstone_ur5e_sim'
[0.252s] Level 1:colcon.colcon_core.package_identification:_identify(.) by extensions ['ignore', 'ignore_ament_install']
[0.252s] Level 1:colcon.colcon_core.package_identification:_identify(.) by extension 'ignore'
[0.252s] Level 1:colcon.colcon_core.package_identification:_identify(.) by extension 'ignore_ament_install'
[0.252s] Level 1:colcon.colcon_core.package_identification:_identify(.) by extensions ['colcon_pkg']
[0.252s] Level 1:colcon.colcon_core.package_identification:_identify(.) by extension 'colcon_pkg'
[0.253s] Level 1:colcon.colcon_core.package_identification:_identify(.) by extensions ['colcon_meta']
[0.253s] Level 1:colcon.colcon_core.package_identification:_identify(.) by extension 'colcon_meta'
[0.253s] Level 1:colcon.colcon_core.package_identification:_identify(.) by extensions ['ros']
[0.253s] Level 1:colcon.colcon_core.package_identification:_identify(.) by extension 'ros'
[0.263s] Level 1:colcon.colcon_core.package_identification:_identify(.) by extensions ['cmake', 'python']
[0.264s] Level 1:colcon.colcon_core.package_identification:_identify(.) by extension 'cmake'
[0.264s] Level 1:colcon.colcon_core.package_identification:_identify(.) by extension 'python'
[0.264s] Level 1:colcon.colcon_core.package_identification:_identify(.) by extensions ['python_setup_py']
[0.264s] Level 1:colcon.colcon_core.package_identification:_identify(.) by extension 'python_setup_py'
[0.264s] Level 1:colcon.colcon_core.package_identification:_identify(build) by extensions ['ignore', 'ignore_ament_install']
[0.264s] Level 1:colcon.colcon_core.package_identification:_identify(build) by extension 'ignore'
[0.264s] Level 1:colcon.colcon_core.package_identification:_identify(build) ignored
[0.264s] Level 1:colcon.colcon_core.package_identification:_identify(install) by extensions ['ignore', 'ignore_ament_install']
[0.264s] Level 1:colcon.colcon_core.package_identification:_identify(install) by extension 'ignore'
[0.264s] Level 1:colcon.colcon_core.package_identification:_identify(install) ignored
[0.264s] Level 1:colcon.colcon_core.package_identification:_identify(log) by extensions ['ignore', 'ignore_ament_install']
[0.265s] Level 1:colcon.colcon_core.package_identification:_identify(log) by extension 'ignore'
[0.265s] Level 1:colcon.colcon_core.package_identification:_identify(log) ignored
[0.265s] Level 1:colcon.colcon_core.package_identification:_identify(src) by extensions ['ignore', 'ignore_ament_install']
[0.265s] Level 1:colcon.colcon_core.package_identification:_identify(src) by extension 'ignore'
[0.265s] Level 1:colcon.colcon_core.package_identification:_identify(src) by extension 'ignore_ament_install'
[0.265s] Level 1:colcon.colcon_core.package_identification:_identify(src) by extensions ['colcon_pkg']
[0.265s] Level 1:colcon.colcon_core.package_identification:_identify(src) by extension 'colcon_pkg'
[0.265s] Level 1:colcon.colcon_core.package_identification:_identify(src) by extensions ['colcon_meta']
[0.265s] Level 1:colcon.colcon_core.package_identification:_identify(src) by extension 'colcon_meta'
[0.265s] Level 1:colcon.colcon_core.package_identification:_identify(src) by extensions ['ros']
[0.265s] Level 1:colcon.colcon_core.package_identification:_identify(src) by extension 'ros'
[0.265s] Level 1:colcon.colcon_core.package_identification:_identify(src) by extensions ['cmake', 'python']
[0.265s] Level 1:colcon.colcon_core.package_identification:_identify(src) by extension 'cmake'
[0.265s] Level 1:colcon.colcon_core.package_identification:_identify(src) by extension 'python'
[0.265s] Level 1:colcon.colcon_core.package_identification:_identify(src) by extensions ['python_setup_py']
[0.265s] Level 1:colcon.colcon_core.package_identification:_identify(src) by extension 'python_setup_py'
[0.265s] Level 1:colcon.colcon_core.package_identification:_identify(src/Universal_Robots_ROS2_Description) by extensions ['ignore', 'ignore_ament_install']
[0.266s] Level 1:colcon.colcon_core.package_identification:_identify(src/Universal_Robots_ROS2_Description) by extension 'ignore'
[0.266s] Level 1:colcon.colcon_core.package_identification:_identify(src/Universal_Robots_ROS2_Description) by extension 'ignore_ament_install'
[0.266s] Level 1:colcon.colcon_core.package_identification:_identify(src/Universal_Robots_ROS2_Description) by extensions ['colcon_pkg']
[0.266s] Level 1:colcon.colcon_core.package_identification:_identify(src/Universal_Robots_ROS2_Description) by extension 'colcon_pkg'
[0.266s] Level 1:colcon.colcon_core.package_identification:_identify(src/Universal_Robots_ROS2_Description) by extensions ['colcon_meta']
[0.266s] Level 1:colcon.colcon_core.package_identification:_identify(src/Universal_Robots_ROS2_Description) by extension 'colcon_meta'
[0.266s] Level 1:colcon.colcon_core.package_identification:_identify(src/Universal_Robots_ROS2_Description) by extensions ['ros']
[0.266s] Level 1:colcon.colcon_core.package_identification:_identify(src/Universal_Robots_ROS2_Description) by extension 'ros'
[0.269s] DEBUG:colcon.colcon_core.package_identification:Package 'src/Universal_Robots_ROS2_Description' with type 'ros.ament_cmake' and name 'ur_description'
[0.269s] Level 1:colcon.colcon_core.package_identification:_identify(src/Universal_Robots_ROS2_Gazebo_Simulation) by extensions ['ignore', 'ignore_ament_install']
[0.269s] Level 1:colcon.colcon_core.package_identification:_identify(src/Universal_Robots_ROS2_Gazebo_Simulation) by extension 'ignore'
[0.269s] Level 1:colcon.colcon_core.package_identification:_identify(src/Universal_Robots_ROS2_Gazebo_Simulation) by extension 'ignore_ament_install'
[0.269s] Level 1:colcon.colcon_core.package_identification:_identify(src/Universal_Robots_ROS2_Gazebo_Simulation) by extensions ['colcon_pkg']
[0.269s] Level 1:colcon.colcon_core.package_identification:_identify(src/Universal_Robots_ROS2_Gazebo_Simulation) by extension 'colcon_pkg'
[0.269s] Level 1:colcon.colcon_core.package_identification:_identify(src/Universal_Robots_ROS2_Gazebo_Simulation) by extensions ['colcon_meta']
[0.269s] Level 1:colcon.colcon_core.package_identification:_identify(src/Universal_Robots_ROS2_Gazebo_Simulation) by extension 'colcon_meta'
[0.269s] Level 1:colcon.colcon_core.package_identification:_identify(src/Universal_Robots_ROS2_Gazebo_Simulation) by extensions ['ros']
[0.269s] Level 1:colcon.colcon_core.package_identification:_identify(src/Universal_Robots_ROS2_Gazebo_Simulation) by extension 'ros'
[0.269s] Level 1:colcon.colcon_core.package_identification:_identify(src/Universal_Robots_ROS2_Gazebo_Simulation) by extensions ['cmake', 'python']
[0.269s] Level 1:colcon.colcon_core.package_identification:_identify(src/Universal_Robots_ROS2_Gazebo_Simulation) by extension 'cmake'
[0.269s] Level 1:colcon.colcon_core.package_identification:_identify(src/Universal_Robots_ROS2_Gazebo_Simulation) by extension 'python'
[0.269s] Level 1:colcon.colcon_core.package_identification:_identify(src/Universal_Robots_ROS2_Gazebo_Simulation) by extensions ['python_setup_py']
[0.269s] Level 1:colcon.colcon_core.package_identification:_identify(src/Universal_Robots_ROS2_Gazebo_Simulation) by extension 'python_setup_py'
[0.270s] Level 1:colcon.colcon_core.package_identification:_identify(src/Universal_Robots_ROS2_Gazebo_Simulation/ur_simulation_gazebo) by extensions ['ignore', 'ignore_ament_install']
[0.270s] Level 1:colcon.colcon_core.package_identification:_identify(src/Universal_Robots_ROS2_Gazebo_Simulation/ur_simulation_gazebo) by extension 'ignore'
[0.270s] Level 1:colcon.colcon_core.package_identification:_identify(src/Universal_Robots_ROS2_Gazebo_Simulation/ur_simulation_gazebo) by extension 'ignore_ament_install'
[0.270s] Level 1:colcon.colcon_core.package_identification:_identify(src/Universal_Robots_ROS2_Gazebo_Simulation/ur_simulation_gazebo) by extensions ['colcon_pkg']
[0.270s] Level 1:colcon.colcon_core.package_identification:_identify(src/Universal_Robots_ROS2_Gazebo_Simulation/ur_simulation_gazebo) by extension 'colcon_pkg'
[0.270s] Level 1:colcon.colcon_core.package_identification:_identify(src/Universal_Robots_ROS2_Gazebo_Simulation/ur_simulation_gazebo) by extensions ['colcon_meta']
[0.270s] Level 1:colcon.colcon_core.package_identification:_identify(src/Universal_Robots_ROS2_Gazebo_Simulation/ur_simulation_gazebo) by extension 'colcon_meta'
[0.270s] Level 1:colcon.colcon_core.package_identification:_identify(src/Universal_Robots_ROS2_Gazebo_Simulation/ur_simulation_gazebo) by extensions ['ros']
[0.270s] Level 1:colcon.colcon_core.package_identification:_identify(src/Universal_Robots_ROS2_Gazebo_Simulation/ur_simulation_gazebo) by extension 'ros'
[0.271s] DEBUG:colcon.colcon_core.package_identification:Package 'src/Universal_Robots_ROS2_Gazebo_Simulation/ur_simulation_gazebo' with type 'ros.ament_cmake' and name 'ur_simulation_gazebo'
[0.271s] Level 1:colcon.colcon_core.package_identification:_identify(src/build) by extensions ['ignore', 'ignore_ament_install']
[0.271s] Level 1:colcon.colcon_core.package_identification:_identify(src/build) by extension 'ignore'
[0.271s] Level 1:colcon.colcon_core.package_identification:_identify(src/build) ignored
[0.271s] Level 1:colcon.colcon_core.package_identification:_identify(src/log) by extensions ['ignore', 'ignore_ament_install']
[0.271s] Level 1:colcon.colcon_core.package_identification:_identify(src/log) by extension 'ignore'
[0.271s] Level 1:colcon.colcon_core.package_identification:_identify(src/log) ignored
[0.271s] Level 1:colcon.colcon_core.package_identification:_identify(src/ur_cv_moveit) by extensions ['ignore', 'ignore_ament_install']
[0.271s] Level 1:colcon.colcon_core.package_identification:_identify(src/ur_cv_moveit) by extension 'ignore'
[0.271s] Level 1:colcon.colcon_core.package_identification:_identify(src/ur_cv_moveit) by extension 'ignore_ament_install'
[0.271s] Level 1:colcon.colcon_core.package_identification:_identify(src/ur_cv_moveit) by extensions ['colcon_pkg']
[0.271s] Level 1:colcon.colcon_core.package_identification:_identify(src/ur_cv_moveit) by extension 'colcon_pkg'
[0.271s] Level 1:colcon.colcon_core.package_identification:_identify(src/ur_cv_moveit) by extensions ['colcon_meta']
[0.271s] Level 1:colcon.colcon_core.package_identification:_identify(src/ur_cv_moveit) by extension 'colcon_meta'
[0.271s] Level 1:colcon.colcon_core.package_identification:_identify(src/ur_cv_moveit) by extensions ['ros']
[0.271s] Level 1:colcon.colcon_core.package_identification:_identify(src/ur_cv_moveit) by extension 'ros'
[0.272s] DEBUG:colcon.colcon_core.package_identification:Package 'src/ur_cv_moveit' with type 'ros.ament_python' and name 'ur_cv_moveit'
[0.272s] Level 1:colcon.colcon_core.package_discovery:discover_packages(recursive) using defaults
[0.272s] Level 1:colcon.colcon_core.package_discovery:discover_packages(ignore) discover
[0.272s] Level 1:colcon.colcon_core.package_discovery:discover_packages(ignore) using defaults
[0.272s] Level 1:colcon.colcon_core.package_discovery:discover_packages(path) discover
[0.272s] Level 1:colcon.colcon_core.package_discovery:discover_packages(path) using defaults
[0.292s] INFO:colcon.colcon_core.package_selection:Skipping not selected package 'ur_description' in 'src/Universal_Robots_ROS2_Description'
[0.292s] Level 1:colcon.colcon_core.package_discovery:discover_packages(prefix_path) check parameters
[0.292s] Level 1:colcon.colcon_core.package_discovery:discover_packages(prefix_path) discover
[0.294s] DEBUG:colcon.colcon_installed_package_information.package_discovery:Found 3 installed packages in /home/sunbi/ros/capstone_ur5e_sim/install
[0.294s] DEBUG:colcon.colcon_installed_package_information.package_discovery:Found 3 installed packages in /home/sunbi/ros/install
[0.296s] DEBUG:colcon.colcon_installed_package_information.package_discovery:Found 370 installed packages in /opt/ros/humble
[0.309s] Level 1:colcon.colcon_core.package_discovery:discover_packages(prefix_path) using defaults
[0.352s] Level 5:colcon.colcon_core.verb:set package 'ur_cv_moveit' build argument 'cmake_args' from command line to 'None'
[0.352s] Level 5:colcon.colcon_core.verb:set package 'ur_cv_moveit' build argument 'cmake_target' from command line to 'None'
[0.352s] Level 5:colcon.colcon_core.verb:set package 'ur_cv_moveit' build argument 'cmake_target_skip_unavailable' from command line to 'False'
[0.352s] Level 5:colcon.colcon_core.verb:set package 'ur_cv_moveit' build argument 'cmake_clean_cache' from command line to 'False'
[0.353s] Level 5:colcon.colcon_core.verb:set package 'ur_cv_moveit' build argument 'cmake_clean_first' from command line to 'False'
[0.353s] Level 5:colcon.colcon_core.verb:set package 'ur_cv_moveit' build argument 'cmake_force_configure' from command line to 'False'
[0.353s] Level 5:colcon.colcon_core.verb:set package 'ur_cv_moveit' build argument 'ament_cmake_args' from command line to 'None'
[0.353s] Level 5:colcon.colcon_core.verb:set package 'ur_cv_moveit' build argument 'catkin_cmake_args' from command line to 'None'
[0.353s] Level 5:colcon.colcon_core.verb:set package 'ur_cv_moveit' build argument 'catkin_skip_building_tests' from command line to 'False'
[0.353s] DEBUG:colcon.colcon_core.verb:Building package 'ur_cv_moveit' with the following arguments: {'ament_cmake_args': None, 'build_base': '/home/sunbi/ros/capstone_ur5e_sim/build/ur_cv_moveit', 'catkin_cmake_args': None, 'catkin_skip_building_tests': False, 'cmake_args': None, 'cmake_clean_cache': False, 'cmake_clean_first': False, 'cmake_force_configure': False, 'cmake_target': None, 'cmake_target_skip_unavailable': False, 'install_base': '/home/sunbi/ros/capstone_ur5e_sim/install/ur_cv_moveit', 'merge_install': False, 'path': '/home/sunbi/ros/capstone_ur5e_sim/src/ur_cv_moveit', 'symlink_install': True, 'test_result_base': None}
[0.353s] Level 5:colcon.colcon_core.verb:set package 'ur_simulation_gazebo' build argument 'cmake_args' from command line to 'None'
[0.353s] Level 5:colcon.colcon_core.verb:set package 'ur_simulation_gazebo' build argument 'cmake_target' from command line to 'None'
[0.353s] Level 5:colcon.colcon_core.verb:set package 'ur_simulation_gazebo' build argument 'cmake_target_skip_unavailable' from command line to 'False'
[0.353s] Level 5:colcon.colcon_core.verb:set package 'ur_simulation_gazebo' build argument 'cmake_clean_cache' from command line to 'False'
[0.353s] Level 5:colcon.colcon_core.verb:set package 'ur_simulation_gazebo' build argument 'cmake_clean_first' from command line to 'False'
[0.353s] Level 5:colcon.colcon_core.verb:set package 'ur_simulation_gazebo' build argument 'cmake_force_configure' from command line to 'False'
[0.353s] Level 5:colcon.colcon_core.verb:set package 'ur_simulation_gazebo' build argument 'ament_cmake_args' from command line to 'None'
[0.353s] Level 5:colcon.colcon_core.verb:set package 'ur_simulation_gazebo' build argument 'catkin_cmake_args' from command line to 'None'
[0.353s] Level 5:colcon.colcon_core.verb:set package 'ur_simulation_gazebo' build argument 'catkin_skip_building_tests' from command line to 'False'
[0.353s] DEBUG:colcon.colcon_core.verb:Building package 'ur_simulation_gazebo' with the following arguments: {'ament_cmake_args': None, 'build_base': '/home/sunbi/ros/capstone_ur5e_sim/build/ur_simulation_gazebo', 'catkin_cmake_args': None, 'catkin_skip_building_tests': False, 'cmake_args': None, 'cmake_clean_cache': False, 'cmake_clean_first': False, 'cmake_force_configure': False, 'cmake_target': None, 'cmake_target_skip_unavailable': False, 'install_base': '/home/sunbi/ros/capstone_ur5e_sim/install/ur_simulation_gazebo', 'merge_install': False, 'path': '/home/sunbi/ros/capstone_ur5e_sim/src/Universal_Robots_ROS2_Gazebo_Simulation/ur_simulation_gazebo', 'symlink_install': True, 'test_result_base': None}
[0.353s] INFO:colcon.colcon_core.executor:Executing jobs using 'parallel' executor
[0.355s] DEBUG:colcon.colcon_parallel_executor.executor.parallel:run_until_complete
[0.355s] INFO:colcon.colcon_ros.task.ament_python.build:Building ROS package in '/home/sunbi/ros/capstone_ur5e_sim/src/ur_cv_moveit' with build type 'ament_python'
[0.355s] Level 1:colcon.colcon_core.shell:create_environment_hook('ur_cv_moveit', 'ament_prefix_path')
[0.358s] INFO:colcon.colcon_core.plugin_system:Skipping extension 'colcon_core.shell.bat': Not used on non-Windows systems
[0.358s] INFO:colcon.colcon_core.shell:Creating environment hook '/home/sunbi/ros/capstone_ur5e_sim/install/ur_cv_moveit/share/ur_cv_moveit/hook/ament_prefix_path.ps1'
[0.359s] INFO:colcon.colcon_core.shell:Creating environment descriptor '/home/sunbi/ros/capstone_ur5e_sim/install/ur_cv_moveit/share/ur_cv_moveit/hook/ament_prefix_path.dsv'
[0.360s] INFO:colcon.colcon_core.shell:Creating environment hook '/home/sunbi/ros/capstone_ur5e_sim/install/ur_cv_moveit/share/ur_cv_moveit/hook/ament_prefix_path.sh'
[0.360s] INFO:colcon.colcon_core.shell:Skip shell extension 'powershell' for command environment: Not usable outside of PowerShell
[0.361s] DEBUG:colcon.colcon_core.shell:Skip shell extension 'dsv' for command environment
[0.365s] INFO:colcon.colcon_ros.task.ament_cmake.build:Building ROS package in '/home/sunbi/ros/capstone_ur5e_sim/src/Universal_Robots_ROS2_Gazebo_Simulation/ur_simulation_gazebo' with build type 'ament_cmake'
[0.365s] INFO:colcon.colcon_cmake.task.cmake.build:Building CMake package in '/home/sunbi/ros/capstone_ur5e_sim/src/Universal_Robots_ROS2_Gazebo_Simulation/ur_simulation_gazebo'
[0.365s] INFO:colcon.colcon_core.shell:Skip shell extension 'powershell' for command environment: Not usable outside of PowerShell
[0.365s] DEBUG:colcon.colcon_core.shell:Skip shell extension 'dsv' for command environment
[0.614s] INFO:colcon.colcon_core.task.python.build:Building Python package in '/home/sunbi/ros/capstone_ur5e_sim/src/ur_cv_moveit'
[0.615s] INFO:colcon.colcon_core.shell:Skip shell extension 'powershell' for command environment: Not usable outside of PowerShell
[0.615s] DEBUG:colcon.colcon_core.shell:Skip shell extension 'dsv' for command environment
[0.628s] DEBUG:colcon.colcon_core.event_handler.log_command:Invoking command in '/home/sunbi/ros/capstone_ur5e_sim/build/ur_simulation_gazebo': CMAKE_PREFIX_PATH=/home/sunbi/ros/capstone_ur5e_sim/install/ur_description:/home/sunbi/ros/capstone_ur5e_sim/install/ur_simulation_gazebo:/home/sunbi/ros/install/ur_simulation_gazebo:/home/sunbi/ros/install/ur_description:/home/sunbi/ros/capstone_ur5e_sim/install/ur_cv_moveit:/home/sunbi/ros/install/ur_cv_moveit:/opt/ros/humble /usr/bin/cmake --build /home/sunbi/ros/capstone_ur5e_sim/build/ur_simulation_gazebo -- -j4 -l4
[0.757s] DEBUG:colcon.colcon_core.event_handler.log_command:Invoked command in '/home/sunbi/ros/capstone_ur5e_sim/build/ur_simulation_gazebo' returned '0': CMAKE_PREFIX_PATH=/home/sunbi/ros/capstone_ur5e_sim/install/ur_description:/home/sunbi/ros/capstone_ur5e_sim/install/ur_simulation_gazebo:/home/sunbi/ros/install/ur_simulation_gazebo:/home/sunbi/ros/install/ur_description:/home/sunbi/ros/capstone_ur5e_sim/install/ur_cv_moveit:/home/sunbi/ros/install/ur_cv_moveit:/opt/ros/humble /usr/bin/cmake --build /home/sunbi/ros/capstone_ur5e_sim/build/ur_simulation_gazebo -- -j4 -l4
[0.772s] DEBUG:colcon.colcon_core.event_handler.log_command:Invoking command in '/home/sunbi/ros/capstone_ur5e_sim/build/ur_simulation_gazebo': CMAKE_PREFIX_PATH=/home/sunbi/ros/capstone_ur5e_sim/install/ur_description:/home/sunbi/ros/capstone_ur5e_sim/install/ur_simulation_gazebo:/home/sunbi/ros/install/ur_simulation_gazebo:/home/sunbi/ros/install/ur_description:/home/sunbi/ros/capstone_ur5e_sim/install/ur_cv_moveit:/home/sunbi/ros/install/ur_cv_moveit:/opt/ros/humble /usr/bin/cmake --install /home/sunbi/ros/capstone_ur5e_sim/build/ur_simulation_gazebo
[0.860s] Level 1:colcon.colcon_core.environment:create_environment_scripts_only(ur_simulation_gazebo)
[0.861s] DEBUG:colcon.colcon_core.event_handler.log_command:Invoked command in '/home/sunbi/ros/capstone_ur5e_sim/build/ur_simulation_gazebo' returned '0': CMAKE_PREFIX_PATH=/home/sunbi/ros/capstone_ur5e_sim/install/ur_description:/home/sunbi/ros/capstone_ur5e_sim/install/ur_simulation_gazebo:/home/sunbi/ros/install/ur_simulation_gazebo:/home/sunbi/ros/install/ur_description:/home/sunbi/ros/capstone_ur5e_sim/install/ur_cv_moveit:/home/sunbi/ros/install/ur_cv_moveit:/opt/ros/humble /usr/bin/cmake --install /home/sunbi/ros/capstone_ur5e_sim/build/ur_simulation_gazebo
[0.864s] Level 1:colcon.colcon_core.environment:checking '/home/sunbi/ros/capstone_ur5e_sim/install/ur_simulation_gazebo' for CMake module files
[0.864s] Level 1:colcon.colcon_core.environment:checking '/home/sunbi/ros/capstone_ur5e_sim/install/ur_simulation_gazebo' for CMake config files
[0.865s] Level 1:colcon.colcon_core.shell:create_environment_hook('ur_simulation_gazebo', 'cmake_prefix_path')
[0.866s] INFO:colcon.colcon_core.shell:Creating environment hook '/home/sunbi/ros/capstone_ur5e_sim/install/ur_simulation_gazebo/share/ur_simulation_gazebo/hook/cmake_prefix_path.ps1'
[0.867s] INFO:colcon.colcon_core.shell:Creating environment descriptor '/home/sunbi/ros/capstone_ur5e_sim/install/ur_simulation_gazebo/share/ur_simulation_gazebo/hook/cmake_prefix_path.dsv'
[0.868s] INFO:colcon.colcon_core.shell:Creating environment hook '/home/sunbi/ros/capstone_ur5e_sim/install/ur_simulation_gazebo/share/ur_simulation_gazebo/hook/cmake_prefix_path.sh'
[0.870s] Level 1:colcon.colcon_core.environment:checking '/home/sunbi/ros/capstone_ur5e_sim/install/ur_simulation_gazebo/lib'
[0.871s] Level 1:colcon.colcon_core.shell:create_environment_hook('ur_simulation_gazebo', 'ld_library_path_lib')
[0.872s] INFO:colcon.colcon_core.shell:Creating environment hook '/home/sunbi/ros/capstone_ur5e_sim/install/ur_simulation_gazebo/share/ur_simulation_gazebo/hook/ld_library_path_lib.ps1'
[0.874s] INFO:colcon.colcon_core.shell:Creating environment descriptor '/home/sunbi/ros/capstone_ur5e_sim/install/ur_simulation_gazebo/share/ur_simulation_gazebo/hook/ld_library_path_lib.dsv'
[0.875s] INFO:colcon.colcon_core.shell:Creating environment hook '/home/sunbi/ros/capstone_ur5e_sim/install/ur_simulation_gazebo/share/ur_simulation_gazebo/hook/ld_library_path_lib.sh'
[0.876s] Level 1:colcon.colcon_core.environment:checking '/home/sunbi/ros/capstone_ur5e_sim/install/ur_simulation_gazebo/bin'
[0.876s] Level 1:colcon.colcon_core.environment:checking '/home/sunbi/ros/capstone_ur5e_sim/install/ur_simulation_gazebo/lib/pkgconfig/ur_simulation_gazebo.pc'
[0.876s] Level 1:colcon.colcon_core.environment:checking '/home/sunbi/ros/capstone_ur5e_sim/install/ur_simulation_gazebo/lib/python3.10/site-packages'
[0.877s] Level 1:colcon.colcon_core.environment:checking '/home/sunbi/ros/capstone_ur5e_sim/install/ur_simulation_gazebo/bin'
[0.877s] INFO:colcon.colcon_core.shell:Creating package script '/home/sunbi/ros/capstone_ur5e_sim/install/ur_simulation_gazebo/share/ur_simulation_gazebo/package.ps1'
[0.878s] INFO:colcon.colcon_core.shell:Creating package descriptor '/home/sunbi/ros/capstone_ur5e_sim/install/ur_simulation_gazebo/share/ur_simulation_gazebo/package.dsv'
[0.880s] INFO:colcon.colcon_core.shell:Creating package script '/home/sunbi/ros/capstone_ur5e_sim/install/ur_simulation_gazebo/share/ur_simulation_gazebo/package.sh'
[0.881s] INFO:colcon.colcon_core.shell:Creating package script '/home/sunbi/ros/capstone_ur5e_sim/install/ur_simulation_gazebo/share/ur_simulation_gazebo/package.bash'
[0.883s] INFO:colcon.colcon_core.shell:Creating package script '/home/sunbi/ros/capstone_ur5e_sim/install/ur_simulation_gazebo/share/ur_simulation_gazebo/package.zsh'
[0.884s] Level 1:colcon.colcon_core.environment:create_file_with_runtime_dependencies(/home/sunbi/ros/capstone_ur5e_sim/install/ur_simulation_gazebo/share/colcon-core/packages/ur_simulation_gazebo)
[0.886s] Level 1:colcon.colcon_core.environment:create_environment_scripts_only(ur_simulation_gazebo)
[0.887s] Level 1:colcon.colcon_core.environment:checking '/home/sunbi/ros/capstone_ur5e_sim/install/ur_simulation_gazebo' for CMake module files
[0.888s] Level 1:colcon.colcon_core.environment:checking '/home/sunbi/ros/capstone_ur5e_sim/install/ur_simulation_gazebo' for CMake config files
[0.888s] Level 1:colcon.colcon_core.shell:create_environment_hook('ur_simulation_gazebo', 'cmake_prefix_path')
[0.889s] INFO:colcon.colcon_core.shell:Creating environment hook '/home/sunbi/ros/capstone_ur5e_sim/install/ur_simulation_gazebo/share/ur_simulation_gazebo/hook/cmake_prefix_path.ps1'
[0.889s] INFO:colcon.colcon_core.shell:Creating environment descriptor '/home/sunbi/ros/capstone_ur5e_sim/install/ur_simulation_gazebo/share/ur_simulation_gazebo/hook/cmake_prefix_path.dsv'
[0.890s] INFO:colcon.colcon_core.shell:Creating environment hook '/home/sunbi/ros/capstone_ur5e_sim/install/ur_simulation_gazebo/share/ur_simulation_gazebo/hook/cmake_prefix_path.sh'
[0.891s] Level 1:colcon.colcon_core.environment:checking '/home/sunbi/ros/capstone_ur5e_sim/install/ur_simulation_gazebo/lib'
[0.891s] Level 1:colcon.colcon_core.shell:create_environment_hook('ur_simulation_gazebo', 'ld_library_path_lib')
[0.892s] INFO:colcon.colcon_core.shell:Creating environment hook '/home/sunbi/ros/capstone_ur5e_sim/install/ur_simulation_gazebo/share/ur_simulation_gazebo/hook/ld_library_path_lib.ps1'
[0.894s] INFO:colcon.colcon_core.shell:Creating environment descriptor '/home/sunbi/ros/capstone_ur5e_sim/install/ur_simulation_gazebo/share/ur_simulation_gazebo/hook/ld_library_path_lib.dsv'
[0.895s] INFO:colcon.colcon_core.shell:Creating environment hook '/home/sunbi/ros/capstone_ur5e_sim/install/ur_simulation_gazebo/share/ur_simulation_gazebo/hook/ld_library_path_lib.sh'
[0.897s] Level 1:colcon.colcon_core.environment:checking '/home/sunbi/ros/capstone_ur5e_sim/install/ur_simulation_gazebo/bin'
[0.897s] Level 1:colcon.colcon_core.environment:checking '/home/sunbi/ros/capstone_ur5e_sim/install/ur_simulation_gazebo/lib/pkgconfig/ur_simulation_gazebo.pc'
[0.897s] Level 1:colcon.colcon_core.environment:checking '/home/sunbi/ros/capstone_ur5e_sim/install/ur_simulation_gazebo/lib/python3.10/site-packages'
[0.897s] Level 1:colcon.colcon_core.environment:checking '/home/sunbi/ros/capstone_ur5e_sim/install/ur_simulation_gazebo/bin'
[0.898s] INFO:colcon.colcon_core.shell:Creating package script '/home/sunbi/ros/capstone_ur5e_sim/install/ur_simulation_gazebo/share/ur_simulation_gazebo/package.ps1'
[0.899s] INFO:colcon.colcon_core.shell:Creating package descriptor '/home/sunbi/ros/capstone_ur5e_sim/install/ur_simulation_gazebo/share/ur_simulation_gazebo/package.dsv'
[0.899s] INFO:colcon.colcon_core.shell:Creating package script '/home/sunbi/ros/capstone_ur5e_sim/install/ur_simulation_gazebo/share/ur_simulation_gazebo/package.sh'
[0.900s] INFO:colcon.colcon_core.shell:Creating package script '/home/sunbi/ros/capstone_ur5e_sim/install/ur_simulation_gazebo/share/ur_simulation_gazebo/package.bash'
[0.901s] INFO:colcon.colcon_core.shell:Creating package script '/home/sunbi/ros/capstone_ur5e_sim/install/ur_simulation_gazebo/share/ur_simulation_gazebo/package.zsh'
[0.901s] Level 1:colcon.colcon_core.environment:create_file_with_runtime_dependencies(/home/sunbi/ros/capstone_ur5e_sim/install/ur_simulation_gazebo/share/colcon-core/packages/ur_simulation_gazebo)
[1.006s] DEBUG:colcon.colcon_core.event_handler.log_command:Invoking command in '/home/sunbi/ros/capstone_ur5e_sim/build/ur_cv_moveit': PYTHONPATH=/home/sunbi/ros/capstone_ur5e_sim/build/ur_cv_moveit/prefix_override:/usr/lib/python3/dist-packages/colcon_core/task/python/colcon_distutils_commands:/home/sunbi/ros/capstone_ur5e_sim/install/ur_cv_moveit/lib/python3.10/site-packages:${PYTHONPATH} /usr/bin/python3 -W ignore:setup.py install is deprecated -W ignore:easy_install command is deprecated setup.py develop --editable --build-directory /home/sunbi/ros/capstone_ur5e_sim/build/ur_cv_moveit/build --no-deps symlink_data
[1.447s] Level 1:colcon.colcon_core.shell:create_environment_hook('ur_cv_moveit', 'pythonpath_develop')
[1.448s] DEBUG:colcon.colcon_core.event_handler.log_command:Invoked command in '/home/sunbi/ros/capstone_ur5e_sim/build/ur_cv_moveit' returned '0': PYTHONPATH=/home/sunbi/ros/capstone_ur5e_sim/build/ur_cv_moveit/prefix_override:/usr/lib/python3/dist-packages/colcon_core/task/python/colcon_distutils_commands:/home/sunbi/ros/capstone_ur5e_sim/install/ur_cv_moveit/lib/python3.10/site-packages:${PYTHONPATH} /usr/bin/python3 -W ignore:setup.py install is deprecated -W ignore:easy_install command is deprecated setup.py develop --editable --build-directory /home/sunbi/ros/capstone_ur5e_sim/build/ur_cv_moveit/build --no-deps symlink_data
[1.448s] INFO:colcon.colcon_core.shell:Creating environment hook '/home/sunbi/ros/capstone_ur5e_sim/build/ur_cv_moveit/share/ur_cv_moveit/hook/pythonpath_develop.ps1'
[1.449s] INFO:colcon.colcon_core.shell:Creating environment descriptor '/home/sunbi/ros/capstone_ur5e_sim/build/ur_cv_moveit/share/ur_cv_moveit/hook/pythonpath_develop.dsv'
[1.450s] INFO:colcon.colcon_core.shell:Creating environment hook '/home/sunbi/ros/capstone_ur5e_sim/build/ur_cv_moveit/share/ur_cv_moveit/hook/pythonpath_develop.sh'
[1.451s] Level 1:colcon.colcon_core.environment:checking '/home/sunbi/ros/capstone_ur5e_sim/install/ur_cv_moveit' for CMake module files
[1.451s] Level 1:colcon.colcon_core.environment:checking '/home/sunbi/ros/capstone_ur5e_sim/install/ur_cv_moveit' for CMake config files
[1.452s] Level 1:colcon.colcon_core.environment:checking '/home/sunbi/ros/capstone_ur5e_sim/install/ur_cv_moveit/lib'
[1.452s] Level 1:colcon.colcon_core.environment:checking '/home/sunbi/ros/capstone_ur5e_sim/install/ur_cv_moveit/bin'
[1.453s] Level 1:colcon.colcon_core.shell:create_environment_hook('ur_cv_moveit', 'path')
[1.453s] INFO:colcon.colcon_core.shell:Creating environment hook '/home/sunbi/ros/capstone_ur5e_sim/install/ur_cv_moveit/share/ur_cv_moveit/hook/path.ps1'
[1.454s] INFO:colcon.colcon_core.shell:Creating environment descriptor '/home/sunbi/ros/capstone_ur5e_sim/install/ur_cv_moveit/share/ur_cv_moveit/hook/path.dsv'
[1.455s] INFO:colcon.colcon_core.shell:Creating environment hook '/home/sunbi/ros/capstone_ur5e_sim/install/ur_cv_moveit/share/ur_cv_moveit/hook/path.sh'
[1.455s] Level 1:colcon.colcon_core.environment:checking '/home/sunbi/ros/capstone_ur5e_sim/install/ur_cv_moveit/lib/pkgconfig/ur_cv_moveit.pc'
[1.455s] Level 1:colcon.colcon_core.environment:checking '/home/sunbi/ros/capstone_ur5e_sim/install/ur_cv_moveit/lib/python3.10/site-packages'
[1.456s] Level 1:colcon.colcon_core.shell:create_environment_hook('ur_cv_moveit', 'pythonpath')
[1.456s] INFO:colcon.colcon_core.shell:Creating environment hook '/home/sunbi/ros/capstone_ur5e_sim/install/ur_cv_moveit/share/ur_cv_moveit/hook/pythonpath.ps1'
[1.457s] INFO:colcon.colcon_core.shell:Creating environment descriptor '/home/sunbi/ros/capstone_ur5e_sim/install/ur_cv_moveit/share/ur_cv_moveit/hook/pythonpath.dsv'
[1.457s] INFO:colcon.colcon_core.shell:Creating environment hook '/home/sunbi/ros/capstone_ur5e_sim/install/ur_cv_moveit/share/ur_cv_moveit/hook/pythonpath.sh'
[1.458s] Level 1:colcon.colcon_core.environment:checking '/home/sunbi/ros/capstone_ur5e_sim/install/ur_cv_moveit/bin'
[1.458s] Level 1:colcon.colcon_core.shell:create_environment_hook('ur_cv_moveit', 'pythonscriptspath')
[1.458s] INFO:colcon.colcon_core.shell:Creating environment hook '/home/sunbi/ros/capstone_ur5e_sim/install/ur_cv_moveit/share/ur_cv_moveit/hook/pythonscriptspath.ps1'
[1.459s] INFO:colcon.colcon_core.shell:Creating environment descriptor '/home/sunbi/ros/capstone_ur5e_sim/install/ur_cv_moveit/share/ur_cv_moveit/hook/pythonscriptspath.dsv'
[1.459s] INFO:colcon.colcon_core.shell:Creating environment hook '/home/sunbi/ros/capstone_ur5e_sim/install/ur_cv_moveit/share/ur_cv_moveit/hook/pythonscriptspath.sh'
[1.460s] Level 1:colcon.colcon_core.environment:create_environment_scripts_only(ur_cv_moveit)
[1.460s] INFO:colcon.colcon_core.shell:Creating package script '/home/sunbi/ros/capstone_ur5e_sim/install/ur_cv_moveit/share/ur_cv_moveit/package.ps1'
[1.461s] INFO:colcon.colcon_core.shell:Creating package descriptor '/home/sunbi/ros/capstone_ur5e_sim/install/ur_cv_moveit/share/ur_cv_moveit/package.dsv'
[1.462s] INFO:colcon.colcon_core.shell:Creating package script '/home/sunbi/ros/capstone_ur5e_sim/install/ur_cv_moveit/share/ur_cv_moveit/package.sh'
[1.462s] INFO:colcon.colcon_core.shell:Creating package script '/home/sunbi/ros/capstone_ur5e_sim/install/ur_cv_moveit/share/ur_cv_moveit/package.bash'
[1.463s] INFO:colcon.colcon_core.shell:Creating package script '/home/sunbi/ros/capstone_ur5e_sim/install/ur_cv_moveit/share/ur_cv_moveit/package.zsh'
[1.464s] Level 1:colcon.colcon_core.environment:create_file_with_runtime_dependencies(/home/sunbi/ros/capstone_ur5e_sim/install/ur_cv_moveit/share/colcon-core/packages/ur_cv_moveit)
[1.464s] DEBUG:colcon.colcon_parallel_executor.executor.parallel:closing loop
[1.465s] DEBUG:colcon.colcon_parallel_executor.executor.parallel:loop closed
[1.465s] DEBUG:colcon.colcon_parallel_executor.executor.parallel:run_until_complete finished with '0'
[1.465s] DEBUG:colcon.colcon_core.event_reactor:joining thread
[1.471s] INFO:colcon.colcon_core.plugin_system:Skipping extension 'colcon_notification.desktop_notification.terminal_notifier': Not used on non-Darwin systems
[1.471s] INFO:colcon.colcon_core.plugin_system:Skipping extension 'colcon_notification.desktop_notification.win32': Not used on non-Windows systems
[1.471s] INFO:colcon.colcon_notification.desktop_notification:Sending desktop notification using 'notify2'
[1.487s] DEBUG:colcon.colcon_core.event_reactor:joined thread
[1.488s] INFO:colcon.colcon_core.shell:Creating prefix script '/home/sunbi/ros/capstone_ur5e_sim/install/local_setup.ps1'
[1.489s] INFO:colcon.colcon_core.shell:Creating prefix util module '/home/sunbi/ros/capstone_ur5e_sim/install/_local_setup_util_ps1.py'
[1.491s] INFO:colcon.colcon_core.shell:Creating prefix chain script '/home/sunbi/ros/capstone_ur5e_sim/install/setup.ps1'
[1.493s] INFO:colcon.colcon_core.shell:Creating prefix script '/home/sunbi/ros/capstone_ur5e_sim/install/local_setup.sh'
[1.494s] INFO:colcon.colcon_core.shell:Creating prefix util module '/home/sunbi/ros/capstone_ur5e_sim/install/_local_setup_util_sh.py'
[1.494s] INFO:colcon.colcon_core.shell:Creating prefix chain script '/home/sunbi/ros/capstone_ur5e_sim/install/setup.sh'
[1.496s] INFO:colcon.colcon_core.shell:Creating prefix script '/home/sunbi/ros/capstone_ur5e_sim/install/local_setup.bash'
[1.497s] INFO:colcon.colcon_core.shell:Creating prefix chain script '/home/sunbi/ros/capstone_ur5e_sim/install/setup.bash'
[1.498s] INFO:colcon.colcon_core.shell:Creating prefix script '/home/sunbi/ros/capstone_ur5e_sim/install/local_setup.zsh'
[1.499s] INFO:colcon.colcon_core.shell:Creating prefix chain script '/home/sunbi/ros/capstone_ur5e_sim/install/setup.zsh'
