[0.016s] Invoking command in '/home/sunbi/ros/build/ur_cv_interfaces': CMAKE_PREFIX_PATH=${CMAKE_PREFIX_PATH}:/home/sunbi/ros/install/ur_cv_moveit:/opt/ros/humble /usr/bin/cmake --build /home/sunbi/ros/build/ur_cv_interfaces -- -j4 -l4
[0.087s] [  2%] Built target ur_cv_interfaces__cpp
[0.131s] [  2%] Built target ament_cmake_python_copy_ur_cv_interfaces
[0.168s] [ 12%] Built target ur_cv_interfaces__rosidl_typesupport_fastrtps_cpp
[0.200s] [ 23%] Built target ur_cv_interfaces__rosidl_typesupport_introspection_cpp
[0.462s] running egg_info
[0.463s] writing ur_cv_interfaces.egg-info/PKG-INFO
[0.463s] writing dependency_links to ur_cv_interfaces.egg-info/dependency_links.txt
[0.463s] writing top-level names to ur_cv_interfaces.egg-info/top_level.txt
[0.464s] reading manifest file 'ur_cv_interfaces.egg-info/SOURCES.txt'
[0.465s] writing manifest file 'ur_cv_interfaces.egg-info/SOURCES.txt'
[0.500s] [ 23%] Built target ament_cmake_python_build_ur_cv_interfaces_egg
[0.549s] [ 33%] Built target ur_cv_interfaces__rosidl_typesupport_cpp
[0.584s] [ 43%] Built target ur_cv_interfaces__rosidl_generator_c
[0.626s] [ 53%] Built target ur_cv_interfaces__rosidl_typesupport_fastrtps_c
[0.661s] [ 64%] Built target ur_cv_interfaces__rosidl_typesupport_c
[0.693s] [ 74%] Built target ur_cv_interfaces__rosidl_typesupport_introspection_c
[0.729s] [ 74%] Built target ur_cv_interfaces
[0.763s] [ 76%] Built target ur_cv_interfaces__py
[0.796s] [ 84%] Built target ur_cv_interfaces__rosidl_generator_py
[0.839s] [ 89%] Built target ur_cv_interfaces__rosidl_typesupport_fastrtps_c__pyext
[0.870s] [ 94%] Built target ur_cv_interfaces__rosidl_typesupport_c__pyext
[0.906s] [100%] Built target ur_cv_interfaces__rosidl_typesupport_introspection_c__pyext
[0.927s] Invoked command in '/home/sunbi/ros/build/ur_cv_interfaces' returned '0': CMAKE_PREFIX_PATH=${CMAKE_PREFIX_PATH}:/home/sunbi/ros/install/ur_cv_moveit:/opt/ros/humble /usr/bin/cmake --build /home/sunbi/ros/build/ur_cv_interfaces -- -j4 -l4
[0.929s] Invoking command in '/home/sunbi/ros/build/ur_cv_interfaces': CMAKE_PREFIX_PATH=${CMAKE_PREFIX_PATH}:/home/sunbi/ros/install/ur_cv_moveit:/opt/ros/humble /usr/bin/cmake --install /home/sunbi/ros/build/ur_cv_interfaces
[0.937s] -- Install configuration: ""
[0.937s] -- Up-to-date: /home/sunbi/ros/install/ur_cv_interfaces/share/ament_index/resource_index/rosidl_interfaces/ur_cv_interfaces
[0.937s] -- Up-to-date: /home/sunbi/ros/install/ur_cv_interfaces/include/ur_cv_interfaces/ur_cv_interfaces
[0.938s] -- Up-to-date: /home/sunbi/ros/install/ur_cv_interfaces/include/ur_cv_interfaces/ur_cv_interfaces/msg
[0.938s] -- Up-to-date: /home/sunbi/ros/install/ur_cv_interfaces/include/ur_cv_interfaces/ur_cv_interfaces/msg/rosidl_generator_c__visibility_control.h
[0.938s] -- Up-to-date: /home/sunbi/ros/install/ur_cv_interfaces/include/ur_cv_interfaces/ur_cv_interfaces/action
[0.938s] -- Up-to-date: /home/sunbi/ros/install/ur_cv_interfaces/include/ur_cv_interfaces/ur_cv_interfaces/action/detail
[0.938s] -- Up-to-date: /home/sunbi/ros/install/ur_cv_interfaces/include/ur_cv_interfaces/ur_cv_interfaces/action/detail/press_button__functions.c
[0.938s] -- Up-to-date: /home/sunbi/ros/install/ur_cv_interfaces/include/ur_cv_interfaces/ur_cv_interfaces/action/detail/press_button__functions.h
[0.938s] -- Up-to-date: /home/sunbi/ros/install/ur_cv_interfaces/include/ur_cv_interfaces/ur_cv_interfaces/action/detail/press_button__struct.h
[0.938s] -- Up-to-date: /home/sunbi/ros/install/ur_cv_interfaces/include/ur_cv_interfaces/ur_cv_interfaces/action/detail/press_button__type_support.h
[0.938s] -- Up-to-date: /home/sunbi/ros/install/ur_cv_interfaces/include/ur_cv_interfaces/ur_cv_interfaces/action/press_button.h
[0.938s] -- Up-to-date: /home/sunbi/ros/install/ur_cv_interfaces/include/ur_cv_interfaces/ur_cv_interfaces/srv
[0.938s] -- Up-to-date: /home/sunbi/ros/install/ur_cv_interfaces/include/ur_cv_interfaces/ur_cv_interfaces/srv/detail
[0.938s] -- Up-to-date: /home/sunbi/ros/install/ur_cv_interfaces/include/ur_cv_interfaces/ur_cv_interfaces/srv/detail/detect_button__type_support.h
[0.938s] -- Up-to-date: /home/sunbi/ros/install/ur_cv_interfaces/include/ur_cv_interfaces/ur_cv_interfaces/srv/detail/detect_button__struct.h
[0.938s] -- Up-to-date: /home/sunbi/ros/install/ur_cv_interfaces/include/ur_cv_interfaces/ur_cv_interfaces/srv/detail/detect_button__functions.c
[0.938s] -- Up-to-date: /home/sunbi/ros/install/ur_cv_interfaces/include/ur_cv_interfaces/ur_cv_interfaces/srv/detail/detect_button__functions.h
[0.938s] -- Up-to-date: /home/sunbi/ros/install/ur_cv_interfaces/include/ur_cv_interfaces/ur_cv_interfaces/srv/detect_button.h
[0.938s] -- Up-to-date: /home/sunbi/ros/install/ur_cv_interfaces/share/ur_cv_interfaces/environment/library_path.sh
[0.938s] -- Up-to-date: /home/sunbi/ros/install/ur_cv_interfaces/share/ur_cv_interfaces/environment/library_path.dsv
[0.939s] -- Up-to-date: /home/sunbi/ros/install/ur_cv_interfaces/lib/libur_cv_interfaces__rosidl_generator_c.so
[0.939s] -- Up-to-date: /home/sunbi/ros/install/ur_cv_interfaces/include/ur_cv_interfaces/ur_cv_interfaces
[0.939s] -- Up-to-date: /home/sunbi/ros/install/ur_cv_interfaces/include/ur_cv_interfaces/ur_cv_interfaces/msg
[0.939s] -- Up-to-date: /home/sunbi/ros/install/ur_cv_interfaces/include/ur_cv_interfaces/ur_cv_interfaces/msg/rosidl_typesupport_fastrtps_c__visibility_control.h
[0.939s] -- Up-to-date: /home/sunbi/ros/install/ur_cv_interfaces/include/ur_cv_interfaces/ur_cv_interfaces/action
[0.939s] -- Up-to-date: /home/sunbi/ros/install/ur_cv_interfaces/include/ur_cv_interfaces/ur_cv_interfaces/action/detail
[0.939s] -- Up-to-date: /home/sunbi/ros/install/ur_cv_interfaces/include/ur_cv_interfaces/ur_cv_interfaces/action/detail/press_button__rosidl_typesupport_fastrtps_c.h
[0.939s] -- Up-to-date: /home/sunbi/ros/install/ur_cv_interfaces/include/ur_cv_interfaces/ur_cv_interfaces/srv
[0.939s] -- Up-to-date: /home/sunbi/ros/install/ur_cv_interfaces/include/ur_cv_interfaces/ur_cv_interfaces/srv/detail
[0.939s] -- Up-to-date: /home/sunbi/ros/install/ur_cv_interfaces/include/ur_cv_interfaces/ur_cv_interfaces/srv/detail/detect_button__rosidl_typesupport_fastrtps_c.h
[0.940s] -- Up-to-date: /home/sunbi/ros/install/ur_cv_interfaces/lib/libur_cv_interfaces__rosidl_typesupport_fastrtps_c.so
[0.940s] -- Up-to-date: /home/sunbi/ros/install/ur_cv_interfaces/include/ur_cv_interfaces/ur_cv_interfaces
[0.940s] -- Up-to-date: /home/sunbi/ros/install/ur_cv_interfaces/include/ur_cv_interfaces/ur_cv_interfaces/msg
[0.941s] -- Up-to-date: /home/sunbi/ros/install/ur_cv_interfaces/include/ur_cv_interfaces/ur_cv_interfaces/msg/rosidl_typesupport_introspection_c__visibility_control.h
[0.941s] -- Up-to-date: /home/sunbi/ros/install/ur_cv_interfaces/include/ur_cv_interfaces/ur_cv_interfaces/action
[0.942s] -- Up-to-date: /home/sunbi/ros/install/ur_cv_interfaces/include/ur_cv_interfaces/ur_cv_interfaces/action/detail
[0.942s] -- Up-to-date: /home/sunbi/ros/install/ur_cv_interfaces/include/ur_cv_interfaces/ur_cv_interfaces/action/detail/press_button__type_support.c
[0.942s] -- Up-to-date: /home/sunbi/ros/install/ur_cv_interfaces/include/ur_cv_interfaces/ur_cv_interfaces/action/detail/press_button__rosidl_typesupport_introspection_c.h
[0.942s] -- Up-to-date: /home/sunbi/ros/install/ur_cv_interfaces/include/ur_cv_interfaces/ur_cv_interfaces/srv
[0.942s] -- Up-to-date: /home/sunbi/ros/install/ur_cv_interfaces/include/ur_cv_interfaces/ur_cv_interfaces/srv/detail
[0.942s] -- Up-to-date: /home/sunbi/ros/install/ur_cv_interfaces/include/ur_cv_interfaces/ur_cv_interfaces/srv/detail/detect_button__rosidl_typesupport_introspection_c.h
[0.942s] -- Up-to-date: /home/sunbi/ros/install/ur_cv_interfaces/include/ur_cv_interfaces/ur_cv_interfaces/srv/detail/detect_button__type_support.c
[0.942s] -- Up-to-date: /home/sunbi/ros/install/ur_cv_interfaces/lib/libur_cv_interfaces__rosidl_typesupport_introspection_c.so
[0.942s] -- Up-to-date: /home/sunbi/ros/install/ur_cv_interfaces/lib/libur_cv_interfaces__rosidl_typesupport_c.so
[0.942s] -- Up-to-date: /home/sunbi/ros/install/ur_cv_interfaces/include/ur_cv_interfaces/ur_cv_interfaces
[0.942s] -- Up-to-date: /home/sunbi/ros/install/ur_cv_interfaces/include/ur_cv_interfaces/ur_cv_interfaces/msg
[0.942s] -- Up-to-date: /home/sunbi/ros/install/ur_cv_interfaces/include/ur_cv_interfaces/ur_cv_interfaces/msg/rosidl_generator_cpp__visibility_control.hpp
[0.942s] -- Up-to-date: /home/sunbi/ros/install/ur_cv_interfaces/include/ur_cv_interfaces/ur_cv_interfaces/action
[0.943s] -- Up-to-date: /home/sunbi/ros/install/ur_cv_interfaces/include/ur_cv_interfaces/ur_cv_interfaces/action/detail
[0.943s] -- Up-to-date: /home/sunbi/ros/install/ur_cv_interfaces/include/ur_cv_interfaces/ur_cv_interfaces/action/detail/press_button__type_support.hpp
[0.943s] -- Up-to-date: /home/sunbi/ros/install/ur_cv_interfaces/include/ur_cv_interfaces/ur_cv_interfaces/action/detail/press_button__builder.hpp
[0.943s] -- Up-to-date: /home/sunbi/ros/install/ur_cv_interfaces/include/ur_cv_interfaces/ur_cv_interfaces/action/detail/press_button__traits.hpp
[0.943s] -- Up-to-date: /home/sunbi/ros/install/ur_cv_interfaces/include/ur_cv_interfaces/ur_cv_interfaces/action/detail/press_button__struct.hpp
[0.943s] -- Up-to-date: /home/sunbi/ros/install/ur_cv_interfaces/include/ur_cv_interfaces/ur_cv_interfaces/action/press_button.hpp
[0.943s] -- Up-to-date: /home/sunbi/ros/install/ur_cv_interfaces/include/ur_cv_interfaces/ur_cv_interfaces/srv
[0.943s] -- Up-to-date: /home/sunbi/ros/install/ur_cv_interfaces/include/ur_cv_interfaces/ur_cv_interfaces/srv/detail
[0.943s] -- Up-to-date: /home/sunbi/ros/install/ur_cv_interfaces/include/ur_cv_interfaces/ur_cv_interfaces/srv/detail/detect_button__struct.hpp
[0.943s] -- Up-to-date: /home/sunbi/ros/install/ur_cv_interfaces/include/ur_cv_interfaces/ur_cv_interfaces/srv/detail/detect_button__traits.hpp
[0.943s] -- Up-to-date: /home/sunbi/ros/install/ur_cv_interfaces/include/ur_cv_interfaces/ur_cv_interfaces/srv/detail/detect_button__type_support.hpp
[0.943s] -- Up-to-date: /home/sunbi/ros/install/ur_cv_interfaces/include/ur_cv_interfaces/ur_cv_interfaces/srv/detail/detect_button__builder.hpp
[0.943s] -- Up-to-date: /home/sunbi/ros/install/ur_cv_interfaces/include/ur_cv_interfaces/ur_cv_interfaces/srv/detect_button.hpp
[0.943s] -- Up-to-date: /home/sunbi/ros/install/ur_cv_interfaces/include/ur_cv_interfaces/ur_cv_interfaces
[0.943s] -- Up-to-date: /home/sunbi/ros/install/ur_cv_interfaces/include/ur_cv_interfaces/ur_cv_interfaces/msg
[0.943s] -- Up-to-date: /home/sunbi/ros/install/ur_cv_interfaces/include/ur_cv_interfaces/ur_cv_interfaces/msg/rosidl_typesupport_fastrtps_cpp__visibility_control.h
[0.943s] -- Up-to-date: /home/sunbi/ros/install/ur_cv_interfaces/include/ur_cv_interfaces/ur_cv_interfaces/action
[0.943s] -- Up-to-date: /home/sunbi/ros/install/ur_cv_interfaces/include/ur_cv_interfaces/ur_cv_interfaces/action/detail
[0.943s] -- Up-to-date: /home/sunbi/ros/install/ur_cv_interfaces/include/ur_cv_interfaces/ur_cv_interfaces/action/detail/dds_fastrtps
[0.945s] -- Up-to-date: /home/sunbi/ros/install/ur_cv_interfaces/include/ur_cv_interfaces/ur_cv_interfaces/action/detail/press_button__rosidl_typesupport_fastrtps_cpp.hpp
[0.946s] -- Up-to-date: /home/sunbi/ros/install/ur_cv_interfaces/include/ur_cv_interfaces/ur_cv_interfaces/srv
[0.946s] -- Up-to-date: /home/sunbi/ros/install/ur_cv_interfaces/include/ur_cv_interfaces/ur_cv_interfaces/srv/detail
[0.946s] -- Up-to-date: /home/sunbi/ros/install/ur_cv_interfaces/include/ur_cv_interfaces/ur_cv_interfaces/srv/detail/dds_fastrtps
[0.946s] -- Up-to-date: /home/sunbi/ros/install/ur_cv_interfaces/include/ur_cv_interfaces/ur_cv_interfaces/srv/detail/detect_button__rosidl_typesupport_fastrtps_cpp.hpp
[0.947s] -- Up-to-date: /home/sunbi/ros/install/ur_cv_interfaces/lib/libur_cv_interfaces__rosidl_typesupport_fastrtps_cpp.so
[0.947s] -- Up-to-date: /home/sunbi/ros/install/ur_cv_interfaces/include/ur_cv_interfaces/ur_cv_interfaces
[0.947s] -- Up-to-date: /home/sunbi/ros/install/ur_cv_interfaces/include/ur_cv_interfaces/ur_cv_interfaces/action
[0.947s] -- Up-to-date: /home/sunbi/ros/install/ur_cv_interfaces/include/ur_cv_interfaces/ur_cv_interfaces/action/detail
[0.947s] -- Up-to-date: /home/sunbi/ros/install/ur_cv_interfaces/include/ur_cv_interfaces/ur_cv_interfaces/action/detail/press_button__rosidl_typesupport_introspection_cpp.hpp
[0.947s] -- Up-to-date: /home/sunbi/ros/install/ur_cv_interfaces/include/ur_cv_interfaces/ur_cv_interfaces/action/detail/press_button__type_support.cpp
[0.949s] -- Up-to-date: /home/sunbi/ros/install/ur_cv_interfaces/include/ur_cv_interfaces/ur_cv_interfaces/srv
[0.949s] -- Up-to-date: /home/sunbi/ros/install/ur_cv_interfaces/include/ur_cv_interfaces/ur_cv_interfaces/srv/detail
[0.949s] -- Up-to-date: /home/sunbi/ros/install/ur_cv_interfaces/include/ur_cv_interfaces/ur_cv_interfaces/srv/detail/detect_button__rosidl_typesupport_introspection_cpp.hpp
[0.949s] -- Up-to-date: /home/sunbi/ros/install/ur_cv_interfaces/include/ur_cv_interfaces/ur_cv_interfaces/srv/detail/detect_button__type_support.cpp
[0.949s] -- Up-to-date: /home/sunbi/ros/install/ur_cv_interfaces/lib/libur_cv_interfaces__rosidl_typesupport_introspection_cpp.so
[0.949s] -- Up-to-date: /home/sunbi/ros/install/ur_cv_interfaces/lib/libur_cv_interfaces__rosidl_typesupport_cpp.so
[0.949s] -- Up-to-date: /home/sunbi/ros/install/ur_cv_interfaces/share/ur_cv_interfaces/environment/pythonpath.sh
[0.949s] -- Up-to-date: /home/sunbi/ros/install/ur_cv_interfaces/share/ur_cv_interfaces/environment/pythonpath.dsv
[0.949s] -- Up-to-date: /home/sunbi/ros/install/ur_cv_interfaces/local/lib/python3.10/dist-packages/ur_cv_interfaces-0.0.1-py3.10.egg-info
[0.950s] -- Installing: /home/sunbi/ros/install/ur_cv_interfaces/local/lib/python3.10/dist-packages/ur_cv_interfaces-0.0.1-py3.10.egg-info/dependency_links.txt
[0.950s] -- Installing: /home/sunbi/ros/install/ur_cv_interfaces/local/lib/python3.10/dist-packages/ur_cv_interfaces-0.0.1-py3.10.egg-info/top_level.txt
[0.950s] -- Installing: /home/sunbi/ros/install/ur_cv_interfaces/local/lib/python3.10/dist-packages/ur_cv_interfaces-0.0.1-py3.10.egg-info/SOURCES.txt
[0.950s] -- Installing: /home/sunbi/ros/install/ur_cv_interfaces/local/lib/python3.10/dist-packages/ur_cv_interfaces-0.0.1-py3.10.egg-info/PKG-INFO
[0.950s] -- Up-to-date: /home/sunbi/ros/install/ur_cv_interfaces/local/lib/python3.10/dist-packages/ur_cv_interfaces
[0.950s] -- Up-to-date: /home/sunbi/ros/install/ur_cv_interfaces/local/lib/python3.10/dist-packages/ur_cv_interfaces/__init__.py
[0.950s] -- Up-to-date: /home/sunbi/ros/install/ur_cv_interfaces/local/lib/python3.10/dist-packages/ur_cv_interfaces/_ur_cv_interfaces_s.ep.rosidl_typesupport_introspection_c.c
[0.950s] -- Up-to-date: /home/sunbi/ros/install/ur_cv_interfaces/local/lib/python3.10/dist-packages/ur_cv_interfaces/ur_cv_interfaces_s__rosidl_typesupport_introspection_c.cpython-310-x86_64-linux-gnu.so
[0.950s] -- Up-to-date: /home/sunbi/ros/install/ur_cv_interfaces/local/lib/python3.10/dist-packages/ur_cv_interfaces/_ur_cv_interfaces_s.ep.rosidl_typesupport_c.c
[0.950s] -- Up-to-date: /home/sunbi/ros/install/ur_cv_interfaces/local/lib/python3.10/dist-packages/ur_cv_interfaces/action
[0.950s] -- Up-to-date: /home/sunbi/ros/install/ur_cv_interfaces/local/lib/python3.10/dist-packages/ur_cv_interfaces/action/__init__.py
[0.950s] -- Up-to-date: /home/sunbi/ros/install/ur_cv_interfaces/local/lib/python3.10/dist-packages/ur_cv_interfaces/action/_press_button_s.c
[0.950s] -- Up-to-date: /home/sunbi/ros/install/ur_cv_interfaces/local/lib/python3.10/dist-packages/ur_cv_interfaces/action/_press_button.py
[0.950s] -- Up-to-date: /home/sunbi/ros/install/ur_cv_interfaces/local/lib/python3.10/dist-packages/ur_cv_interfaces/_ur_cv_interfaces_s.ep.rosidl_typesupport_fastrtps_c.c
[0.950s] -- Up-to-date: /home/sunbi/ros/install/ur_cv_interfaces/local/lib/python3.10/dist-packages/ur_cv_interfaces/ur_cv_interfaces_s__rosidl_typesupport_c.cpython-310-x86_64-linux-gnu.so
[0.950s] -- Up-to-date: /home/sunbi/ros/install/ur_cv_interfaces/local/lib/python3.10/dist-packages/ur_cv_interfaces/srv
[0.950s] -- Up-to-date: /home/sunbi/ros/install/ur_cv_interfaces/local/lib/python3.10/dist-packages/ur_cv_interfaces/srv/__init__.py
[0.950s] -- Up-to-date: /home/sunbi/ros/install/ur_cv_interfaces/local/lib/python3.10/dist-packages/ur_cv_interfaces/srv/_detect_button_s.c
[0.950s] -- Up-to-date: /home/sunbi/ros/install/ur_cv_interfaces/local/lib/python3.10/dist-packages/ur_cv_interfaces/srv/_detect_button.py
[0.950s] -- Up-to-date: /home/sunbi/ros/install/ur_cv_interfaces/local/lib/python3.10/dist-packages/ur_cv_interfaces/libur_cv_interfaces__rosidl_generator_py.so
[0.950s] -- Up-to-date: /home/sunbi/ros/install/ur_cv_interfaces/local/lib/python3.10/dist-packages/ur_cv_interfaces/ur_cv_interfaces_s__rosidl_typesupport_fastrtps_c.cpython-310-x86_64-linux-gnu.so
[0.983s] Listing '/home/sunbi/ros/install/ur_cv_interfaces/local/lib/python3.10/dist-packages/ur_cv_interfaces'...
[0.983s] Listing '/home/sunbi/ros/install/ur_cv_interfaces/local/lib/python3.10/dist-packages/ur_cv_interfaces/action'...
[0.983s] Listing '/home/sunbi/ros/install/ur_cv_interfaces/local/lib/python3.10/dist-packages/ur_cv_interfaces/srv'...
[0.988s] -- Up-to-date: /home/sunbi/ros/install/ur_cv_interfaces/local/lib/python3.10/dist-packages/ur_cv_interfaces/ur_cv_interfaces_s__rosidl_typesupport_fastrtps_c.cpython-310-x86_64-linux-gnu.so
[0.988s] -- Up-to-date: /home/sunbi/ros/install/ur_cv_interfaces/local/lib/python3.10/dist-packages/ur_cv_interfaces/ur_cv_interfaces_s__rosidl_typesupport_introspection_c.cpython-310-x86_64-linux-gnu.so
[0.988s] -- Up-to-date: /home/sunbi/ros/install/ur_cv_interfaces/local/lib/python3.10/dist-packages/ur_cv_interfaces/ur_cv_interfaces_s__rosidl_typesupport_c.cpython-310-x86_64-linux-gnu.so
[0.989s] -- Up-to-date: /home/sunbi/ros/install/ur_cv_interfaces/lib/libur_cv_interfaces__rosidl_generator_py.so
[0.989s] -- Up-to-date: /home/sunbi/ros/install/ur_cv_interfaces/share/ur_cv_interfaces/srv/DetectButton.idl
[0.990s] -- Up-to-date: /home/sunbi/ros/install/ur_cv_interfaces/share/ur_cv_interfaces/action/PressButton.idl
[0.991s] -- Up-to-date: /home/sunbi/ros/install/ur_cv_interfaces/share/ur_cv_interfaces/srv/DetectButton.srv
[0.991s] -- Up-to-date: /home/sunbi/ros/install/ur_cv_interfaces/share/ur_cv_interfaces/srv/DetectButton_Request.msg
[0.991s] -- Up-to-date: /home/sunbi/ros/install/ur_cv_interfaces/share/ur_cv_interfaces/srv/DetectButton_Response.msg
[0.991s] -- Up-to-date: /home/sunbi/ros/install/ur_cv_interfaces/share/ur_cv_interfaces/action/PressButton.action
[0.991s] -- Up-to-date: /home/sunbi/ros/install/ur_cv_interfaces/share/ament_index/resource_index/package_run_dependencies/ur_cv_interfaces
[0.991s] -- Up-to-date: /home/sunbi/ros/install/ur_cv_interfaces/share/ament_index/resource_index/parent_prefix_path/ur_cv_interfaces
[0.991s] -- Up-to-date: /home/sunbi/ros/install/ur_cv_interfaces/share/ur_cv_interfaces/environment/ament_prefix_path.sh
[0.992s] -- Up-to-date: /home/sunbi/ros/install/ur_cv_interfaces/share/ur_cv_interfaces/environment/ament_prefix_path.dsv
[0.992s] -- Up-to-date: /home/sunbi/ros/install/ur_cv_interfaces/share/ur_cv_interfaces/environment/path.sh
[0.992s] -- Up-to-date: /home/sunbi/ros/install/ur_cv_interfaces/share/ur_cv_interfaces/environment/path.dsv
[0.992s] -- Up-to-date: /home/sunbi/ros/install/ur_cv_interfaces/share/ur_cv_interfaces/local_setup.bash
[0.992s] -- Up-to-date: /home/sunbi/ros/install/ur_cv_interfaces/share/ur_cv_interfaces/local_setup.sh
[0.992s] -- Up-to-date: /home/sunbi/ros/install/ur_cv_interfaces/share/ur_cv_interfaces/local_setup.zsh
[0.992s] -- Up-to-date: /home/sunbi/ros/install/ur_cv_interfaces/share/ur_cv_interfaces/local_setup.dsv
[0.992s] -- Installing: /home/sunbi/ros/install/ur_cv_interfaces/share/ur_cv_interfaces/package.dsv
[0.992s] -- Up-to-date: /home/sunbi/ros/install/ur_cv_interfaces/share/ament_index/resource_index/packages/ur_cv_interfaces
[0.992s] -- Up-to-date: /home/sunbi/ros/install/ur_cv_interfaces/share/ur_cv_interfaces/cmake/export_ur_cv_interfaces__rosidl_generator_cExport.cmake
[0.992s] -- Up-to-date: /home/sunbi/ros/install/ur_cv_interfaces/share/ur_cv_interfaces/cmake/export_ur_cv_interfaces__rosidl_generator_cExport-noconfig.cmake
[0.992s] -- Up-to-date: /home/sunbi/ros/install/ur_cv_interfaces/share/ur_cv_interfaces/cmake/export_ur_cv_interfaces__rosidl_typesupport_fastrtps_cExport.cmake
[0.992s] -- Up-to-date: /home/sunbi/ros/install/ur_cv_interfaces/share/ur_cv_interfaces/cmake/export_ur_cv_interfaces__rosidl_typesupport_fastrtps_cExport-noconfig.cmake
[0.992s] -- Up-to-date: /home/sunbi/ros/install/ur_cv_interfaces/share/ur_cv_interfaces/cmake/ur_cv_interfaces__rosidl_typesupport_introspection_cExport.cmake
[0.993s] -- Up-to-date: /home/sunbi/ros/install/ur_cv_interfaces/share/ur_cv_interfaces/cmake/ur_cv_interfaces__rosidl_typesupport_introspection_cExport-noconfig.cmake
[0.994s] -- Up-to-date: /home/sunbi/ros/install/ur_cv_interfaces/share/ur_cv_interfaces/cmake/ur_cv_interfaces__rosidl_typesupport_cExport.cmake
[0.994s] -- Up-to-date: /home/sunbi/ros/install/ur_cv_interfaces/share/ur_cv_interfaces/cmake/ur_cv_interfaces__rosidl_typesupport_cExport-noconfig.cmake
[0.994s] -- Up-to-date: /home/sunbi/ros/install/ur_cv_interfaces/share/ur_cv_interfaces/cmake/export_ur_cv_interfaces__rosidl_generator_cppExport.cmake
[0.994s] -- Up-to-date: /home/sunbi/ros/install/ur_cv_interfaces/share/ur_cv_interfaces/cmake/export_ur_cv_interfaces__rosidl_typesupport_fastrtps_cppExport.cmake
[0.994s] -- Up-to-date: /home/sunbi/ros/install/ur_cv_interfaces/share/ur_cv_interfaces/cmake/export_ur_cv_interfaces__rosidl_typesupport_fastrtps_cppExport-noconfig.cmake
[0.994s] -- Up-to-date: /home/sunbi/ros/install/ur_cv_interfaces/share/ur_cv_interfaces/cmake/ur_cv_interfaces__rosidl_typesupport_introspection_cppExport.cmake
[0.994s] -- Up-to-date: /home/sunbi/ros/install/ur_cv_interfaces/share/ur_cv_interfaces/cmake/ur_cv_interfaces__rosidl_typesupport_introspection_cppExport-noconfig.cmake
[0.994s] -- Up-to-date: /home/sunbi/ros/install/ur_cv_interfaces/share/ur_cv_interfaces/cmake/ur_cv_interfaces__rosidl_typesupport_cppExport.cmake
[0.994s] -- Up-to-date: /home/sunbi/ros/install/ur_cv_interfaces/share/ur_cv_interfaces/cmake/ur_cv_interfaces__rosidl_typesupport_cppExport-noconfig.cmake
[0.994s] -- Up-to-date: /home/sunbi/ros/install/ur_cv_interfaces/share/ur_cv_interfaces/cmake/export_ur_cv_interfaces__rosidl_generator_pyExport.cmake
[0.994s] -- Up-to-date: /home/sunbi/ros/install/ur_cv_interfaces/share/ur_cv_interfaces/cmake/export_ur_cv_interfaces__rosidl_generator_pyExport-noconfig.cmake
[0.994s] -- Up-to-date: /home/sunbi/ros/install/ur_cv_interfaces/share/ur_cv_interfaces/cmake/rosidl_cmake-extras.cmake
[0.994s] -- Up-to-date: /home/sunbi/ros/install/ur_cv_interfaces/share/ur_cv_interfaces/cmake/ament_cmake_export_dependencies-extras.cmake
[0.994s] -- Up-to-date: /home/sunbi/ros/install/ur_cv_interfaces/share/ur_cv_interfaces/cmake/ament_cmake_export_include_directories-extras.cmake
[0.995s] -- Up-to-date: /home/sunbi/ros/install/ur_cv_interfaces/share/ur_cv_interfaces/cmake/ament_cmake_export_libraries-extras.cmake
[0.995s] -- Up-to-date: /home/sunbi/ros/install/ur_cv_interfaces/share/ur_cv_interfaces/cmake/ament_cmake_export_targets-extras.cmake
[0.995s] -- Up-to-date: /home/sunbi/ros/install/ur_cv_interfaces/share/ur_cv_interfaces/cmake/rosidl_cmake_export_typesupport_targets-extras.cmake
[0.995s] -- Up-to-date: /home/sunbi/ros/install/ur_cv_interfaces/share/ur_cv_interfaces/cmake/rosidl_cmake_export_typesupport_libraries-extras.cmake
[0.995s] -- Up-to-date: /home/sunbi/ros/install/ur_cv_interfaces/share/ur_cv_interfaces/cmake/ur_cv_interfacesConfig.cmake
[0.995s] -- Up-to-date: /home/sunbi/ros/install/ur_cv_interfaces/share/ur_cv_interfaces/cmake/ur_cv_interfacesConfig-version.cmake
[0.995s] -- Up-to-date: /home/sunbi/ros/install/ur_cv_interfaces/share/ur_cv_interfaces/package.xml
[0.997s] Invoked command in '/home/sunbi/ros/build/ur_cv_interfaces' returned '0': CMAKE_PREFIX_PATH=${CMAKE_PREFIX_PATH}:/home/sunbi/ros/install/ur_cv_moveit:/opt/ros/humble /usr/bin/cmake --install /home/sunbi/ros/build/ur_cv_interfaces
